CRITICAL - 2022-09-23 08:10:36 --> syntax error, unexpected 'content' (T_STRING), expecting ')'
in APPPATH\Views\Template\Layout.php on line 475.
 1 SYSTEMPATH\View\View.php(216): CodeIgniter\View\View->CodeIgniter\View\{closure}()
 2 SYSTEMPATH\View\View.php(229): CodeIgniter\View\View->render('Template/layout', [], true)
 3 SYSTEMPATH\Common.php(1137): CodeIgniter\View\View->render('Dashboard/index', [], true)
 4 APPPATH\Controllers\C_Dashboard.php(27): view('Dashboard/index', [...])
 5 SYSTEMPATH\CodeIgniter.php(904): App\Controllers\C_Dashboard->index()
 6 SYSTEMPATH\CodeIgniter.php(457): CodeIgniter\CodeIgniter->runController(Object(App\Controllers\C_Dashboard))
 7 SYSTEMPATH\CodeIgniter.php(340): CodeIgniter\CodeIgniter->handleRequest(null, Object(Config\Cache), false)
 8 FCPATH\index.php(67): CodeIgniter\CodeIgniter->run()
 9 SYSTEMPATH\Commands\Server\rewrite.php(43): require_once('FCPATH\\index.php')
CRITICAL - 2022-09-23 08:10:37 --> syntax error, unexpected 'content' (T_STRING), expecting ')'
in APPPATH\Views\Template\Layout.php on line 475.
 1 SYSTEMPATH\View\View.php(216): CodeIgniter\View\View->CodeIgniter\View\{closure}()
 2 SYSTEMPATH\View\View.php(229): CodeIgniter\View\View->render('Template/layout', [], true)
 3 SYSTEMPATH\Common.php(1137): CodeIgniter\View\View->render('Dashboard/index', [], true)
 4 APPPATH\Controllers\C_Dashboard.php(27): view('Dashboard/index', [...])
 5 SYSTEMPATH\CodeIgniter.php(904): App\Controllers\C_Dashboard->index()
 6 SYSTEMPATH\CodeIgniter.php(457): CodeIgniter\CodeIgniter->runController(Object(App\Controllers\C_Dashboard))
 7 SYSTEMPATH\CodeIgniter.php(340): CodeIgniter\CodeIgniter->handleRequest(null, Object(Config\Cache), false)
 8 FCPATH\index.php(67): CodeIgniter\CodeIgniter->run()
 9 SYSTEMPATH\Commands\Server\rewrite.php(43): require_once('FCPATH\\index.php')
CRITICAL - 2022-09-23 08:10:43 --> syntax error, unexpected 'echo' (T_ECHO)
in APPPATH\Views\Template\Layout.php on line 410.
 1 SYSTEMPATH\View\View.php(216): CodeIgniter\View\View->CodeIgniter\View\{closure}()
 2 SYSTEMPATH\View\View.php(229): CodeIgniter\View\View->render('Template/layout', [], true)
 3 SYSTEMPATH\Common.php(1137): CodeIgniter\View\View->render('Dashboard/index', [], true)
 4 APPPATH\Controllers\C_Dashboard.php(27): view('Dashboard/index', [...])
 5 SYSTEMPATH\CodeIgniter.php(904): App\Controllers\C_Dashboard->index()
 6 SYSTEMPATH\CodeIgniter.php(457): CodeIgniter\CodeIgniter->runController(Object(App\Controllers\C_Dashboard))
 7 SYSTEMPATH\CodeIgniter.php(340): CodeIgniter\CodeIgniter->handleRequest(null, Object(Config\Cache), false)
 8 FCPATH\index.php(67): CodeIgniter\CodeIgniter->run()
 9 SYSTEMPATH\Commands\Server\rewrite.php(43): require_once('FCPATH\\index.php')
CRITICAL - 2022-09-23 08:11:45 --> syntax error, unexpected 'content' (T_STRING), expecting ')'
in APPPATH\Views\Template\Layout.php on line 475.
 1 SYSTEMPATH\View\View.php(216): CodeIgniter\View\View->CodeIgniter\View\{closure}()
 2 SYSTEMPATH\View\View.php(229): CodeIgniter\View\View->render('Template/layout', [], true)
 3 SYSTEMPATH\Common.php(1137): CodeIgniter\View\View->render('Dashboard/index', [], true)
 4 APPPATH\Controllers\C_Dashboard.php(27): view('Dashboard/index', [...])
 5 SYSTEMPATH\CodeIgniter.php(904): App\Controllers\C_Dashboard->index()
 6 SYSTEMPATH\CodeIgniter.php(457): CodeIgniter\CodeIgniter->runController(Object(App\Controllers\C_Dashboard))
 7 SYSTEMPATH\CodeIgniter.php(340): CodeIgniter\CodeIgniter->handleRequest(null, Object(Config\Cache), false)
 8 FCPATH\index.php(67): CodeIgniter\CodeIgniter->run()
 9 SYSTEMPATH\Commands\Server\rewrite.php(43): require_once('FCPATH\\index.php')
CRITICAL - 2022-09-23 08:20:29 --> Call to a member function isValid() on null
in APPPATH\Controllers\C_User.php on line 62.
 1 SYSTEMPATH\CodeIgniter.php(904): App\Controllers\C_User->edit('2')
 2 SYSTEMPATH\CodeIgniter.php(457): CodeIgniter\CodeIgniter->runController(Object(App\Controllers\C_User))
 3 SYSTEMPATH\CodeIgniter.php(340): CodeIgniter\CodeIgniter->handleRequest(null, Object(Config\Cache), false)
 4 FCPATH\index.php(67): CodeIgniter\CodeIgniter->run()
 5 SYSTEMPATH\Commands\Server\rewrite.php(43): require_once('FCPATH\\index.php')
CRITICAL - 2022-09-23 08:31:18 --> Undefined property: stdClass::$foto_pengirim_barang
in APPPATH\Views\Menu\Barang_Masuk\detail.php on line 44.
 1 APPPATH\Views\Menu\Barang_Masuk\detail.php(44): CodeIgniter\Debug\Exceptions->errorHandler(8, 'Undefined property: stdClass::$foto_pengirim_barang', 'APPPATH\\Views\\Menu\\Barang_Masuk\\detail.php', 44, [...])
 2 SYSTEMPATH\View\View.php(213): include('APPPATH\\Views\\Menu\\Barang_Masuk\\detail.php')
 3 SYSTEMPATH\View\View.php(216): CodeIgniter\View\View->CodeIgniter\View\{closure}()
 4 SYSTEMPATH\Common.php(1137): CodeIgniter\View\View->render('Menu/Barang_Masuk/detail', [], true)
 5 APPPATH\Controllers\C_Barang_Masuk.php(129): view('Menu/Barang_Masuk/detail', [...])
 6 SYSTEMPATH\CodeIgniter.php(904): App\Controllers\C_Barang_Masuk->detail('1')
 7 SYSTEMPATH\CodeIgniter.php(457): CodeIgniter\CodeIgniter->runController(Object(App\Controllers\C_Barang_Masuk))
 8 SYSTEMPATH\CodeIgniter.php(340): CodeIgniter\CodeIgniter->handleRequest(null, Object(Config\Cache), false)
 9 FCPATH\index.php(67): CodeIgniter\CodeIgniter->run()
10 SYSTEMPATH\Commands\Server\rewrite.php(43): require_once('FCPATH\\index.php')
CRITICAL - 2022-09-23 08:44:07 --> Cannot use object of type stdClass as array
in APPPATH\Views\Menu\Satuan\index.php on line 31.
 1 SYSTEMPATH\View\View.php(213): include()
 2 SYSTEMPATH\View\View.php(216): CodeIgniter\View\View->CodeIgniter\View\{closure}()
 3 SYSTEMPATH\Common.php(1137): CodeIgniter\View\View->render('Menu/Satuan/index', [], true)
 4 APPPATH\Controllers\C_Satuan.php(21): view('Menu/Satuan/index', [...])
 5 SYSTEMPATH\CodeIgniter.php(904): App\Controllers\C_Satuan->index()
 6 SYSTEMPATH\CodeIgniter.php(457): CodeIgniter\CodeIgniter->runController(Object(App\Controllers\C_Satuan))
 7 SYSTEMPATH\CodeIgniter.php(340): CodeIgniter\CodeIgniter->handleRequest(null, Object(Config\Cache), false)
 8 FCPATH\index.php(67): CodeIgniter\CodeIgniter->run()
 9 SYSTEMPATH\Commands\Server\rewrite.php(43): require_once('FCPATH\\index.php')
CRITICAL - 2022-09-23 08:44:14 --> Call to a member function isValid() on null
in APPPATH\Controllers\C_Barang.php on line 78.
 1 SYSTEMPATH\CodeIgniter.php(904): App\Controllers\C_Barang->edit('1')
 2 SYSTEMPATH\CodeIgniter.php(457): CodeIgniter\CodeIgniter->runController(Object(App\Controllers\C_Barang))
 3 SYSTEMPATH\CodeIgniter.php(340): CodeIgniter\CodeIgniter->handleRequest(null, Object(Config\Cache), false)
 4 FCPATH\index.php(67): CodeIgniter\CodeIgniter->run()
 5 SYSTEMPATH\Commands\Server\rewrite.php(43): require_once('FCPATH\\index.php')
CRITICAL - 2022-09-23 08:44:23 --> Call to a member function isValid() on null
in APPPATH\Controllers\C_Barang.php on line 78.
 1 SYSTEMPATH\CodeIgniter.php(904): App\Controllers\C_Barang->edit('1')
 2 SYSTEMPATH\CodeIgniter.php(457): CodeIgniter\CodeIgniter->runController(Object(App\Controllers\C_Barang))
 3 SYSTEMPATH\CodeIgniter.php(340): CodeIgniter\CodeIgniter->handleRequest(null, Object(Config\Cache), false)
 4 FCPATH\index.php(67): CodeIgniter\CodeIgniter->run()
 5 SYSTEMPATH\Commands\Server\rewrite.php(43): require_once('FCPATH\\index.php')
CRITICAL - 2022-09-23 08:48:08 --> Call to undefined method App\Models\M_Permintaan::cekStok
in SYSTEMPATH\Model.php on line 773.
 1 APPPATH\Controllers\C_Permintaan.php(38): CodeIgniter\Model->__call('cekStok', [...])
 2 SYSTEMPATH\CodeIgniter.php(904): App\Controllers\C_Permintaan->tampil_otomatis_data_permintaan('1')
 3 SYSTEMPATH\CodeIgniter.php(457): CodeIgniter\CodeIgniter->runController(Object(App\Controllers\C_Permintaan))
 4 SYSTEMPATH\CodeIgniter.php(340): CodeIgniter\CodeIgniter->handleRequest(null, Object(Config\Cache), false)
 5 FCPATH\index.php(67): CodeIgniter\CodeIgniter->run()
 6 SYSTEMPATH\Commands\Server\rewrite.php(43): require_once('FCPATH\\index.php')
CRITICAL - 2022-09-23 09:00:48 --> Cannot use object of type stdClass as array
in APPPATH\Views\Menu\Satuan\index.php on line 31.
 1 SYSTEMPATH\View\View.php(213): include()
 2 SYSTEMPATH\View\View.php(216): CodeIgniter\View\View->CodeIgniter\View\{closure}()
 3 SYSTEMPATH\Common.php(1137): CodeIgniter\View\View->render('Menu/Satuan/index', [], true)
 4 APPPATH\Controllers\C_Satuan.php(21): view('Menu/Satuan/index', [...])
 5 SYSTEMPATH\CodeIgniter.php(904): App\Controllers\C_Satuan->index()
 6 SYSTEMPATH\CodeIgniter.php(457): CodeIgniter\CodeIgniter->runController(Object(App\Controllers\C_Satuan))
 7 SYSTEMPATH\CodeIgniter.php(340): CodeIgniter\CodeIgniter->handleRequest(null, Object(Config\Cache), false)
 8 FCPATH\index.php(67): CodeIgniter\CodeIgniter->run()
 9 SYSTEMPATH\Commands\Server\rewrite.php(43): require_once('FCPATH\\index.php')
CRITICAL - 2022-09-23 09:01:42 --> Cannot use object of type stdClass as array
in APPPATH\Views\Menu\Satuan\index.php on line 31.
 1 SYSTEMPATH\View\View.php(213): include()
 2 SYSTEMPATH\View\View.php(216): CodeIgniter\View\View->CodeIgniter\View\{closure}()
 3 SYSTEMPATH\Common.php(1137): CodeIgniter\View\View->render('Menu/Satuan/index', [], true)
 4 APPPATH\Controllers\C_Satuan.php(21): view('Menu/Satuan/index', [...])
 5 SYSTEMPATH\CodeIgniter.php(904): App\Controllers\C_Satuan->index()
 6 SYSTEMPATH\CodeIgniter.php(457): CodeIgniter\CodeIgniter->runController(Object(App\Controllers\C_Satuan))
 7 SYSTEMPATH\CodeIgniter.php(340): CodeIgniter\CodeIgniter->handleRequest(null, Object(Config\Cache), false)
 8 FCPATH\index.php(67): CodeIgniter\CodeIgniter->run()
 9 SYSTEMPATH\Commands\Server\rewrite.php(43): require_once('FCPATH\\index.php')
CRITICAL - 2022-09-23 09:02:03 --> Cannot use object of type stdClass as array
in APPPATH\Views\Menu\Satuan\index.php on line 31.
 1 SYSTEMPATH\View\View.php(213): include()
 2 SYSTEMPATH\View\View.php(216): CodeIgniter\View\View->CodeIgniter\View\{closure}()
 3 SYSTEMPATH\Common.php(1137): CodeIgniter\View\View->render('Menu/Satuan/index', [], true)
 4 APPPATH\Controllers\C_Satuan.php(21): view('Menu/Satuan/index', [...])
 5 SYSTEMPATH\CodeIgniter.php(904): App\Controllers\C_Satuan->index()
 6 SYSTEMPATH\CodeIgniter.php(457): CodeIgniter\CodeIgniter->runController(Object(App\Controllers\C_Satuan))
 7 SYSTEMPATH\CodeIgniter.php(340): CodeIgniter\CodeIgniter->handleRequest(null, Object(Config\Cache), false)
 8 FCPATH\index.php(67): CodeIgniter\CodeIgniter->run()
 9 SYSTEMPATH\Commands\Server\rewrite.php(43): require_once('FCPATH\\index.php')
CRITICAL - 2022-09-23 09:02:21 --> There is no data to update.
in SYSTEMPATH\BaseModel.php on line 846.
 1 SYSTEMPATH\BaseModel.php(846): CodeIgniter\Database\Exceptions\DataException::forEmptyDataset('update')
 2 SYSTEMPATH\Model.php(692): CodeIgniter\BaseModel->update([...], [])
 3 APPPATH\Controllers\C_Satuan.php(58): CodeIgniter\Model->update('1', [...])
 4 SYSTEMPATH\CodeIgniter.php(904): App\Controllers\C_Satuan->proses_edit()
 5 SYSTEMPATH\CodeIgniter.php(457): CodeIgniter\CodeIgniter->runController(Object(App\Controllers\C_Satuan))
 6 SYSTEMPATH\CodeIgniter.php(340): CodeIgniter\CodeIgniter->handleRequest(null, Object(Config\Cache), false)
 7 FCPATH\index.php(67): CodeIgniter\CodeIgniter->run()
 8 SYSTEMPATH\Commands\Server\rewrite.php(43): require_once('FCPATH\\index.php')
CRITICAL - 2022-09-23 09:03:06 --> There is no data to update.
in SYSTEMPATH\BaseModel.php on line 846.
 1 SYSTEMPATH\BaseModel.php(846): CodeIgniter\Database\Exceptions\DataException::forEmptyDataset('update')
 2 SYSTEMPATH\Model.php(692): CodeIgniter\BaseModel->update([...], [])
 3 APPPATH\Controllers\C_Satuan.php(58): CodeIgniter\Model->update('1', [...])
 4 SYSTEMPATH\CodeIgniter.php(904): App\Controllers\C_Satuan->proses_edit()
 5 SYSTEMPATH\CodeIgniter.php(457): CodeIgniter\CodeIgniter->runController(Object(App\Controllers\C_Satuan))
 6 SYSTEMPATH\CodeIgniter.php(340): CodeIgniter\CodeIgniter->handleRequest(null, Object(Config\Cache), false)
 7 FCPATH\index.php(67): CodeIgniter\CodeIgniter->run()
 8 SYSTEMPATH\Commands\Server\rewrite.php(43): require_once('FCPATH\\index.php')
