CRITICAL - 2022-09-13 05:31:38 --> unlink(uploads/): Is a directory
in APPPATH\Controllers\C_Barang.php on line 78.
 1 [internal function]: CodeIgniter\Debug\Exceptions->errorHandler(2, 'unlink(uploads/): Is a directory', 'APPPATH\\Controllers\\C_Barang.php', 78, [...])
 2 APPPATH\Controllers\C_Barang.php(78): unlink('FCPATH\\uploads')
 3 SYSTEMPATH\CodeIgniter.php(904): App\Controllers\C_Barang->edit()
 4 SYSTEMPATH\CodeIgniter.php(457): CodeIgniter\CodeIgniter->runController(Object(App\Controllers\C_Barang))
 5 SYSTEMPATH\CodeIgniter.php(340): CodeIgniter\CodeIgniter->handleRequest(null, Object(Config\Cache), false)
 6 FCPATH\index.php(67): CodeIgniter\CodeIgniter->run()
 7 SYSTEMPATH\Commands\Server\rewrite.php(43): require_once('FCPATH\\index.php')
CRITICAL - 2022-09-13 05:32:58 --> unlink(uploads/Serial_number.png): No such file or directory
in APPPATH\Controllers\C_Barang.php on line 78.
 1 [internal function]: CodeIgniter\Debug\Exceptions->errorHandler(2, 'unlink(uploads/Serial_number.png): No such file or directory', 'APPPATH\\Controllers\\C_Barang.php', 78, [...])
 2 APPPATH\Controllers\C_Barang.php(78): unlink('uploads/Serial_number.png')
 3 SYSTEMPATH\CodeIgniter.php(904): App\Controllers\C_Barang->edit()
 4 SYSTEMPATH\CodeIgniter.php(457): CodeIgniter\CodeIgniter->runController(Object(App\Controllers\C_Barang))
 5 SYSTEMPATH\CodeIgniter.php(340): CodeIgniter\CodeIgniter->handleRequest(null, Object(Config\Cache), false)
 6 FCPATH\index.php(67): CodeIgniter\CodeIgniter->run()
 7 SYSTEMPATH\Commands\Server\rewrite.php(43): require_once('FCPATH\\index.php')
CRITICAL - 2022-09-13 05:33:00 --> unlink(uploads/Serial_number.png): No such file or directory
in APPPATH\Controllers\C_Barang.php on line 78.
 1 [internal function]: CodeIgniter\Debug\Exceptions->errorHandler(2, 'unlink(uploads/Serial_number.png): No such file or directory', 'APPPATH\\Controllers\\C_Barang.php', 78, [...])
 2 APPPATH\Controllers\C_Barang.php(78): unlink('uploads/Serial_number.png')
 3 SYSTEMPATH\CodeIgniter.php(904): App\Controllers\C_Barang->edit()
 4 SYSTEMPATH\CodeIgniter.php(457): CodeIgniter\CodeIgniter->runController(Object(App\Controllers\C_Barang))
 5 SYSTEMPATH\CodeIgniter.php(340): CodeIgniter\CodeIgniter->handleRequest(null, Object(Config\Cache), false)
 6 FCPATH\index.php(67): CodeIgniter\CodeIgniter->run()
 7 SYSTEMPATH\Commands\Server\rewrite.php(43): require_once('FCPATH\\index.php')
CRITICAL - 2022-09-13 05:33:08 --> unlink(uploads/Serial_number.png): No such file or directory
in APPPATH\Controllers\C_Barang.php on line 78.
 1 [internal function]: CodeIgniter\Debug\Exceptions->errorHandler(2, 'unlink(uploads/Serial_number.png): No such file or directory', 'APPPATH\\Controllers\\C_Barang.php', 78, [...])
 2 APPPATH\Controllers\C_Barang.php(78): unlink('uploads/Serial_number.png')
 3 SYSTEMPATH\CodeIgniter.php(904): App\Controllers\C_Barang->edit()
 4 SYSTEMPATH\CodeIgniter.php(457): CodeIgniter\CodeIgniter->runController(Object(App\Controllers\C_Barang))
 5 SYSTEMPATH\CodeIgniter.php(340): CodeIgniter\CodeIgniter->handleRequest(null, Object(Config\Cache), false)
 6 FCPATH\index.php(67): CodeIgniter\CodeIgniter->run()
 7 SYSTEMPATH\Commands\Server\rewrite.php(43): require_once('FCPATH\\index.php')
CRITICAL - 2022-09-13 05:33:12 --> unlink(uploads/Serial_number.png): No such file or directory
in APPPATH\Controllers\C_Barang.php on line 78.
 1 [internal function]: CodeIgniter\Debug\Exceptions->errorHandler(2, 'unlink(uploads/Serial_number.png): No such file or directory', 'APPPATH\\Controllers\\C_Barang.php', 78, [...])
 2 APPPATH\Controllers\C_Barang.php(78): unlink('uploads/Serial_number.png')
 3 SYSTEMPATH\CodeIgniter.php(904): App\Controllers\C_Barang->edit()
 4 SYSTEMPATH\CodeIgniter.php(457): CodeIgniter\CodeIgniter->runController(Object(App\Controllers\C_Barang))
 5 SYSTEMPATH\CodeIgniter.php(340): CodeIgniter\CodeIgniter->handleRequest(null, Object(Config\Cache), false)
 6 FCPATH\index.php(67): CodeIgniter\CodeIgniter->run()
 7 SYSTEMPATH\Commands\Server\rewrite.php(43): require_once('FCPATH\\index.php')
CRITICAL - 2022-09-13 05:33:34 --> unlink(uploads/Serial_number.png): No such file or directory
in APPPATH\Controllers\C_Barang.php on line 78.
 1 [internal function]: CodeIgniter\Debug\Exceptions->errorHandler(2, 'unlink(uploads/Serial_number.png): No such file or directory', 'APPPATH\\Controllers\\C_Barang.php', 78, [...])
 2 APPPATH\Controllers\C_Barang.php(78): unlink('uploads/Serial_number.png')
 3 SYSTEMPATH\CodeIgniter.php(904): App\Controllers\C_Barang->edit()
 4 SYSTEMPATH\CodeIgniter.php(457): CodeIgniter\CodeIgniter->runController(Object(App\Controllers\C_Barang))
 5 SYSTEMPATH\CodeIgniter.php(340): CodeIgniter\CodeIgniter->handleRequest(null, Object(Config\Cache), false)
 6 FCPATH\index.php(67): CodeIgniter\CodeIgniter->run()
 7 SYSTEMPATH\Commands\Server\rewrite.php(43): require_once('FCPATH\\index.php')
CRITICAL - 2022-09-13 05:33:52 --> unlink(uploads/Serial_number.png): No such file or directory
in APPPATH\Controllers\C_Barang.php on line 78.
 1 [internal function]: CodeIgniter\Debug\Exceptions->errorHandler(2, 'unlink(uploads/Serial_number.png): No such file or directory', 'APPPATH\\Controllers\\C_Barang.php', 78, [...])
 2 APPPATH\Controllers\C_Barang.php(78): unlink('uploads/Serial_number.png')
 3 SYSTEMPATH\CodeIgniter.php(904): App\Controllers\C_Barang->edit()
 4 SYSTEMPATH\CodeIgniter.php(457): CodeIgniter\CodeIgniter->runController(Object(App\Controllers\C_Barang))
 5 SYSTEMPATH\CodeIgniter.php(340): CodeIgniter\CodeIgniter->handleRequest(null, Object(Config\Cache), false)
 6 FCPATH\index.php(67): CodeIgniter\CodeIgniter->run()
 7 SYSTEMPATH\Commands\Server\rewrite.php(43): require_once('FCPATH\\index.php')
CRITICAL - 2022-09-13 05:41:26 --> unlink(uploads/Narutama_Phinda_Baskara-staff_pit-It3.jpg): No such file or directory
in APPPATH\Controllers\C_Barang.php on line 78.
 1 [internal function]: CodeIgniter\Debug\Exceptions->errorHandler(2, 'unlink(uploads/Narutama_Phinda_Baskara-staff_pit-It3.jpg): No such file or directory', 'APPPATH\\Controllers\\C_Barang.php', 78, [...])
 2 APPPATH\Controllers\C_Barang.php(78): unlink('uploads/Narutama_Phinda_Baskara-staff_pit-It3.jpg')
 3 SYSTEMPATH\CodeIgniter.php(904): App\Controllers\C_Barang->edit()
 4 SYSTEMPATH\CodeIgniter.php(457): CodeIgniter\CodeIgniter->runController(Object(App\Controllers\C_Barang))
 5 SYSTEMPATH\CodeIgniter.php(340): CodeIgniter\CodeIgniter->handleRequest(null, Object(Config\Cache), false)
 6 FCPATH\index.php(67): CodeIgniter\CodeIgniter->run()
 7 SYSTEMPATH\Commands\Server\rewrite.php(43): require_once('FCPATH\\index.php')
CRITICAL - 2022-09-13 06:11:53 --> There is no data to update.
in SYSTEMPATH\BaseModel.php on line 1577.
 1 SYSTEMPATH\BaseModel.php(1577): CodeIgniter\Database\Exceptions\DataException::forEmptyDataset('update')
 2 SYSTEMPATH\BaseModel.php(832): CodeIgniter\BaseModel->transformDataToArray(null, 'update')
 3 SYSTEMPATH\Model.php(692): CodeIgniter\BaseModel->update([...], null)
 4 APPPATH\Controllers\C_Barang.php(96): CodeIgniter\Model->update([...])
 5 SYSTEMPATH\CodeIgniter.php(904): App\Controllers\C_Barang->edit()
 6 SYSTEMPATH\CodeIgniter.php(457): CodeIgniter\CodeIgniter->runController(Object(App\Controllers\C_Barang))
 7 SYSTEMPATH\CodeIgniter.php(340): CodeIgniter\CodeIgniter->handleRequest(null, Object(Config\Cache), false)
 8 FCPATH\index.php(67): CodeIgniter\CodeIgniter->run()
 9 SYSTEMPATH\Commands\Server\rewrite.php(43): require_once('FCPATH\\index.php')
CRITICAL - 2022-09-13 06:15:32 --> Too few arguments to function App\Controllers\C_Barang::edit(), 0 passed in E:\Kuliah\Kumpulan Tugas Kuliah\UNS-D3 TI\SEMESTER 5\Magang\CV. Anugrah\Project Magang\logistikptajs\system\CodeIgniter.php on line 904 and exactly 1 expected
in APPPATH\Controllers\C_Barang.php on line 73.
 1 SYSTEMPATH\CodeIgniter.php(904): App\Controllers\C_Barang->edit()
 2 SYSTEMPATH\CodeIgniter.php(457): CodeIgniter\CodeIgniter->runController(Object(App\Controllers\C_Barang))
 3 SYSTEMPATH\CodeIgniter.php(340): CodeIgniter\CodeIgniter->handleRequest(null, Object(Config\Cache), false)
 4 FCPATH\index.php(67): CodeIgniter\CodeIgniter->run()
 5 SYSTEMPATH\Commands\Server\rewrite.php(43): require_once('FCPATH\\index.php')
CRITICAL - 2022-09-13 06:15:57 --> Too few arguments to function App\Models\M_Barang::updateData(), 1 passed in E:\Kuliah\Kumpulan Tugas Kuliah\UNS-D3 TI\SEMESTER 5\Magang\CV. Anugrah\Project Magang\logistikptajs\app\Controllers\C_Barang.php on line 96 and exactly 2 expected
in APPPATH\Models\M_Barang.php on line 33.
 1 APPPATH\Controllers\C_Barang.php(96): App\Models\M_Barang->updateData([...])
 2 SYSTEMPATH\CodeIgniter.php(904): App\Controllers\C_Barang->edit()
 3 SYSTEMPATH\CodeIgniter.php(457): CodeIgniter\CodeIgniter->runController(Object(App\Controllers\C_Barang))
 4 SYSTEMPATH\CodeIgniter.php(340): CodeIgniter\CodeIgniter->handleRequest(null, Object(Config\Cache), false)
 5 FCPATH\index.php(67): CodeIgniter\CodeIgniter->run()
 6 SYSTEMPATH\Commands\Server\rewrite.php(43): require_once('FCPATH\\index.php')
