ERROR - 2022-11-01 01:27:06 --> mysqli_sql_exception: Unknown column 'kabel_keluar.id_permintaan_kabel' in 'on clause' in E:\Kuliah\Kumpulan Tugas Kuliah\UNS-D3 TI\SEMESTER 5\Magang\CV. Anugrah\Project Magang\silogajs\system\Database\MySQLi\Connection.php:292
Stack trace:
#0 E:\Kuliah\Kumpulan Tugas Kuliah\UNS-D3 TI\SEMESTER 5\Magang\CV. Anugrah\Project Magang\silogajs\system\Database\MySQLi\Connection.php(292): mysqli->query('SELECT *\nFROM `...', 0)
#1 E:\Kuliah\Kumpulan Tugas Kuliah\UNS-D3 TI\SEMESTER 5\Magang\CV. Anugrah\Project Magang\silogajs\system\Database\BaseConnection.php(693): CodeIgniter\Database\MySQLi\Connection->execute('SELECT *\nFROM `...')
#2 E:\Kuliah\Kumpulan Tugas Kuliah\UNS-D3 TI\SEMESTER 5\Magang\CV. Anugrah\Project Magang\silogajs\system\Database\BaseConnection.php(620): CodeIgniter\Database\BaseConnection->simpleQuery('SELECT *\nFROM `...')
#3 E:\Kuliah\Kumpulan Tugas Kuliah\UNS-D3 TI\SEMESTER 5\Magang\CV. Anugrah\Project Magang\silogajs\system\Database\BaseBuilder.php(1585): CodeIgniter\Database\BaseConnection->query('SELECT *\nFROM `...', Array, false)
#4 E:\Kuliah\Kumpulan Tugas Kuliah\UNS-D3 TI\SEMESTER 5\Magang\CV. Anugrah\Project Magang\silogajs\app\Models\M_Kabel_Keluar.php(22): CodeIgniter\Database\BaseBuilder->get()
#5 E:\Kuliah\Kumpulan Tugas Kuliah\UNS-D3 TI\SEMESTER 5\Magang\CV. Anugrah\Project Magang\silogajs\app\Controllers\C_Kabel_Keluar.php(24): App\Models\M_Kabel_Keluar->getAll()
#6 E:\Kuliah\Kumpulan Tugas Kuliah\UNS-D3 TI\SEMESTER 5\Magang\CV. Anugrah\Project Magang\silogajs\system\CodeIgniter.php(904): App\Controllers\C_kabel_Keluar->index()
#7 E:\Kuliah\Kumpulan Tugas Kuliah\UNS-D3 TI\SEMESTER 5\Magang\CV. Anugrah\Project Magang\silogajs\system\CodeIgniter.php(457): CodeIgniter\CodeIgniter->runController(Object(App\Controllers\C_kabel_Keluar))
#8 E:\Kuliah\Kumpulan Tugas Kuliah\UNS-D3 TI\SEMESTER 5\Magang\CV. Anugrah\Project Magang\silogajs\system\CodeIgniter.php(340): CodeIgniter\CodeIgniter->handleRequest(NULL, Object(Config\Cache), false)
#9 E:\Kuliah\Kumpulan Tugas Kuliah\UNS-D3 TI\SEMESTER 5\Magang\CV. Anugrah\Project Magang\silogajs\public\index.php(67): CodeIgniter\CodeIgniter->run()
#10 E:\Kuliah\Kumpulan Tugas Kuliah\UNS-D3 TI\SEMESTER 5\Magang\CV. Anugrah\Project Magang\silogajs\system\Commands\Server\rewrite.php(43): require_once('E:\\Kuliah\\Kumpu...')
#11 {main}
CRITICAL - 2022-11-01 01:27:06 --> Call to a member function getResult() on bool
in APPPATH\Models\M_Kabel_Keluar.php on line 23.
 1 APPPATH\Controllers\C_Kabel_Keluar.php(24): App\Models\M_Kabel_Keluar->getAll()
 2 SYSTEMPATH\CodeIgniter.php(904): App\Controllers\C_kabel_Keluar->index()
 3 SYSTEMPATH\CodeIgniter.php(457): CodeIgniter\CodeIgniter->runController(Object(App\Controllers\C_kabel_Keluar))
 4 SYSTEMPATH\CodeIgniter.php(340): CodeIgniter\CodeIgniter->handleRequest(null, Object(Config\Cache), false)
 5 FCPATH\index.php(67): CodeIgniter\CodeIgniter->run()
 6 SYSTEMPATH\Commands\Server\rewrite.php(43): require_once('FCPATH\\index.php')
ERROR - 2022-11-01 01:27:15 --> mysqli_sql_exception: Unknown column 'kabel_keluar.id_permintaan_kabel' in 'on clause' in E:\Kuliah\Kumpulan Tugas Kuliah\UNS-D3 TI\SEMESTER 5\Magang\CV. Anugrah\Project Magang\silogajs\system\Database\MySQLi\Connection.php:292
Stack trace:
#0 E:\Kuliah\Kumpulan Tugas Kuliah\UNS-D3 TI\SEMESTER 5\Magang\CV. Anugrah\Project Magang\silogajs\system\Database\MySQLi\Connection.php(292): mysqli->query('SELECT *\nFROM `...', 0)
#1 E:\Kuliah\Kumpulan Tugas Kuliah\UNS-D3 TI\SEMESTER 5\Magang\CV. Anugrah\Project Magang\silogajs\system\Database\BaseConnection.php(693): CodeIgniter\Database\MySQLi\Connection->execute('SELECT *\nFROM `...')
#2 E:\Kuliah\Kumpulan Tugas Kuliah\UNS-D3 TI\SEMESTER 5\Magang\CV. Anugrah\Project Magang\silogajs\system\Database\BaseConnection.php(620): CodeIgniter\Database\BaseConnection->simpleQuery('SELECT *\nFROM `...')
#3 E:\Kuliah\Kumpulan Tugas Kuliah\UNS-D3 TI\SEMESTER 5\Magang\CV. Anugrah\Project Magang\silogajs\system\Database\BaseBuilder.php(1585): CodeIgniter\Database\BaseConnection->query('SELECT *\nFROM `...', Array, false)
#4 E:\Kuliah\Kumpulan Tugas Kuliah\UNS-D3 TI\SEMESTER 5\Magang\CV. Anugrah\Project Magang\silogajs\app\Models\M_Kabel_Keluar.php(22): CodeIgniter\Database\BaseBuilder->get()
#5 E:\Kuliah\Kumpulan Tugas Kuliah\UNS-D3 TI\SEMESTER 5\Magang\CV. Anugrah\Project Magang\silogajs\app\Controllers\C_Kabel_Keluar.php(24): App\Models\M_Kabel_Keluar->getAll()
#6 E:\Kuliah\Kumpulan Tugas Kuliah\UNS-D3 TI\SEMESTER 5\Magang\CV. Anugrah\Project Magang\silogajs\system\CodeIgniter.php(904): App\Controllers\C_kabel_Keluar->index()
#7 E:\Kuliah\Kumpulan Tugas Kuliah\UNS-D3 TI\SEMESTER 5\Magang\CV. Anugrah\Project Magang\silogajs\system\CodeIgniter.php(457): CodeIgniter\CodeIgniter->runController(Object(App\Controllers\C_kabel_Keluar))
#8 E:\Kuliah\Kumpulan Tugas Kuliah\UNS-D3 TI\SEMESTER 5\Magang\CV. Anugrah\Project Magang\silogajs\system\CodeIgniter.php(340): CodeIgniter\CodeIgniter->handleRequest(NULL, Object(Config\Cache), false)
#9 E:\Kuliah\Kumpulan Tugas Kuliah\UNS-D3 TI\SEMESTER 5\Magang\CV. Anugrah\Project Magang\silogajs\public\index.php(67): CodeIgniter\CodeIgniter->run()
#10 E:\Kuliah\Kumpulan Tugas Kuliah\UNS-D3 TI\SEMESTER 5\Magang\CV. Anugrah\Project Magang\silogajs\system\Commands\Server\rewrite.php(43): require_once('E:\\Kuliah\\Kumpu...')
#11 {main}
CRITICAL - 2022-11-01 01:27:15 --> Call to a member function getResult() on bool
in APPPATH\Models\M_Kabel_Keluar.php on line 23.
 1 APPPATH\Controllers\C_Kabel_Keluar.php(24): App\Models\M_Kabel_Keluar->getAll()
 2 SYSTEMPATH\CodeIgniter.php(904): App\Controllers\C_kabel_Keluar->index()
 3 SYSTEMPATH\CodeIgniter.php(457): CodeIgniter\CodeIgniter->runController(Object(App\Controllers\C_kabel_Keluar))
 4 SYSTEMPATH\CodeIgniter.php(340): CodeIgniter\CodeIgniter->handleRequest(null, Object(Config\Cache), false)
 5 FCPATH\index.php(67): CodeIgniter\CodeIgniter->run()
 6 SYSTEMPATH\Commands\Server\rewrite.php(43): require_once('FCPATH\\index.php')
CRITICAL - 2022-11-01 01:32:10 --> Undefined property: App\Controllers\C_kabel_Keluar::$detail_kabel_keluar
in APPPATH\Controllers\C_Kabel_Keluar.php on line 107.
 1 APPPATH\Controllers\C_Kabel_Keluar.php(107): CodeIgniter\Debug\Exceptions->errorHandler(8, 'Undefined property: App\\Controllers\\C_kabel_Keluar::$detail_kabel_keluar', 'APPPATH\\Controllers\\C_Kabel_Keluar.php', 107, [...])
 2 SYSTEMPATH\CodeIgniter.php(904): App\Controllers\C_kabel_Keluar->proses_tambah()
 3 SYSTEMPATH\CodeIgniter.php(457): CodeIgniter\CodeIgniter->runController(Object(App\Controllers\C_kabel_Keluar))
 4 SYSTEMPATH\CodeIgniter.php(340): CodeIgniter\CodeIgniter->handleRequest(null, Object(Config\Cache), false)
 5 FCPATH\index.php(67): CodeIgniter\CodeIgniter->run()
 6 SYSTEMPATH\Commands\Server\rewrite.php(43): require_once('FCPATH\\index.php')
CRITICAL - 2022-11-01 01:33:09 --> Undefined property: stdClass::$id_permintaan_kabel
in APPPATH\Views\Menu\Kabel_Keluar\index.php on line 60.
 1 APPPATH\Views\Menu\Kabel_Keluar\index.php(60): CodeIgniter\Debug\Exceptions->errorHandler(8, 'Undefined property: stdClass::$id_permintaan_kabel', 'APPPATH\\Views\\Menu\\Kabel_Keluar\\index.php', 60, [...])
 2 SYSTEMPATH\View\View.php(213): include('APPPATH\\Views\\Menu\\Kabel_Keluar\\index.php')
 3 SYSTEMPATH\View\View.php(216): CodeIgniter\View\View->CodeIgniter\View\{closure}()
 4 SYSTEMPATH\Common.php(1137): CodeIgniter\View\View->render('Menu/kabel_Keluar/index', [], true)
 5 APPPATH\Controllers\C_Kabel_Keluar.php(28): view('Menu/kabel_Keluar/index', [...])
 6 SYSTEMPATH\CodeIgniter.php(904): App\Controllers\C_kabel_Keluar->index()
 7 SYSTEMPATH\CodeIgniter.php(457): CodeIgniter\CodeIgniter->runController(Object(App\Controllers\C_kabel_Keluar))
 8 SYSTEMPATH\CodeIgniter.php(340): CodeIgniter\CodeIgniter->handleRequest(null, Object(Config\Cache), false)
 9 FCPATH\index.php(67): CodeIgniter\CodeIgniter->run()
10 SYSTEMPATH\Commands\Server\rewrite.php(43): require_once('FCPATH\\index.php')
ERROR - 2022-11-01 01:33:47 --> mysqli_sql_exception: Cannot delete or update a parent row: a foreign key constraint fails (`logistikptajs`.`detail_kabel_keluar`, CONSTRAINT `detail_kabel_keluar_id_kabel_keluar_foreign` FOREIGN KEY (`id_kabel_keluar`) REFERENCES `kabel_keluar` (`id_kabel_keluar`)) in E:\Kuliah\Kumpulan Tugas Kuliah\UNS-D3 TI\SEMESTER 5\Magang\CV. Anugrah\Project Magang\silogajs\system\Database\MySQLi\Connection.php:292
Stack trace:
#0 E:\Kuliah\Kumpulan Tugas Kuliah\UNS-D3 TI\SEMESTER 5\Magang\CV. Anugrah\Project Magang\silogajs\system\Database\MySQLi\Connection.php(292): mysqli->query('DELETE FROM `ka...', 0)
#1 E:\Kuliah\Kumpulan Tugas Kuliah\UNS-D3 TI\SEMESTER 5\Magang\CV. Anugrah\Project Magang\silogajs\system\Database\BaseConnection.php(693): CodeIgniter\Database\MySQLi\Connection->execute('DELETE FROM `ka...')
#2 E:\Kuliah\Kumpulan Tugas Kuliah\UNS-D3 TI\SEMESTER 5\Magang\CV. Anugrah\Project Magang\silogajs\system\Database\BaseConnection.php(620): CodeIgniter\Database\BaseConnection->simpleQuery('DELETE FROM `ka...')
#3 E:\Kuliah\Kumpulan Tugas Kuliah\UNS-D3 TI\SEMESTER 5\Magang\CV. Anugrah\Project Magang\silogajs\system\Database\BaseBuilder.php(2390): CodeIgniter\Database\BaseConnection->query('DELETE FROM `ka...', Array, false)
#4 E:\Kuliah\Kumpulan Tugas Kuliah\UNS-D3 TI\SEMESTER 5\Magang\CV. Anugrah\Project Magang\silogajs\system\Model.php(400): CodeIgniter\Database\BaseBuilder->delete()
#5 E:\Kuliah\Kumpulan Tugas Kuliah\UNS-D3 TI\SEMESTER 5\Magang\CV. Anugrah\Project Magang\silogajs\system\BaseModel.php(963): CodeIgniter\Model->doDelete(Array, false)
#6 E:\Kuliah\Kumpulan Tugas Kuliah\UNS-D3 TI\SEMESTER 5\Magang\CV. Anugrah\Project Magang\silogajs\app\Controllers\C_Kabel_Keluar.php(139): CodeIgniter\BaseModel->delete(Array)
#7 E:\Kuliah\Kumpulan Tugas Kuliah\UNS-D3 TI\SEMESTER 5\Magang\CV. Anugrah\Project Magang\silogajs\system\CodeIgniter.php(904): App\Controllers\C_kabel_Keluar->hapus('2')
#8 E:\Kuliah\Kumpulan Tugas Kuliah\UNS-D3 TI\SEMESTER 5\Magang\CV. Anugrah\Project Magang\silogajs\system\CodeIgniter.php(457): CodeIgniter\CodeIgniter->runController(Object(App\Controllers\C_kabel_Keluar))
#9 E:\Kuliah\Kumpulan Tugas Kuliah\UNS-D3 TI\SEMESTER 5\Magang\CV. Anugrah\Project Magang\silogajs\system\CodeIgniter.php(340): CodeIgniter\CodeIgniter->handleRequest(NULL, Object(Config\Cache), false)
#10 E:\Kuliah\Kumpulan Tugas Kuliah\UNS-D3 TI\SEMESTER 5\Magang\CV. Anugrah\Project Magang\silogajs\public\index.php(67): CodeIgniter\CodeIgniter->run()
#11 E:\Kuliah\Kumpulan Tugas Kuliah\UNS-D3 TI\SEMESTER 5\Magang\CV. Anugrah\Project Magang\silogajs\system\Commands\Server\rewrite.php(43): require_once('E:\\Kuliah\\Kumpu...')
#12 {main}
CRITICAL - 2022-11-01 02:06:51 --> Undefined property: stdClass::$status
in APPPATH\Views\Menu\Permintaan\Material\index.php on line 40.
 1 APPPATH\Views\Menu\Permintaan\Material\index.php(40): CodeIgniter\Debug\Exceptions->errorHandler(8, 'Undefined property: stdClass::$status', 'APPPATH\\Views\\Menu\\Permintaan\\Material\\index.php', 40, [...])
 2 SYSTEMPATH\View\View.php(213): include('APPPATH\\Views\\Menu\\Permintaan\\Material\\index.php')
 3 SYSTEMPATH\View\View.php(216): CodeIgniter\View\View->CodeIgniter\View\{closure}()
 4 SYSTEMPATH\Common.php(1137): CodeIgniter\View\View->render('Menu/Permintaan/Material/index', [], true)
 5 APPPATH\Controllers\C_Permintaan.php(27): view('Menu/Permintaan/Material/index', [...])
 6 SYSTEMPATH\CodeIgniter.php(904): App\Controllers\C_Permintaan->permintaan_material()
 7 SYSTEMPATH\CodeIgniter.php(457): CodeIgniter\CodeIgniter->runController(Object(App\Controllers\C_Permintaan))
 8 SYSTEMPATH\CodeIgniter.php(340): CodeIgniter\CodeIgniter->handleRequest(null, Object(Config\Cache), false)
 9 FCPATH\index.php(67): CodeIgniter\CodeIgniter->run()
10 SYSTEMPATH\Commands\Server\rewrite.php(43): require_once('FCPATH\\index.php')
CRITICAL - 2022-11-01 02:13:50 --> Trying to get property 'nama' of non-object
in APPPATH\Views\Menu\Permintaan\Kabel\index.php on line 35.
 1 APPPATH\Views\Menu\Permintaan\Kabel\index.php(35): CodeIgniter\Debug\Exceptions->errorHandler(8, 'Trying to get property \'nama\' of non-object', 'APPPATH\\Views\\Menu\\Permintaan\\Kabel\\index.php', 35, [...])
 2 SYSTEMPATH\View\View.php(213): include('APPPATH\\Views\\Menu\\Permintaan\\Kabel\\index.php')
 3 SYSTEMPATH\View\View.php(216): CodeIgniter\View\View->CodeIgniter\View\{closure}()
 4 SYSTEMPATH\Common.php(1137): CodeIgniter\View\View->render('Menu/Permintaan/Kabel/index', [], true)
 5 APPPATH\Controllers\C_Permintaan.php(73): view('Menu/Permintaan/Kabel/index', [...])
 6 SYSTEMPATH\CodeIgniter.php(904): App\Controllers\C_Permintaan->permintaan_kabel()
 7 SYSTEMPATH\CodeIgniter.php(457): CodeIgniter\CodeIgniter->runController(Object(App\Controllers\C_Permintaan))
 8 SYSTEMPATH\CodeIgniter.php(340): CodeIgniter\CodeIgniter->handleRequest(null, Object(Config\Cache), false)
 9 FCPATH\index.php(67): CodeIgniter\CodeIgniter->run()
10 SYSTEMPATH\Commands\Server\rewrite.php(43): require_once('FCPATH\\index.php')
CRITICAL - 2022-11-01 04:12:00 --> Undefined property: stdClass::$status
in APPPATH\Views\Menu\Permintaan\Material\index.php on line 40.
 1 APPPATH\Views\Menu\Permintaan\Material\index.php(40): CodeIgniter\Debug\Exceptions->errorHandler(8, 'Undefined property: stdClass::$status', 'APPPATH\\Views\\Menu\\Permintaan\\Material\\index.php', 40, [...])
 2 SYSTEMPATH\View\View.php(213): include('APPPATH\\Views\\Menu\\Permintaan\\Material\\index.php')
 3 SYSTEMPATH\View\View.php(216): CodeIgniter\View\View->CodeIgniter\View\{closure}()
 4 SYSTEMPATH\Common.php(1137): CodeIgniter\View\View->render('Menu/Permintaan/Material/index', [], true)
 5 APPPATH\Controllers\C_Permintaan.php(27): view('Menu/Permintaan/Material/index', [...])
 6 SYSTEMPATH\CodeIgniter.php(904): App\Controllers\C_Permintaan->permintaan_material()
 7 SYSTEMPATH\CodeIgniter.php(457): CodeIgniter\CodeIgniter->runController(Object(App\Controllers\C_Permintaan))
 8 SYSTEMPATH\CodeIgniter.php(340): CodeIgniter\CodeIgniter->handleRequest(null, Object(Config\Cache), false)
 9 FCPATH\index.php(67): CodeIgniter\CodeIgniter->run()
10 SYSTEMPATH\Commands\Server\rewrite.php(43): require_once('FCPATH\\index.php')
CRITICAL - 2022-11-01 20:37:03 --> Undefined property: stdClass::$status
in APPPATH\Views\Menu\Permintaan\Material\index.php on line 40.
 1 APPPATH\Views\Menu\Permintaan\Material\index.php(40): CodeIgniter\Debug\Exceptions->errorHandler(8, 'Undefined property: stdClass::$status', 'APPPATH\\Views\\Menu\\Permintaan\\Material\\index.php', 40, [...])
 2 SYSTEMPATH\View\View.php(213): include('APPPATH\\Views\\Menu\\Permintaan\\Material\\index.php')
 3 SYSTEMPATH\View\View.php(216): CodeIgniter\View\View->CodeIgniter\View\{closure}()
 4 SYSTEMPATH\Common.php(1137): CodeIgniter\View\View->render('Menu/Permintaan/Material/index', [], true)
 5 APPPATH\Controllers\C_Permintaan.php(27): view('Menu/Permintaan/Material/index', [...])
 6 SYSTEMPATH\CodeIgniter.php(904): App\Controllers\C_Permintaan->permintaan_material()
 7 SYSTEMPATH\CodeIgniter.php(457): CodeIgniter\CodeIgniter->runController(Object(App\Controllers\C_Permintaan))
 8 SYSTEMPATH\CodeIgniter.php(340): CodeIgniter\CodeIgniter->handleRequest(null, Object(Config\Cache), false)
 9 FCPATH\index.php(67): CodeIgniter\CodeIgniter->run()
10 SYSTEMPATH\Commands\Server\rewrite.php(43): require_once('FCPATH\\index.php')
CRITICAL - 2022-11-01 21:51:48 --> There is no data to insert.
in SYSTEMPATH\BaseModel.php on line 718.
 1 SYSTEMPATH\BaseModel.php(718): CodeIgniter\Database\Exceptions\DataException::forEmptyDataset('insert')
 2 SYSTEMPATH\Model.php(666): CodeIgniter\BaseModel->insert([], true)
 3 APPPATH\Controllers\C_Permintaan.php(56): CodeIgniter\Model->insert([...])
 4 SYSTEMPATH\CodeIgniter.php(904): App\Controllers\C_Permintaan->tambah_permintaan_kabel()
 5 SYSTEMPATH\CodeIgniter.php(457): CodeIgniter\CodeIgniter->runController(Object(App\Controllers\C_Permintaan))
 6 SYSTEMPATH\CodeIgniter.php(340): CodeIgniter\CodeIgniter->handleRequest(null, Object(Config\Cache), false)
 7 FCPATH\index.php(67): CodeIgniter\CodeIgniter->run()
 8 SYSTEMPATH\Commands\Server\rewrite.php(43): require_once('FCPATH\\index.php')
CRITICAL - 2022-11-01 21:52:24 --> There is no data to insert.
in SYSTEMPATH\BaseModel.php on line 718.
 1 SYSTEMPATH\BaseModel.php(718): CodeIgniter\Database\Exceptions\DataException::forEmptyDataset('insert')
 2 SYSTEMPATH\Model.php(666): CodeIgniter\BaseModel->insert([], true)
 3 APPPATH\Controllers\C_Permintaan.php(56): CodeIgniter\Model->insert([...])
 4 SYSTEMPATH\CodeIgniter.php(904): App\Controllers\C_Permintaan->tambah_permintaan_kabel()
 5 SYSTEMPATH\CodeIgniter.php(457): CodeIgniter\CodeIgniter->runController(Object(App\Controllers\C_Permintaan))
 6 SYSTEMPATH\CodeIgniter.php(340): CodeIgniter\CodeIgniter->handleRequest(null, Object(Config\Cache), false)
 7 FCPATH\index.php(67): CodeIgniter\CodeIgniter->run()
 8 SYSTEMPATH\Commands\Server\rewrite.php(43): require_once('FCPATH\\index.php')
CRITICAL - 2022-11-01 21:53:00 --> Invalid argument supplied for foreach()
in APPPATH\Controllers\C_Permintaan.php on line 48.
 1 APPPATH\Controllers\C_Permintaan.php(48): CodeIgniter\Debug\Exceptions->errorHandler(2, 'Invalid argument supplied for foreach()', 'APPPATH\\Controllers\\C_Permintaan.php', 48, [...])
 2 SYSTEMPATH\CodeIgniter.php(904): App\Controllers\C_Permintaan->tambah_permintaan_kabel()
 3 SYSTEMPATH\CodeIgniter.php(457): CodeIgniter\CodeIgniter->runController(Object(App\Controllers\C_Permintaan))
 4 SYSTEMPATH\CodeIgniter.php(340): CodeIgniter\CodeIgniter->handleRequest(null, Object(Config\Cache), false)
 5 FCPATH\index.php(67): CodeIgniter\CodeIgniter->run()
 6 SYSTEMPATH\Commands\Server\rewrite.php(43): require_once('FCPATH\\index.php')
CRITICAL - 2022-11-01 21:53:39 --> There is no data to insert.
in SYSTEMPATH\BaseModel.php on line 1577.
 1 SYSTEMPATH\BaseModel.php(1577): CodeIgniter\Database\Exceptions\DataException::forEmptyDataset('insert')
 2 SYSTEMPATH\BaseModel.php(704): CodeIgniter\BaseModel->transformDataToArray([], 'insert')
 3 SYSTEMPATH\Model.php(666): CodeIgniter\BaseModel->insert([], true)
 4 APPPATH\Controllers\C_Permintaan.php(56): CodeIgniter\Model->insert([])
 5 SYSTEMPATH\CodeIgniter.php(904): App\Controllers\C_Permintaan->tambah_permintaan_kabel()
 6 SYSTEMPATH\CodeIgniter.php(457): CodeIgniter\CodeIgniter->runController(Object(App\Controllers\C_Permintaan))
 7 SYSTEMPATH\CodeIgniter.php(340): CodeIgniter\CodeIgniter->handleRequest(null, Object(Config\Cache), false)
 8 FCPATH\index.php(67): CodeIgniter\CodeIgniter->run()
 9 SYSTEMPATH\Commands\Server\rewrite.php(43): require_once('FCPATH\\index.php')
CRITICAL - 2022-11-01 22:16:10 --> There is no data to insert.
in SYSTEMPATH\BaseModel.php on line 718.
 1 SYSTEMPATH\BaseModel.php(718): CodeIgniter\Database\Exceptions\DataException::forEmptyDataset('insert')
 2 SYSTEMPATH\Model.php(666): CodeIgniter\BaseModel->insert([], true)
 3 APPPATH\Controllers\C_Permintaan.php(57): CodeIgniter\Model->insert([...])
 4 SYSTEMPATH\CodeIgniter.php(904): App\Controllers\C_Permintaan->tambah_permintaan_kabel()
 5 SYSTEMPATH\CodeIgniter.php(457): CodeIgniter\CodeIgniter->runController(Object(App\Controllers\C_Permintaan))
 6 SYSTEMPATH\CodeIgniter.php(340): CodeIgniter\CodeIgniter->handleRequest(null, Object(Config\Cache), false)
 7 FCPATH\index.php(67): CodeIgniter\CodeIgniter->run()
 8 SYSTEMPATH\Commands\Server\rewrite.php(43): require_once('FCPATH\\index.php')
CRITICAL - 2022-11-01 22:16:11 --> There is no data to insert.
in SYSTEMPATH\BaseModel.php on line 718.
 1 SYSTEMPATH\BaseModel.php(718): CodeIgniter\Database\Exceptions\DataException::forEmptyDataset('insert')
 2 SYSTEMPATH\Model.php(666): CodeIgniter\BaseModel->insert([], true)
 3 APPPATH\Controllers\C_Permintaan.php(57): CodeIgniter\Model->insert([...])
 4 SYSTEMPATH\CodeIgniter.php(904): App\Controllers\C_Permintaan->tambah_permintaan_kabel()
 5 SYSTEMPATH\CodeIgniter.php(457): CodeIgniter\CodeIgniter->runController(Object(App\Controllers\C_Permintaan))
 6 SYSTEMPATH\CodeIgniter.php(340): CodeIgniter\CodeIgniter->handleRequest(null, Object(Config\Cache), false)
 7 FCPATH\index.php(67): CodeIgniter\CodeIgniter->run()
 8 SYSTEMPATH\Commands\Server\rewrite.php(43): require_once('FCPATH\\index.php')
CRITICAL - 2022-11-01 22:16:12 --> There is no data to insert.
in SYSTEMPATH\BaseModel.php on line 718.
 1 SYSTEMPATH\BaseModel.php(718): CodeIgniter\Database\Exceptions\DataException::forEmptyDataset('insert')
 2 SYSTEMPATH\Model.php(666): CodeIgniter\BaseModel->insert([], true)
 3 APPPATH\Controllers\C_Permintaan.php(57): CodeIgniter\Model->insert([...])
 4 SYSTEMPATH\CodeIgniter.php(904): App\Controllers\C_Permintaan->tambah_permintaan_kabel()
 5 SYSTEMPATH\CodeIgniter.php(457): CodeIgniter\CodeIgniter->runController(Object(App\Controllers\C_Permintaan))
 6 SYSTEMPATH\CodeIgniter.php(340): CodeIgniter\CodeIgniter->handleRequest(null, Object(Config\Cache), false)
 7 FCPATH\index.php(67): CodeIgniter\CodeIgniter->run()
 8 SYSTEMPATH\Commands\Server\rewrite.php(43): require_once('FCPATH\\index.php')
CRITICAL - 2022-11-01 22:16:39 --> There is no data to insert.
in SYSTEMPATH\BaseModel.php on line 718.
 1 SYSTEMPATH\BaseModel.php(718): CodeIgniter\Database\Exceptions\DataException::forEmptyDataset('insert')
 2 SYSTEMPATH\Model.php(666): CodeIgniter\BaseModel->insert([], true)
 3 APPPATH\Controllers\C_Permintaan.php(57): CodeIgniter\Model->insert([...])
 4 SYSTEMPATH\CodeIgniter.php(904): App\Controllers\C_Permintaan->tambah_permintaan_kabel()
 5 SYSTEMPATH\CodeIgniter.php(457): CodeIgniter\CodeIgniter->runController(Object(App\Controllers\C_Permintaan))
 6 SYSTEMPATH\CodeIgniter.php(340): CodeIgniter\CodeIgniter->handleRequest(null, Object(Config\Cache), false)
 7 FCPATH\index.php(67): CodeIgniter\CodeIgniter->run()
 8 SYSTEMPATH\Commands\Server\rewrite.php(43): require_once('FCPATH\\index.php')
CRITICAL - 2022-11-01 22:16:40 --> There is no data to insert.
in SYSTEMPATH\BaseModel.php on line 718.
 1 SYSTEMPATH\BaseModel.php(718): CodeIgniter\Database\Exceptions\DataException::forEmptyDataset('insert')
 2 SYSTEMPATH\Model.php(666): CodeIgniter\BaseModel->insert([], true)
 3 APPPATH\Controllers\C_Permintaan.php(57): CodeIgniter\Model->insert([...])
 4 SYSTEMPATH\CodeIgniter.php(904): App\Controllers\C_Permintaan->tambah_permintaan_kabel()
 5 SYSTEMPATH\CodeIgniter.php(457): CodeIgniter\CodeIgniter->runController(Object(App\Controllers\C_Permintaan))
 6 SYSTEMPATH\CodeIgniter.php(340): CodeIgniter\CodeIgniter->handleRequest(null, Object(Config\Cache), false)
 7 FCPATH\index.php(67): CodeIgniter\CodeIgniter->run()
 8 SYSTEMPATH\Commands\Server\rewrite.php(43): require_once('FCPATH\\index.php')
CRITICAL - 2022-11-01 22:16:40 --> There is no data to insert.
in SYSTEMPATH\BaseModel.php on line 718.
 1 SYSTEMPATH\BaseModel.php(718): CodeIgniter\Database\Exceptions\DataException::forEmptyDataset('insert')
 2 SYSTEMPATH\Model.php(666): CodeIgniter\BaseModel->insert([], true)
 3 APPPATH\Controllers\C_Permintaan.php(57): CodeIgniter\Model->insert([...])
 4 SYSTEMPATH\CodeIgniter.php(904): App\Controllers\C_Permintaan->tambah_permintaan_kabel()
 5 SYSTEMPATH\CodeIgniter.php(457): CodeIgniter\CodeIgniter->runController(Object(App\Controllers\C_Permintaan))
 6 SYSTEMPATH\CodeIgniter.php(340): CodeIgniter\CodeIgniter->handleRequest(null, Object(Config\Cache), false)
 7 FCPATH\index.php(67): CodeIgniter\CodeIgniter->run()
 8 SYSTEMPATH\Commands\Server\rewrite.php(43): require_once('FCPATH\\index.php')
CRITICAL - 2022-11-01 22:16:40 --> There is no data to insert.
in SYSTEMPATH\BaseModel.php on line 718.
 1 SYSTEMPATH\BaseModel.php(718): CodeIgniter\Database\Exceptions\DataException::forEmptyDataset('insert')
 2 SYSTEMPATH\Model.php(666): CodeIgniter\BaseModel->insert([], true)
 3 APPPATH\Controllers\C_Permintaan.php(57): CodeIgniter\Model->insert([...])
 4 SYSTEMPATH\CodeIgniter.php(904): App\Controllers\C_Permintaan->tambah_permintaan_kabel()
 5 SYSTEMPATH\CodeIgniter.php(457): CodeIgniter\CodeIgniter->runController(Object(App\Controllers\C_Permintaan))
 6 SYSTEMPATH\CodeIgniter.php(340): CodeIgniter\CodeIgniter->handleRequest(null, Object(Config\Cache), false)
 7 FCPATH\index.php(67): CodeIgniter\CodeIgniter->run()
 8 SYSTEMPATH\Commands\Server\rewrite.php(43): require_once('FCPATH\\index.php')
CRITICAL - 2022-11-01 22:16:41 --> There is no data to insert.
in SYSTEMPATH\BaseModel.php on line 718.
 1 SYSTEMPATH\BaseModel.php(718): CodeIgniter\Database\Exceptions\DataException::forEmptyDataset('insert')
 2 SYSTEMPATH\Model.php(666): CodeIgniter\BaseModel->insert([], true)
 3 APPPATH\Controllers\C_Permintaan.php(57): CodeIgniter\Model->insert([...])
 4 SYSTEMPATH\CodeIgniter.php(904): App\Controllers\C_Permintaan->tambah_permintaan_kabel()
 5 SYSTEMPATH\CodeIgniter.php(457): CodeIgniter\CodeIgniter->runController(Object(App\Controllers\C_Permintaan))
 6 SYSTEMPATH\CodeIgniter.php(340): CodeIgniter\CodeIgniter->handleRequest(null, Object(Config\Cache), false)
 7 FCPATH\index.php(67): CodeIgniter\CodeIgniter->run()
 8 SYSTEMPATH\Commands\Server\rewrite.php(43): require_once('FCPATH\\index.php')
CRITICAL - 2022-11-01 22:16:41 --> There is no data to insert.
in SYSTEMPATH\BaseModel.php on line 718.
 1 SYSTEMPATH\BaseModel.php(718): CodeIgniter\Database\Exceptions\DataException::forEmptyDataset('insert')
 2 SYSTEMPATH\Model.php(666): CodeIgniter\BaseModel->insert([], true)
 3 APPPATH\Controllers\C_Permintaan.php(57): CodeIgniter\Model->insert([...])
 4 SYSTEMPATH\CodeIgniter.php(904): App\Controllers\C_Permintaan->tambah_permintaan_kabel()
 5 SYSTEMPATH\CodeIgniter.php(457): CodeIgniter\CodeIgniter->runController(Object(App\Controllers\C_Permintaan))
 6 SYSTEMPATH\CodeIgniter.php(340): CodeIgniter\CodeIgniter->handleRequest(null, Object(Config\Cache), false)
 7 FCPATH\index.php(67): CodeIgniter\CodeIgniter->run()
 8 SYSTEMPATH\Commands\Server\rewrite.php(43): require_once('FCPATH\\index.php')
CRITICAL - 2022-11-01 22:16:41 --> There is no data to insert.
in SYSTEMPATH\BaseModel.php on line 718.
 1 SYSTEMPATH\BaseModel.php(718): CodeIgniter\Database\Exceptions\DataException::forEmptyDataset('insert')
 2 SYSTEMPATH\Model.php(666): CodeIgniter\BaseModel->insert([], true)
 3 APPPATH\Controllers\C_Permintaan.php(57): CodeIgniter\Model->insert([...])
 4 SYSTEMPATH\CodeIgniter.php(904): App\Controllers\C_Permintaan->tambah_permintaan_kabel()
 5 SYSTEMPATH\CodeIgniter.php(457): CodeIgniter\CodeIgniter->runController(Object(App\Controllers\C_Permintaan))
 6 SYSTEMPATH\CodeIgniter.php(340): CodeIgniter\CodeIgniter->handleRequest(null, Object(Config\Cache), false)
 7 FCPATH\index.php(67): CodeIgniter\CodeIgniter->run()
 8 SYSTEMPATH\Commands\Server\rewrite.php(43): require_once('FCPATH\\index.php')
CRITICAL - 2022-11-01 22:16:42 --> There is no data to insert.
in SYSTEMPATH\BaseModel.php on line 718.
 1 SYSTEMPATH\BaseModel.php(718): CodeIgniter\Database\Exceptions\DataException::forEmptyDataset('insert')
 2 SYSTEMPATH\Model.php(666): CodeIgniter\BaseModel->insert([], true)
 3 APPPATH\Controllers\C_Permintaan.php(57): CodeIgniter\Model->insert([...])
 4 SYSTEMPATH\CodeIgniter.php(904): App\Controllers\C_Permintaan->tambah_permintaan_kabel()
 5 SYSTEMPATH\CodeIgniter.php(457): CodeIgniter\CodeIgniter->runController(Object(App\Controllers\C_Permintaan))
 6 SYSTEMPATH\CodeIgniter.php(340): CodeIgniter\CodeIgniter->handleRequest(null, Object(Config\Cache), false)
 7 FCPATH\index.php(67): CodeIgniter\CodeIgniter->run()
 8 SYSTEMPATH\Commands\Server\rewrite.php(43): require_once('FCPATH\\index.php')
CRITICAL - 2022-11-01 22:17:46 --> There is no data to insert.
in SYSTEMPATH\BaseModel.php on line 718.
 1 SYSTEMPATH\BaseModel.php(718): CodeIgniter\Database\Exceptions\DataException::forEmptyDataset('insert')
 2 SYSTEMPATH\Model.php(666): CodeIgniter\BaseModel->insert([], true)
 3 APPPATH\Controllers\C_Permintaan.php(57): CodeIgniter\Model->insert([...])
 4 SYSTEMPATH\CodeIgniter.php(904): App\Controllers\C_Permintaan->tambah_permintaan_kabel()
 5 SYSTEMPATH\CodeIgniter.php(457): CodeIgniter\CodeIgniter->runController(Object(App\Controllers\C_Permintaan))
 6 SYSTEMPATH\CodeIgniter.php(340): CodeIgniter\CodeIgniter->handleRequest(null, Object(Config\Cache), false)
 7 FCPATH\index.php(67): CodeIgniter\CodeIgniter->run()
 8 SYSTEMPATH\Commands\Server\rewrite.php(43): require_once('FCPATH\\index.php')
CRITICAL - 2022-11-01 22:17:56 --> There is no data to insert.
in SYSTEMPATH\BaseModel.php on line 718.
 1 SYSTEMPATH\BaseModel.php(718): CodeIgniter\Database\Exceptions\DataException::forEmptyDataset('insert')
 2 SYSTEMPATH\Model.php(666): CodeIgniter\BaseModel->insert([], true)
 3 APPPATH\Controllers\C_Permintaan.php(57): CodeIgniter\Model->insert([...])
 4 SYSTEMPATH\CodeIgniter.php(904): App\Controllers\C_Permintaan->tambah_permintaan_kabel()
 5 SYSTEMPATH\CodeIgniter.php(457): CodeIgniter\CodeIgniter->runController(Object(App\Controllers\C_Permintaan))
 6 SYSTEMPATH\CodeIgniter.php(340): CodeIgniter\CodeIgniter->handleRequest(null, Object(Config\Cache), false)
 7 FCPATH\index.php(67): CodeIgniter\CodeIgniter->run()
 8 SYSTEMPATH\Commands\Server\rewrite.php(43): require_once('FCPATH\\index.php')
CRITICAL - 2022-11-01 22:22:21 --> There is no data to insert.
in SYSTEMPATH\BaseModel.php on line 718.
 1 SYSTEMPATH\BaseModel.php(718): CodeIgniter\Database\Exceptions\DataException::forEmptyDataset('insert')
 2 SYSTEMPATH\Model.php(666): CodeIgniter\BaseModel->insert([], true)
 3 APPPATH\Controllers\C_Permintaan.php(57): CodeIgniter\Model->insert([...])
 4 SYSTEMPATH\CodeIgniter.php(904): App\Controllers\C_Permintaan->tambah_permintaan_kabel()
 5 SYSTEMPATH\CodeIgniter.php(457): CodeIgniter\CodeIgniter->runController(Object(App\Controllers\C_Permintaan))
 6 SYSTEMPATH\CodeIgniter.php(340): CodeIgniter\CodeIgniter->handleRequest(null, Object(Config\Cache), false)
 7 FCPATH\index.php(67): CodeIgniter\CodeIgniter->run()
 8 SYSTEMPATH\Commands\Server\rewrite.php(43): require_once('FCPATH\\index.php')
CRITICAL - 2022-11-01 22:22:24 --> There is no data to insert.
in SYSTEMPATH\BaseModel.php on line 718.
 1 SYSTEMPATH\BaseModel.php(718): CodeIgniter\Database\Exceptions\DataException::forEmptyDataset('insert')
 2 SYSTEMPATH\Model.php(666): CodeIgniter\BaseModel->insert([], true)
 3 APPPATH\Controllers\C_Permintaan.php(57): CodeIgniter\Model->insert([...])
 4 SYSTEMPATH\CodeIgniter.php(904): App\Controllers\C_Permintaan->tambah_permintaan_kabel()
 5 SYSTEMPATH\CodeIgniter.php(457): CodeIgniter\CodeIgniter->runController(Object(App\Controllers\C_Permintaan))
 6 SYSTEMPATH\CodeIgniter.php(340): CodeIgniter\CodeIgniter->handleRequest(null, Object(Config\Cache), false)
 7 FCPATH\index.php(67): CodeIgniter\CodeIgniter->run()
 8 SYSTEMPATH\Commands\Server\rewrite.php(43): require_once('FCPATH\\index.php')
CRITICAL - 2022-11-01 22:22:25 --> There is no data to insert.
in SYSTEMPATH\BaseModel.php on line 718.
 1 SYSTEMPATH\BaseModel.php(718): CodeIgniter\Database\Exceptions\DataException::forEmptyDataset('insert')
 2 SYSTEMPATH\Model.php(666): CodeIgniter\BaseModel->insert([], true)
 3 APPPATH\Controllers\C_Permintaan.php(57): CodeIgniter\Model->insert([...])
 4 SYSTEMPATH\CodeIgniter.php(904): App\Controllers\C_Permintaan->tambah_permintaan_kabel()
 5 SYSTEMPATH\CodeIgniter.php(457): CodeIgniter\CodeIgniter->runController(Object(App\Controllers\C_Permintaan))
 6 SYSTEMPATH\CodeIgniter.php(340): CodeIgniter\CodeIgniter->handleRequest(null, Object(Config\Cache), false)
 7 FCPATH\index.php(67): CodeIgniter\CodeIgniter->run()
 8 SYSTEMPATH\Commands\Server\rewrite.php(43): require_once('FCPATH\\index.php')
CRITICAL - 2022-11-01 22:22:34 --> There is no data to insert.
in SYSTEMPATH\BaseModel.php on line 718.
 1 SYSTEMPATH\BaseModel.php(718): CodeIgniter\Database\Exceptions\DataException::forEmptyDataset('insert')
 2 SYSTEMPATH\Model.php(666): CodeIgniter\BaseModel->insert([], true)
 3 APPPATH\Controllers\C_Permintaan.php(57): CodeIgniter\Model->insert([...])
 4 SYSTEMPATH\CodeIgniter.php(904): App\Controllers\C_Permintaan->tambah_permintaan_kabel()
 5 SYSTEMPATH\CodeIgniter.php(457): CodeIgniter\CodeIgniter->runController(Object(App\Controllers\C_Permintaan))
 6 SYSTEMPATH\CodeIgniter.php(340): CodeIgniter\CodeIgniter->handleRequest(null, Object(Config\Cache), false)
 7 FCPATH\index.php(67): CodeIgniter\CodeIgniter->run()
 8 SYSTEMPATH\Commands\Server\rewrite.php(43): require_once('FCPATH\\index.php')
CRITICAL - 2022-11-01 22:22:35 --> There is no data to insert.
in SYSTEMPATH\BaseModel.php on line 718.
 1 SYSTEMPATH\BaseModel.php(718): CodeIgniter\Database\Exceptions\DataException::forEmptyDataset('insert')
 2 SYSTEMPATH\Model.php(666): CodeIgniter\BaseModel->insert([], true)
 3 APPPATH\Controllers\C_Permintaan.php(57): CodeIgniter\Model->insert([...])
 4 SYSTEMPATH\CodeIgniter.php(904): App\Controllers\C_Permintaan->tambah_permintaan_kabel()
 5 SYSTEMPATH\CodeIgniter.php(457): CodeIgniter\CodeIgniter->runController(Object(App\Controllers\C_Permintaan))
 6 SYSTEMPATH\CodeIgniter.php(340): CodeIgniter\CodeIgniter->handleRequest(null, Object(Config\Cache), false)
 7 FCPATH\index.php(67): CodeIgniter\CodeIgniter->run()
 8 SYSTEMPATH\Commands\Server\rewrite.php(43): require_once('FCPATH\\index.php')
CRITICAL - 2022-11-01 22:22:35 --> There is no data to insert.
in SYSTEMPATH\BaseModel.php on line 718.
 1 SYSTEMPATH\BaseModel.php(718): CodeIgniter\Database\Exceptions\DataException::forEmptyDataset('insert')
 2 SYSTEMPATH\Model.php(666): CodeIgniter\BaseModel->insert([], true)
 3 APPPATH\Controllers\C_Permintaan.php(57): CodeIgniter\Model->insert([...])
 4 SYSTEMPATH\CodeIgniter.php(904): App\Controllers\C_Permintaan->tambah_permintaan_kabel()
 5 SYSTEMPATH\CodeIgniter.php(457): CodeIgniter\CodeIgniter->runController(Object(App\Controllers\C_Permintaan))
 6 SYSTEMPATH\CodeIgniter.php(340): CodeIgniter\CodeIgniter->handleRequest(null, Object(Config\Cache), false)
 7 FCPATH\index.php(67): CodeIgniter\CodeIgniter->run()
 8 SYSTEMPATH\Commands\Server\rewrite.php(43): require_once('FCPATH\\index.php')
CRITICAL - 2022-11-01 22:22:43 --> There is no data to insert.
in SYSTEMPATH\BaseModel.php on line 718.
 1 SYSTEMPATH\BaseModel.php(718): CodeIgniter\Database\Exceptions\DataException::forEmptyDataset('insert')
 2 SYSTEMPATH\Model.php(666): CodeIgniter\BaseModel->insert([], true)
 3 APPPATH\Controllers\C_Permintaan.php(57): CodeIgniter\Model->insert([...])
 4 SYSTEMPATH\CodeIgniter.php(904): App\Controllers\C_Permintaan->tambah_permintaan_kabel()
 5 SYSTEMPATH\CodeIgniter.php(457): CodeIgniter\CodeIgniter->runController(Object(App\Controllers\C_Permintaan))
 6 SYSTEMPATH\CodeIgniter.php(340): CodeIgniter\CodeIgniter->handleRequest(null, Object(Config\Cache), false)
 7 FCPATH\index.php(67): CodeIgniter\CodeIgniter->run()
 8 SYSTEMPATH\Commands\Server\rewrite.php(43): require_once('FCPATH\\index.php')
CRITICAL - 2022-11-01 23:05:04 --> Undefined variable: td
in APPPATH\Views\Menu\Permintaan\Kabel\index.php on line 12.
 1 APPPATH\Views\Menu\Permintaan\Kabel\index.php(12): CodeIgniter\Debug\Exceptions->errorHandler(8, 'Undefined variable: td', 'APPPATH\\Views\\Menu\\Permintaan\\Kabel\\index.php', 12, [...])
 2 SYSTEMPATH\View\View.php(213): include('APPPATH\\Views\\Menu\\Permintaan\\Kabel\\index.php')
 3 SYSTEMPATH\View\View.php(216): CodeIgniter\View\View->CodeIgniter\View\{closure}()
 4 SYSTEMPATH\Common.php(1137): CodeIgniter\View\View->render('Menu/Permintaan/Kabel/index', [], true)
 5 APPPATH\Controllers\C_Permintaan.php(101): view('Menu/Permintaan/Kabel/index', [...])
 6 SYSTEMPATH\CodeIgniter.php(904): App\Controllers\C_Permintaan->permintaan_kabel()
 7 SYSTEMPATH\CodeIgniter.php(457): CodeIgniter\CodeIgniter->runController(Object(App\Controllers\C_Permintaan))
 8 SYSTEMPATH\CodeIgniter.php(340): CodeIgniter\CodeIgniter->handleRequest(null, Object(Config\Cache), false)
 9 FCPATH\index.php(67): CodeIgniter\CodeIgniter->run()
10 SYSTEMPATH\Commands\Server\rewrite.php(43): require_once('FCPATH\\index.php')
CRITICAL - 2022-11-01 23:06:52 --> Undefined property: stdClass::$status
in APPPATH\Views\Menu\Permintaan\Material\index.php on line 40.
 1 APPPATH\Views\Menu\Permintaan\Material\index.php(40): CodeIgniter\Debug\Exceptions->errorHandler(8, 'Undefined property: stdClass::$status', 'APPPATH\\Views\\Menu\\Permintaan\\Material\\index.php', 40, [...])
 2 SYSTEMPATH\View\View.php(213): include('APPPATH\\Views\\Menu\\Permintaan\\Material\\index.php')
 3 SYSTEMPATH\View\View.php(216): CodeIgniter\View\View->CodeIgniter\View\{closure}()
 4 SYSTEMPATH\Common.php(1137): CodeIgniter\View\View->render('Menu/Permintaan/Material/index', [], true)
 5 APPPATH\Controllers\C_Permintaan.php(27): view('Menu/Permintaan/Material/index', [...])
 6 SYSTEMPATH\CodeIgniter.php(904): App\Controllers\C_Permintaan->permintaan_material()
 7 SYSTEMPATH\CodeIgniter.php(457): CodeIgniter\CodeIgniter->runController(Object(App\Controllers\C_Permintaan))
 8 SYSTEMPATH\CodeIgniter.php(340): CodeIgniter\CodeIgniter->handleRequest(null, Object(Config\Cache), false)
 9 FCPATH\index.php(67): CodeIgniter\CodeIgniter->run()
10 SYSTEMPATH\Commands\Server\rewrite.php(43): require_once('FCPATH\\index.php')
