CRITICAL - 2022-09-20 03:01:31 --> Class 'Config\App\Filters\Auth' not found
in SYSTEMPATH\Filters\Filters.php on line 166.
 1 SYSTEMPATH\CodeIgniter.php(431): CodeIgniter\Filters\Filters->run('C_Dashboard/index', 'before')
 2 SYSTEMPATH\CodeIgniter.php(340): CodeIgniter\CodeIgniter->handleRequest(null, Object(Config\Cache), false)
 3 FCPATH\index.php(67): CodeIgniter\CodeIgniter->run()
 4 SYSTEMPATH\Commands\Server\rewrite.php(43): require_once('FCPATH\\index.php')
CRITICAL - 2022-09-20 03:03:50 --> Class 'Config\App\Filters\Auth' not found
in SYSTEMPATH\Filters\Filters.php on line 166.
 1 SYSTEMPATH\CodeIgniter.php(431): CodeIgniter\Filters\Filters->run('C_Dashboard/index', 'before')
 2 SYSTEMPATH\CodeIgniter.php(340): CodeIgniter\CodeIgniter->handleRequest(null, Object(Config\Cache), false)
 3 FCPATH\index.php(67): CodeIgniter\CodeIgniter->run()
 4 SYSTEMPATH\Commands\Server\rewrite.php(43): require_once('FCPATH\\index.php')
CRITICAL - 2022-09-20 03:03:50 --> Class 'Config\App\Filters\Auth' not found
in SYSTEMPATH\Filters\Filters.php on line 166.
 1 SYSTEMPATH\CodeIgniter.php(431): CodeIgniter\Filters\Filters->run('C_Dashboard/index', 'before')
 2 SYSTEMPATH\CodeIgniter.php(340): CodeIgniter\CodeIgniter->handleRequest(null, Object(Config\Cache), false)
 3 FCPATH\index.php(67): CodeIgniter\CodeIgniter->run()
 4 SYSTEMPATH\Commands\Server\rewrite.php(43): require_once('FCPATH\\index.php')
CRITICAL - 2022-09-20 03:03:50 --> Class 'Config\App\Filters\Auth' not found
in SYSTEMPATH\Filters\Filters.php on line 166.
 1 SYSTEMPATH\CodeIgniter.php(431): CodeIgniter\Filters\Filters->run('C_Dashboard/index', 'before')
 2 SYSTEMPATH\CodeIgniter.php(340): CodeIgniter\CodeIgniter->handleRequest(null, Object(Config\Cache), false)
 3 FCPATH\index.php(67): CodeIgniter\CodeIgniter->run()
 4 SYSTEMPATH\Commands\Server\rewrite.php(43): require_once('FCPATH\\index.php')
CRITICAL - 2022-09-20 03:03:51 --> Class 'Config\App\Filters\Auth' not found
in SYSTEMPATH\Filters\Filters.php on line 166.
 1 SYSTEMPATH\CodeIgniter.php(431): CodeIgniter\Filters\Filters->run('C_Dashboard/index', 'before')
 2 SYSTEMPATH\CodeIgniter.php(340): CodeIgniter\CodeIgniter->handleRequest(null, Object(Config\Cache), false)
 3 FCPATH\index.php(67): CodeIgniter\CodeIgniter->run()
 4 SYSTEMPATH\Commands\Server\rewrite.php(43): require_once('FCPATH\\index.php')
CRITICAL - 2022-09-20 03:08:51 --> Undefined variable: session
in APPPATH\Views\Dashboard\Index.php on line 10.
 1 APPPATH\Views\Dashboard\Index.php(10): CodeIgniter\Debug\Exceptions->errorHandler(8, 'Undefined variable: session', 'APPPATH\\Views\\Dashboard\\Index.php', 10, [...])
 2 SYSTEMPATH\View\View.php(213): include('APPPATH\\Views\\Dashboard\\Index.php')
 3 SYSTEMPATH\View\View.php(216): CodeIgniter\View\View->CodeIgniter\View\{closure}()
 4 SYSTEMPATH\Common.php(1137): CodeIgniter\View\View->render('Dashboard/index', [], true)
 5 APPPATH\Controllers\C_Dashboard.php(36): view('Dashboard/index', [...])
 6 SYSTEMPATH\CodeIgniter.php(904): App\Controllers\C_Dashboard->index()
 7 SYSTEMPATH\CodeIgniter.php(457): CodeIgniter\CodeIgniter->runController(Object(App\Controllers\C_Dashboard))
 8 SYSTEMPATH\CodeIgniter.php(340): CodeIgniter\CodeIgniter->handleRequest(null, Object(Config\Cache), false)
 9 FCPATH\index.php(67): CodeIgniter\CodeIgniter->run()
10 SYSTEMPATH\Commands\Server\rewrite.php(43): require_once('FCPATH\\index.php')
CRITICAL - 2022-09-20 03:18:02 --> Undefined property: CodeIgniter\View\View::$session
in APPPATH\Views\Dashboard\Index.php on line 10.
 1 APPPATH\Views\Dashboard\Index.php(10): CodeIgniter\Debug\Exceptions->errorHandler(8, 'Undefined property: CodeIgniter\\View\\View::$session', 'APPPATH\\Views\\Dashboard\\Index.php', 10, [...])
 2 SYSTEMPATH\View\View.php(213): include('APPPATH\\Views\\Dashboard\\Index.php')
 3 SYSTEMPATH\View\View.php(216): CodeIgniter\View\View->CodeIgniter\View\{closure}()
 4 SYSTEMPATH\Common.php(1137): CodeIgniter\View\View->render('Dashboard/index', [], true)
 5 APPPATH\Controllers\C_Dashboard.php(36): view('Dashboard/index', [...])
 6 SYSTEMPATH\CodeIgniter.php(904): App\Controllers\C_Dashboard->index()
 7 SYSTEMPATH\CodeIgniter.php(457): CodeIgniter\CodeIgniter->runController(Object(App\Controllers\C_Dashboard))
 8 SYSTEMPATH\CodeIgniter.php(340): CodeIgniter\CodeIgniter->handleRequest(null, Object(Config\Cache), false)
 9 FCPATH\index.php(67): CodeIgniter\CodeIgniter->run()
10 SYSTEMPATH\Commands\Server\rewrite.php(43): require_once('FCPATH\\index.php')
CRITICAL - 2022-09-20 03:19:47 --> Undefined property: CodeIgniter\View\View::$session
in APPPATH\Views\Dashboard\Index.php on line 10.
 1 APPPATH\Views\Dashboard\Index.php(10): CodeIgniter\Debug\Exceptions->errorHandler(8, 'Undefined property: CodeIgniter\\View\\View::$session', 'APPPATH\\Views\\Dashboard\\Index.php', 10, [...])
 2 SYSTEMPATH\View\View.php(213): include('APPPATH\\Views\\Dashboard\\Index.php')
 3 SYSTEMPATH\View\View.php(216): CodeIgniter\View\View->CodeIgniter\View\{closure}()
 4 SYSTEMPATH\Common.php(1137): CodeIgniter\View\View->render('Dashboard/index', [], true)
 5 APPPATH\Controllers\C_Dashboard.php(37): view('Dashboard/index', [...])
 6 SYSTEMPATH\CodeIgniter.php(904): App\Controllers\C_Dashboard->index()
 7 SYSTEMPATH\CodeIgniter.php(457): CodeIgniter\CodeIgniter->runController(Object(App\Controllers\C_Dashboard))
 8 SYSTEMPATH\CodeIgniter.php(340): CodeIgniter\CodeIgniter->handleRequest(null, Object(Config\Cache), false)
 9 FCPATH\index.php(67): CodeIgniter\CodeIgniter->run()
10 SYSTEMPATH\Commands\Server\rewrite.php(43): require_once('FCPATH\\index.php')
CRITICAL - 2022-09-20 03:19:49 --> Undefined property: CodeIgniter\View\View::$session
in APPPATH\Views\Dashboard\Index.php on line 10.
 1 APPPATH\Views\Dashboard\Index.php(10): CodeIgniter\Debug\Exceptions->errorHandler(8, 'Undefined property: CodeIgniter\\View\\View::$session', 'APPPATH\\Views\\Dashboard\\Index.php', 10, [...])
 2 SYSTEMPATH\View\View.php(213): include('APPPATH\\Views\\Dashboard\\Index.php')
 3 SYSTEMPATH\View\View.php(216): CodeIgniter\View\View->CodeIgniter\View\{closure}()
 4 SYSTEMPATH\Common.php(1137): CodeIgniter\View\View->render('Dashboard/index', [], true)
 5 APPPATH\Controllers\C_Dashboard.php(37): view('Dashboard/index', [...])
 6 SYSTEMPATH\CodeIgniter.php(904): App\Controllers\C_Dashboard->index()
 7 SYSTEMPATH\CodeIgniter.php(457): CodeIgniter\CodeIgniter->runController(Object(App\Controllers\C_Dashboard))
 8 SYSTEMPATH\CodeIgniter.php(340): CodeIgniter\CodeIgniter->handleRequest(null, Object(Config\Cache), false)
 9 FCPATH\index.php(67): CodeIgniter\CodeIgniter->run()
10 SYSTEMPATH\Commands\Server\rewrite.php(43): require_once('FCPATH\\index.php')
CRITICAL - 2022-09-20 03:19:55 --> Undefined property: CodeIgniter\View\View::$session
in APPPATH\Views\Dashboard\Index.php on line 10.
 1 APPPATH\Views\Dashboard\Index.php(10): CodeIgniter\Debug\Exceptions->errorHandler(8, 'Undefined property: CodeIgniter\\View\\View::$session', 'APPPATH\\Views\\Dashboard\\Index.php', 10, [...])
 2 SYSTEMPATH\View\View.php(213): include('APPPATH\\Views\\Dashboard\\Index.php')
 3 SYSTEMPATH\View\View.php(216): CodeIgniter\View\View->CodeIgniter\View\{closure}()
 4 SYSTEMPATH\Common.php(1137): CodeIgniter\View\View->render('Dashboard/index', [], true)
 5 APPPATH\Controllers\C_Dashboard.php(37): view('Dashboard/index', [...])
 6 SYSTEMPATH\CodeIgniter.php(904): App\Controllers\C_Dashboard->index()
 7 SYSTEMPATH\CodeIgniter.php(457): CodeIgniter\CodeIgniter->runController(Object(App\Controllers\C_Dashboard))
 8 SYSTEMPATH\CodeIgniter.php(340): CodeIgniter\CodeIgniter->handleRequest(null, Object(Config\Cache), false)
 9 FCPATH\index.php(67): CodeIgniter\CodeIgniter->run()
10 SYSTEMPATH\Commands\Server\rewrite.php(43): require_once('FCPATH\\index.php')
CRITICAL - 2022-09-20 03:19:58 --> Undefined property: CodeIgniter\View\View::$session
in APPPATH\Views\Dashboard\Index.php on line 10.
 1 APPPATH\Views\Dashboard\Index.php(10): CodeIgniter\Debug\Exceptions->errorHandler(8, 'Undefined property: CodeIgniter\\View\\View::$session', 'APPPATH\\Views\\Dashboard\\Index.php', 10, [...])
 2 SYSTEMPATH\View\View.php(213): include('APPPATH\\Views\\Dashboard\\Index.php')
 3 SYSTEMPATH\View\View.php(216): CodeIgniter\View\View->CodeIgniter\View\{closure}()
 4 SYSTEMPATH\Common.php(1137): CodeIgniter\View\View->render('Dashboard/index', [], true)
 5 APPPATH\Controllers\C_Dashboard.php(36): view('Dashboard/index', [...])
 6 SYSTEMPATH\CodeIgniter.php(904): App\Controllers\C_Dashboard->index()
 7 SYSTEMPATH\CodeIgniter.php(457): CodeIgniter\CodeIgniter->runController(Object(App\Controllers\C_Dashboard))
 8 SYSTEMPATH\CodeIgniter.php(340): CodeIgniter\CodeIgniter->handleRequest(null, Object(Config\Cache), false)
 9 FCPATH\index.php(67): CodeIgniter\CodeIgniter->run()
10 SYSTEMPATH\Commands\Server\rewrite.php(43): require_once('FCPATH\\index.php')
CRITICAL - 2022-09-20 03:20:19 --> Call to undefined method CodeIgniter\Session\Session::userdata()
in APPPATH\Views\Dashboard\Index.php on line 10.
 1 SYSTEMPATH\View\View.php(213): include()
 2 SYSTEMPATH\View\View.php(216): CodeIgniter\View\View->CodeIgniter\View\{closure}()
 3 SYSTEMPATH\Common.php(1137): CodeIgniter\View\View->render('Dashboard/index', [], true)
 4 APPPATH\Controllers\C_Dashboard.php(36): view('Dashboard/index', [...])
 5 SYSTEMPATH\CodeIgniter.php(904): App\Controllers\C_Dashboard->index()
 6 SYSTEMPATH\CodeIgniter.php(457): CodeIgniter\CodeIgniter->runController(Object(App\Controllers\C_Dashboard))
 7 SYSTEMPATH\CodeIgniter.php(340): CodeIgniter\CodeIgniter->handleRequest(null, Object(Config\Cache), false)
 8 FCPATH\index.php(67): CodeIgniter\CodeIgniter->run()
 9 SYSTEMPATH\Commands\Server\rewrite.php(43): require_once('FCPATH\\index.php')
CRITICAL - 2022-09-20 03:23:24 --> Object of class CodeIgniter\Session\Session could not be converted to string
in APPPATH\Views\Dashboard\Index.php on line 10.
 1 SYSTEMPATH\View\View.php(213): include()
 2 SYSTEMPATH\View\View.php(216): CodeIgniter\View\View->CodeIgniter\View\{closure}()
 3 SYSTEMPATH\Common.php(1137): CodeIgniter\View\View->render('Dashboard/index', [], true)
 4 APPPATH\Controllers\C_Dashboard.php(36): view('Dashboard/index', [...])
 5 SYSTEMPATH\CodeIgniter.php(904): App\Controllers\C_Dashboard->index()
 6 SYSTEMPATH\CodeIgniter.php(457): CodeIgniter\CodeIgniter->runController(Object(App\Controllers\C_Dashboard))
 7 SYSTEMPATH\CodeIgniter.php(340): CodeIgniter\CodeIgniter->handleRequest(null, Object(Config\Cache), false)
 8 FCPATH\index.php(67): CodeIgniter\CodeIgniter->run()
 9 SYSTEMPATH\Commands\Server\rewrite.php(43): require_once('FCPATH\\index.php')
CRITICAL - 2022-09-20 03:24:46 --> Object of class CodeIgniter\Session\Session could not be converted to string
in APPPATH\Views\Dashboard\Index.php on line 10.
 1 SYSTEMPATH\View\View.php(213): include()
 2 SYSTEMPATH\View\View.php(216): CodeIgniter\View\View->CodeIgniter\View\{closure}()
 3 SYSTEMPATH\Common.php(1137): CodeIgniter\View\View->render('Dashboard/index', [], true)
 4 APPPATH\Controllers\C_Dashboard.php(36): view('Dashboard/index', [...])
 5 SYSTEMPATH\CodeIgniter.php(904): App\Controllers\C_Dashboard->index()
 6 SYSTEMPATH\CodeIgniter.php(457): CodeIgniter\CodeIgniter->runController(Object(App\Controllers\C_Dashboard))
 7 SYSTEMPATH\CodeIgniter.php(340): CodeIgniter\CodeIgniter->handleRequest(null, Object(Config\Cache), false)
 8 FCPATH\index.php(67): CodeIgniter\CodeIgniter->run()
 9 SYSTEMPATH\Commands\Server\rewrite.php(43): require_once('FCPATH\\index.php')
CRITICAL - 2022-09-20 03:38:24 --> syntax error, unexpected '$nama' (T_VARIABLE)
in APPPATH\Controllers\C_Auth.php on line 32.
 1 SYSTEMPATH\Autoloader\Autoloader.php(259): CodeIgniter\Autoloader\Autoloader->includeFile('APPPATH\\Controllers\\C_Auth.php')
 2 SYSTEMPATH\Autoloader\Autoloader.php(237): CodeIgniter\Autoloader\Autoloader->loadInNamespace('App\\Controllers\\C_Auth')
 3 [internal function]: CodeIgniter\Autoloader\Autoloader->loadClass('App\\Controllers\\C_Auth')
 4 [internal function]: spl_autoload_call('App\\Controllers\\C_Auth')
 5 SYSTEMPATH\CodeIgniter.php(854): class_exists('\\App\\Controllers\\C_Auth', true)
 6 SYSTEMPATH\CodeIgniter.php(444): CodeIgniter\CodeIgniter->startController()
 7 SYSTEMPATH\CodeIgniter.php(340): CodeIgniter\CodeIgniter->handleRequest(null, Object(Config\Cache), false)
 8 FCPATH\index.php(67): CodeIgniter\CodeIgniter->run()
 9 SYSTEMPATH\Commands\Server\rewrite.php(43): require_once('FCPATH\\index.php')
CRITICAL - 2022-09-20 03:38:25 --> syntax error, unexpected '$nama' (T_VARIABLE)
in APPPATH\Controllers\C_Auth.php on line 32.
 1 SYSTEMPATH\Autoloader\Autoloader.php(259): CodeIgniter\Autoloader\Autoloader->includeFile('APPPATH\\Controllers\\C_Auth.php')
 2 SYSTEMPATH\Autoloader\Autoloader.php(237): CodeIgniter\Autoloader\Autoloader->loadInNamespace('App\\Controllers\\C_Auth')
 3 [internal function]: CodeIgniter\Autoloader\Autoloader->loadClass('App\\Controllers\\C_Auth')
 4 [internal function]: spl_autoload_call('App\\Controllers\\C_Auth')
 5 SYSTEMPATH\CodeIgniter.php(854): class_exists('\\App\\Controllers\\C_Auth', true)
 6 SYSTEMPATH\CodeIgniter.php(444): CodeIgniter\CodeIgniter->startController()
 7 SYSTEMPATH\CodeIgniter.php(340): CodeIgniter\CodeIgniter->handleRequest(null, Object(Config\Cache), false)
 8 FCPATH\index.php(67): CodeIgniter\CodeIgniter->run()
 9 SYSTEMPATH\Commands\Server\rewrite.php(43): require_once('FCPATH\\index.php')
CRITICAL - 2022-09-20 03:47:42 --> Trying to get property 'kriteria' of non-object
in APPPATH\Controllers\C_Auth.php on line 30.
 1 APPPATH\Controllers\C_Auth.php(30): CodeIgniter\Debug\Exceptions->errorHandler(8, 'Trying to get property \'kriteria\' of non-object', 'APPPATH\\Controllers\\C_Auth.php', 30, [...])
 2 SYSTEMPATH\CodeIgniter.php(904): App\Controllers\C_Auth->proses_login()
 3 SYSTEMPATH\CodeIgniter.php(457): CodeIgniter\CodeIgniter->runController(Object(App\Controllers\C_Auth))
 4 SYSTEMPATH\CodeIgniter.php(340): CodeIgniter\CodeIgniter->handleRequest(null, Object(Config\Cache), false)
 5 FCPATH\index.php(67): CodeIgniter\CodeIgniter->run()
 6 SYSTEMPATH\Commands\Server\rewrite.php(43): require_once('FCPATH\\index.php')
CRITICAL - 2022-09-20 03:48:47 --> Trying to get property 'kriteria' of non-object
in APPPATH\Controllers\C_Auth.php on line 30.
 1 APPPATH\Controllers\C_Auth.php(30): CodeIgniter\Debug\Exceptions->errorHandler(8, 'Trying to get property \'kriteria\' of non-object', 'APPPATH\\Controllers\\C_Auth.php', 30, [...])
 2 SYSTEMPATH\CodeIgniter.php(904): App\Controllers\C_Auth->proses_login()
 3 SYSTEMPATH\CodeIgniter.php(457): CodeIgniter\CodeIgniter->runController(Object(App\Controllers\C_Auth))
 4 SYSTEMPATH\CodeIgniter.php(340): CodeIgniter\CodeIgniter->handleRequest(null, Object(Config\Cache), false)
 5 FCPATH\index.php(67): CodeIgniter\CodeIgniter->run()
 6 SYSTEMPATH\Commands\Server\rewrite.php(43): require_once('FCPATH\\index.php')
CRITICAL - 2022-09-20 04:05:34 --> Undefined property: CodeIgniter\View\View::$session
in APPPATH\Views\Dashboard\Index.php on line 24.
 1 APPPATH\Views\Dashboard\Index.php(24): CodeIgniter\Debug\Exceptions->errorHandler(8, 'Undefined property: CodeIgniter\\View\\View::$session', 'APPPATH\\Views\\Dashboard\\Index.php', 24, [...])
 2 SYSTEMPATH\View\View.php(213): include('APPPATH\\Views\\Dashboard\\Index.php')
 3 SYSTEMPATH\View\View.php(216): CodeIgniter\View\View->CodeIgniter\View\{closure}()
 4 SYSTEMPATH\Common.php(1137): CodeIgniter\View\View->render('Dashboard/index', [], true)
 5 APPPATH\Controllers\C_Dashboard.php(36): view('Dashboard/index', [...])
 6 SYSTEMPATH\CodeIgniter.php(904): App\Controllers\C_Dashboard->index()
 7 SYSTEMPATH\CodeIgniter.php(457): CodeIgniter\CodeIgniter->runController(Object(App\Controllers\C_Dashboard))
 8 SYSTEMPATH\CodeIgniter.php(340): CodeIgniter\CodeIgniter->handleRequest(null, Object(Config\Cache), false)
 9 FCPATH\index.php(67): CodeIgniter\CodeIgniter->run()
10 SYSTEMPATH\Commands\Server\rewrite.php(43): require_once('FCPATH\\index.php')
CRITICAL - 2022-09-20 04:28:36 --> syntax error, unexpected end of file
in APPPATH\Views\Template\Layout.php on line 498.
 1 SYSTEMPATH\View\View.php(216): CodeIgniter\View\View->CodeIgniter\View\{closure}()
 2 SYSTEMPATH\View\View.php(229): CodeIgniter\View\View->render('Template/layout', [], true)
 3 SYSTEMPATH\Common.php(1137): CodeIgniter\View\View->render('Dashboard/index', [], true)
 4 APPPATH\Controllers\C_Dashboard.php(36): view('Dashboard/index', [...])
 5 SYSTEMPATH\CodeIgniter.php(904): App\Controllers\C_Dashboard->index()
 6 SYSTEMPATH\CodeIgniter.php(457): CodeIgniter\CodeIgniter->runController(Object(App\Controllers\C_Dashboard))
 7 SYSTEMPATH\CodeIgniter.php(340): CodeIgniter\CodeIgniter->handleRequest(null, Object(Config\Cache), false)
 8 FCPATH\index.php(67): CodeIgniter\CodeIgniter->run()
 9 SYSTEMPATH\Commands\Server\rewrite.php(43): require_once('FCPATH\\index.php')
CRITICAL - 2022-09-20 04:36:05 --> Undefined variable: stok
in APPPATH\Views\Dashboard\Index.php on line 118.
 1 APPPATH\Views\Dashboard\Index.php(118): CodeIgniter\Debug\Exceptions->errorHandler(8, 'Undefined variable: stok', 'APPPATH\\Views\\Dashboard\\Index.php', 118, [...])
 2 SYSTEMPATH\View\View.php(213): include('APPPATH\\Views\\Dashboard\\Index.php')
 3 SYSTEMPATH\View\View.php(216): CodeIgniter\View\View->CodeIgniter\View\{closure}()
 4 SYSTEMPATH\Common.php(1137): CodeIgniter\View\View->render('Dashboard/index', [], true)
 5 APPPATH\Controllers\C_Dashboard.php(36): view('Dashboard/index', [...])
 6 SYSTEMPATH\CodeIgniter.php(904): App\Controllers\C_Dashboard->index()
 7 SYSTEMPATH\CodeIgniter.php(457): CodeIgniter\CodeIgniter->runController(Object(App\Controllers\C_Dashboard))
 8 SYSTEMPATH\CodeIgniter.php(340): CodeIgniter\CodeIgniter->handleRequest(null, Object(Config\Cache), false)
 9 FCPATH\index.php(67): CodeIgniter\CodeIgniter->run()
10 SYSTEMPATH\Commands\Server\rewrite.php(43): require_once('FCPATH\\index.php')
CRITICAL - 2022-09-20 04:59:07 --> Cannot use object of type stdClass as array
in APPPATH\Views\Menu\Satuan\index.php on line 31.
 1 SYSTEMPATH\View\View.php(213): include()
 2 SYSTEMPATH\View\View.php(216): CodeIgniter\View\View->CodeIgniter\View\{closure}()
 3 SYSTEMPATH\Common.php(1137): CodeIgniter\View\View->render('Menu/Satuan/index', [], true)
 4 APPPATH\Controllers\C_Satuan.php(21): view('Menu/Satuan/index', [...])
 5 SYSTEMPATH\CodeIgniter.php(904): App\Controllers\C_Satuan->index()
 6 SYSTEMPATH\CodeIgniter.php(457): CodeIgniter\CodeIgniter->runController(Object(App\Controllers\C_Satuan))
 7 SYSTEMPATH\CodeIgniter.php(340): CodeIgniter\CodeIgniter->handleRequest(null, Object(Config\Cache), false)
 8 FCPATH\index.php(67): CodeIgniter\CodeIgniter->run()
 9 SYSTEMPATH\Commands\Server\rewrite.php(43): require_once('FCPATH\\index.php')
CRITICAL - 2022-09-20 04:59:27 --> Trying to get property 'foto_serial_number' of non-object
in APPPATH\Controllers\C_Barang.php on line 115.
 1 APPPATH\Controllers\C_Barang.php(115): CodeIgniter\Debug\Exceptions->errorHandler(8, 'Trying to get property \'foto_serial_number\' of non-object', 'APPPATH\\Controllers\\C_Barang.php', 115, [...])
 2 SYSTEMPATH\CodeIgniter.php(904): App\Controllers\C_Barang->hapus('2')
 3 SYSTEMPATH\CodeIgniter.php(457): CodeIgniter\CodeIgniter->runController(Object(App\Controllers\C_Barang))
 4 SYSTEMPATH\CodeIgniter.php(340): CodeIgniter\CodeIgniter->handleRequest(null, Object(Config\Cache), false)
 5 FCPATH\index.php(67): CodeIgniter\CodeIgniter->run()
 6 SYSTEMPATH\Commands\Server\rewrite.php(43): require_once('FCPATH\\index.php')
CRITICAL - 2022-09-20 22:15:08 --> Undefined property: App\Controllers\C_Barang_Keluar::$permintaan
in APPPATH\Controllers\C_Barang_Keluar.php on line 34.
 1 APPPATH\Controllers\C_Barang_Keluar.php(34): CodeIgniter\Debug\Exceptions->errorHandler(8, 'Undefined property: App\\Controllers\\C_Barang_Keluar::$permintaan', 'APPPATH\\Controllers\\C_Barang_Keluar.php', 34, [...])
 2 SYSTEMPATH\CodeIgniter.php(904): App\Controllers\C_Barang_Keluar->tambah()
 3 SYSTEMPATH\CodeIgniter.php(457): CodeIgniter\CodeIgniter->runController(Object(App\Controllers\C_Barang_Keluar))
 4 SYSTEMPATH\CodeIgniter.php(340): CodeIgniter\CodeIgniter->handleRequest(null, Object(Config\Cache), false)
 5 FCPATH\index.php(67): CodeIgniter\CodeIgniter->run()
 6 SYSTEMPATH\Commands\Server\rewrite.php(43): require_once('FCPATH\\index.php')
CRITICAL - 2022-09-20 22:38:49 --> Undefined variable: tampildatapermintaan
in APPPATH\Views\Menu\Barang_Keluar\tambah.php on line 32.
 1 APPPATH\Views\Menu\Barang_Keluar\tambah.php(32): CodeIgniter\Debug\Exceptions->errorHandler(8, 'Undefined variable: tampildatapermintaan', 'APPPATH\\Views\\Menu\\Barang_Keluar\\tambah.php', 32, [...])
 2 SYSTEMPATH\View\View.php(213): include('APPPATH\\Views\\Menu\\Barang_Keluar\\tambah.php')
 3 SYSTEMPATH\View\View.php(216): CodeIgniter\View\View->CodeIgniter\View\{closure}()
 4 SYSTEMPATH\Common.php(1137): CodeIgniter\View\View->render('Menu/Barang_Keluar/tambah', [], true)
 5 APPPATH\Controllers\C_Barang_Keluar.php(113): view('Menu/Barang_Keluar/tambah', [...])
 6 SYSTEMPATH\CodeIgniter.php(904): App\Controllers\C_Barang_Keluar->proses_tambah()
 7 SYSTEMPATH\CodeIgniter.php(457): CodeIgniter\CodeIgniter->runController(Object(App\Controllers\C_Barang_Keluar))
 8 SYSTEMPATH\CodeIgniter.php(340): CodeIgniter\CodeIgniter->handleRequest(null, Object(Config\Cache), false)
 9 FCPATH\index.php(67): CodeIgniter\CodeIgniter->run()
10 SYSTEMPATH\Commands\Server\rewrite.php(43): require_once('FCPATH\\index.php')
CRITICAL - 2022-09-20 23:35:07 --> Undefined variable: tampildatapermintaan
in APPPATH\Views\Menu\Barang_Keluar\tambah.php on line 32.
 1 APPPATH\Views\Menu\Barang_Keluar\tambah.php(32): CodeIgniter\Debug\Exceptions->errorHandler(8, 'Undefined variable: tampildatapermintaan', 'APPPATH\\Views\\Menu\\Barang_Keluar\\tambah.php', 32, [...])
 2 SYSTEMPATH\View\View.php(213): include('APPPATH\\Views\\Menu\\Barang_Keluar\\tambah.php')
 3 SYSTEMPATH\View\View.php(216): CodeIgniter\View\View->CodeIgniter\View\{closure}()
 4 SYSTEMPATH\Common.php(1137): CodeIgniter\View\View->render('Menu/Barang_Keluar/tambah', [], true)
 5 APPPATH\Controllers\C_Barang_Keluar.php(113): view('Menu/Barang_Keluar/tambah', [...])
 6 SYSTEMPATH\CodeIgniter.php(904): App\Controllers\C_Barang_Keluar->proses_tambah()
 7 SYSTEMPATH\CodeIgniter.php(457): CodeIgniter\CodeIgniter->runController(Object(App\Controllers\C_Barang_Keluar))
 8 SYSTEMPATH\CodeIgniter.php(340): CodeIgniter\CodeIgniter->handleRequest(null, Object(Config\Cache), false)
 9 FCPATH\index.php(67): CodeIgniter\CodeIgniter->run()
10 SYSTEMPATH\Commands\Server\rewrite.php(43): require_once('FCPATH\\index.php')
CRITICAL - 2022-09-20 23:36:13 --> Undefined variable: tampildatapermintaan
in APPPATH\Views\Menu\Barang_Keluar\tambah.php on line 32.
 1 APPPATH\Views\Menu\Barang_Keluar\tambah.php(32): CodeIgniter\Debug\Exceptions->errorHandler(8, 'Undefined variable: tampildatapermintaan', 'APPPATH\\Views\\Menu\\Barang_Keluar\\tambah.php', 32, [...])
 2 SYSTEMPATH\View\View.php(213): include('APPPATH\\Views\\Menu\\Barang_Keluar\\tambah.php')
 3 SYSTEMPATH\View\View.php(216): CodeIgniter\View\View->CodeIgniter\View\{closure}()
 4 SYSTEMPATH\Common.php(1137): CodeIgniter\View\View->render('Menu/Barang_Keluar/tambah', [], true)
 5 APPPATH\Controllers\C_Barang_Keluar.php(113): view('Menu/Barang_Keluar/tambah', [...])
 6 SYSTEMPATH\CodeIgniter.php(904): App\Controllers\C_Barang_Keluar->proses_tambah()
 7 SYSTEMPATH\CodeIgniter.php(457): CodeIgniter\CodeIgniter->runController(Object(App\Controllers\C_Barang_Keluar))
 8 SYSTEMPATH\CodeIgniter.php(340): CodeIgniter\CodeIgniter->handleRequest(null, Object(Config\Cache), false)
 9 FCPATH\index.php(67): CodeIgniter\CodeIgniter->run()
10 SYSTEMPATH\Commands\Server\rewrite.php(43): require_once('FCPATH\\index.php')
CRITICAL - 2022-09-20 23:36:57 --> Undefined variable: tampildatapermintaan
in APPPATH\Views\Menu\Barang_Keluar\tambah.php on line 32.
 1 APPPATH\Views\Menu\Barang_Keluar\tambah.php(32): CodeIgniter\Debug\Exceptions->errorHandler(8, 'Undefined variable: tampildatapermintaan', 'APPPATH\\Views\\Menu\\Barang_Keluar\\tambah.php', 32, [...])
 2 SYSTEMPATH\View\View.php(213): include('APPPATH\\Views\\Menu\\Barang_Keluar\\tambah.php')
 3 SYSTEMPATH\View\View.php(216): CodeIgniter\View\View->CodeIgniter\View\{closure}()
 4 SYSTEMPATH\Common.php(1137): CodeIgniter\View\View->render('Menu/Barang_Keluar/tambah', [], true)
 5 APPPATH\Controllers\C_Barang_Keluar.php(113): view('Menu/Barang_Keluar/tambah', [...])
 6 SYSTEMPATH\CodeIgniter.php(904): App\Controllers\C_Barang_Keluar->proses_tambah()
 7 SYSTEMPATH\CodeIgniter.php(457): CodeIgniter\CodeIgniter->runController(Object(App\Controllers\C_Barang_Keluar))
 8 SYSTEMPATH\CodeIgniter.php(340): CodeIgniter\CodeIgniter->handleRequest(null, Object(Config\Cache), false)
 9 FCPATH\index.php(67): CodeIgniter\CodeIgniter->run()
10 SYSTEMPATH\Commands\Server\rewrite.php(43): require_once('FCPATH\\index.php')
CRITICAL - 2022-09-20 23:36:59 --> Undefined variable: tampildatapermintaan
in APPPATH\Views\Menu\Barang_Keluar\tambah.php on line 32.
 1 APPPATH\Views\Menu\Barang_Keluar\tambah.php(32): CodeIgniter\Debug\Exceptions->errorHandler(8, 'Undefined variable: tampildatapermintaan', 'APPPATH\\Views\\Menu\\Barang_Keluar\\tambah.php', 32, [...])
 2 SYSTEMPATH\View\View.php(213): include('APPPATH\\Views\\Menu\\Barang_Keluar\\tambah.php')
 3 SYSTEMPATH\View\View.php(216): CodeIgniter\View\View->CodeIgniter\View\{closure}()
 4 SYSTEMPATH\Common.php(1137): CodeIgniter\View\View->render('Menu/Barang_Keluar/tambah', [], true)
 5 APPPATH\Controllers\C_Barang_Keluar.php(113): view('Menu/Barang_Keluar/tambah', [...])
 6 SYSTEMPATH\CodeIgniter.php(904): App\Controllers\C_Barang_Keluar->proses_tambah()
 7 SYSTEMPATH\CodeIgniter.php(457): CodeIgniter\CodeIgniter->runController(Object(App\Controllers\C_Barang_Keluar))
 8 SYSTEMPATH\CodeIgniter.php(340): CodeIgniter\CodeIgniter->handleRequest(null, Object(Config\Cache), false)
 9 FCPATH\index.php(67): CodeIgniter\CodeIgniter->run()
10 SYSTEMPATH\Commands\Server\rewrite.php(43): require_once('FCPATH\\index.php')
CRITICAL - 2022-09-20 23:37:00 --> Undefined variable: tampildatapermintaan
in APPPATH\Views\Menu\Barang_Keluar\tambah.php on line 32.
 1 APPPATH\Views\Menu\Barang_Keluar\tambah.php(32): CodeIgniter\Debug\Exceptions->errorHandler(8, 'Undefined variable: tampildatapermintaan', 'APPPATH\\Views\\Menu\\Barang_Keluar\\tambah.php', 32, [...])
 2 SYSTEMPATH\View\View.php(213): include('APPPATH\\Views\\Menu\\Barang_Keluar\\tambah.php')
 3 SYSTEMPATH\View\View.php(216): CodeIgniter\View\View->CodeIgniter\View\{closure}()
 4 SYSTEMPATH\Common.php(1137): CodeIgniter\View\View->render('Menu/Barang_Keluar/tambah', [], true)
 5 APPPATH\Controllers\C_Barang_Keluar.php(113): view('Menu/Barang_Keluar/tambah', [...])
 6 SYSTEMPATH\CodeIgniter.php(904): App\Controllers\C_Barang_Keluar->proses_tambah()
 7 SYSTEMPATH\CodeIgniter.php(457): CodeIgniter\CodeIgniter->runController(Object(App\Controllers\C_Barang_Keluar))
 8 SYSTEMPATH\CodeIgniter.php(340): CodeIgniter\CodeIgniter->handleRequest(null, Object(Config\Cache), false)
 9 FCPATH\index.php(67): CodeIgniter\CodeIgniter->run()
10 SYSTEMPATH\Commands\Server\rewrite.php(43): require_once('FCPATH\\index.php')
CRITICAL - 2022-09-20 23:37:00 --> Undefined variable: tampildatapermintaan
in APPPATH\Views\Menu\Barang_Keluar\tambah.php on line 32.
 1 APPPATH\Views\Menu\Barang_Keluar\tambah.php(32): CodeIgniter\Debug\Exceptions->errorHandler(8, 'Undefined variable: tampildatapermintaan', 'APPPATH\\Views\\Menu\\Barang_Keluar\\tambah.php', 32, [...])
 2 SYSTEMPATH\View\View.php(213): include('APPPATH\\Views\\Menu\\Barang_Keluar\\tambah.php')
 3 SYSTEMPATH\View\View.php(216): CodeIgniter\View\View->CodeIgniter\View\{closure}()
 4 SYSTEMPATH\Common.php(1137): CodeIgniter\View\View->render('Menu/Barang_Keluar/tambah', [], true)
 5 APPPATH\Controllers\C_Barang_Keluar.php(113): view('Menu/Barang_Keluar/tambah', [...])
 6 SYSTEMPATH\CodeIgniter.php(904): App\Controllers\C_Barang_Keluar->proses_tambah()
 7 SYSTEMPATH\CodeIgniter.php(457): CodeIgniter\CodeIgniter->runController(Object(App\Controllers\C_Barang_Keluar))
 8 SYSTEMPATH\CodeIgniter.php(340): CodeIgniter\CodeIgniter->handleRequest(null, Object(Config\Cache), false)
 9 FCPATH\index.php(67): CodeIgniter\CodeIgniter->run()
10 SYSTEMPATH\Commands\Server\rewrite.php(43): require_once('FCPATH\\index.php')
CRITICAL - 2022-09-20 23:37:01 --> Undefined variable: tampildatapermintaan
in APPPATH\Views\Menu\Barang_Keluar\tambah.php on line 32.
 1 APPPATH\Views\Menu\Barang_Keluar\tambah.php(32): CodeIgniter\Debug\Exceptions->errorHandler(8, 'Undefined variable: tampildatapermintaan', 'APPPATH\\Views\\Menu\\Barang_Keluar\\tambah.php', 32, [...])
 2 SYSTEMPATH\View\View.php(213): include('APPPATH\\Views\\Menu\\Barang_Keluar\\tambah.php')
 3 SYSTEMPATH\View\View.php(216): CodeIgniter\View\View->CodeIgniter\View\{closure}()
 4 SYSTEMPATH\Common.php(1137): CodeIgniter\View\View->render('Menu/Barang_Keluar/tambah', [], true)
 5 APPPATH\Controllers\C_Barang_Keluar.php(113): view('Menu/Barang_Keluar/tambah', [...])
 6 SYSTEMPATH\CodeIgniter.php(904): App\Controllers\C_Barang_Keluar->proses_tambah()
 7 SYSTEMPATH\CodeIgniter.php(457): CodeIgniter\CodeIgniter->runController(Object(App\Controllers\C_Barang_Keluar))
 8 SYSTEMPATH\CodeIgniter.php(340): CodeIgniter\CodeIgniter->handleRequest(null, Object(Config\Cache), false)
 9 FCPATH\index.php(67): CodeIgniter\CodeIgniter->run()
10 SYSTEMPATH\Commands\Server\rewrite.php(43): require_once('FCPATH\\index.php')
CRITICAL - 2022-09-20 23:37:01 --> Undefined variable: tampildatapermintaan
in APPPATH\Views\Menu\Barang_Keluar\tambah.php on line 32.
 1 APPPATH\Views\Menu\Barang_Keluar\tambah.php(32): CodeIgniter\Debug\Exceptions->errorHandler(8, 'Undefined variable: tampildatapermintaan', 'APPPATH\\Views\\Menu\\Barang_Keluar\\tambah.php', 32, [...])
 2 SYSTEMPATH\View\View.php(213): include('APPPATH\\Views\\Menu\\Barang_Keluar\\tambah.php')
 3 SYSTEMPATH\View\View.php(216): CodeIgniter\View\View->CodeIgniter\View\{closure}()
 4 SYSTEMPATH\Common.php(1137): CodeIgniter\View\View->render('Menu/Barang_Keluar/tambah', [], true)
 5 APPPATH\Controllers\C_Barang_Keluar.php(113): view('Menu/Barang_Keluar/tambah', [...])
 6 SYSTEMPATH\CodeIgniter.php(904): App\Controllers\C_Barang_Keluar->proses_tambah()
 7 SYSTEMPATH\CodeIgniter.php(457): CodeIgniter\CodeIgniter->runController(Object(App\Controllers\C_Barang_Keluar))
 8 SYSTEMPATH\CodeIgniter.php(340): CodeIgniter\CodeIgniter->handleRequest(null, Object(Config\Cache), false)
 9 FCPATH\index.php(67): CodeIgniter\CodeIgniter->run()
10 SYSTEMPATH\Commands\Server\rewrite.php(43): require_once('FCPATH\\index.php')
CRITICAL - 2022-09-20 23:37:02 --> Undefined variable: tampildatapermintaan
in APPPATH\Views\Menu\Barang_Keluar\tambah.php on line 32.
 1 APPPATH\Views\Menu\Barang_Keluar\tambah.php(32): CodeIgniter\Debug\Exceptions->errorHandler(8, 'Undefined variable: tampildatapermintaan', 'APPPATH\\Views\\Menu\\Barang_Keluar\\tambah.php', 32, [...])
 2 SYSTEMPATH\View\View.php(213): include('APPPATH\\Views\\Menu\\Barang_Keluar\\tambah.php')
 3 SYSTEMPATH\View\View.php(216): CodeIgniter\View\View->CodeIgniter\View\{closure}()
 4 SYSTEMPATH\Common.php(1137): CodeIgniter\View\View->render('Menu/Barang_Keluar/tambah', [], true)
 5 APPPATH\Controllers\C_Barang_Keluar.php(113): view('Menu/Barang_Keluar/tambah', [...])
 6 SYSTEMPATH\CodeIgniter.php(904): App\Controllers\C_Barang_Keluar->proses_tambah()
 7 SYSTEMPATH\CodeIgniter.php(457): CodeIgniter\CodeIgniter->runController(Object(App\Controllers\C_Barang_Keluar))
 8 SYSTEMPATH\CodeIgniter.php(340): CodeIgniter\CodeIgniter->handleRequest(null, Object(Config\Cache), false)
 9 FCPATH\index.php(67): CodeIgniter\CodeIgniter->run()
10 SYSTEMPATH\Commands\Server\rewrite.php(43): require_once('FCPATH\\index.php')
CRITICAL - 2022-09-20 23:37:03 --> Undefined variable: tampildatapermintaan
in APPPATH\Views\Menu\Barang_Keluar\tambah.php on line 32.
 1 APPPATH\Views\Menu\Barang_Keluar\tambah.php(32): CodeIgniter\Debug\Exceptions->errorHandler(8, 'Undefined variable: tampildatapermintaan', 'APPPATH\\Views\\Menu\\Barang_Keluar\\tambah.php', 32, [...])
 2 SYSTEMPATH\View\View.php(213): include('APPPATH\\Views\\Menu\\Barang_Keluar\\tambah.php')
 3 SYSTEMPATH\View\View.php(216): CodeIgniter\View\View->CodeIgniter\View\{closure}()
 4 SYSTEMPATH\Common.php(1137): CodeIgniter\View\View->render('Menu/Barang_Keluar/tambah', [], true)
 5 APPPATH\Controllers\C_Barang_Keluar.php(113): view('Menu/Barang_Keluar/tambah', [...])
 6 SYSTEMPATH\CodeIgniter.php(904): App\Controllers\C_Barang_Keluar->proses_tambah()
 7 SYSTEMPATH\CodeIgniter.php(457): CodeIgniter\CodeIgniter->runController(Object(App\Controllers\C_Barang_Keluar))
 8 SYSTEMPATH\CodeIgniter.php(340): CodeIgniter\CodeIgniter->handleRequest(null, Object(Config\Cache), false)
 9 FCPATH\index.php(67): CodeIgniter\CodeIgniter->run()
10 SYSTEMPATH\Commands\Server\rewrite.php(43): require_once('FCPATH\\index.php')
CRITICAL - 2022-09-20 23:37:04 --> Undefined variable: tampildatapermintaan
in APPPATH\Views\Menu\Barang_Keluar\tambah.php on line 32.
 1 APPPATH\Views\Menu\Barang_Keluar\tambah.php(32): CodeIgniter\Debug\Exceptions->errorHandler(8, 'Undefined variable: tampildatapermintaan', 'APPPATH\\Views\\Menu\\Barang_Keluar\\tambah.php', 32, [...])
 2 SYSTEMPATH\View\View.php(213): include('APPPATH\\Views\\Menu\\Barang_Keluar\\tambah.php')
 3 SYSTEMPATH\View\View.php(216): CodeIgniter\View\View->CodeIgniter\View\{closure}()
 4 SYSTEMPATH\Common.php(1137): CodeIgniter\View\View->render('Menu/Barang_Keluar/tambah', [], true)
 5 APPPATH\Controllers\C_Barang_Keluar.php(113): view('Menu/Barang_Keluar/tambah', [...])
 6 SYSTEMPATH\CodeIgniter.php(904): App\Controllers\C_Barang_Keluar->proses_tambah()
 7 SYSTEMPATH\CodeIgniter.php(457): CodeIgniter\CodeIgniter->runController(Object(App\Controllers\C_Barang_Keluar))
 8 SYSTEMPATH\CodeIgniter.php(340): CodeIgniter\CodeIgniter->handleRequest(null, Object(Config\Cache), false)
 9 FCPATH\index.php(67): CodeIgniter\CodeIgniter->run()
10 SYSTEMPATH\Commands\Server\rewrite.php(43): require_once('FCPATH\\index.php')
CRITICAL - 2022-09-20 23:37:05 --> Undefined variable: tampildatapermintaan
in APPPATH\Views\Menu\Barang_Keluar\tambah.php on line 32.
 1 APPPATH\Views\Menu\Barang_Keluar\tambah.php(32): CodeIgniter\Debug\Exceptions->errorHandler(8, 'Undefined variable: tampildatapermintaan', 'APPPATH\\Views\\Menu\\Barang_Keluar\\tambah.php', 32, [...])
 2 SYSTEMPATH\View\View.php(213): include('APPPATH\\Views\\Menu\\Barang_Keluar\\tambah.php')
 3 SYSTEMPATH\View\View.php(216): CodeIgniter\View\View->CodeIgniter\View\{closure}()
 4 SYSTEMPATH\Common.php(1137): CodeIgniter\View\View->render('Menu/Barang_Keluar/tambah', [], true)
 5 APPPATH\Controllers\C_Barang_Keluar.php(113): view('Menu/Barang_Keluar/tambah', [...])
 6 SYSTEMPATH\CodeIgniter.php(904): App\Controllers\C_Barang_Keluar->proses_tambah()
 7 SYSTEMPATH\CodeIgniter.php(457): CodeIgniter\CodeIgniter->runController(Object(App\Controllers\C_Barang_Keluar))
 8 SYSTEMPATH\CodeIgniter.php(340): CodeIgniter\CodeIgniter->handleRequest(null, Object(Config\Cache), false)
 9 FCPATH\index.php(67): CodeIgniter\CodeIgniter->run()
10 SYSTEMPATH\Commands\Server\rewrite.php(43): require_once('FCPATH\\index.php')
CRITICAL - 2022-09-20 23:37:07 --> Undefined variable: tampildatapermintaan
in APPPATH\Views\Menu\Barang_Keluar\tambah.php on line 32.
 1 APPPATH\Views\Menu\Barang_Keluar\tambah.php(32): CodeIgniter\Debug\Exceptions->errorHandler(8, 'Undefined variable: tampildatapermintaan', 'APPPATH\\Views\\Menu\\Barang_Keluar\\tambah.php', 32, [...])
 2 SYSTEMPATH\View\View.php(213): include('APPPATH\\Views\\Menu\\Barang_Keluar\\tambah.php')
 3 SYSTEMPATH\View\View.php(216): CodeIgniter\View\View->CodeIgniter\View\{closure}()
 4 SYSTEMPATH\Common.php(1137): CodeIgniter\View\View->render('Menu/Barang_Keluar/tambah', [], true)
 5 APPPATH\Controllers\C_Barang_Keluar.php(113): view('Menu/Barang_Keluar/tambah', [...])
 6 SYSTEMPATH\CodeIgniter.php(904): App\Controllers\C_Barang_Keluar->proses_tambah()
 7 SYSTEMPATH\CodeIgniter.php(457): CodeIgniter\CodeIgniter->runController(Object(App\Controllers\C_Barang_Keluar))
 8 SYSTEMPATH\CodeIgniter.php(340): CodeIgniter\CodeIgniter->handleRequest(null, Object(Config\Cache), false)
 9 FCPATH\index.php(67): CodeIgniter\CodeIgniter->run()
10 SYSTEMPATH\Commands\Server\rewrite.php(43): require_once('FCPATH\\index.php')
CRITICAL - 2022-09-20 23:37:08 --> Undefined variable: tampildatapermintaan
in APPPATH\Views\Menu\Barang_Keluar\tambah.php on line 32.
 1 APPPATH\Views\Menu\Barang_Keluar\tambah.php(32): CodeIgniter\Debug\Exceptions->errorHandler(8, 'Undefined variable: tampildatapermintaan', 'APPPATH\\Views\\Menu\\Barang_Keluar\\tambah.php', 32, [...])
 2 SYSTEMPATH\View\View.php(213): include('APPPATH\\Views\\Menu\\Barang_Keluar\\tambah.php')
 3 SYSTEMPATH\View\View.php(216): CodeIgniter\View\View->CodeIgniter\View\{closure}()
 4 SYSTEMPATH\Common.php(1137): CodeIgniter\View\View->render('Menu/Barang_Keluar/tambah', [], true)
 5 APPPATH\Controllers\C_Barang_Keluar.php(113): view('Menu/Barang_Keluar/tambah', [...])
 6 SYSTEMPATH\CodeIgniter.php(904): App\Controllers\C_Barang_Keluar->proses_tambah()
 7 SYSTEMPATH\CodeIgniter.php(457): CodeIgniter\CodeIgniter->runController(Object(App\Controllers\C_Barang_Keluar))
 8 SYSTEMPATH\CodeIgniter.php(340): CodeIgniter\CodeIgniter->handleRequest(null, Object(Config\Cache), false)
 9 FCPATH\index.php(67): CodeIgniter\CodeIgniter->run()
10 SYSTEMPATH\Commands\Server\rewrite.php(43): require_once('FCPATH\\index.php')
CRITICAL - 2022-09-20 23:37:09 --> Undefined variable: tampildatapermintaan
in APPPATH\Views\Menu\Barang_Keluar\tambah.php on line 32.
 1 APPPATH\Views\Menu\Barang_Keluar\tambah.php(32): CodeIgniter\Debug\Exceptions->errorHandler(8, 'Undefined variable: tampildatapermintaan', 'APPPATH\\Views\\Menu\\Barang_Keluar\\tambah.php', 32, [...])
 2 SYSTEMPATH\View\View.php(213): include('APPPATH\\Views\\Menu\\Barang_Keluar\\tambah.php')
 3 SYSTEMPATH\View\View.php(216): CodeIgniter\View\View->CodeIgniter\View\{closure}()
 4 SYSTEMPATH\Common.php(1137): CodeIgniter\View\View->render('Menu/Barang_Keluar/tambah', [], true)
 5 APPPATH\Controllers\C_Barang_Keluar.php(113): view('Menu/Barang_Keluar/tambah', [...])
 6 SYSTEMPATH\CodeIgniter.php(904): App\Controllers\C_Barang_Keluar->proses_tambah()
 7 SYSTEMPATH\CodeIgniter.php(457): CodeIgniter\CodeIgniter->runController(Object(App\Controllers\C_Barang_Keluar))
 8 SYSTEMPATH\CodeIgniter.php(340): CodeIgniter\CodeIgniter->handleRequest(null, Object(Config\Cache), false)
 9 FCPATH\index.php(67): CodeIgniter\CodeIgniter->run()
10 SYSTEMPATH\Commands\Server\rewrite.php(43): require_once('FCPATH\\index.php')
