CRITICAL - 2022-09-18 20:15:15 --> Trying to get property 'kode_barang' of non-object
in APPPATH\Views\Menu\Barang\detail.php on line 17.
 1 APPPATH\Views\Menu\Barang\detail.php(17): CodeIgniter\Debug\Exceptions->errorHandler(8, 'Trying to get property \'kode_barang\' of non-object', 'APPPATH\\Views\\Menu\\Barang\\detail.php', 17, [...])
 2 SYSTEMPATH\View\View.php(213): include('APPPATH\\Views\\Menu\\Barang\\detail.php')
 3 SYSTEMPATH\View\View.php(216): CodeIgniter\View\View->CodeIgniter\View\{closure}()
 4 SYSTEMPATH\Common.php(1137): CodeIgniter\View\View->render('Menu/Barang/detail', [], true)
 5 APPPATH\Controllers\C_Barang.php(109): view('Menu/Barang/detail', [...])
 6 SYSTEMPATH\CodeIgniter.php(904): App\Controllers\C_Barang->detail('1')
 7 SYSTEMPATH\CodeIgniter.php(457): CodeIgniter\CodeIgniter->runController(Object(App\Controllers\C_Barang))
 8 SYSTEMPATH\CodeIgniter.php(340): CodeIgniter\CodeIgniter->handleRequest(null, Object(Config\Cache), false)
 9 FCPATH\index.php(67): CodeIgniter\CodeIgniter->run()
10 SYSTEMPATH\Commands\Server\rewrite.php(43): require_once('FCPATH\\index.php')
CRITICAL - 2022-09-18 20:17:05 --> Trying to get property 'kode_barang' of non-object
in APPPATH\Views\Menu\Barang\detail.php on line 17.
 1 APPPATH\Views\Menu\Barang\detail.php(17): CodeIgniter\Debug\Exceptions->errorHandler(8, 'Trying to get property \'kode_barang\' of non-object', 'APPPATH\\Views\\Menu\\Barang\\detail.php', 17, [...])
 2 SYSTEMPATH\View\View.php(213): include('APPPATH\\Views\\Menu\\Barang\\detail.php')
 3 SYSTEMPATH\View\View.php(216): CodeIgniter\View\View->CodeIgniter\View\{closure}()
 4 SYSTEMPATH\Common.php(1137): CodeIgniter\View\View->render('Menu/Barang/detail', [], true)
 5 APPPATH\Controllers\C_Barang.php(109): view('Menu/Barang/detail', [...])
 6 SYSTEMPATH\CodeIgniter.php(904): App\Controllers\C_Barang->detail('1')
 7 SYSTEMPATH\CodeIgniter.php(457): CodeIgniter\CodeIgniter->runController(Object(App\Controllers\C_Barang))
 8 SYSTEMPATH\CodeIgniter.php(340): CodeIgniter\CodeIgniter->handleRequest(null, Object(Config\Cache), false)
 9 FCPATH\index.php(67): CodeIgniter\CodeIgniter->run()
10 SYSTEMPATH\Commands\Server\rewrite.php(43): require_once('FCPATH\\index.php')
CRITICAL - 2022-09-18 20:17:08 --> Trying to get property 'kode_barang' of non-object
in APPPATH\Views\Menu\Barang\detail.php on line 17.
 1 APPPATH\Views\Menu\Barang\detail.php(17): CodeIgniter\Debug\Exceptions->errorHandler(8, 'Trying to get property \'kode_barang\' of non-object', 'APPPATH\\Views\\Menu\\Barang\\detail.php', 17, [...])
 2 SYSTEMPATH\View\View.php(213): include('APPPATH\\Views\\Menu\\Barang\\detail.php')
 3 SYSTEMPATH\View\View.php(216): CodeIgniter\View\View->CodeIgniter\View\{closure}()
 4 SYSTEMPATH\Common.php(1137): CodeIgniter\View\View->render('Menu/Barang/detail', [], true)
 5 APPPATH\Controllers\C_Barang.php(109): view('Menu/Barang/detail', [...])
 6 SYSTEMPATH\CodeIgniter.php(904): App\Controllers\C_Barang->detail('1')
 7 SYSTEMPATH\CodeIgniter.php(457): CodeIgniter\CodeIgniter->runController(Object(App\Controllers\C_Barang))
 8 SYSTEMPATH\CodeIgniter.php(340): CodeIgniter\CodeIgniter->handleRequest(null, Object(Config\Cache), false)
 9 FCPATH\index.php(67): CodeIgniter\CodeIgniter->run()
10 SYSTEMPATH\Commands\Server\rewrite.php(43): require_once('FCPATH\\index.php')
CRITICAL - 2022-09-18 20:17:08 --> Trying to get property 'kode_barang' of non-object
in APPPATH\Views\Menu\Barang\detail.php on line 17.
 1 APPPATH\Views\Menu\Barang\detail.php(17): CodeIgniter\Debug\Exceptions->errorHandler(8, 'Trying to get property \'kode_barang\' of non-object', 'APPPATH\\Views\\Menu\\Barang\\detail.php', 17, [...])
 2 SYSTEMPATH\View\View.php(213): include('APPPATH\\Views\\Menu\\Barang\\detail.php')
 3 SYSTEMPATH\View\View.php(216): CodeIgniter\View\View->CodeIgniter\View\{closure}()
 4 SYSTEMPATH\Common.php(1137): CodeIgniter\View\View->render('Menu/Barang/detail', [], true)
 5 APPPATH\Controllers\C_Barang.php(109): view('Menu/Barang/detail', [...])
 6 SYSTEMPATH\CodeIgniter.php(904): App\Controllers\C_Barang->detail('1')
 7 SYSTEMPATH\CodeIgniter.php(457): CodeIgniter\CodeIgniter->runController(Object(App\Controllers\C_Barang))
 8 SYSTEMPATH\CodeIgniter.php(340): CodeIgniter\CodeIgniter->handleRequest(null, Object(Config\Cache), false)
 9 FCPATH\index.php(67): CodeIgniter\CodeIgniter->run()
10 SYSTEMPATH\Commands\Server\rewrite.php(43): require_once('FCPATH\\index.php')
CRITICAL - 2022-09-18 20:17:09 --> Trying to get property 'kode_barang' of non-object
in APPPATH\Views\Menu\Barang\detail.php on line 17.
 1 APPPATH\Views\Menu\Barang\detail.php(17): CodeIgniter\Debug\Exceptions->errorHandler(8, 'Trying to get property \'kode_barang\' of non-object', 'APPPATH\\Views\\Menu\\Barang\\detail.php', 17, [...])
 2 SYSTEMPATH\View\View.php(213): include('APPPATH\\Views\\Menu\\Barang\\detail.php')
 3 SYSTEMPATH\View\View.php(216): CodeIgniter\View\View->CodeIgniter\View\{closure}()
 4 SYSTEMPATH\Common.php(1137): CodeIgniter\View\View->render('Menu/Barang/detail', [], true)
 5 APPPATH\Controllers\C_Barang.php(109): view('Menu/Barang/detail', [...])
 6 SYSTEMPATH\CodeIgniter.php(904): App\Controllers\C_Barang->detail('1')
 7 SYSTEMPATH\CodeIgniter.php(457): CodeIgniter\CodeIgniter->runController(Object(App\Controllers\C_Barang))
 8 SYSTEMPATH\CodeIgniter.php(340): CodeIgniter\CodeIgniter->handleRequest(null, Object(Config\Cache), false)
 9 FCPATH\index.php(67): CodeIgniter\CodeIgniter->run()
10 SYSTEMPATH\Commands\Server\rewrite.php(43): require_once('FCPATH\\index.php')
CRITICAL - 2022-09-18 20:18:16 --> Undefined property: stdClass::$foto_pengambilan_barang
in APPPATH\Views\Menu\Barang\detail.php on line 37.
 1 APPPATH\Views\Menu\Barang\detail.php(37): CodeIgniter\Debug\Exceptions->errorHandler(8, 'Undefined property: stdClass::$foto_pengambilan_barang', 'APPPATH\\Views\\Menu\\Barang\\detail.php', 37, [...])
 2 SYSTEMPATH\View\View.php(213): include('APPPATH\\Views\\Menu\\Barang\\detail.php')
 3 SYSTEMPATH\View\View.php(216): CodeIgniter\View\View->CodeIgniter\View\{closure}()
 4 SYSTEMPATH\Common.php(1137): CodeIgniter\View\View->render('Menu/Barang/detail', [], true)
 5 APPPATH\Controllers\C_Barang.php(109): view('Menu/Barang/detail', [...])
 6 SYSTEMPATH\CodeIgniter.php(904): App\Controllers\C_Barang->detail('1')
 7 SYSTEMPATH\CodeIgniter.php(457): CodeIgniter\CodeIgniter->runController(Object(App\Controllers\C_Barang))
 8 SYSTEMPATH\CodeIgniter.php(340): CodeIgniter\CodeIgniter->handleRequest(null, Object(Config\Cache), false)
 9 FCPATH\index.php(67): CodeIgniter\CodeIgniter->run()
10 SYSTEMPATH\Commands\Server\rewrite.php(43): require_once('FCPATH\\index.php')
