ERROR - 2022-09-12 00:01:19 --> Error connecting to the database: mysqli_sql_exception: No connection could be made because the target machine actively refused it.
 in E:\Kuliah\Kumpulan Tugas Kuliah\UNS-D3 TI\SEMESTER 5\Magang\CV. Anugrah\Project Magang\logistikptajs\system\Database\MySQLi\Connection.php:171
Stack trace:
#0 E:\Kuliah\Kumpulan Tugas Kuliah\UNS-D3 TI\SEMESTER 5\Magang\CV. Anugrah\Project Magang\logistikptajs\system\Database\MySQLi\Connection.php(171): mysqli->real_connect('localhost', 'root', '', 'logistikptajs', 3306, '', 0)
#1 E:\Kuliah\Kumpulan Tugas Kuliah\UNS-D3 TI\SEMESTER 5\Magang\CV. Anugrah\Project Magang\logistikptajs\system\Database\BaseConnection.php(382): CodeIgniter\Database\MySQLi\Connection->connect(false)
#2 E:\Kuliah\Kumpulan Tugas Kuliah\UNS-D3 TI\SEMESTER 5\Magang\CV. Anugrah\Project Magang\logistikptajs\system\Database\BaseConnection.php(588): CodeIgniter\Database\BaseConnection->initialize()
#3 E:\Kuliah\Kumpulan Tugas Kuliah\UNS-D3 TI\SEMESTER 5\Magang\CV. Anugrah\Project Magang\logistikptajs\system\Database\BaseBuilder.php(1585): CodeIgniter\Database\BaseConnection->query('SELECT *\nFROM `...', Array, false)
#4 E:\Kuliah\Kumpulan Tugas Kuliah\UNS-D3 TI\SEMESTER 5\Magang\CV. Anugrah\Project Magang\logistikptajs\app\Models\M_Barang.php(22): CodeIgniter\Database\BaseBuilder->get()
#5 E:\Kuliah\Kumpulan Tugas Kuliah\UNS-D3 TI\SEMESTER 5\Magang\CV. Anugrah\Project Magang\logistikptajs\app\Controllers\C_Barang.php(23): App\Models\M_Barang->getAll()
#6 E:\Kuliah\Kumpulan Tugas Kuliah\UNS-D3 TI\SEMESTER 5\Magang\CV. Anugrah\Project Magang\logistikptajs\system\CodeIgniter.php(904): App\Controllers\C_Barang->index()
#7 E:\Kuliah\Kumpulan Tugas Kuliah\UNS-D3 TI\SEMESTER 5\Magang\CV. Anugrah\Project Magang\logistikptajs\system\CodeIgniter.php(457): CodeIgniter\CodeIgniter->runController(Object(App\Controllers\C_Barang))
#8 E:\Kuliah\Kumpulan Tugas Kuliah\UNS-D3 TI\SEMESTER 5\Magang\CV. Anugrah\Project Magang\logistikptajs\system\CodeIgniter.php(340): CodeIgniter\CodeIgniter->handleRequest(NULL, Object(Config\Cache), false)
#9 E:\Kuliah\Kumpulan Tugas Kuliah\UNS-D3 TI\SEMESTER 5\Magang\CV. Anugrah\Project Magang\logistikptajs\public\index.php(67): CodeIgniter\CodeIgniter->run()
#10 E:\Kuliah\Kumpulan Tugas Kuliah\UNS-D3 TI\SEMESTER 5\Magang\CV. Anugrah\Project Magang\logistikptajs\system\Commands\Server\rewrite.php(43): require_once('E:\\Kuliah\\Kumpu...')
#11 {main}

Next CodeIgniter\Database\Exceptions\DatabaseException: No connection could be made because the target machine actively refused it.
 in E:\Kuliah\Kumpulan Tugas Kuliah\UNS-D3 TI\SEMESTER 5\Magang\CV. Anugrah\Project Magang\logistikptajs\system\Database\MySQLi\Connection.php:215
Stack trace:
#0 E:\Kuliah\Kumpulan Tugas Kuliah\UNS-D3 TI\SEMESTER 5\Magang\CV. Anugrah\Project Magang\logistikptajs\system\Database\BaseConnection.php(382): CodeIgniter\Database\MySQLi\Connection->connect(false)
#1 E:\Kuliah\Kumpulan Tugas Kuliah\UNS-D3 TI\SEMESTER 5\Magang\CV. Anugrah\Project Magang\logistikptajs\system\Database\BaseConnection.php(588): CodeIgniter\Database\BaseConnection->initialize()
#2 E:\Kuliah\Kumpulan Tugas Kuliah\UNS-D3 TI\SEMESTER 5\Magang\CV. Anugrah\Project Magang\logistikptajs\system\Database\BaseBuilder.php(1585): CodeIgniter\Database\BaseConnection->query('SELECT *\nFROM `...', Array, false)
#3 E:\Kuliah\Kumpulan Tugas Kuliah\UNS-D3 TI\SEMESTER 5\Magang\CV. Anugrah\Project Magang\logistikptajs\app\Models\M_Barang.php(22): CodeIgniter\Database\BaseBuilder->get()
#4 E:\Kuliah\Kumpulan Tugas Kuliah\UNS-D3 TI\SEMESTER 5\Magang\CV. Anugrah\Project Magang\logistikptajs\app\Controllers\C_Barang.php(23): App\Models\M_Barang->getAll()
#5 E:\Kuliah\Kumpulan Tugas Kuliah\UNS-D3 TI\SEMESTER 5\Magang\CV. Anugrah\Project Magang\logistikptajs\system\CodeIgniter.php(904): App\Controllers\C_Barang->index()
#6 E:\Kuliah\Kumpulan Tugas Kuliah\UNS-D3 TI\SEMESTER 5\Magang\CV. Anugrah\Project Magang\logistikptajs\system\CodeIgniter.php(457): CodeIgniter\CodeIgniter->runController(Object(App\Controllers\C_Barang))
#7 E:\Kuliah\Kumpulan Tugas Kuliah\UNS-D3 TI\SEMESTER 5\Magang\CV. Anugrah\Project Magang\logistikptajs\system\CodeIgniter.php(340): CodeIgniter\CodeIgniter->handleRequest(NULL, Object(Config\Cache), false)
#8 E:\Kuliah\Kumpulan Tugas Kuliah\UNS-D3 TI\SEMESTER 5\Magang\CV. Anugrah\Project Magang\logistikptajs\public\index.php(67): CodeIgniter\CodeIgniter->run()
#9 E:\Kuliah\Kumpulan Tugas Kuliah\UNS-D3 TI\SEMESTER 5\Magang\CV. Anugrah\Project Magang\logistikptajs\system\Commands\Server\rewrite.php(43): require_once('E:\\Kuliah\\Kumpu...')
#10 {main}
CRITICAL - 2022-09-12 00:01:19 --> Unable to connect to the database.
Main connection [MySQLi]: No connection could be made because the target machine actively refused it.

in SYSTEMPATH\Database\BaseConnection.php on line 418.
 1 SYSTEMPATH\Database\BaseConnection.php(588): CodeIgniter\Database\BaseConnection->initialize()
 2 SYSTEMPATH\Database\BaseBuilder.php(1585): CodeIgniter\Database\BaseConnection->query('SELECT *
FROM `barang`
JOIN `kategori` ON `kategori`.`id_kategori` = `barang`.`id_kategori`
JOIN `satuan` ON `satuan`.`id_satuan` = `barang`.`id_satuan`', [], false)
 3 APPPATH\Models\M_Barang.php(22): CodeIgniter\Database\BaseBuilder->get()
 4 APPPATH\Controllers\C_Barang.php(23): App\Models\M_Barang->getAll()
 5 SYSTEMPATH\CodeIgniter.php(904): App\Controllers\C_Barang->index()
 6 SYSTEMPATH\CodeIgniter.php(457): CodeIgniter\CodeIgniter->runController(Object(App\Controllers\C_Barang))
 7 SYSTEMPATH\CodeIgniter.php(340): CodeIgniter\CodeIgniter->handleRequest(null, Object(Config\Cache), false)
 8 FCPATH\index.php(67): CodeIgniter\CodeIgniter->run()
 9 SYSTEMPATH\Commands\Server\rewrite.php(43): require_once('FCPATH\\index.php')
ERROR - 2022-09-12 00:01:25 --> Error connecting to the database: mysqli_sql_exception: No connection could be made because the target machine actively refused it.
 in E:\Kuliah\Kumpulan Tugas Kuliah\UNS-D3 TI\SEMESTER 5\Magang\CV. Anugrah\Project Magang\logistikptajs\system\Database\MySQLi\Connection.php:171
Stack trace:
#0 E:\Kuliah\Kumpulan Tugas Kuliah\UNS-D3 TI\SEMESTER 5\Magang\CV. Anugrah\Project Magang\logistikptajs\system\Database\MySQLi\Connection.php(171): mysqli->real_connect('localhost', 'root', '', 'logistikptajs', 3306, '', 0)
#1 E:\Kuliah\Kumpulan Tugas Kuliah\UNS-D3 TI\SEMESTER 5\Magang\CV. Anugrah\Project Magang\logistikptajs\system\Database\BaseConnection.php(382): CodeIgniter\Database\MySQLi\Connection->connect(false)
#2 E:\Kuliah\Kumpulan Tugas Kuliah\UNS-D3 TI\SEMESTER 5\Magang\CV. Anugrah\Project Magang\logistikptajs\system\Database\BaseConnection.php(588): CodeIgniter\Database\BaseConnection->initialize()
#3 E:\Kuliah\Kumpulan Tugas Kuliah\UNS-D3 TI\SEMESTER 5\Magang\CV. Anugrah\Project Magang\logistikptajs\system\Database\BaseBuilder.php(1585): CodeIgniter\Database\BaseConnection->query('SELECT *\nFROM `...', Array, false)
#4 E:\Kuliah\Kumpulan Tugas Kuliah\UNS-D3 TI\SEMESTER 5\Magang\CV. Anugrah\Project Magang\logistikptajs\app\Models\M_Barang_Keluar.php(21): CodeIgniter\Database\BaseBuilder->get()
#5 E:\Kuliah\Kumpulan Tugas Kuliah\UNS-D3 TI\SEMESTER 5\Magang\CV. Anugrah\Project Magang\logistikptajs\app\Controllers\C_Transaksi.php(22): App\Models\M_Barang_Keluar->getAll()
#6 E:\Kuliah\Kumpulan Tugas Kuliah\UNS-D3 TI\SEMESTER 5\Magang\CV. Anugrah\Project Magang\logistikptajs\system\CodeIgniter.php(904): App\Controllers\C_Transaksi->index()
#7 E:\Kuliah\Kumpulan Tugas Kuliah\UNS-D3 TI\SEMESTER 5\Magang\CV. Anugrah\Project Magang\logistikptajs\system\CodeIgniter.php(457): CodeIgniter\CodeIgniter->runController(Object(App\Controllers\C_Transaksi))
#8 E:\Kuliah\Kumpulan Tugas Kuliah\UNS-D3 TI\SEMESTER 5\Magang\CV. Anugrah\Project Magang\logistikptajs\system\CodeIgniter.php(340): CodeIgniter\CodeIgniter->handleRequest(NULL, Object(Config\Cache), false)
#9 E:\Kuliah\Kumpulan Tugas Kuliah\UNS-D3 TI\SEMESTER 5\Magang\CV. Anugrah\Project Magang\logistikptajs\public\index.php(67): CodeIgniter\CodeIgniter->run()
#10 E:\Kuliah\Kumpulan Tugas Kuliah\UNS-D3 TI\SEMESTER 5\Magang\CV. Anugrah\Project Magang\logistikptajs\system\Commands\Server\rewrite.php(43): require_once('E:\\Kuliah\\Kumpu...')
#11 {main}

Next CodeIgniter\Database\Exceptions\DatabaseException: No connection could be made because the target machine actively refused it.
 in E:\Kuliah\Kumpulan Tugas Kuliah\UNS-D3 TI\SEMESTER 5\Magang\CV. Anugrah\Project Magang\logistikptajs\system\Database\MySQLi\Connection.php:215
Stack trace:
#0 E:\Kuliah\Kumpulan Tugas Kuliah\UNS-D3 TI\SEMESTER 5\Magang\CV. Anugrah\Project Magang\logistikptajs\system\Database\BaseConnection.php(382): CodeIgniter\Database\MySQLi\Connection->connect(false)
#1 E:\Kuliah\Kumpulan Tugas Kuliah\UNS-D3 TI\SEMESTER 5\Magang\CV. Anugrah\Project Magang\logistikptajs\system\Database\BaseConnection.php(588): CodeIgniter\Database\BaseConnection->initialize()
#2 E:\Kuliah\Kumpulan Tugas Kuliah\UNS-D3 TI\SEMESTER 5\Magang\CV. Anugrah\Project Magang\logistikptajs\system\Database\BaseBuilder.php(1585): CodeIgniter\Database\BaseConnection->query('SELECT *\nFROM `...', Array, false)
#3 E:\Kuliah\Kumpulan Tugas Kuliah\UNS-D3 TI\SEMESTER 5\Magang\CV. Anugrah\Project Magang\logistikptajs\app\Models\M_Barang_Keluar.php(21): CodeIgniter\Database\BaseBuilder->get()
#4 E:\Kuliah\Kumpulan Tugas Kuliah\UNS-D3 TI\SEMESTER 5\Magang\CV. Anugrah\Project Magang\logistikptajs\app\Controllers\C_Transaksi.php(22): App\Models\M_Barang_Keluar->getAll()
#5 E:\Kuliah\Kumpulan Tugas Kuliah\UNS-D3 TI\SEMESTER 5\Magang\CV. Anugrah\Project Magang\logistikptajs\system\CodeIgniter.php(904): App\Controllers\C_Transaksi->index()
#6 E:\Kuliah\Kumpulan Tugas Kuliah\UNS-D3 TI\SEMESTER 5\Magang\CV. Anugrah\Project Magang\logistikptajs\system\CodeIgniter.php(457): CodeIgniter\CodeIgniter->runController(Object(App\Controllers\C_Transaksi))
#7 E:\Kuliah\Kumpulan Tugas Kuliah\UNS-D3 TI\SEMESTER 5\Magang\CV. Anugrah\Project Magang\logistikptajs\system\CodeIgniter.php(340): CodeIgniter\CodeIgniter->handleRequest(NULL, Object(Config\Cache), false)
#8 E:\Kuliah\Kumpulan Tugas Kuliah\UNS-D3 TI\SEMESTER 5\Magang\CV. Anugrah\Project Magang\logistikptajs\public\index.php(67): CodeIgniter\CodeIgniter->run()
#9 E:\Kuliah\Kumpulan Tugas Kuliah\UNS-D3 TI\SEMESTER 5\Magang\CV. Anugrah\Project Magang\logistikptajs\system\Commands\Server\rewrite.php(43): require_once('E:\\Kuliah\\Kumpu...')
#10 {main}
CRITICAL - 2022-09-12 00:01:25 --> Unable to connect to the database.
Main connection [MySQLi]: No connection could be made because the target machine actively refused it.

in SYSTEMPATH\Database\BaseConnection.php on line 418.
 1 SYSTEMPATH\Database\BaseConnection.php(588): CodeIgniter\Database\BaseConnection->initialize()
 2 SYSTEMPATH\Database\BaseBuilder.php(1585): CodeIgniter\Database\BaseConnection->query('SELECT *
FROM `barang_keluar`
JOIN `barang` ON `barang`.`id_barang` = `barang_keluar`.`id_barang`', [], false)
 3 APPPATH\Models\M_Barang_Keluar.php(21): CodeIgniter\Database\BaseBuilder->get()
 4 APPPATH\Controllers\C_Transaksi.php(22): App\Models\M_Barang_Keluar->getAll()
 5 SYSTEMPATH\CodeIgniter.php(904): App\Controllers\C_Transaksi->index()
 6 SYSTEMPATH\CodeIgniter.php(457): CodeIgniter\CodeIgniter->runController(Object(App\Controllers\C_Transaksi))
 7 SYSTEMPATH\CodeIgniter.php(340): CodeIgniter\CodeIgniter->handleRequest(null, Object(Config\Cache), false)
 8 FCPATH\index.php(67): CodeIgniter\CodeIgniter->run()
 9 SYSTEMPATH\Commands\Server\rewrite.php(43): require_once('FCPATH\\index.php')
ERROR - 2022-09-12 00:01:47 --> mysqli_sql_exception: Cannot add or update a child row: a foreign key constraint fails (`logistikptajs`.`barang`, CONSTRAINT `barang_id_kategori_foreign` FOREIGN KEY (`id_kategori`) REFERENCES `kategori` (`id_kategori`)) in E:\Kuliah\Kumpulan Tugas Kuliah\UNS-D3 TI\SEMESTER 5\Magang\CV. Anugrah\Project Magang\logistikptajs\system\Database\MySQLi\Connection.php:292
Stack trace:
#0 E:\Kuliah\Kumpulan Tugas Kuliah\UNS-D3 TI\SEMESTER 5\Magang\CV. Anugrah\Project Magang\logistikptajs\system\Database\MySQLi\Connection.php(292): mysqli->query('INSERT INTO `ba...', 0)
#1 E:\Kuliah\Kumpulan Tugas Kuliah\UNS-D3 TI\SEMESTER 5\Magang\CV. Anugrah\Project Magang\logistikptajs\system\Database\BaseConnection.php(693): CodeIgniter\Database\MySQLi\Connection->execute('INSERT INTO `ba...')
#2 E:\Kuliah\Kumpulan Tugas Kuliah\UNS-D3 TI\SEMESTER 5\Magang\CV. Anugrah\Project Magang\logistikptajs\system\Database\BaseConnection.php(620): CodeIgniter\Database\BaseConnection->simpleQuery('INSERT INTO `ba...')
#3 E:\Kuliah\Kumpulan Tugas Kuliah\UNS-D3 TI\SEMESTER 5\Magang\CV. Anugrah\Project Magang\logistikptajs\system\Database\BaseBuilder.php(1916): CodeIgniter\Database\BaseConnection->query('INSERT INTO `ba...', Array, false)
#4 E:\Kuliah\Kumpulan Tugas Kuliah\UNS-D3 TI\SEMESTER 5\Magang\CV. Anugrah\Project Magang\logistikptajs\system\Model.php(278): CodeIgniter\Database\BaseBuilder->insert()
#5 E:\Kuliah\Kumpulan Tugas Kuliah\UNS-D3 TI\SEMESTER 5\Magang\CV. Anugrah\Project Magang\logistikptajs\system\BaseModel.php(738): CodeIgniter\Model->doInsert(Array)
#6 E:\Kuliah\Kumpulan Tugas Kuliah\UNS-D3 TI\SEMESTER 5\Magang\CV. Anugrah\Project Magang\logistikptajs\system\Model.php(666): CodeIgniter\BaseModel->insert(Array, true)
#7 E:\Kuliah\Kumpulan Tugas Kuliah\UNS-D3 TI\SEMESTER 5\Magang\CV. Anugrah\Project Magang\logistikptajs\app\Controllers\C_Transaksi.php(58): CodeIgniter\Model->insert(Array)
#8 E:\Kuliah\Kumpulan Tugas Kuliah\UNS-D3 TI\SEMESTER 5\Magang\CV. Anugrah\Project Magang\logistikptajs\system\CodeIgniter.php(904): App\Controllers\C_Transaksi->proses_tambah_barang_keluar()
#9 E:\Kuliah\Kumpulan Tugas Kuliah\UNS-D3 TI\SEMESTER 5\Magang\CV. Anugrah\Project Magang\logistikptajs\system\CodeIgniter.php(457): CodeIgniter\CodeIgniter->runController(Object(App\Controllers\C_Transaksi))
#10 E:\Kuliah\Kumpulan Tugas Kuliah\UNS-D3 TI\SEMESTER 5\Magang\CV. Anugrah\Project Magang\logistikptajs\system\CodeIgniter.php(340): CodeIgniter\CodeIgniter->handleRequest(NULL, Object(Config\Cache), false)
#11 E:\Kuliah\Kumpulan Tugas Kuliah\UNS-D3 TI\SEMESTER 5\Magang\CV. Anugrah\Project Magang\logistikptajs\public\index.php(67): CodeIgniter\CodeIgniter->run()
#12 E:\Kuliah\Kumpulan Tugas Kuliah\UNS-D3 TI\SEMESTER 5\Magang\CV. Anugrah\Project Magang\logistikptajs\system\Commands\Server\rewrite.php(43): require_once('E:\\Kuliah\\Kumpu...')
#13 {main}
ERROR - 2022-09-12 00:02:27 --> mysqli_sql_exception: Cannot add or update a child row: a foreign key constraint fails (`logistikptajs`.`barang`, CONSTRAINT `barang_id_kategori_foreign` FOREIGN KEY (`id_kategori`) REFERENCES `kategori` (`id_kategori`)) in E:\Kuliah\Kumpulan Tugas Kuliah\UNS-D3 TI\SEMESTER 5\Magang\CV. Anugrah\Project Magang\logistikptajs\system\Database\MySQLi\Connection.php:292
Stack trace:
#0 E:\Kuliah\Kumpulan Tugas Kuliah\UNS-D3 TI\SEMESTER 5\Magang\CV. Anugrah\Project Magang\logistikptajs\system\Database\MySQLi\Connection.php(292): mysqli->query('INSERT INTO `ba...', 0)
#1 E:\Kuliah\Kumpulan Tugas Kuliah\UNS-D3 TI\SEMESTER 5\Magang\CV. Anugrah\Project Magang\logistikptajs\system\Database\BaseConnection.php(693): CodeIgniter\Database\MySQLi\Connection->execute('INSERT INTO `ba...')
#2 E:\Kuliah\Kumpulan Tugas Kuliah\UNS-D3 TI\SEMESTER 5\Magang\CV. Anugrah\Project Magang\logistikptajs\system\Database\BaseConnection.php(620): CodeIgniter\Database\BaseConnection->simpleQuery('INSERT INTO `ba...')
#3 E:\Kuliah\Kumpulan Tugas Kuliah\UNS-D3 TI\SEMESTER 5\Magang\CV. Anugrah\Project Magang\logistikptajs\system\Database\BaseBuilder.php(1916): CodeIgniter\Database\BaseConnection->query('INSERT INTO `ba...', Array, false)
#4 E:\Kuliah\Kumpulan Tugas Kuliah\UNS-D3 TI\SEMESTER 5\Magang\CV. Anugrah\Project Magang\logistikptajs\system\Model.php(278): CodeIgniter\Database\BaseBuilder->insert()
#5 E:\Kuliah\Kumpulan Tugas Kuliah\UNS-D3 TI\SEMESTER 5\Magang\CV. Anugrah\Project Magang\logistikptajs\system\BaseModel.php(738): CodeIgniter\Model->doInsert(Array)
#6 E:\Kuliah\Kumpulan Tugas Kuliah\UNS-D3 TI\SEMESTER 5\Magang\CV. Anugrah\Project Magang\logistikptajs\system\Model.php(666): CodeIgniter\BaseModel->insert(Array, true)
#7 E:\Kuliah\Kumpulan Tugas Kuliah\UNS-D3 TI\SEMESTER 5\Magang\CV. Anugrah\Project Magang\logistikptajs\app\Controllers\C_Transaksi.php(58): CodeIgniter\Model->insert(Array)
#8 E:\Kuliah\Kumpulan Tugas Kuliah\UNS-D3 TI\SEMESTER 5\Magang\CV. Anugrah\Project Magang\logistikptajs\system\CodeIgniter.php(904): App\Controllers\C_Transaksi->proses_tambah_barang_keluar()
#9 E:\Kuliah\Kumpulan Tugas Kuliah\UNS-D3 TI\SEMESTER 5\Magang\CV. Anugrah\Project Magang\logistikptajs\system\CodeIgniter.php(457): CodeIgniter\CodeIgniter->runController(Object(App\Controllers\C_Transaksi))
#10 E:\Kuliah\Kumpulan Tugas Kuliah\UNS-D3 TI\SEMESTER 5\Magang\CV. Anugrah\Project Magang\logistikptajs\system\CodeIgniter.php(340): CodeIgniter\CodeIgniter->handleRequest(NULL, Object(Config\Cache), false)
#11 E:\Kuliah\Kumpulan Tugas Kuliah\UNS-D3 TI\SEMESTER 5\Magang\CV. Anugrah\Project Magang\logistikptajs\public\index.php(67): CodeIgniter\CodeIgniter->run()
#12 E:\Kuliah\Kumpulan Tugas Kuliah\UNS-D3 TI\SEMESTER 5\Magang\CV. Anugrah\Project Magang\logistikptajs\system\Commands\Server\rewrite.php(43): require_once('E:\\Kuliah\\Kumpu...')
#13 {main}
CRITICAL - 2022-09-12 04:19:59 --> Call to a member function move() on null
in APPPATH\Controllers\C_Barang.php on line 43.
 1 SYSTEMPATH\CodeIgniter.php(904): App\Controllers\C_Barang->proses_tambah()
 2 SYSTEMPATH\CodeIgniter.php(457): CodeIgniter\CodeIgniter->runController(Object(App\Controllers\C_Barang))
 3 SYSTEMPATH\CodeIgniter.php(340): CodeIgniter\CodeIgniter->handleRequest(null, Object(Config\Cache), false)
 4 FCPATH\index.php(67): CodeIgniter\CodeIgniter->run()
 5 SYSTEMPATH\Commands\Server\rewrite.php(43): require_once('FCPATH\\index.php')
CRITICAL - 2022-09-12 04:20:25 --> Call to a member function move() on null
in APPPATH\Controllers\C_Barang.php on line 44.
 1 SYSTEMPATH\CodeIgniter.php(904): App\Controllers\C_Barang->proses_tambah()
 2 SYSTEMPATH\CodeIgniter.php(457): CodeIgniter\CodeIgniter->runController(Object(App\Controllers\C_Barang))
 3 SYSTEMPATH\CodeIgniter.php(340): CodeIgniter\CodeIgniter->handleRequest(null, Object(Config\Cache), false)
 4 FCPATH\index.php(67): CodeIgniter\CodeIgniter->run()
 5 SYSTEMPATH\Commands\Server\rewrite.php(43): require_once('FCPATH\\index.php')
CRITICAL - 2022-09-12 04:21:42 --> finfo_file(C:\Users\Hanif\AppData\Local\Temp\php82E.tmp): failed to open stream: No such file or directory
in SYSTEMPATH\Files\File.php on line 114.
 1 [internal function]: CodeIgniter\Debug\Exceptions->errorHandler(2, 'finfo_file(C:\\Users\\Hanif\\AppData\\Local\\Temp\\php82E.tmp): failed to open stream: No such file or directory', 'SYSTEMPATH\\Files\\File.php', 114, [...])
 2 SYSTEMPATH\Files\File.php(114): finfo_file(resource (file_info), 'C:\\Users\\Hanif\\AppData\\Local\\Temp\\php82E.tmp')
 3 SYSTEMPATH\HTTP\Files\UploadedFile.php(302): CodeIgniter\Files\File->getMimeType()
 4 SYSTEMPATH\HTTP\Files\UploadedFile.php(291): CodeIgniter\HTTP\Files\UploadedFile->guessExtension()
 5 SYSTEMPATH\Files\File.php(126): CodeIgniter\HTTP\Files\UploadedFile->getExtension()
 6 APPPATH\Controllers\C_Barang.php(52): CodeIgniter\Files\File->getRandomName()
 7 SYSTEMPATH\CodeIgniter.php(904): App\Controllers\C_Barang->proses_tambah()
 8 SYSTEMPATH\CodeIgniter.php(457): CodeIgniter\CodeIgniter->runController(Object(App\Controllers\C_Barang))
 9 SYSTEMPATH\CodeIgniter.php(340): CodeIgniter\CodeIgniter->handleRequest(null, Object(Config\Cache), false)
10 FCPATH\index.php(67): CodeIgniter\CodeIgniter->run()
11 SYSTEMPATH\Commands\Server\rewrite.php(43): require_once('FCPATH\\index.php')
CRITICAL - 2022-09-12 04:21:45 --> finfo_file(C:\Users\Hanif\AppData\Local\Temp\php155E.tmp): failed to open stream: No such file or directory
in SYSTEMPATH\Files\File.php on line 114.
 1 [internal function]: CodeIgniter\Debug\Exceptions->errorHandler(2, 'finfo_file(C:\\Users\\Hanif\\AppData\\Local\\Temp\\php155E.tmp): failed to open stream: No such file or directory', 'SYSTEMPATH\\Files\\File.php', 114, [...])
 2 SYSTEMPATH\Files\File.php(114): finfo_file(resource (file_info), 'C:\\Users\\Hanif\\AppData\\Local\\Temp\\php155E.tmp')
 3 SYSTEMPATH\HTTP\Files\UploadedFile.php(302): CodeIgniter\Files\File->getMimeType()
 4 SYSTEMPATH\HTTP\Files\UploadedFile.php(291): CodeIgniter\HTTP\Files\UploadedFile->guessExtension()
 5 SYSTEMPATH\Files\File.php(126): CodeIgniter\HTTP\Files\UploadedFile->getExtension()
 6 APPPATH\Controllers\C_Barang.php(52): CodeIgniter\Files\File->getRandomName()
 7 SYSTEMPATH\CodeIgniter.php(904): App\Controllers\C_Barang->proses_tambah()
 8 SYSTEMPATH\CodeIgniter.php(457): CodeIgniter\CodeIgniter->runController(Object(App\Controllers\C_Barang))
 9 SYSTEMPATH\CodeIgniter.php(340): CodeIgniter\CodeIgniter->handleRequest(null, Object(Config\Cache), false)
10 FCPATH\index.php(67): CodeIgniter\CodeIgniter->run()
11 SYSTEMPATH\Commands\Server\rewrite.php(43): require_once('FCPATH\\index.php')
CRITICAL - 2022-09-12 04:22:13 --> Cannot use object of type stdClass as array
in APPPATH\Views\Menu\Satuan\index.php on line 31.
 1 SYSTEMPATH\View\View.php(213): include()
 2 SYSTEMPATH\View\View.php(216): CodeIgniter\View\View->CodeIgniter\View\{closure}()
 3 SYSTEMPATH\Common.php(1137): CodeIgniter\View\View->render('Menu/Satuan/index', [], true)
 4 APPPATH\Controllers\C_Satuan.php(21): view('Menu/Satuan/index', [...])
 5 SYSTEMPATH\CodeIgniter.php(904): App\Controllers\C_Satuan->index()
 6 SYSTEMPATH\CodeIgniter.php(457): CodeIgniter\CodeIgniter->runController(Object(App\Controllers\C_Satuan))
 7 SYSTEMPATH\CodeIgniter.php(340): CodeIgniter\CodeIgniter->handleRequest(null, Object(Config\Cache), false)
 8 FCPATH\index.php(67): CodeIgniter\CodeIgniter->run()
 9 SYSTEMPATH\Commands\Server\rewrite.php(43): require_once('FCPATH\\index.php')
CRITICAL - 2022-09-12 04:32:51 --> There is no data to insert.
in SYSTEMPATH\BaseModel.php on line 718.
 1 SYSTEMPATH\BaseModel.php(718): CodeIgniter\Database\Exceptions\DataException::forEmptyDataset('insert')
 2 SYSTEMPATH\Model.php(666): CodeIgniter\BaseModel->insert([], true)
 3 APPPATH\Controllers\C_Transaksi.php(51): CodeIgniter\Model->insert([...])
 4 SYSTEMPATH\CodeIgniter.php(904): App\Controllers\C_Transaksi->proses_tambah_barang_keluar()
 5 SYSTEMPATH\CodeIgniter.php(457): CodeIgniter\CodeIgniter->runController(Object(App\Controllers\C_Transaksi))
 6 SYSTEMPATH\CodeIgniter.php(340): CodeIgniter\CodeIgniter->handleRequest(null, Object(Config\Cache), false)
 7 FCPATH\index.php(67): CodeIgniter\CodeIgniter->run()
 8 SYSTEMPATH\Commands\Server\rewrite.php(43): require_once('FCPATH\\index.php')
CRITICAL - 2022-09-12 04:33:47 --> There is no data to insert.
in SYSTEMPATH\BaseModel.php on line 718.
 1 SYSTEMPATH\BaseModel.php(718): CodeIgniter\Database\Exceptions\DataException::forEmptyDataset('insert')
 2 SYSTEMPATH\Model.php(666): CodeIgniter\BaseModel->insert([], true)
 3 APPPATH\Controllers\C_Transaksi.php(51): CodeIgniter\Model->insert([...])
 4 SYSTEMPATH\CodeIgniter.php(904): App\Controllers\C_Transaksi->proses_tambah_barang_keluar()
 5 SYSTEMPATH\CodeIgniter.php(457): CodeIgniter\CodeIgniter->runController(Object(App\Controllers\C_Transaksi))
 6 SYSTEMPATH\CodeIgniter.php(340): CodeIgniter\CodeIgniter->handleRequest(null, Object(Config\Cache), false)
 7 FCPATH\index.php(67): CodeIgniter\CodeIgniter->run()
 8 SYSTEMPATH\Commands\Server\rewrite.php(43): require_once('FCPATH\\index.php')
CRITICAL - 2022-09-12 04:38:12 --> Undefined index: foto_serial_number
in APPPATH\Controllers\C_Barang.php on line 97.
 1 APPPATH\Controllers\C_Barang.php(97): CodeIgniter\Debug\Exceptions->errorHandler(8, 'Undefined index: foto_serial_number', 'APPPATH\\Controllers\\C_Barang.php', 97, [...])
 2 SYSTEMPATH\CodeIgniter.php(904): App\Controllers\C_Barang->hapus('12')
 3 SYSTEMPATH\CodeIgniter.php(457): CodeIgniter\CodeIgniter->runController(Object(App\Controllers\C_Barang))
 4 SYSTEMPATH\CodeIgniter.php(340): CodeIgniter\CodeIgniter->handleRequest(null, Object(Config\Cache), false)
 5 FCPATH\index.php(67): CodeIgniter\CodeIgniter->run()
 6 SYSTEMPATH\Commands\Server\rewrite.php(43): require_once('FCPATH\\index.php')
CRITICAL - 2022-09-12 04:41:08 --> Trying to access array offset on value of type bool
in APPPATH\Controllers\C_Barang.php on line 97.
 1 APPPATH\Controllers\C_Barang.php(97): CodeIgniter\Debug\Exceptions->errorHandler(8, 'Trying to access array offset on value of type bool', 'APPPATH\\Controllers\\C_Barang.php', 97, [...])
 2 SYSTEMPATH\CodeIgniter.php(904): App\Controllers\C_Barang->hapus('12')
 3 SYSTEMPATH\CodeIgniter.php(457): CodeIgniter\CodeIgniter->runController(Object(App\Controllers\C_Barang))
 4 SYSTEMPATH\CodeIgniter.php(340): CodeIgniter\CodeIgniter->handleRequest(null, Object(Config\Cache), false)
 5 FCPATH\index.php(67): CodeIgniter\CodeIgniter->run()
 6 SYSTEMPATH\Commands\Server\rewrite.php(43): require_once('FCPATH\\index.php')
CRITICAL - 2022-09-12 04:41:09 --> Trying to access array offset on value of type bool
in APPPATH\Controllers\C_Barang.php on line 97.
 1 APPPATH\Controllers\C_Barang.php(97): CodeIgniter\Debug\Exceptions->errorHandler(8, 'Trying to access array offset on value of type bool', 'APPPATH\\Controllers\\C_Barang.php', 97, [...])
 2 SYSTEMPATH\CodeIgniter.php(904): App\Controllers\C_Barang->hapus('12')
 3 SYSTEMPATH\CodeIgniter.php(457): CodeIgniter\CodeIgniter->runController(Object(App\Controllers\C_Barang))
 4 SYSTEMPATH\CodeIgniter.php(340): CodeIgniter\CodeIgniter->handleRequest(null, Object(Config\Cache), false)
 5 FCPATH\index.php(67): CodeIgniter\CodeIgniter->run()
 6 SYSTEMPATH\Commands\Server\rewrite.php(43): require_once('FCPATH\\index.php')
CRITICAL - 2022-09-12 04:41:23 --> Trying to access array offset on value of type bool
in APPPATH\Controllers\C_Barang.php on line 97.
 1 APPPATH\Controllers\C_Barang.php(97): CodeIgniter\Debug\Exceptions->errorHandler(8, 'Trying to access array offset on value of type bool', 'APPPATH\\Controllers\\C_Barang.php', 97, [...])
 2 SYSTEMPATH\CodeIgniter.php(904): App\Controllers\C_Barang->hapus('12')
 3 SYSTEMPATH\CodeIgniter.php(457): CodeIgniter\CodeIgniter->runController(Object(App\Controllers\C_Barang))
 4 SYSTEMPATH\CodeIgniter.php(340): CodeIgniter\CodeIgniter->handleRequest(null, Object(Config\Cache), false)
 5 FCPATH\index.php(67): CodeIgniter\CodeIgniter->run()
 6 SYSTEMPATH\Commands\Server\rewrite.php(43): require_once('FCPATH\\index.php')
CRITICAL - 2022-09-12 04:41:24 --> Trying to access array offset on value of type bool
in APPPATH\Controllers\C_Barang.php on line 97.
 1 APPPATH\Controllers\C_Barang.php(97): CodeIgniter\Debug\Exceptions->errorHandler(8, 'Trying to access array offset on value of type bool', 'APPPATH\\Controllers\\C_Barang.php', 97, [...])
 2 SYSTEMPATH\CodeIgniter.php(904): App\Controllers\C_Barang->hapus('12')
 3 SYSTEMPATH\CodeIgniter.php(457): CodeIgniter\CodeIgniter->runController(Object(App\Controllers\C_Barang))
 4 SYSTEMPATH\CodeIgniter.php(340): CodeIgniter\CodeIgniter->handleRequest(null, Object(Config\Cache), false)
 5 FCPATH\index.php(67): CodeIgniter\CodeIgniter->run()
 6 SYSTEMPATH\Commands\Server\rewrite.php(43): require_once('FCPATH\\index.php')
CRITICAL - 2022-09-12 04:42:14 --> Cannot use object of type App\Models\M_Barang as array
in APPPATH\Controllers\C_Barang.php on line 97.
 1 SYSTEMPATH\CodeIgniter.php(904): App\Controllers\C_Barang->hapus('12')
 2 SYSTEMPATH\CodeIgniter.php(457): CodeIgniter\CodeIgniter->runController(Object(App\Controllers\C_Barang))
 3 SYSTEMPATH\CodeIgniter.php(340): CodeIgniter\CodeIgniter->handleRequest(null, Object(Config\Cache), false)
 4 FCPATH\index.php(67): CodeIgniter\CodeIgniter->run()
 5 SYSTEMPATH\Commands\Server\rewrite.php(43): require_once('FCPATH\\index.php')
CRITICAL - 2022-09-12 04:42:16 --> Cannot use object of type App\Models\M_Barang as array
in APPPATH\Controllers\C_Barang.php on line 97.
 1 SYSTEMPATH\CodeIgniter.php(904): App\Controllers\C_Barang->hapus('12')
 2 SYSTEMPATH\CodeIgniter.php(457): CodeIgniter\CodeIgniter->runController(Object(App\Controllers\C_Barang))
 3 SYSTEMPATH\CodeIgniter.php(340): CodeIgniter\CodeIgniter->handleRequest(null, Object(Config\Cache), false)
 4 FCPATH\index.php(67): CodeIgniter\CodeIgniter->run()
 5 SYSTEMPATH\Commands\Server\rewrite.php(43): require_once('FCPATH\\index.php')
CRITICAL - 2022-09-12 04:42:58 --> Cannot use object of type App\Models\M_Barang as array
in APPPATH\Controllers\C_Barang.php on line 97.
 1 SYSTEMPATH\CodeIgniter.php(904): App\Controllers\C_Barang->hapus('12')
 2 SYSTEMPATH\CodeIgniter.php(457): CodeIgniter\CodeIgniter->runController(Object(App\Controllers\C_Barang))
 3 SYSTEMPATH\CodeIgniter.php(340): CodeIgniter\CodeIgniter->handleRequest(null, Object(Config\Cache), false)
 4 FCPATH\index.php(67): CodeIgniter\CodeIgniter->run()
 5 SYSTEMPATH\Commands\Server\rewrite.php(43): require_once('FCPATH\\index.php')
CRITICAL - 2022-09-12 04:42:59 --> Cannot use object of type App\Models\M_Barang as array
in APPPATH\Controllers\C_Barang.php on line 97.
 1 SYSTEMPATH\CodeIgniter.php(904): App\Controllers\C_Barang->hapus('12')
 2 SYSTEMPATH\CodeIgniter.php(457): CodeIgniter\CodeIgniter->runController(Object(App\Controllers\C_Barang))
 3 SYSTEMPATH\CodeIgniter.php(340): CodeIgniter\CodeIgniter->handleRequest(null, Object(Config\Cache), false)
 4 FCPATH\index.php(67): CodeIgniter\CodeIgniter->run()
 5 SYSTEMPATH\Commands\Server\rewrite.php(43): require_once('FCPATH\\index.php')
CRITICAL - 2022-09-12 04:43:18 --> unlink(E:\Kuliah\Kumpulan Tugas Kuliah\UNS-D3 TI\SEMESTER 5\Magang\CV. Anugrah\Project Magang\logistikptajs\public\../uploads/): No such file or directory
in APPPATH\Controllers\C_Barang.php on line 97.
 1 [internal function]: CodeIgniter\Debug\Exceptions->errorHandler(2, 'unlink(E:\\Kuliah\\Kumpulan Tugas Kuliah\\UNS-D3 TI\\SEMESTER 5\\Magang\\CV. Anugrah\\Project Magang\\logistikptajs\\public\\../uploads/): No such file or directory', 'APPPATH\\Controllers\\C_Barang.php', 97, [...])
 2 APPPATH\Controllers\C_Barang.php(97): unlink('FCPATH\\../uploads/')
 3 SYSTEMPATH\CodeIgniter.php(904): App\Controllers\C_Barang->hapus('12')
 4 SYSTEMPATH\CodeIgniter.php(457): CodeIgniter\CodeIgniter->runController(Object(App\Controllers\C_Barang))
 5 SYSTEMPATH\CodeIgniter.php(340): CodeIgniter\CodeIgniter->handleRequest(null, Object(Config\Cache), false)
 6 FCPATH\index.php(67): CodeIgniter\CodeIgniter->run()
 7 SYSTEMPATH\Commands\Server\rewrite.php(43): require_once('FCPATH\\index.php')
CRITICAL - 2022-09-12 04:43:38 --> unlink(E:\Kuliah\Kumpulan Tugas Kuliah\UNS-D3 TI\SEMESTER 5\Magang\CV. Anugrah\Project Magang\logistikptajs\public\public/uploads/): No such file or directory
in APPPATH\Controllers\C_Barang.php on line 97.
 1 [internal function]: CodeIgniter\Debug\Exceptions->errorHandler(2, 'unlink(E:\\Kuliah\\Kumpulan Tugas Kuliah\\UNS-D3 TI\\SEMESTER 5\\Magang\\CV. Anugrah\\Project Magang\\logistikptajs\\public\\public/uploads/): No such file or directory', 'APPPATH\\Controllers\\C_Barang.php', 97, [...])
 2 APPPATH\Controllers\C_Barang.php(97): unlink('FCPATH\\public/uploads/')
 3 SYSTEMPATH\CodeIgniter.php(904): App\Controllers\C_Barang->hapus('12')
 4 SYSTEMPATH\CodeIgniter.php(457): CodeIgniter\CodeIgniter->runController(Object(App\Controllers\C_Barang))
 5 SYSTEMPATH\CodeIgniter.php(340): CodeIgniter\CodeIgniter->handleRequest(null, Object(Config\Cache), false)
 6 FCPATH\index.php(67): CodeIgniter\CodeIgniter->run()
 7 SYSTEMPATH\Commands\Server\rewrite.php(43): require_once('FCPATH\\index.php')
CRITICAL - 2022-09-12 04:43:42 --> unlink(E:\Kuliah\Kumpulan Tugas Kuliah\UNS-D3 TI\SEMESTER 5\Magang\CV. Anugrah\Project Magang\logistikptajs\public\public/uploads): No such file or directory
in APPPATH\Controllers\C_Barang.php on line 97.
 1 [internal function]: CodeIgniter\Debug\Exceptions->errorHandler(2, 'unlink(E:\\Kuliah\\Kumpulan Tugas Kuliah\\UNS-D3 TI\\SEMESTER 5\\Magang\\CV. Anugrah\\Project Magang\\logistikptajs\\public\\public/uploads): No such file or directory', 'APPPATH\\Controllers\\C_Barang.php', 97, [...])
 2 APPPATH\Controllers\C_Barang.php(97): unlink('FCPATH\\public/uploads')
 3 SYSTEMPATH\CodeIgniter.php(904): App\Controllers\C_Barang->hapus('12')
 4 SYSTEMPATH\CodeIgniter.php(457): CodeIgniter\CodeIgniter->runController(Object(App\Controllers\C_Barang))
 5 SYSTEMPATH\CodeIgniter.php(340): CodeIgniter\CodeIgniter->handleRequest(null, Object(Config\Cache), false)
 6 FCPATH\index.php(67): CodeIgniter\CodeIgniter->run()
 7 SYSTEMPATH\Commands\Server\rewrite.php(43): require_once('FCPATH\\index.php')
CRITICAL - 2022-09-12 04:43:45 --> unlink(E:\Kuliah\Kumpulan Tugas Kuliah\UNS-D3 TI\SEMESTER 5\Magang\CV. Anugrah\Project Magang\logistikptajs\public\public/uploads/): No such file or directory
in APPPATH\Controllers\C_Barang.php on line 97.
 1 [internal function]: CodeIgniter\Debug\Exceptions->errorHandler(2, 'unlink(E:\\Kuliah\\Kumpulan Tugas Kuliah\\UNS-D3 TI\\SEMESTER 5\\Magang\\CV. Anugrah\\Project Magang\\logistikptajs\\public\\public/uploads/): No such file or directory', 'APPPATH\\Controllers\\C_Barang.php', 97, [...])
 2 APPPATH\Controllers\C_Barang.php(97): unlink('FCPATH\\public/uploads/')
 3 SYSTEMPATH\CodeIgniter.php(904): App\Controllers\C_Barang->hapus('12')
 4 SYSTEMPATH\CodeIgniter.php(457): CodeIgniter\CodeIgniter->runController(Object(App\Controllers\C_Barang))
 5 SYSTEMPATH\CodeIgniter.php(340): CodeIgniter\CodeIgniter->handleRequest(null, Object(Config\Cache), false)
 6 FCPATH\index.php(67): CodeIgniter\CodeIgniter->run()
 7 SYSTEMPATH\Commands\Server\rewrite.php(43): require_once('FCPATH\\index.php')
CRITICAL - 2022-09-12 04:45:09 --> unlink(E:\Kuliah\Kumpulan Tugas Kuliah\UNS-D3 TI\SEMESTER 5\Magang\CV. Anugrah\Project Magang\logistikptajs\public\public/uploads/): No such file or directory
in APPPATH\Controllers\C_Barang.php on line 97.
 1 [internal function]: CodeIgniter\Debug\Exceptions->errorHandler(2, 'unlink(E:\\Kuliah\\Kumpulan Tugas Kuliah\\UNS-D3 TI\\SEMESTER 5\\Magang\\CV. Anugrah\\Project Magang\\logistikptajs\\public\\public/uploads/): No such file or directory', 'APPPATH\\Controllers\\C_Barang.php', 97, [...])
 2 APPPATH\Controllers\C_Barang.php(97): unlink('FCPATH\\public/uploads/')
 3 SYSTEMPATH\CodeIgniter.php(904): App\Controllers\C_Barang->hapus('13')
 4 SYSTEMPATH\CodeIgniter.php(457): CodeIgniter\CodeIgniter->runController(Object(App\Controllers\C_Barang))
 5 SYSTEMPATH\CodeIgniter.php(340): CodeIgniter\CodeIgniter->handleRequest(null, Object(Config\Cache), false)
 6 FCPATH\index.php(67): CodeIgniter\CodeIgniter->run()
 7 SYSTEMPATH\Commands\Server\rewrite.php(43): require_once('FCPATH\\index.php')
CRITICAL - 2022-09-12 04:45:57 --> unlink(E:\Kuliah\Kumpulan Tugas Kuliah\UNS-D3 TI\SEMESTER 5\Magang\CV. Anugrah\Project Magang\logistikptajs\public\uploads): Is a directory
in APPPATH\Controllers\C_Barang.php on line 97.
 1 [internal function]: CodeIgniter\Debug\Exceptions->errorHandler(2, 'unlink(E:\\Kuliah\\Kumpulan Tugas Kuliah\\UNS-D3 TI\\SEMESTER 5\\Magang\\CV. Anugrah\\Project Magang\\logistikptajs\\public\\uploads): Is a directory', 'APPPATH\\Controllers\\C_Barang.php', 97, [...])
 2 APPPATH\Controllers\C_Barang.php(97): unlink('FCPATH\\uploads')
 3 SYSTEMPATH\CodeIgniter.php(904): App\Controllers\C_Barang->hapus('13')
 4 SYSTEMPATH\CodeIgniter.php(457): CodeIgniter\CodeIgniter->runController(Object(App\Controllers\C_Barang))
 5 SYSTEMPATH\CodeIgniter.php(340): CodeIgniter\CodeIgniter->handleRequest(null, Object(Config\Cache), false)
 6 FCPATH\index.php(67): CodeIgniter\CodeIgniter->run()
 7 SYSTEMPATH\Commands\Server\rewrite.php(43): require_once('FCPATH\\index.php')
CRITICAL - 2022-09-12 04:46:14 --> unlink(E:\Kuliah\Kumpulan Tugas Kuliah\UNS-D3 TI\SEMESTER 5\Magang\CV. Anugrah\Project Magang\logistikptajs\public\uploads): Is a directory
in APPPATH\Controllers\C_Barang.php on line 97.
 1 [internal function]: CodeIgniter\Debug\Exceptions->errorHandler(2, 'unlink(E:\\Kuliah\\Kumpulan Tugas Kuliah\\UNS-D3 TI\\SEMESTER 5\\Magang\\CV. Anugrah\\Project Magang\\logistikptajs\\public\\uploads): Is a directory', 'APPPATH\\Controllers\\C_Barang.php', 97, [...])
 2 APPPATH\Controllers\C_Barang.php(97): unlink('FCPATH\\uploads')
 3 SYSTEMPATH\CodeIgniter.php(904): App\Controllers\C_Barang->hapus('13')
 4 SYSTEMPATH\CodeIgniter.php(457): CodeIgniter\CodeIgniter->runController(Object(App\Controllers\C_Barang))
 5 SYSTEMPATH\CodeIgniter.php(340): CodeIgniter\CodeIgniter->handleRequest(null, Object(Config\Cache), false)
 6 FCPATH\index.php(67): CodeIgniter\CodeIgniter->run()
 7 SYSTEMPATH\Commands\Server\rewrite.php(43): require_once('FCPATH\\index.php')
CRITICAL - 2022-09-12 04:46:15 --> unlink(E:\Kuliah\Kumpulan Tugas Kuliah\UNS-D3 TI\SEMESTER 5\Magang\CV. Anugrah\Project Magang\logistikptajs\public\uploads): Is a directory
in APPPATH\Controllers\C_Barang.php on line 97.
 1 [internal function]: CodeIgniter\Debug\Exceptions->errorHandler(2, 'unlink(E:\\Kuliah\\Kumpulan Tugas Kuliah\\UNS-D3 TI\\SEMESTER 5\\Magang\\CV. Anugrah\\Project Magang\\logistikptajs\\public\\uploads): Is a directory', 'APPPATH\\Controllers\\C_Barang.php', 97, [...])
 2 APPPATH\Controllers\C_Barang.php(97): unlink('FCPATH\\uploads')
 3 SYSTEMPATH\CodeIgniter.php(904): App\Controllers\C_Barang->hapus('13')
 4 SYSTEMPATH\CodeIgniter.php(457): CodeIgniter\CodeIgniter->runController(Object(App\Controllers\C_Barang))
 5 SYSTEMPATH\CodeIgniter.php(340): CodeIgniter\CodeIgniter->handleRequest(null, Object(Config\Cache), false)
 6 FCPATH\index.php(67): CodeIgniter\CodeIgniter->run()
 7 SYSTEMPATH\Commands\Server\rewrite.php(43): require_once('FCPATH\\index.php')
CRITICAL - 2022-09-12 04:46:21 --> unlink(E:\Kuliah\Kumpulan Tugas Kuliah\UNS-D3 TI\SEMESTER 5\Magang\CV. Anugrah\Project Magang\logistikptajs\public\uploads): Is a directory
in APPPATH\Controllers\C_Barang.php on line 97.
 1 [internal function]: CodeIgniter\Debug\Exceptions->errorHandler(2, 'unlink(E:\\Kuliah\\Kumpulan Tugas Kuliah\\UNS-D3 TI\\SEMESTER 5\\Magang\\CV. Anugrah\\Project Magang\\logistikptajs\\public\\uploads): Is a directory', 'APPPATH\\Controllers\\C_Barang.php', 97, [...])
 2 APPPATH\Controllers\C_Barang.php(97): unlink('FCPATH\\uploads')
 3 SYSTEMPATH\CodeIgniter.php(904): App\Controllers\C_Barang->hapus('13')
 4 SYSTEMPATH\CodeIgniter.php(457): CodeIgniter\CodeIgniter->runController(Object(App\Controllers\C_Barang))
 5 SYSTEMPATH\CodeIgniter.php(340): CodeIgniter\CodeIgniter->handleRequest(null, Object(Config\Cache), false)
 6 FCPATH\index.php(67): CodeIgniter\CodeIgniter->run()
 7 SYSTEMPATH\Commands\Server\rewrite.php(43): require_once('FCPATH\\index.php')
CRITICAL - 2022-09-12 04:46:22 --> unlink(E:\Kuliah\Kumpulan Tugas Kuliah\UNS-D3 TI\SEMESTER 5\Magang\CV. Anugrah\Project Magang\logistikptajs\public\uploads): Is a directory
in APPPATH\Controllers\C_Barang.php on line 97.
 1 [internal function]: CodeIgniter\Debug\Exceptions->errorHandler(2, 'unlink(E:\\Kuliah\\Kumpulan Tugas Kuliah\\UNS-D3 TI\\SEMESTER 5\\Magang\\CV. Anugrah\\Project Magang\\logistikptajs\\public\\uploads): Is a directory', 'APPPATH\\Controllers\\C_Barang.php', 97, [...])
 2 APPPATH\Controllers\C_Barang.php(97): unlink('FCPATH\\uploads')
 3 SYSTEMPATH\CodeIgniter.php(904): App\Controllers\C_Barang->hapus('13')
 4 SYSTEMPATH\CodeIgniter.php(457): CodeIgniter\CodeIgniter->runController(Object(App\Controllers\C_Barang))
 5 SYSTEMPATH\CodeIgniter.php(340): CodeIgniter\CodeIgniter->handleRequest(null, Object(Config\Cache), false)
 6 FCPATH\index.php(67): CodeIgniter\CodeIgniter->run()
 7 SYSTEMPATH\Commands\Server\rewrite.php(43): require_once('FCPATH\\index.php')
CRITICAL - 2022-09-12 04:46:43 --> unlink(E:\Kuliah\Kumpulan Tugas Kuliah\UNS-D3 TI\SEMESTER 5\Magang\CV. Anugrah\Project Magang\logistikptajs\public\\uploads): Is a directory
in APPPATH\Controllers\C_Barang.php on line 97.
 1 [internal function]: CodeIgniter\Debug\Exceptions->errorHandler(2, 'unlink(E:\\Kuliah\\Kumpulan Tugas Kuliah\\UNS-D3 TI\\SEMESTER 5\\Magang\\CV. Anugrah\\Project Magang\\logistikptajs\\public\\\\uploads): Is a directory', 'APPPATH\\Controllers\\C_Barang.php', 97, [...])
 2 APPPATH\Controllers\C_Barang.php(97): unlink('FCPATH\\uploads')
 3 SYSTEMPATH\CodeIgniter.php(904): App\Controllers\C_Barang->hapus('13')
 4 SYSTEMPATH\CodeIgniter.php(457): CodeIgniter\CodeIgniter->runController(Object(App\Controllers\C_Barang))
 5 SYSTEMPATH\CodeIgniter.php(340): CodeIgniter\CodeIgniter->handleRequest(null, Object(Config\Cache), false)
 6 FCPATH\index.php(67): CodeIgniter\CodeIgniter->run()
 7 SYSTEMPATH\Commands\Server\rewrite.php(43): require_once('FCPATH\\index.php')
CRITICAL - 2022-09-12 04:46:47 --> unlink(E:\Kuliah\Kumpulan Tugas Kuliah\UNS-D3 TI\SEMESTER 5\Magang\CV. Anugrah\Project Magang\logistikptajs\public\uploads/): Is a directory
in APPPATH\Controllers\C_Barang.php on line 97.
 1 [internal function]: CodeIgniter\Debug\Exceptions->errorHandler(2, 'unlink(E:\\Kuliah\\Kumpulan Tugas Kuliah\\UNS-D3 TI\\SEMESTER 5\\Magang\\CV. Anugrah\\Project Magang\\logistikptajs\\public\\uploads/): Is a directory', 'APPPATH\\Controllers\\C_Barang.php', 97, [...])
 2 APPPATH\Controllers\C_Barang.php(97): unlink('FCPATH\\uploads')
 3 SYSTEMPATH\CodeIgniter.php(904): App\Controllers\C_Barang->hapus('13')
 4 SYSTEMPATH\CodeIgniter.php(457): CodeIgniter\CodeIgniter->runController(Object(App\Controllers\C_Barang))
 5 SYSTEMPATH\CodeIgniter.php(340): CodeIgniter\CodeIgniter->handleRequest(null, Object(Config\Cache), false)
 6 FCPATH\index.php(67): CodeIgniter\CodeIgniter->run()
 7 SYSTEMPATH\Commands\Server\rewrite.php(43): require_once('FCPATH\\index.php')
CRITICAL - 2022-09-12 04:46:55 --> syntax error, unexpected end of file
in APPPATH\Controllers\C_Barang.php on line 108.
 1 SYSTEMPATH\Autoloader\Autoloader.php(259): CodeIgniter\Autoloader\Autoloader->includeFile('APPPATH\\Controllers\\C_Barang.php')
 2 SYSTEMPATH\Autoloader\Autoloader.php(237): CodeIgniter\Autoloader\Autoloader->loadInNamespace('App\\Controllers\\C_Barang')
 3 [internal function]: CodeIgniter\Autoloader\Autoloader->loadClass('App\\Controllers\\C_Barang')
 4 [internal function]: spl_autoload_call('App\\Controllers\\C_Barang')
 5 SYSTEMPATH\CodeIgniter.php(854): class_exists('\\App\\Controllers\\C_Barang', true)
 6 SYSTEMPATH\CodeIgniter.php(444): CodeIgniter\CodeIgniter->startController()
 7 SYSTEMPATH\CodeIgniter.php(340): CodeIgniter\CodeIgniter->handleRequest(null, Object(Config\Cache), false)
 8 FCPATH\index.php(67): CodeIgniter\CodeIgniter->run()
 9 SYSTEMPATH\Commands\Server\rewrite.php(43): require_once('FCPATH\\index.php')
CRITICAL - 2022-09-12 04:47:01 --> unlink(E:\Kuliah\Kumpulan Tugas Kuliah\UNS-D3 TI\SEMESTER 5\Magang\CV. Anugrah\Project Magang\logistikptajs\public\uploads): Is a directory
in APPPATH\Controllers\C_Barang.php on line 97.
 1 [internal function]: CodeIgniter\Debug\Exceptions->errorHandler(2, 'unlink(E:\\Kuliah\\Kumpulan Tugas Kuliah\\UNS-D3 TI\\SEMESTER 5\\Magang\\CV. Anugrah\\Project Magang\\logistikptajs\\public\\uploads): Is a directory', 'APPPATH\\Controllers\\C_Barang.php', 97, [...])
 2 APPPATH\Controllers\C_Barang.php(97): unlink('FCPATH\\uploads')
 3 SYSTEMPATH\CodeIgniter.php(904): App\Controllers\C_Barang->hapus('13')
 4 SYSTEMPATH\CodeIgniter.php(457): CodeIgniter\CodeIgniter->runController(Object(App\Controllers\C_Barang))
 5 SYSTEMPATH\CodeIgniter.php(340): CodeIgniter\CodeIgniter->handleRequest(null, Object(Config\Cache), false)
 6 FCPATH\index.php(67): CodeIgniter\CodeIgniter->run()
 7 SYSTEMPATH\Commands\Server\rewrite.php(43): require_once('FCPATH\\index.php')
CRITICAL - 2022-09-12 04:48:08 --> unlink(E:\Kuliah\Kumpulan Tugas Kuliah\UNS-D3 TI\SEMESTER 5\Magang\CV. Anugrah\Project Magang\logistikptajs\public\uploads/): Is a directory
in APPPATH\Controllers\C_Barang.php on line 97.
 1 [internal function]: CodeIgniter\Debug\Exceptions->errorHandler(2, 'unlink(E:\\Kuliah\\Kumpulan Tugas Kuliah\\UNS-D3 TI\\SEMESTER 5\\Magang\\CV. Anugrah\\Project Magang\\logistikptajs\\public\\uploads/): Is a directory', 'APPPATH\\Controllers\\C_Barang.php', 97, [...])
 2 APPPATH\Controllers\C_Barang.php(97): unlink('FCPATH\\uploads')
 3 SYSTEMPATH\CodeIgniter.php(904): App\Controllers\C_Barang->hapus('14')
 4 SYSTEMPATH\CodeIgniter.php(457): CodeIgniter\CodeIgniter->runController(Object(App\Controllers\C_Barang))
 5 SYSTEMPATH\CodeIgniter.php(340): CodeIgniter\CodeIgniter->handleRequest(null, Object(Config\Cache), false)
 6 FCPATH\index.php(67): CodeIgniter\CodeIgniter->run()
 7 SYSTEMPATH\Commands\Server\rewrite.php(43): require_once('FCPATH\\index.php')
CRITICAL - 2022-09-12 04:48:13 --> unlink(E:\Kuliah\Kumpulan Tugas Kuliah\UNS-D3 TI\SEMESTER 5\Magang\CV. Anugrah\Project Magang\logistikptajs\public\uploads): Is a directory
in APPPATH\Controllers\C_Barang.php on line 97.
 1 [internal function]: CodeIgniter\Debug\Exceptions->errorHandler(2, 'unlink(E:\\Kuliah\\Kumpulan Tugas Kuliah\\UNS-D3 TI\\SEMESTER 5\\Magang\\CV. Anugrah\\Project Magang\\logistikptajs\\public\\uploads): Is a directory', 'APPPATH\\Controllers\\C_Barang.php', 97, [...])
 2 APPPATH\Controllers\C_Barang.php(97): unlink('FCPATH\\uploads')
 3 SYSTEMPATH\CodeIgniter.php(904): App\Controllers\C_Barang->hapus('14')
 4 SYSTEMPATH\CodeIgniter.php(457): CodeIgniter\CodeIgniter->runController(Object(App\Controllers\C_Barang))
 5 SYSTEMPATH\CodeIgniter.php(340): CodeIgniter\CodeIgniter->handleRequest(null, Object(Config\Cache), false)
 6 FCPATH\index.php(67): CodeIgniter\CodeIgniter->run()
 7 SYSTEMPATH\Commands\Server\rewrite.php(43): require_once('FCPATH\\index.php')
CRITICAL - 2022-09-12 04:48:16 --> unlink(E:\Kuliah\Kumpulan Tugas Kuliah\UNS-D3 TI\SEMESTER 5\Magang\CV. Anugrah\Project Magang\logistikptajs\public\uploads/): Is a directory
in APPPATH\Controllers\C_Barang.php on line 97.
 1 [internal function]: CodeIgniter\Debug\Exceptions->errorHandler(2, 'unlink(E:\\Kuliah\\Kumpulan Tugas Kuliah\\UNS-D3 TI\\SEMESTER 5\\Magang\\CV. Anugrah\\Project Magang\\logistikptajs\\public\\uploads/): Is a directory', 'APPPATH\\Controllers\\C_Barang.php', 97, [...])
 2 APPPATH\Controllers\C_Barang.php(97): unlink('FCPATH\\uploads')
 3 SYSTEMPATH\CodeIgniter.php(904): App\Controllers\C_Barang->hapus('14')
 4 SYSTEMPATH\CodeIgniter.php(457): CodeIgniter\CodeIgniter->runController(Object(App\Controllers\C_Barang))
 5 SYSTEMPATH\CodeIgniter.php(340): CodeIgniter\CodeIgniter->handleRequest(null, Object(Config\Cache), false)
 6 FCPATH\index.php(67): CodeIgniter\CodeIgniter->run()
 7 SYSTEMPATH\Commands\Server\rewrite.php(43): require_once('FCPATH\\index.php')
CRITICAL - 2022-09-12 04:49:09 --> Cannot use object of type App\Models\M_Barang as array
in APPPATH\Controllers\C_Barang.php on line 97.
 1 SYSTEMPATH\CodeIgniter.php(904): App\Controllers\C_Barang->hapus('14')
 2 SYSTEMPATH\CodeIgniter.php(457): CodeIgniter\CodeIgniter->runController(Object(App\Controllers\C_Barang))
 3 SYSTEMPATH\CodeIgniter.php(340): CodeIgniter\CodeIgniter->handleRequest(null, Object(Config\Cache), false)
 4 FCPATH\index.php(67): CodeIgniter\CodeIgniter->run()
 5 SYSTEMPATH\Commands\Server\rewrite.php(43): require_once('FCPATH\\index.php')
CRITICAL - 2022-09-12 04:49:10 --> Cannot use object of type App\Models\M_Barang as array
in APPPATH\Controllers\C_Barang.php on line 97.
 1 SYSTEMPATH\CodeIgniter.php(904): App\Controllers\C_Barang->hapus('14')
 2 SYSTEMPATH\CodeIgniter.php(457): CodeIgniter\CodeIgniter->runController(Object(App\Controllers\C_Barang))
 3 SYSTEMPATH\CodeIgniter.php(340): CodeIgniter\CodeIgniter->handleRequest(null, Object(Config\Cache), false)
 4 FCPATH\index.php(67): CodeIgniter\CodeIgniter->run()
 5 SYSTEMPATH\Commands\Server\rewrite.php(43): require_once('FCPATH\\index.php')
CRITICAL - 2022-09-12 04:49:14 --> Cannot use object of type App\Models\M_Barang as array
in APPPATH\Controllers\C_Barang.php on line 97.
 1 SYSTEMPATH\CodeIgniter.php(904): App\Controllers\C_Barang->hapus('14')
 2 SYSTEMPATH\CodeIgniter.php(457): CodeIgniter\CodeIgniter->runController(Object(App\Controllers\C_Barang))
 3 SYSTEMPATH\CodeIgniter.php(340): CodeIgniter\CodeIgniter->handleRequest(null, Object(Config\Cache), false)
 4 FCPATH\index.php(67): CodeIgniter\CodeIgniter->run()
 5 SYSTEMPATH\Commands\Server\rewrite.php(43): require_once('FCPATH\\index.php')
CRITICAL - 2022-09-12 04:51:29 --> Cannot use object of type App\Models\M_Barang as array
in APPPATH\Controllers\C_Barang.php on line 97.
 1 SYSTEMPATH\CodeIgniter.php(904): App\Controllers\C_Barang->hapus('14')
 2 SYSTEMPATH\CodeIgniter.php(457): CodeIgniter\CodeIgniter->runController(Object(App\Controllers\C_Barang))
 3 SYSTEMPATH\CodeIgniter.php(340): CodeIgniter\CodeIgniter->handleRequest(null, Object(Config\Cache), false)
 4 FCPATH\index.php(67): CodeIgniter\CodeIgniter->run()
 5 SYSTEMPATH\Commands\Server\rewrite.php(43): require_once('FCPATH\\index.php')
CRITICAL - 2022-09-12 04:51:31 --> Cannot use object of type App\Models\M_Barang as array
in APPPATH\Controllers\C_Barang.php on line 97.
 1 SYSTEMPATH\CodeIgniter.php(904): App\Controllers\C_Barang->hapus('14')
 2 SYSTEMPATH\CodeIgniter.php(457): CodeIgniter\CodeIgniter->runController(Object(App\Controllers\C_Barang))
 3 SYSTEMPATH\CodeIgniter.php(340): CodeIgniter\CodeIgniter->handleRequest(null, Object(Config\Cache), false)
 4 FCPATH\index.php(67): CodeIgniter\CodeIgniter->run()
 5 SYSTEMPATH\Commands\Server\rewrite.php(43): require_once('FCPATH\\index.php')
CRITICAL - 2022-09-12 04:51:31 --> Cannot use object of type App\Models\M_Barang as array
in APPPATH\Controllers\C_Barang.php on line 97.
 1 SYSTEMPATH\CodeIgniter.php(904): App\Controllers\C_Barang->hapus('14')
 2 SYSTEMPATH\CodeIgniter.php(457): CodeIgniter\CodeIgniter->runController(Object(App\Controllers\C_Barang))
 3 SYSTEMPATH\CodeIgniter.php(340): CodeIgniter\CodeIgniter->handleRequest(null, Object(Config\Cache), false)
 4 FCPATH\index.php(67): CodeIgniter\CodeIgniter->run()
 5 SYSTEMPATH\Commands\Server\rewrite.php(43): require_once('FCPATH\\index.php')
CRITICAL - 2022-09-12 04:52:44 --> unlink(uploads/): Is a directory
in APPPATH\Controllers\C_Barang.php on line 98.
 1 [internal function]: CodeIgniter\Debug\Exceptions->errorHandler(2, 'unlink(uploads/): Is a directory', 'APPPATH\\Controllers\\C_Barang.php', 98, [...])
 2 APPPATH\Controllers\C_Barang.php(98): unlink('FCPATH\\uploads')
 3 SYSTEMPATH\CodeIgniter.php(904): App\Controllers\C_Barang->hapus('14')
 4 SYSTEMPATH\CodeIgniter.php(457): CodeIgniter\CodeIgniter->runController(Object(App\Controllers\C_Barang))
 5 SYSTEMPATH\CodeIgniter.php(340): CodeIgniter\CodeIgniter->handleRequest(null, Object(Config\Cache), false)
 6 FCPATH\index.php(67): CodeIgniter\CodeIgniter->run()
 7 SYSTEMPATH\Commands\Server\rewrite.php(43): require_once('FCPATH\\index.php')
CRITICAL - 2022-09-12 04:52:46 --> unlink(uploads/): Is a directory
in APPPATH\Controllers\C_Barang.php on line 98.
 1 [internal function]: CodeIgniter\Debug\Exceptions->errorHandler(2, 'unlink(uploads/): Is a directory', 'APPPATH\\Controllers\\C_Barang.php', 98, [...])
 2 APPPATH\Controllers\C_Barang.php(98): unlink('FCPATH\\uploads')
 3 SYSTEMPATH\CodeIgniter.php(904): App\Controllers\C_Barang->hapus('14')
 4 SYSTEMPATH\CodeIgniter.php(457): CodeIgniter\CodeIgniter->runController(Object(App\Controllers\C_Barang))
 5 SYSTEMPATH\CodeIgniter.php(340): CodeIgniter\CodeIgniter->handleRequest(null, Object(Config\Cache), false)
 6 FCPATH\index.php(67): CodeIgniter\CodeIgniter->run()
 7 SYSTEMPATH\Commands\Server\rewrite.php(43): require_once('FCPATH\\index.php')
CRITICAL - 2022-09-12 04:52:51 --> unlink(uploads): Is a directory
in APPPATH\Controllers\C_Barang.php on line 98.
 1 [internal function]: CodeIgniter\Debug\Exceptions->errorHandler(2, 'unlink(uploads): Is a directory', 'APPPATH\\Controllers\\C_Barang.php', 98, [...])
 2 APPPATH\Controllers\C_Barang.php(98): unlink('FCPATH\\uploads')
 3 SYSTEMPATH\CodeIgniter.php(904): App\Controllers\C_Barang->hapus('14')
 4 SYSTEMPATH\CodeIgniter.php(457): CodeIgniter\CodeIgniter->runController(Object(App\Controllers\C_Barang))
 5 SYSTEMPATH\CodeIgniter.php(340): CodeIgniter\CodeIgniter->handleRequest(null, Object(Config\Cache), false)
 6 FCPATH\index.php(67): CodeIgniter\CodeIgniter->run()
 7 SYSTEMPATH\Commands\Server\rewrite.php(43): require_once('FCPATH\\index.php')
CRITICAL - 2022-09-12 04:53:57 --> unlink(uploads): Is a directory
in APPPATH\Controllers\C_Barang.php on line 98.
 1 [internal function]: CodeIgniter\Debug\Exceptions->errorHandler(2, 'unlink(uploads): Is a directory', 'APPPATH\\Controllers\\C_Barang.php', 98, [...])
 2 APPPATH\Controllers\C_Barang.php(98): unlink('FCPATH\\uploads')
 3 SYSTEMPATH\CodeIgniter.php(904): App\Controllers\C_Barang->hapus('14')
 4 SYSTEMPATH\CodeIgniter.php(457): CodeIgniter\CodeIgniter->runController(Object(App\Controllers\C_Barang))
 5 SYSTEMPATH\CodeIgniter.php(340): CodeIgniter\CodeIgniter->handleRequest(null, Object(Config\Cache), false)
 6 FCPATH\index.php(67): CodeIgniter\CodeIgniter->run()
 7 SYSTEMPATH\Commands\Server\rewrite.php(43): require_once('FCPATH\\index.php')
CRITICAL - 2022-09-12 04:54:11 --> Cannot use object of type App\Models\M_Barang as array
in APPPATH\Controllers\C_Barang.php on line 97.
 1 SYSTEMPATH\CodeIgniter.php(904): App\Controllers\C_Barang->hapus('14')
 2 SYSTEMPATH\CodeIgniter.php(457): CodeIgniter\CodeIgniter->runController(Object(App\Controllers\C_Barang))
 3 SYSTEMPATH\CodeIgniter.php(340): CodeIgniter\CodeIgniter->handleRequest(null, Object(Config\Cache), false)
 4 FCPATH\index.php(67): CodeIgniter\CodeIgniter->run()
 5 SYSTEMPATH\Commands\Server\rewrite.php(43): require_once('FCPATH\\index.php')
CRITICAL - 2022-09-12 04:55:34 --> unlink(uploads): Is a directory
in APPPATH\Controllers\C_Barang.php on line 99.
 1 [internal function]: CodeIgniter\Debug\Exceptions->errorHandler(2, 'unlink(uploads): Is a directory', 'APPPATH\\Controllers\\C_Barang.php', 99, [...])
 2 APPPATH\Controllers\C_Barang.php(99): unlink('FCPATH\\uploads')
 3 SYSTEMPATH\CodeIgniter.php(904): App\Controllers\C_Barang->hapus('14')
 4 SYSTEMPATH\CodeIgniter.php(457): CodeIgniter\CodeIgniter->runController(Object(App\Controllers\C_Barang))
 5 SYSTEMPATH\CodeIgniter.php(340): CodeIgniter\CodeIgniter->handleRequest(null, Object(Config\Cache), false)
 6 FCPATH\index.php(67): CodeIgniter\CodeIgniter->run()
 7 SYSTEMPATH\Commands\Server\rewrite.php(43): require_once('FCPATH\\index.php')
CRITICAL - 2022-09-12 04:55:36 --> unlink(uploads): Is a directory
in APPPATH\Controllers\C_Barang.php on line 99.
 1 [internal function]: CodeIgniter\Debug\Exceptions->errorHandler(2, 'unlink(uploads): Is a directory', 'APPPATH\\Controllers\\C_Barang.php', 99, [...])
 2 APPPATH\Controllers\C_Barang.php(99): unlink('FCPATH\\uploads')
 3 SYSTEMPATH\CodeIgniter.php(904): App\Controllers\C_Barang->hapus('14')
 4 SYSTEMPATH\CodeIgniter.php(457): CodeIgniter\CodeIgniter->runController(Object(App\Controllers\C_Barang))
 5 SYSTEMPATH\CodeIgniter.php(340): CodeIgniter\CodeIgniter->handleRequest(null, Object(Config\Cache), false)
 6 FCPATH\index.php(67): CodeIgniter\CodeIgniter->run()
 7 SYSTEMPATH\Commands\Server\rewrite.php(43): require_once('FCPATH\\index.php')
CRITICAL - 2022-09-12 04:55:51 --> unlink(uploads): Is a directory
in APPPATH\Controllers\C_Barang.php on line 99.
 1 [internal function]: CodeIgniter\Debug\Exceptions->errorHandler(2, 'unlink(uploads): Is a directory', 'APPPATH\\Controllers\\C_Barang.php', 99, [...])
 2 APPPATH\Controllers\C_Barang.php(99): unlink('FCPATH\\uploads')
 3 SYSTEMPATH\CodeIgniter.php(904): App\Controllers\C_Barang->hapus('14')
 4 SYSTEMPATH\CodeIgniter.php(457): CodeIgniter\CodeIgniter->runController(Object(App\Controllers\C_Barang))
 5 SYSTEMPATH\CodeIgniter.php(340): CodeIgniter\CodeIgniter->handleRequest(null, Object(Config\Cache), false)
 6 FCPATH\index.php(67): CodeIgniter\CodeIgniter->run()
 7 SYSTEMPATH\Commands\Server\rewrite.php(43): require_once('FCPATH\\index.php')
CRITICAL - 2022-09-12 04:55:53 --> unlink(uploads): Is a directory
in APPPATH\Controllers\C_Barang.php on line 99.
 1 [internal function]: CodeIgniter\Debug\Exceptions->errorHandler(2, 'unlink(uploads): Is a directory', 'APPPATH\\Controllers\\C_Barang.php', 99, [...])
 2 APPPATH\Controllers\C_Barang.php(99): unlink('FCPATH\\uploads')
 3 SYSTEMPATH\CodeIgniter.php(904): App\Controllers\C_Barang->hapus('14')
 4 SYSTEMPATH\CodeIgniter.php(457): CodeIgniter\CodeIgniter->runController(Object(App\Controllers\C_Barang))
 5 SYSTEMPATH\CodeIgniter.php(340): CodeIgniter\CodeIgniter->handleRequest(null, Object(Config\Cache), false)
 6 FCPATH\index.php(67): CodeIgniter\CodeIgniter->run()
 7 SYSTEMPATH\Commands\Server\rewrite.php(43): require_once('FCPATH\\index.php')
CRITICAL - 2022-09-12 20:38:24 --> Cannot use object of type stdClass as array
in APPPATH\Views\Menu\Satuan\index.php on line 31.
 1 SYSTEMPATH\View\View.php(213): include()
 2 SYSTEMPATH\View\View.php(216): CodeIgniter\View\View->CodeIgniter\View\{closure}()
 3 SYSTEMPATH\Common.php(1137): CodeIgniter\View\View->render('Menu/Satuan/index', [], true)
 4 APPPATH\Controllers\C_Satuan.php(21): view('Menu/Satuan/index', [...])
 5 SYSTEMPATH\CodeIgniter.php(904): App\Controllers\C_Satuan->index()
 6 SYSTEMPATH\CodeIgniter.php(457): CodeIgniter\CodeIgniter->runController(Object(App\Controllers\C_Satuan))
 7 SYSTEMPATH\CodeIgniter.php(340): CodeIgniter\CodeIgniter->handleRequest(null, Object(Config\Cache), false)
 8 FCPATH\index.php(67): CodeIgniter\CodeIgniter->run()
 9 SYSTEMPATH\Commands\Server\rewrite.php(43): require_once('FCPATH\\index.php')
CRITICAL - 2022-09-12 20:44:37 --> unlink(): http does not allow unlinking
in APPPATH\Controllers\C_Barang.php on line 98.
 1 [internal function]: CodeIgniter\Debug\Exceptions->errorHandler(2, 'unlink(): http does not allow unlinking', 'APPPATH\\Controllers\\C_Barang.php', 98, [...])
 2 APPPATH\Controllers\C_Barang.php(98): unlink('http://localhost:8080/uploads', null)
 3 SYSTEMPATH\CodeIgniter.php(904): App\Controllers\C_Barang->hapus('2')
 4 SYSTEMPATH\CodeIgniter.php(457): CodeIgniter\CodeIgniter->runController(Object(App\Controllers\C_Barang))
 5 SYSTEMPATH\CodeIgniter.php(340): CodeIgniter\CodeIgniter->handleRequest(null, Object(Config\Cache), false)
 6 FCPATH\index.php(67): CodeIgniter\CodeIgniter->run()
 7 SYSTEMPATH\Commands\Server\rewrite.php(43): require_once('FCPATH\\index.php')
CRITICAL - 2022-09-12 20:44:38 --> unlink(): http does not allow unlinking
in APPPATH\Controllers\C_Barang.php on line 98.
 1 [internal function]: CodeIgniter\Debug\Exceptions->errorHandler(2, 'unlink(): http does not allow unlinking', 'APPPATH\\Controllers\\C_Barang.php', 98, [...])
 2 APPPATH\Controllers\C_Barang.php(98): unlink('http://localhost:8080/uploads', null)
 3 SYSTEMPATH\CodeIgniter.php(904): App\Controllers\C_Barang->hapus('2')
 4 SYSTEMPATH\CodeIgniter.php(457): CodeIgniter\CodeIgniter->runController(Object(App\Controllers\C_Barang))
 5 SYSTEMPATH\CodeIgniter.php(340): CodeIgniter\CodeIgniter->handleRequest(null, Object(Config\Cache), false)
 6 FCPATH\index.php(67): CodeIgniter\CodeIgniter->run()
 7 SYSTEMPATH\Commands\Server\rewrite.php(43): require_once('FCPATH\\index.php')
CRITICAL - 2022-09-12 21:26:56 --> unlink(): http does not allow unlinking
in APPPATH\Controllers\C_Barang.php on line 98.
 1 [internal function]: CodeIgniter\Debug\Exceptions->errorHandler(2, 'unlink(): http does not allow unlinking', 'APPPATH\\Controllers\\C_Barang.php', 98, [...])
 2 APPPATH\Controllers\C_Barang.php(98): unlink('http://localhost:8080/uploads', null)
 3 SYSTEMPATH\CodeIgniter.php(904): App\Controllers\C_Barang->hapus('2')
 4 SYSTEMPATH\CodeIgniter.php(457): CodeIgniter\CodeIgniter->runController(Object(App\Controllers\C_Barang))
 5 SYSTEMPATH\CodeIgniter.php(340): CodeIgniter\CodeIgniter->handleRequest(null, Object(Config\Cache), false)
 6 FCPATH\index.php(67): CodeIgniter\CodeIgniter->run()
 7 SYSTEMPATH\Commands\Server\rewrite.php(43): require_once('FCPATH\\index.php')
CRITICAL - 2022-09-12 22:06:22 --> unlink(uploads/): Is a directory
in APPPATH\Controllers\C_Barang.php on line 100.
 1 [internal function]: CodeIgniter\Debug\Exceptions->errorHandler(2, 'unlink(uploads/): Is a directory', 'APPPATH\\Controllers\\C_Barang.php', 100, [...])
 2 APPPATH\Controllers\C_Barang.php(100): unlink('FCPATH\\uploads')
 3 SYSTEMPATH\CodeIgniter.php(904): App\Controllers\C_Barang->hapus('2')
 4 SYSTEMPATH\CodeIgniter.php(457): CodeIgniter\CodeIgniter->runController(Object(App\Controllers\C_Barang))
 5 SYSTEMPATH\CodeIgniter.php(340): CodeIgniter\CodeIgniter->handleRequest(null, Object(Config\Cache), false)
 6 FCPATH\index.php(67): CodeIgniter\CodeIgniter->run()
 7 SYSTEMPATH\Commands\Server\rewrite.php(43): require_once('FCPATH\\index.php')
CRITICAL - 2022-09-12 22:06:23 --> unlink(uploads/): Is a directory
in APPPATH\Controllers\C_Barang.php on line 100.
 1 [internal function]: CodeIgniter\Debug\Exceptions->errorHandler(2, 'unlink(uploads/): Is a directory', 'APPPATH\\Controllers\\C_Barang.php', 100, [...])
 2 APPPATH\Controllers\C_Barang.php(100): unlink('FCPATH\\uploads')
 3 SYSTEMPATH\CodeIgniter.php(904): App\Controllers\C_Barang->hapus('2')
 4 SYSTEMPATH\CodeIgniter.php(457): CodeIgniter\CodeIgniter->runController(Object(App\Controllers\C_Barang))
 5 SYSTEMPATH\CodeIgniter.php(340): CodeIgniter\CodeIgniter->handleRequest(null, Object(Config\Cache), false)
 6 FCPATH\index.php(67): CodeIgniter\CodeIgniter->run()
 7 SYSTEMPATH\Commands\Server\rewrite.php(43): require_once('FCPATH\\index.php')
CRITICAL - 2022-09-12 22:06:28 --> unlink(uploads/): Is a directory
in APPPATH\Controllers\C_Barang.php on line 100.
 1 [internal function]: CodeIgniter\Debug\Exceptions->errorHandler(2, 'unlink(uploads/): Is a directory', 'APPPATH\\Controllers\\C_Barang.php', 100, [...])
 2 APPPATH\Controllers\C_Barang.php(100): unlink('FCPATH\\uploads')
 3 SYSTEMPATH\CodeIgniter.php(904): App\Controllers\C_Barang->hapus('2')
 4 SYSTEMPATH\CodeIgniter.php(457): CodeIgniter\CodeIgniter->runController(Object(App\Controllers\C_Barang))
 5 SYSTEMPATH\CodeIgniter.php(340): CodeIgniter\CodeIgniter->handleRequest(null, Object(Config\Cache), false)
 6 FCPATH\index.php(67): CodeIgniter\CodeIgniter->run()
 7 SYSTEMPATH\Commands\Server\rewrite.php(43): require_once('FCPATH\\index.php')
CRITICAL - 2022-09-12 22:06:29 --> unlink(uploads/): Is a directory
in APPPATH\Controllers\C_Barang.php on line 100.
 1 [internal function]: CodeIgniter\Debug\Exceptions->errorHandler(2, 'unlink(uploads/): Is a directory', 'APPPATH\\Controllers\\C_Barang.php', 100, [...])
 2 APPPATH\Controllers\C_Barang.php(100): unlink('FCPATH\\uploads')
 3 SYSTEMPATH\CodeIgniter.php(904): App\Controllers\C_Barang->hapus('2')
 4 SYSTEMPATH\CodeIgniter.php(457): CodeIgniter\CodeIgniter->runController(Object(App\Controllers\C_Barang))
 5 SYSTEMPATH\CodeIgniter.php(340): CodeIgniter\CodeIgniter->handleRequest(null, Object(Config\Cache), false)
 6 FCPATH\index.php(67): CodeIgniter\CodeIgniter->run()
 7 SYSTEMPATH\Commands\Server\rewrite.php(43): require_once('FCPATH\\index.php')
CRITICAL - 2022-09-12 23:50:48 --> Trying to get property 'foto_serial_number' of non-object
in APPPATH\Controllers\C_Barang.php on line 73.
 1 APPPATH\Controllers\C_Barang.php(73): CodeIgniter\Debug\Exceptions->errorHandler(8, 'Trying to get property \'foto_serial_number\' of non-object', 'APPPATH\\Controllers\\C_Barang.php', 73, [...])
 2 SYSTEMPATH\CodeIgniter.php(904): App\Controllers\C_Barang->edit()
 3 SYSTEMPATH\CodeIgniter.php(457): CodeIgniter\CodeIgniter->runController(Object(App\Controllers\C_Barang))
 4 SYSTEMPATH\CodeIgniter.php(340): CodeIgniter\CodeIgniter->handleRequest(null, Object(Config\Cache), false)
 5 FCPATH\index.php(67): CodeIgniter\CodeIgniter->run()
 6 SYSTEMPATH\Commands\Server\rewrite.php(43): require_once('FCPATH\\index.php')
CRITICAL - 2022-09-12 23:52:28 --> Trying to get property 'foto_serial_number' of non-object
in APPPATH\Controllers\C_Barang.php on line 74.
 1 APPPATH\Controllers\C_Barang.php(74): CodeIgniter\Debug\Exceptions->errorHandler(8, 'Trying to get property \'foto_serial_number\' of non-object', 'APPPATH\\Controllers\\C_Barang.php', 74, [...])
 2 SYSTEMPATH\CodeIgniter.php(904): App\Controllers\C_Barang->edit()
 3 SYSTEMPATH\CodeIgniter.php(457): CodeIgniter\CodeIgniter->runController(Object(App\Controllers\C_Barang))
 4 SYSTEMPATH\CodeIgniter.php(340): CodeIgniter\CodeIgniter->handleRequest(null, Object(Config\Cache), false)
 5 FCPATH\index.php(67): CodeIgniter\CodeIgniter->run()
 6 SYSTEMPATH\Commands\Server\rewrite.php(43): require_once('FCPATH\\index.php')
CRITICAL - 2022-09-12 23:52:51 --> Undefined index: foto_serial_number
in APPPATH\Controllers\C_Barang.php on line 74.
 1 APPPATH\Controllers\C_Barang.php(74): CodeIgniter\Debug\Exceptions->errorHandler(8, 'Undefined index: foto_serial_number', 'APPPATH\\Controllers\\C_Barang.php', 74, [...])
 2 SYSTEMPATH\CodeIgniter.php(904): App\Controllers\C_Barang->edit()
 3 SYSTEMPATH\CodeIgniter.php(457): CodeIgniter\CodeIgniter->runController(Object(App\Controllers\C_Barang))
 4 SYSTEMPATH\CodeIgniter.php(340): CodeIgniter\CodeIgniter->handleRequest(null, Object(Config\Cache), false)
 5 FCPATH\index.php(67): CodeIgniter\CodeIgniter->run()
 6 SYSTEMPATH\Commands\Server\rewrite.php(43): require_once('FCPATH\\index.php')
CRITICAL - 2022-09-12 23:53:37 --> Undefined index: foto_serial_number
in APPPATH\Controllers\C_Barang.php on line 74.
 1 APPPATH\Controllers\C_Barang.php(74): CodeIgniter\Debug\Exceptions->errorHandler(8, 'Undefined index: foto_serial_number', 'APPPATH\\Controllers\\C_Barang.php', 74, [...])
 2 SYSTEMPATH\CodeIgniter.php(904): App\Controllers\C_Barang->edit()
 3 SYSTEMPATH\CodeIgniter.php(457): CodeIgniter\CodeIgniter->runController(Object(App\Controllers\C_Barang))
 4 SYSTEMPATH\CodeIgniter.php(340): CodeIgniter\CodeIgniter->handleRequest(null, Object(Config\Cache), false)
 5 FCPATH\index.php(67): CodeIgniter\CodeIgniter->run()
 6 SYSTEMPATH\Commands\Server\rewrite.php(43): require_once('FCPATH\\index.php')
CRITICAL - 2022-09-12 23:53:38 --> Undefined index: foto_serial_number
in APPPATH\Controllers\C_Barang.php on line 74.
 1 APPPATH\Controllers\C_Barang.php(74): CodeIgniter\Debug\Exceptions->errorHandler(8, 'Undefined index: foto_serial_number', 'APPPATH\\Controllers\\C_Barang.php', 74, [...])
 2 SYSTEMPATH\CodeIgniter.php(904): App\Controllers\C_Barang->edit()
 3 SYSTEMPATH\CodeIgniter.php(457): CodeIgniter\CodeIgniter->runController(Object(App\Controllers\C_Barang))
 4 SYSTEMPATH\CodeIgniter.php(340): CodeIgniter\CodeIgniter->handleRequest(null, Object(Config\Cache), false)
 5 FCPATH\index.php(67): CodeIgniter\CodeIgniter->run()
 6 SYSTEMPATH\Commands\Server\rewrite.php(43): require_once('FCPATH\\index.php')
CRITICAL - 2022-09-12 23:54:24 --> Undefined index: foto_serial_number
in APPPATH\Controllers\C_Barang.php on line 74.
 1 APPPATH\Controllers\C_Barang.php(74): CodeIgniter\Debug\Exceptions->errorHandler(8, 'Undefined index: foto_serial_number', 'APPPATH\\Controllers\\C_Barang.php', 74, [...])
 2 SYSTEMPATH\CodeIgniter.php(904): App\Controllers\C_Barang->edit()
 3 SYSTEMPATH\CodeIgniter.php(457): CodeIgniter\CodeIgniter->runController(Object(App\Controllers\C_Barang))
 4 SYSTEMPATH\CodeIgniter.php(340): CodeIgniter\CodeIgniter->handleRequest(null, Object(Config\Cache), false)
 5 FCPATH\index.php(67): CodeIgniter\CodeIgniter->run()
 6 SYSTEMPATH\Commands\Server\rewrite.php(43): require_once('FCPATH\\index.php')
CRITICAL - 2022-09-12 23:54:47 --> Undefined index: foto_serial_number
in APPPATH\Controllers\C_Barang.php on line 74.
 1 APPPATH\Controllers\C_Barang.php(74): CodeIgniter\Debug\Exceptions->errorHandler(8, 'Undefined index: foto_serial_number', 'APPPATH\\Controllers\\C_Barang.php', 74, [...])
 2 SYSTEMPATH\CodeIgniter.php(904): App\Controllers\C_Barang->edit()
 3 SYSTEMPATH\CodeIgniter.php(457): CodeIgniter\CodeIgniter->runController(Object(App\Controllers\C_Barang))
 4 SYSTEMPATH\CodeIgniter.php(340): CodeIgniter\CodeIgniter->handleRequest(null, Object(Config\Cache), false)
 5 FCPATH\index.php(67): CodeIgniter\CodeIgniter->run()
 6 SYSTEMPATH\Commands\Server\rewrite.php(43): require_once('FCPATH\\index.php')
CRITICAL - 2022-09-12 23:56:16 --> Cannot use object of type App\Models\M_Barang as array
in APPPATH\Controllers\C_Barang.php on line 74.
 1 SYSTEMPATH\CodeIgniter.php(904): App\Controllers\C_Barang->edit()
 2 SYSTEMPATH\CodeIgniter.php(457): CodeIgniter\CodeIgniter->runController(Object(App\Controllers\C_Barang))
 3 SYSTEMPATH\CodeIgniter.php(340): CodeIgniter\CodeIgniter->handleRequest(null, Object(Config\Cache), false)
 4 FCPATH\index.php(67): CodeIgniter\CodeIgniter->run()
 5 SYSTEMPATH\Commands\Server\rewrite.php(43): require_once('FCPATH\\index.php')
CRITICAL - 2022-09-12 23:56:27 --> unlink(uploads/): Is a directory
in APPPATH\Controllers\C_Barang.php on line 75.
 1 [internal function]: CodeIgniter\Debug\Exceptions->errorHandler(2, 'unlink(uploads/): Is a directory', 'APPPATH\\Controllers\\C_Barang.php', 75, [...])
 2 APPPATH\Controllers\C_Barang.php(75): unlink('FCPATH\\uploads')
 3 SYSTEMPATH\CodeIgniter.php(904): App\Controllers\C_Barang->edit()
 4 SYSTEMPATH\CodeIgniter.php(457): CodeIgniter\CodeIgniter->runController(Object(App\Controllers\C_Barang))
 5 SYSTEMPATH\CodeIgniter.php(340): CodeIgniter\CodeIgniter->handleRequest(null, Object(Config\Cache), false)
 6 FCPATH\index.php(67): CodeIgniter\CodeIgniter->run()
 7 SYSTEMPATH\Commands\Server\rewrite.php(43): require_once('FCPATH\\index.php')
CRITICAL - 2022-09-12 23:57:00 --> Trying to get property 'foto_serial_number' of non-object
in APPPATH\Controllers\C_Barang.php on line 74.
 1 APPPATH\Controllers\C_Barang.php(74): CodeIgniter\Debug\Exceptions->errorHandler(8, 'Trying to get property \'foto_serial_number\' of non-object', 'APPPATH\\Controllers\\C_Barang.php', 74, [...])
 2 SYSTEMPATH\CodeIgniter.php(904): App\Controllers\C_Barang->edit()
 3 SYSTEMPATH\CodeIgniter.php(457): CodeIgniter\CodeIgniter->runController(Object(App\Controllers\C_Barang))
 4 SYSTEMPATH\CodeIgniter.php(340): CodeIgniter\CodeIgniter->handleRequest(null, Object(Config\Cache), false)
 5 FCPATH\index.php(67): CodeIgniter\CodeIgniter->run()
 6 SYSTEMPATH\Commands\Server\rewrite.php(43): require_once('FCPATH\\index.php')
CRITICAL - 2022-09-12 23:57:13 --> Argument 1 passed to CodeIgniter\BaseModel::findAll() must be of the type int, null given, called in E:\Kuliah\Kumpulan Tugas Kuliah\UNS-D3 TI\SEMESTER 5\Magang\CV. Anugrah\Project Magang\logistikptajs\app\Controllers\C_Barang.php on line 73
in SYSTEMPATH\BaseModel.php on line 567.
 1 APPPATH\Controllers\C_Barang.php(73): CodeIgniter\BaseModel->findAll(null)
 2 SYSTEMPATH\CodeIgniter.php(904): App\Controllers\C_Barang->edit()
 3 SYSTEMPATH\CodeIgniter.php(457): CodeIgniter\CodeIgniter->runController(Object(App\Controllers\C_Barang))
 4 SYSTEMPATH\CodeIgniter.php(340): CodeIgniter\CodeIgniter->handleRequest(null, Object(Config\Cache), false)
 5 FCPATH\index.php(67): CodeIgniter\CodeIgniter->run()
 6 SYSTEMPATH\Commands\Server\rewrite.php(43): require_once('FCPATH\\index.php')
CRITICAL - 2022-09-12 23:57:31 --> Call to a member function where() on array
in APPPATH\Controllers\C_Barang.php on line 73.
 1 SYSTEMPATH\CodeIgniter.php(904): App\Controllers\C_Barang->edit()
 2 SYSTEMPATH\CodeIgniter.php(457): CodeIgniter\CodeIgniter->runController(Object(App\Controllers\C_Barang))
 3 SYSTEMPATH\CodeIgniter.php(340): CodeIgniter\CodeIgniter->handleRequest(null, Object(Config\Cache), false)
 4 FCPATH\index.php(67): CodeIgniter\CodeIgniter->run()
 5 SYSTEMPATH\Commands\Server\rewrite.php(43): require_once('FCPATH\\index.php')
CRITICAL - 2022-09-12 23:57:38 --> Call to a member function where() on array
in APPPATH\Controllers\C_Barang.php on line 73.
 1 SYSTEMPATH\CodeIgniter.php(904): App\Controllers\C_Barang->edit()
 2 SYSTEMPATH\CodeIgniter.php(457): CodeIgniter\CodeIgniter->runController(Object(App\Controllers\C_Barang))
 3 SYSTEMPATH\CodeIgniter.php(340): CodeIgniter\CodeIgniter->handleRequest(null, Object(Config\Cache), false)
 4 FCPATH\index.php(67): CodeIgniter\CodeIgniter->run()
 5 SYSTEMPATH\Commands\Server\rewrite.php(43): require_once('FCPATH\\index.php')
CRITICAL - 2022-09-12 23:57:44 --> unlink(uploads/): Is a directory
in APPPATH\Controllers\C_Barang.php on line 75.
 1 [internal function]: CodeIgniter\Debug\Exceptions->errorHandler(2, 'unlink(uploads/): Is a directory', 'APPPATH\\Controllers\\C_Barang.php', 75, [...])
 2 APPPATH\Controllers\C_Barang.php(75): unlink('FCPATH\\uploads')
 3 SYSTEMPATH\CodeIgniter.php(904): App\Controllers\C_Barang->edit()
 4 SYSTEMPATH\CodeIgniter.php(457): CodeIgniter\CodeIgniter->runController(Object(App\Controllers\C_Barang))
 5 SYSTEMPATH\CodeIgniter.php(340): CodeIgniter\CodeIgniter->handleRequest(null, Object(Config\Cache), false)
 6 FCPATH\index.php(67): CodeIgniter\CodeIgniter->run()
 7 SYSTEMPATH\Commands\Server\rewrite.php(43): require_once('FCPATH\\index.php')
CRITICAL - 2022-09-12 23:57:57 --> unlink(uploads/): Is a directory
in APPPATH\Controllers\C_Barang.php on line 75.
 1 [internal function]: CodeIgniter\Debug\Exceptions->errorHandler(2, 'unlink(uploads/): Is a directory', 'APPPATH\\Controllers\\C_Barang.php', 75, [...])
 2 APPPATH\Controllers\C_Barang.php(75): unlink('FCPATH\\uploads')
 3 SYSTEMPATH\CodeIgniter.php(904): App\Controllers\C_Barang->edit()
 4 SYSTEMPATH\CodeIgniter.php(457): CodeIgniter\CodeIgniter->runController(Object(App\Controllers\C_Barang))
 5 SYSTEMPATH\CodeIgniter.php(340): CodeIgniter\CodeIgniter->handleRequest(null, Object(Config\Cache), false)
 6 FCPATH\index.php(67): CodeIgniter\CodeIgniter->run()
 7 SYSTEMPATH\Commands\Server\rewrite.php(43): require_once('FCPATH\\index.php')
CRITICAL - 2022-09-12 23:58:39 --> unlink(uploads/): Is a directory
in APPPATH\Controllers\C_Barang.php on line 78.
 1 [internal function]: CodeIgniter\Debug\Exceptions->errorHandler(2, 'unlink(uploads/): Is a directory', 'APPPATH\\Controllers\\C_Barang.php', 78, [...])
 2 APPPATH\Controllers\C_Barang.php(78): unlink('FCPATH\\uploads')
 3 SYSTEMPATH\CodeIgniter.php(904): App\Controllers\C_Barang->edit()
 4 SYSTEMPATH\CodeIgniter.php(457): CodeIgniter\CodeIgniter->runController(Object(App\Controllers\C_Barang))
 5 SYSTEMPATH\CodeIgniter.php(340): CodeIgniter\CodeIgniter->handleRequest(null, Object(Config\Cache), false)
 6 FCPATH\index.php(67): CodeIgniter\CodeIgniter->run()
 7 SYSTEMPATH\Commands\Server\rewrite.php(43): require_once('FCPATH\\index.php')
