CRITICAL - 2022-10-26 04:58:40 --> Undefined property: stdClass::$status
in APPPATH\Views\Menu\Permintaan\Material\index.php on line 40.
 1 APPPATH\Views\Menu\Permintaan\Material\index.php(40): CodeIgniter\Debug\Exceptions->errorHandler(8, 'Undefined property: stdClass::$status', 'APPPATH\\Views\\Menu\\Permintaan\\Material\\index.php', 40, [...])
 2 SYSTEMPATH\View\View.php(213): include('APPPATH\\Views\\Menu\\Permintaan\\Material\\index.php')
 3 SYSTEMPATH\View\View.php(216): CodeIgniter\View\View->CodeIgniter\View\{closure}()
 4 SYSTEMPATH\Common.php(1137): CodeIgniter\View\View->render('Menu/Permintaan/Material/index', [], true)
 5 APPPATH\Controllers\C_Permintaan.php(27): view('Menu/Permintaan/Material/index', [...])
 6 SYSTEMPATH\CodeIgniter.php(904): App\Controllers\C_Permintaan->permintaan_material()
 7 SYSTEMPATH\CodeIgniter.php(457): CodeIgniter\CodeIgniter->runController(Object(App\Controllers\C_Permintaan))
 8 SYSTEMPATH\CodeIgniter.php(340): CodeIgniter\CodeIgniter->handleRequest(null, Object(Config\Cache), false)
 9 FCPATH\index.php(67): CodeIgniter\CodeIgniter->run()
10 SYSTEMPATH\Commands\Server\rewrite.php(43): require_once('FCPATH\\index.php')
CRITICAL - 2022-10-26 05:01:38 --> Undefined property: stdClass::$status
in APPPATH\Views\Menu\Permintaan\Material\index.php on line 40.
 1 APPPATH\Views\Menu\Permintaan\Material\index.php(40): CodeIgniter\Debug\Exceptions->errorHandler(8, 'Undefined property: stdClass::$status', 'APPPATH\\Views\\Menu\\Permintaan\\Material\\index.php', 40, [...])
 2 SYSTEMPATH\View\View.php(213): include('APPPATH\\Views\\Menu\\Permintaan\\Material\\index.php')
 3 SYSTEMPATH\View\View.php(216): CodeIgniter\View\View->CodeIgniter\View\{closure}()
 4 SYSTEMPATH\Common.php(1137): CodeIgniter\View\View->render('Menu/Permintaan/Material/index', [], true)
 5 APPPATH\Controllers\C_Permintaan.php(27): view('Menu/Permintaan/Material/index', [...])
 6 SYSTEMPATH\CodeIgniter.php(904): App\Controllers\C_Permintaan->permintaan_material()
 7 SYSTEMPATH\CodeIgniter.php(457): CodeIgniter\CodeIgniter->runController(Object(App\Controllers\C_Permintaan))
 8 SYSTEMPATH\CodeIgniter.php(340): CodeIgniter\CodeIgniter->handleRequest(null, Object(Config\Cache), false)
 9 FCPATH\index.php(67): CodeIgniter\CodeIgniter->run()
10 SYSTEMPATH\Commands\Server\rewrite.php(43): require_once('FCPATH\\index.php')
CRITICAL - 2022-10-26 05:11:38 --> Undefined property: stdClass::$status
in APPPATH\Views\Menu\Permintaan\Material\index.php on line 40.
 1 APPPATH\Views\Menu\Permintaan\Material\index.php(40): CodeIgniter\Debug\Exceptions->errorHandler(8, 'Undefined property: stdClass::$status', 'APPPATH\\Views\\Menu\\Permintaan\\Material\\index.php', 40, [...])
 2 SYSTEMPATH\View\View.php(213): include('APPPATH\\Views\\Menu\\Permintaan\\Material\\index.php')
 3 SYSTEMPATH\View\View.php(216): CodeIgniter\View\View->CodeIgniter\View\{closure}()
 4 SYSTEMPATH\Common.php(1137): CodeIgniter\View\View->render('Menu/Permintaan/Material/index', [], true)
 5 APPPATH\Controllers\C_Permintaan.php(27): view('Menu/Permintaan/Material/index', [...])
 6 SYSTEMPATH\CodeIgniter.php(904): App\Controllers\C_Permintaan->permintaan_material()
 7 SYSTEMPATH\CodeIgniter.php(457): CodeIgniter\CodeIgniter->runController(Object(App\Controllers\C_Permintaan))
 8 SYSTEMPATH\CodeIgniter.php(340): CodeIgniter\CodeIgniter->handleRequest(null, Object(Config\Cache), false)
 9 FCPATH\index.php(67): CodeIgniter\CodeIgniter->run()
10 SYSTEMPATH\Commands\Server\rewrite.php(43): require_once('FCPATH\\index.php')
CRITICAL - 2022-10-26 05:11:43 --> Undefined property: stdClass::$status
in APPPATH\Views\Menu\Permintaan\Material\index.php on line 40.
 1 APPPATH\Views\Menu\Permintaan\Material\index.php(40): CodeIgniter\Debug\Exceptions->errorHandler(8, 'Undefined property: stdClass::$status', 'APPPATH\\Views\\Menu\\Permintaan\\Material\\index.php', 40, [...])
 2 SYSTEMPATH\View\View.php(213): include('APPPATH\\Views\\Menu\\Permintaan\\Material\\index.php')
 3 SYSTEMPATH\View\View.php(216): CodeIgniter\View\View->CodeIgniter\View\{closure}()
 4 SYSTEMPATH\Common.php(1137): CodeIgniter\View\View->render('Menu/Permintaan/Material/index', [], true)
 5 APPPATH\Controllers\C_Permintaan.php(27): view('Menu/Permintaan/Material/index', [...])
 6 SYSTEMPATH\CodeIgniter.php(904): App\Controllers\C_Permintaan->permintaan_material()
 7 SYSTEMPATH\CodeIgniter.php(457): CodeIgniter\CodeIgniter->runController(Object(App\Controllers\C_Permintaan))
 8 SYSTEMPATH\CodeIgniter.php(340): CodeIgniter\CodeIgniter->handleRequest(null, Object(Config\Cache), false)
 9 FCPATH\index.php(67): CodeIgniter\CodeIgniter->run()
10 SYSTEMPATH\Commands\Server\rewrite.php(43): require_once('FCPATH\\index.php')
CRITICAL - 2022-10-26 20:17:57 --> Undefined property: stdClass::$status
in APPPATH\Views\Menu\Permintaan\Material\index.php on line 40.
 1 APPPATH\Views\Menu\Permintaan\Material\index.php(40): CodeIgniter\Debug\Exceptions->errorHandler(8, 'Undefined property: stdClass::$status', 'APPPATH\\Views\\Menu\\Permintaan\\Material\\index.php', 40, [...])
 2 SYSTEMPATH\View\View.php(213): include('APPPATH\\Views\\Menu\\Permintaan\\Material\\index.php')
 3 SYSTEMPATH\View\View.php(216): CodeIgniter\View\View->CodeIgniter\View\{closure}()
 4 SYSTEMPATH\Common.php(1137): CodeIgniter\View\View->render('Menu/Permintaan/Material/index', [], true)
 5 APPPATH\Controllers\C_Permintaan.php(27): view('Menu/Permintaan/Material/index', [...])
 6 SYSTEMPATH\CodeIgniter.php(904): App\Controllers\C_Permintaan->permintaan_material()
 7 SYSTEMPATH\CodeIgniter.php(457): CodeIgniter\CodeIgniter->runController(Object(App\Controllers\C_Permintaan))
 8 SYSTEMPATH\CodeIgniter.php(340): CodeIgniter\CodeIgniter->handleRequest(null, Object(Config\Cache), false)
 9 FCPATH\index.php(67): CodeIgniter\CodeIgniter->run()
10 SYSTEMPATH\Commands\Server\rewrite.php(43): require_once('FCPATH\\index.php')
CRITICAL - 2022-10-26 20:18:20 --> Undefined property: stdClass::$status
in APPPATH\Views\Menu\Permintaan\Material\index.php on line 40.
 1 APPPATH\Views\Menu\Permintaan\Material\index.php(40): CodeIgniter\Debug\Exceptions->errorHandler(8, 'Undefined property: stdClass::$status', 'APPPATH\\Views\\Menu\\Permintaan\\Material\\index.php', 40, [...])
 2 SYSTEMPATH\View\View.php(213): include('APPPATH\\Views\\Menu\\Permintaan\\Material\\index.php')
 3 SYSTEMPATH\View\View.php(216): CodeIgniter\View\View->CodeIgniter\View\{closure}()
 4 SYSTEMPATH\Common.php(1137): CodeIgniter\View\View->render('Menu/Permintaan/Material/index', [], true)
 5 APPPATH\Controllers\C_Permintaan.php(27): view('Menu/Permintaan/Material/index', [...])
 6 SYSTEMPATH\CodeIgniter.php(904): App\Controllers\C_Permintaan->permintaan_material()
 7 SYSTEMPATH\CodeIgniter.php(457): CodeIgniter\CodeIgniter->runController(Object(App\Controllers\C_Permintaan))
 8 SYSTEMPATH\CodeIgniter.php(340): CodeIgniter\CodeIgniter->handleRequest(null, Object(Config\Cache), false)
 9 FCPATH\index.php(67): CodeIgniter\CodeIgniter->run()
10 SYSTEMPATH\Commands\Server\rewrite.php(43): require_once('FCPATH\\index.php')
CRITICAL - 2022-10-26 20:18:26 --> Undefined property: stdClass::$status
in APPPATH\Views\Menu\Permintaan\Material\index.php on line 40.
 1 APPPATH\Views\Menu\Permintaan\Material\index.php(40): CodeIgniter\Debug\Exceptions->errorHandler(8, 'Undefined property: stdClass::$status', 'APPPATH\\Views\\Menu\\Permintaan\\Material\\index.php', 40, [...])
 2 SYSTEMPATH\View\View.php(213): include('APPPATH\\Views\\Menu\\Permintaan\\Material\\index.php')
 3 SYSTEMPATH\View\View.php(216): CodeIgniter\View\View->CodeIgniter\View\{closure}()
 4 SYSTEMPATH\Common.php(1137): CodeIgniter\View\View->render('Menu/Permintaan/Material/index', [], true)
 5 APPPATH\Controllers\C_Permintaan.php(27): view('Menu/Permintaan/Material/index', [...])
 6 SYSTEMPATH\CodeIgniter.php(904): App\Controllers\C_Permintaan->permintaan_material()
 7 SYSTEMPATH\CodeIgniter.php(457): CodeIgniter\CodeIgniter->runController(Object(App\Controllers\C_Permintaan))
 8 SYSTEMPATH\CodeIgniter.php(340): CodeIgniter\CodeIgniter->handleRequest(null, Object(Config\Cache), false)
 9 FCPATH\index.php(67): CodeIgniter\CodeIgniter->run()
10 SYSTEMPATH\Commands\Server\rewrite.php(43): require_once('FCPATH\\index.php')
ERROR - 2022-10-26 20:22:31 --> mysqli_sql_exception: Cannot delete or update a parent row: a foreign key constraint fails (`logistikptajs`.`material`, CONSTRAINT `material_id_satuan_foreign` FOREIGN KEY (`id_satuan`) REFERENCES `satuan` (`id_satuan`)) in E:\Kuliah\Kumpulan Tugas Kuliah\UNS-D3 TI\SEMESTER 5\Magang\CV. Anugrah\Project Magang\silogajs\system\Database\MySQLi\Connection.php:292
Stack trace:
#0 E:\Kuliah\Kumpulan Tugas Kuliah\UNS-D3 TI\SEMESTER 5\Magang\CV. Anugrah\Project Magang\silogajs\system\Database\MySQLi\Connection.php(292): mysqli->query('DELETE FROM `sa...', 0)
#1 E:\Kuliah\Kumpulan Tugas Kuliah\UNS-D3 TI\SEMESTER 5\Magang\CV. Anugrah\Project Magang\silogajs\system\Database\BaseConnection.php(693): CodeIgniter\Database\MySQLi\Connection->execute('DELETE FROM `sa...')
#2 E:\Kuliah\Kumpulan Tugas Kuliah\UNS-D3 TI\SEMESTER 5\Magang\CV. Anugrah\Project Magang\silogajs\system\Database\BaseConnection.php(620): CodeIgniter\Database\BaseConnection->simpleQuery('DELETE FROM `sa...')
#3 E:\Kuliah\Kumpulan Tugas Kuliah\UNS-D3 TI\SEMESTER 5\Magang\CV. Anugrah\Project Magang\silogajs\system\Database\BaseBuilder.php(2390): CodeIgniter\Database\BaseConnection->query('DELETE FROM `sa...', Array, false)
#4 E:\Kuliah\Kumpulan Tugas Kuliah\UNS-D3 TI\SEMESTER 5\Magang\CV. Anugrah\Project Magang\silogajs\system\Model.php(400): CodeIgniter\Database\BaseBuilder->delete()
#5 E:\Kuliah\Kumpulan Tugas Kuliah\UNS-D3 TI\SEMESTER 5\Magang\CV. Anugrah\Project Magang\silogajs\system\BaseModel.php(963): CodeIgniter\Model->doDelete(Array, false)
#6 E:\Kuliah\Kumpulan Tugas Kuliah\UNS-D3 TI\SEMESTER 5\Magang\CV. Anugrah\Project Magang\silogajs\app\Controllers\C_Satuan.php(84): CodeIgniter\BaseModel->delete(Array)
#7 E:\Kuliah\Kumpulan Tugas Kuliah\UNS-D3 TI\SEMESTER 5\Magang\CV. Anugrah\Project Magang\silogajs\system\CodeIgniter.php(904): App\Controllers\C_Satuan->hapus('2')
#8 E:\Kuliah\Kumpulan Tugas Kuliah\UNS-D3 TI\SEMESTER 5\Magang\CV. Anugrah\Project Magang\silogajs\system\CodeIgniter.php(457): CodeIgniter\CodeIgniter->runController(Object(App\Controllers\C_Satuan))
#9 E:\Kuliah\Kumpulan Tugas Kuliah\UNS-D3 TI\SEMESTER 5\Magang\CV. Anugrah\Project Magang\silogajs\system\CodeIgniter.php(340): CodeIgniter\CodeIgniter->handleRequest(NULL, Object(Config\Cache), false)
#10 E:\Kuliah\Kumpulan Tugas Kuliah\UNS-D3 TI\SEMESTER 5\Magang\CV. Anugrah\Project Magang\silogajs\public\index.php(67): CodeIgniter\CodeIgniter->run()
#11 E:\Kuliah\Kumpulan Tugas Kuliah\UNS-D3 TI\SEMESTER 5\Magang\CV. Anugrah\Project Magang\silogajs\system\Commands\Server\rewrite.php(43): require_once('E:\\Kuliah\\Kumpu...')
#12 {main}
