CRITICAL - 2022-11-15 05:30:48 --> Undefined property: stdClass::$no_permintaan
in APPPATH\Views\Menu\Permintaan\Kabel\index.php on line 119.
 1 APPPATH\Views\Menu\Permintaan\Kabel\index.php(119): CodeIgniter\Debug\Exceptions->errorHandler(8, 'Undefined property: stdClass::$no_permintaan', 'APPPATH\\Views\\Menu\\Permintaan\\Kabel\\index.php', 119, [...])
 2 SYSTEMPATH\View\View.php(213): include('APPPATH\\Views\\Menu\\Permintaan\\Kabel\\index.php')
 3 SYSTEMPATH\View\View.php(216): CodeIgniter\View\View->CodeIgniter\View\{closure}()
 4 SYSTEMPATH\Common.php(1137): CodeIgniter\View\View->render('Menu/Permintaan/Kabel/index', [], true)
 5 APPPATH\Controllers\C_Permintaan.php(165): view('Menu/Permintaan/Kabel/index', [...])
 6 SYSTEMPATH\CodeIgniter.php(904): App\Controllers\C_Permintaan->permintaan_kabel()
 7 SYSTEMPATH\CodeIgniter.php(457): CodeIgniter\CodeIgniter->runController(Object(App\Controllers\C_Permintaan))
 8 SYSTEMPATH\CodeIgniter.php(340): CodeIgniter\CodeIgniter->handleRequest(null, Object(Config\Cache), false)
 9 FCPATH\index.php(67): CodeIgniter\CodeIgniter->run()
10 SYSTEMPATH\Commands\Server\rewrite.php(43): require_once('FCPATH\\index.php')
CRITICAL - 2022-11-15 05:31:47 --> Undefined variable: tampilstatuskabel
in APPPATH\Views\Menu\Permintaan\Kabel\index.php on line 115.
 1 APPPATH\Views\Menu\Permintaan\Kabel\index.php(115): CodeIgniter\Debug\Exceptions->errorHandler(8, 'Undefined variable: tampilstatuskabel', 'APPPATH\\Views\\Menu\\Permintaan\\Kabel\\index.php', 115, [...])
 2 SYSTEMPATH\View\View.php(213): include('APPPATH\\Views\\Menu\\Permintaan\\Kabel\\index.php')
 3 SYSTEMPATH\View\View.php(216): CodeIgniter\View\View->CodeIgniter\View\{closure}()
 4 SYSTEMPATH\Common.php(1137): CodeIgniter\View\View->render('Menu/Permintaan/Kabel/index', [], true)
 5 APPPATH\Controllers\C_Permintaan.php(165): view('Menu/Permintaan/Kabel/index', [...])
 6 SYSTEMPATH\CodeIgniter.php(904): App\Controllers\C_Permintaan->permintaan_kabel()
 7 SYSTEMPATH\CodeIgniter.php(457): CodeIgniter\CodeIgniter->runController(Object(App\Controllers\C_Permintaan))
 8 SYSTEMPATH\CodeIgniter.php(340): CodeIgniter\CodeIgniter->handleRequest(null, Object(Config\Cache), false)
 9 FCPATH\index.php(67): CodeIgniter\CodeIgniter->run()
10 SYSTEMPATH\Commands\Server\rewrite.php(43): require_once('FCPATH\\index.php')
CRITICAL - 2022-11-15 05:32:00 --> Undefined variable: tampilstatuskabel
in APPPATH\Views\Menu\Permintaan\Kabel\index.php on line 115.
 1 APPPATH\Views\Menu\Permintaan\Kabel\index.php(115): CodeIgniter\Debug\Exceptions->errorHandler(8, 'Undefined variable: tampilstatuskabel', 'APPPATH\\Views\\Menu\\Permintaan\\Kabel\\index.php', 115, [...])
 2 SYSTEMPATH\View\View.php(213): include('APPPATH\\Views\\Menu\\Permintaan\\Kabel\\index.php')
 3 SYSTEMPATH\View\View.php(216): CodeIgniter\View\View->CodeIgniter\View\{closure}()
 4 SYSTEMPATH\Common.php(1137): CodeIgniter\View\View->render('Menu/Permintaan/Kabel/index', [], true)
 5 APPPATH\Controllers\C_Permintaan.php(165): view('Menu/Permintaan/Kabel/index', [...])
 6 SYSTEMPATH\CodeIgniter.php(904): App\Controllers\C_Permintaan->permintaan_kabel()
 7 SYSTEMPATH\CodeIgniter.php(457): CodeIgniter\CodeIgniter->runController(Object(App\Controllers\C_Permintaan))
 8 SYSTEMPATH\CodeIgniter.php(340): CodeIgniter\CodeIgniter->handleRequest(null, Object(Config\Cache), false)
 9 FCPATH\index.php(67): CodeIgniter\CodeIgniter->run()
10 SYSTEMPATH\Commands\Server\rewrite.php(43): require_once('FCPATH\\index.php')
CRITICAL - 2022-11-15 05:32:16 --> Undefined variable: tgnp
in APPPATH\Views\Menu\Permintaan\Kabel\index.php on line 118.
 1 APPPATH\Views\Menu\Permintaan\Kabel\index.php(118): CodeIgniter\Debug\Exceptions->errorHandler(8, 'Undefined variable: tgnp', 'APPPATH\\Views\\Menu\\Permintaan\\Kabel\\index.php', 118, [...])
 2 SYSTEMPATH\View\View.php(213): include('APPPATH\\Views\\Menu\\Permintaan\\Kabel\\index.php')
 3 SYSTEMPATH\View\View.php(216): CodeIgniter\View\View->CodeIgniter\View\{closure}()
 4 SYSTEMPATH\Common.php(1137): CodeIgniter\View\View->render('Menu/Permintaan/Kabel/index', [], true)
 5 APPPATH\Controllers\C_Permintaan.php(165): view('Menu/Permintaan/Kabel/index', [...])
 6 SYSTEMPATH\CodeIgniter.php(904): App\Controllers\C_Permintaan->permintaan_kabel()
 7 SYSTEMPATH\CodeIgniter.php(457): CodeIgniter\CodeIgniter->runController(Object(App\Controllers\C_Permintaan))
 8 SYSTEMPATH\CodeIgniter.php(340): CodeIgniter\CodeIgniter->handleRequest(null, Object(Config\Cache), false)
 9 FCPATH\index.php(67): CodeIgniter\CodeIgniter->run()
10 SYSTEMPATH\Commands\Server\rewrite.php(43): require_once('FCPATH\\index.php')
CRITICAL - 2022-11-15 05:32:22 --> Undefined property: stdClass::$no_permintaan
in APPPATH\Views\Menu\Permintaan\Kabel\index.php on line 118.
 1 APPPATH\Views\Menu\Permintaan\Kabel\index.php(118): CodeIgniter\Debug\Exceptions->errorHandler(8, 'Undefined property: stdClass::$no_permintaan', 'APPPATH\\Views\\Menu\\Permintaan\\Kabel\\index.php', 118, [...])
 2 SYSTEMPATH\View\View.php(213): include('APPPATH\\Views\\Menu\\Permintaan\\Kabel\\index.php')
 3 SYSTEMPATH\View\View.php(216): CodeIgniter\View\View->CodeIgniter\View\{closure}()
 4 SYSTEMPATH\Common.php(1137): CodeIgniter\View\View->render('Menu/Permintaan/Kabel/index', [], true)
 5 APPPATH\Controllers\C_Permintaan.php(165): view('Menu/Permintaan/Kabel/index', [...])
 6 SYSTEMPATH\CodeIgniter.php(904): App\Controllers\C_Permintaan->permintaan_kabel()
 7 SYSTEMPATH\CodeIgniter.php(457): CodeIgniter\CodeIgniter->runController(Object(App\Controllers\C_Permintaan))
 8 SYSTEMPATH\CodeIgniter.php(340): CodeIgniter\CodeIgniter->handleRequest(null, Object(Config\Cache), false)
 9 FCPATH\index.php(67): CodeIgniter\CodeIgniter->run()
10 SYSTEMPATH\Commands\Server\rewrite.php(43): require_once('FCPATH\\index.php')
CRITICAL - 2022-11-15 05:32:41 --> Undefined property: stdClass::$id_history_permintaan_kabel
in APPPATH\Views\Menu\Permintaan\Kabel\index.php on line 123.
 1 APPPATH\Views\Menu\Permintaan\Kabel\index.php(123): CodeIgniter\Debug\Exceptions->errorHandler(8, 'Undefined property: stdClass::$id_history_permintaan_kabel', 'APPPATH\\Views\\Menu\\Permintaan\\Kabel\\index.php', 123, [...])
 2 SYSTEMPATH\View\View.php(213): include('APPPATH\\Views\\Menu\\Permintaan\\Kabel\\index.php')
 3 SYSTEMPATH\View\View.php(216): CodeIgniter\View\View->CodeIgniter\View\{closure}()
 4 SYSTEMPATH\Common.php(1137): CodeIgniter\View\View->render('Menu/Permintaan/Kabel/index', [], true)
 5 APPPATH\Controllers\C_Permintaan.php(165): view('Menu/Permintaan/Kabel/index', [...])
 6 SYSTEMPATH\CodeIgniter.php(904): App\Controllers\C_Permintaan->permintaan_kabel()
 7 SYSTEMPATH\CodeIgniter.php(457): CodeIgniter\CodeIgniter->runController(Object(App\Controllers\C_Permintaan))
 8 SYSTEMPATH\CodeIgniter.php(340): CodeIgniter\CodeIgniter->handleRequest(null, Object(Config\Cache), false)
 9 FCPATH\index.php(67): CodeIgniter\CodeIgniter->run()
10 SYSTEMPATH\Commands\Server\rewrite.php(43): require_once('FCPATH\\index.php')
CRITICAL - 2022-11-15 05:33:07 --> Undefined property: stdClass::$no_permintaan
in APPPATH\Views\Menu\Permintaan\Kabel\index.php on line 118.
 1 APPPATH\Views\Menu\Permintaan\Kabel\index.php(118): CodeIgniter\Debug\Exceptions->errorHandler(8, 'Undefined property: stdClass::$no_permintaan', 'APPPATH\\Views\\Menu\\Permintaan\\Kabel\\index.php', 118, [...])
 2 SYSTEMPATH\View\View.php(213): include('APPPATH\\Views\\Menu\\Permintaan\\Kabel\\index.php')
 3 SYSTEMPATH\View\View.php(216): CodeIgniter\View\View->CodeIgniter\View\{closure}()
 4 SYSTEMPATH\Common.php(1137): CodeIgniter\View\View->render('Menu/Permintaan/Kabel/index', [], true)
 5 APPPATH\Controllers\C_Permintaan.php(165): view('Menu/Permintaan/Kabel/index', [...])
 6 SYSTEMPATH\CodeIgniter.php(904): App\Controllers\C_Permintaan->permintaan_kabel()
 7 SYSTEMPATH\CodeIgniter.php(457): CodeIgniter\CodeIgniter->runController(Object(App\Controllers\C_Permintaan))
 8 SYSTEMPATH\CodeIgniter.php(340): CodeIgniter\CodeIgniter->handleRequest(null, Object(Config\Cache), false)
 9 FCPATH\index.php(67): CodeIgniter\CodeIgniter->run()
10 SYSTEMPATH\Commands\Server\rewrite.php(43): require_once('FCPATH\\index.php')
CRITICAL - 2022-11-15 05:33:09 --> Undefined property: stdClass::$no_permintaan
in APPPATH\Views\Menu\Permintaan\Kabel\index.php on line 118.
 1 APPPATH\Views\Menu\Permintaan\Kabel\index.php(118): CodeIgniter\Debug\Exceptions->errorHandler(8, 'Undefined property: stdClass::$no_permintaan', 'APPPATH\\Views\\Menu\\Permintaan\\Kabel\\index.php', 118, [...])
 2 SYSTEMPATH\View\View.php(213): include('APPPATH\\Views\\Menu\\Permintaan\\Kabel\\index.php')
 3 SYSTEMPATH\View\View.php(216): CodeIgniter\View\View->CodeIgniter\View\{closure}()
 4 SYSTEMPATH\Common.php(1137): CodeIgniter\View\View->render('Menu/Permintaan/Kabel/index', [], true)
 5 APPPATH\Controllers\C_Permintaan.php(165): view('Menu/Permintaan/Kabel/index', [...])
 6 SYSTEMPATH\CodeIgniter.php(904): App\Controllers\C_Permintaan->permintaan_kabel()
 7 SYSTEMPATH\CodeIgniter.php(457): CodeIgniter\CodeIgniter->runController(Object(App\Controllers\C_Permintaan))
 8 SYSTEMPATH\CodeIgniter.php(340): CodeIgniter\CodeIgniter->handleRequest(null, Object(Config\Cache), false)
 9 FCPATH\index.php(67): CodeIgniter\CodeIgniter->run()
10 SYSTEMPATH\Commands\Server\rewrite.php(43): require_once('FCPATH\\index.php')
ERROR - 2022-11-15 05:35:13 --> mysqli_sql_exception: You have an error in your SQL syntax; check the manual that corresponds to your MySQL server version for the right syntax to use near 'distinct(no_permintaan), `nama`, `wilayah`, `no_telepon`
FROM `history_permintaa' at line 1 in E:\Kuliah\Kumpulan Tugas Kuliah\UNS-D3 TI\SEMESTER 5\Magang\CV. Anugrah\Project Magang\silogajs\system\Database\MySQLi\Connection.php:292
Stack trace:
#0 E:\Kuliah\Kumpulan Tugas Kuliah\UNS-D3 TI\SEMESTER 5\Magang\CV. Anugrah\Project Magang\silogajs\system\Database\MySQLi\Connection.php(292): mysqli->query('SELECT `id_hist...', 0)
#1 E:\Kuliah\Kumpulan Tugas Kuliah\UNS-D3 TI\SEMESTER 5\Magang\CV. Anugrah\Project Magang\silogajs\system\Database\BaseConnection.php(693): CodeIgniter\Database\MySQLi\Connection->execute('SELECT `id_hist...')
#2 E:\Kuliah\Kumpulan Tugas Kuliah\UNS-D3 TI\SEMESTER 5\Magang\CV. Anugrah\Project Magang\silogajs\system\Database\BaseConnection.php(620): CodeIgniter\Database\BaseConnection->simpleQuery('SELECT `id_hist...')
#3 E:\Kuliah\Kumpulan Tugas Kuliah\UNS-D3 TI\SEMESTER 5\Magang\CV. Anugrah\Project Magang\silogajs\system\Database\BaseBuilder.php(1585): CodeIgniter\Database\BaseConnection->query('SELECT `id_hist...', Array, false)
#4 E:\Kuliah\Kumpulan Tugas Kuliah\UNS-D3 TI\SEMESTER 5\Magang\CV. Anugrah\Project Magang\silogajs\app\Models\M_History_Permintaan_Kabel.php(28): CodeIgniter\Database\BaseBuilder->get()
#5 E:\Kuliah\Kumpulan Tugas Kuliah\UNS-D3 TI\SEMESTER 5\Magang\CV. Anugrah\Project Magang\silogajs\app\Controllers\C_Permintaan.php(161): App\Models\M_History_Permintaan_Kabel->getGroupNomorPermintaan()
#6 E:\Kuliah\Kumpulan Tugas Kuliah\UNS-D3 TI\SEMESTER 5\Magang\CV. Anugrah\Project Magang\silogajs\system\CodeIgniter.php(904): App\Controllers\C_Permintaan->permintaan_kabel()
#7 E:\Kuliah\Kumpulan Tugas Kuliah\UNS-D3 TI\SEMESTER 5\Magang\CV. Anugrah\Project Magang\silogajs\system\CodeIgniter.php(457): CodeIgniter\CodeIgniter->runController(Object(App\Controllers\C_Permintaan))
#8 E:\Kuliah\Kumpulan Tugas Kuliah\UNS-D3 TI\SEMESTER 5\Magang\CV. Anugrah\Project Magang\silogajs\system\CodeIgniter.php(340): CodeIgniter\CodeIgniter->handleRequest(NULL, Object(Config\Cache), false)
#9 E:\Kuliah\Kumpulan Tugas Kuliah\UNS-D3 TI\SEMESTER 5\Magang\CV. Anugrah\Project Magang\silogajs\public\index.php(67): CodeIgniter\CodeIgniter->run()
#10 E:\Kuliah\Kumpulan Tugas Kuliah\UNS-D3 TI\SEMESTER 5\Magang\CV. Anugrah\Project Magang\silogajs\system\Commands\Server\rewrite.php(43): require_once('E:\\Kuliah\\Kumpu...')
#11 {main}
CRITICAL - 2022-11-15 05:35:13 --> Call to a member function getResult() on bool
in APPPATH\Models\M_History_Permintaan_Kabel.php on line 29.
 1 APPPATH\Controllers\C_Permintaan.php(161): App\Models\M_History_Permintaan_Kabel->getGroupNomorPermintaan()
 2 SYSTEMPATH\CodeIgniter.php(904): App\Controllers\C_Permintaan->permintaan_kabel()
 3 SYSTEMPATH\CodeIgniter.php(457): CodeIgniter\CodeIgniter->runController(Object(App\Controllers\C_Permintaan))
 4 SYSTEMPATH\CodeIgniter.php(340): CodeIgniter\CodeIgniter->handleRequest(null, Object(Config\Cache), false)
 5 FCPATH\index.php(67): CodeIgniter\CodeIgniter->run()
 6 SYSTEMPATH\Commands\Server\rewrite.php(43): require_once('FCPATH\\index.php')
CRITICAL - 2022-11-15 05:35:20 --> Undefined property: stdClass::$id_history_permintaan_kabel
in APPPATH\Views\Menu\Permintaan\Kabel\index.php on line 123.
 1 APPPATH\Views\Menu\Permintaan\Kabel\index.php(123): CodeIgniter\Debug\Exceptions->errorHandler(8, 'Undefined property: stdClass::$id_history_permintaan_kabel', 'APPPATH\\Views\\Menu\\Permintaan\\Kabel\\index.php', 123, [...])
 2 SYSTEMPATH\View\View.php(213): include('APPPATH\\Views\\Menu\\Permintaan\\Kabel\\index.php')
 3 SYSTEMPATH\View\View.php(216): CodeIgniter\View\View->CodeIgniter\View\{closure}()
 4 SYSTEMPATH\Common.php(1137): CodeIgniter\View\View->render('Menu/Permintaan/Kabel/index', [], true)
 5 APPPATH\Controllers\C_Permintaan.php(165): view('Menu/Permintaan/Kabel/index', [...])
 6 SYSTEMPATH\CodeIgniter.php(904): App\Controllers\C_Permintaan->permintaan_kabel()
 7 SYSTEMPATH\CodeIgniter.php(457): CodeIgniter\CodeIgniter->runController(Object(App\Controllers\C_Permintaan))
 8 SYSTEMPATH\CodeIgniter.php(340): CodeIgniter\CodeIgniter->handleRequest(null, Object(Config\Cache), false)
 9 FCPATH\index.php(67): CodeIgniter\CodeIgniter->run()
10 SYSTEMPATH\Commands\Server\rewrite.php(43): require_once('FCPATH\\index.php')
CRITICAL - 2022-11-15 05:36:55 --> Undefined property: stdClass::$id_history_permintaan_kabel
in APPPATH\Views\Menu\Permintaan\Kabel\index.php on line 123.
 1 APPPATH\Views\Menu\Permintaan\Kabel\index.php(123): CodeIgniter\Debug\Exceptions->errorHandler(8, 'Undefined property: stdClass::$id_history_permintaan_kabel', 'APPPATH\\Views\\Menu\\Permintaan\\Kabel\\index.php', 123, [...])
 2 SYSTEMPATH\View\View.php(213): include('APPPATH\\Views\\Menu\\Permintaan\\Kabel\\index.php')
 3 SYSTEMPATH\View\View.php(216): CodeIgniter\View\View->CodeIgniter\View\{closure}()
 4 SYSTEMPATH\Common.php(1137): CodeIgniter\View\View->render('Menu/Permintaan/Kabel/index', [], true)
 5 APPPATH\Controllers\C_Permintaan.php(165): view('Menu/Permintaan/Kabel/index', [...])
 6 SYSTEMPATH\CodeIgniter.php(904): App\Controllers\C_Permintaan->permintaan_kabel()
 7 SYSTEMPATH\CodeIgniter.php(457): CodeIgniter\CodeIgniter->runController(Object(App\Controllers\C_Permintaan))
 8 SYSTEMPATH\CodeIgniter.php(340): CodeIgniter\CodeIgniter->handleRequest(null, Object(Config\Cache), false)
 9 FCPATH\index.php(67): CodeIgniter\CodeIgniter->run()
10 SYSTEMPATH\Commands\Server\rewrite.php(43): require_once('FCPATH\\index.php')
CRITICAL - 2022-11-15 05:38:02 --> Undefined property: stdClass::$id_history_permintaan_kabel
in APPPATH\Views\Menu\Permintaan\Kabel\index.php on line 123.
 1 APPPATH\Views\Menu\Permintaan\Kabel\index.php(123): CodeIgniter\Debug\Exceptions->errorHandler(8, 'Undefined property: stdClass::$id_history_permintaan_kabel', 'APPPATH\\Views\\Menu\\Permintaan\\Kabel\\index.php', 123, [...])
 2 SYSTEMPATH\View\View.php(213): include('APPPATH\\Views\\Menu\\Permintaan\\Kabel\\index.php')
 3 SYSTEMPATH\View\View.php(216): CodeIgniter\View\View->CodeIgniter\View\{closure}()
 4 SYSTEMPATH\Common.php(1137): CodeIgniter\View\View->render('Menu/Permintaan/Kabel/index', [], true)
 5 APPPATH\Controllers\C_Permintaan.php(165): view('Menu/Permintaan/Kabel/index', [...])
 6 SYSTEMPATH\CodeIgniter.php(904): App\Controllers\C_Permintaan->permintaan_kabel()
 7 SYSTEMPATH\CodeIgniter.php(457): CodeIgniter\CodeIgniter->runController(Object(App\Controllers\C_Permintaan))
 8 SYSTEMPATH\CodeIgniter.php(340): CodeIgniter\CodeIgniter->handleRequest(null, Object(Config\Cache), false)
 9 FCPATH\index.php(67): CodeIgniter\CodeIgniter->run()
10 SYSTEMPATH\Commands\Server\rewrite.php(43): require_once('FCPATH\\index.php')
CRITICAL - 2022-11-15 05:39:36 --> Undefined property: stdClass::$id_history_permintaan_kabel
in APPPATH\Views\Menu\Permintaan\Kabel\index.php on line 126.
 1 APPPATH\Views\Menu\Permintaan\Kabel\index.php(126): CodeIgniter\Debug\Exceptions->errorHandler(8, 'Undefined property: stdClass::$id_history_permintaan_kabel', 'APPPATH\\Views\\Menu\\Permintaan\\Kabel\\index.php', 126, [...])
 2 SYSTEMPATH\View\View.php(213): include('APPPATH\\Views\\Menu\\Permintaan\\Kabel\\index.php')
 3 SYSTEMPATH\View\View.php(216): CodeIgniter\View\View->CodeIgniter\View\{closure}()
 4 SYSTEMPATH\Common.php(1137): CodeIgniter\View\View->render('Menu/Permintaan/Kabel/index', [], true)
 5 APPPATH\Controllers\C_Permintaan.php(165): view('Menu/Permintaan/Kabel/index', [...])
 6 SYSTEMPATH\CodeIgniter.php(904): App\Controllers\C_Permintaan->permintaan_kabel()
 7 SYSTEMPATH\CodeIgniter.php(457): CodeIgniter\CodeIgniter->runController(Object(App\Controllers\C_Permintaan))
 8 SYSTEMPATH\CodeIgniter.php(340): CodeIgniter\CodeIgniter->handleRequest(null, Object(Config\Cache), false)
 9 FCPATH\index.php(67): CodeIgniter\CodeIgniter->run()
10 SYSTEMPATH\Commands\Server\rewrite.php(43): require_once('FCPATH\\index.php')
CRITICAL - 2022-11-15 05:53:16 --> A non well formed numeric value encountered
in APPPATH\Views\Menu\Permintaan\Kabel\index.php on line 126.
 1 APPPATH\Views\Menu\Permintaan\Kabel\index.php(126): CodeIgniter\Debug\Exceptions->errorHandler(8, 'A non well formed numeric value encountered', 'APPPATH\\Views\\Menu\\Permintaan\\Kabel\\index.php', 126, [...])
 2 SYSTEMPATH\View\View.php(213): include('APPPATH\\Views\\Menu\\Permintaan\\Kabel\\index.php')
 3 SYSTEMPATH\View\View.php(216): CodeIgniter\View\View->CodeIgniter\View\{closure}()
 4 SYSTEMPATH\Common.php(1137): CodeIgniter\View\View->render('Menu/Permintaan/Kabel/index', [], true)
 5 APPPATH\Controllers\C_Permintaan.php(165): view('Menu/Permintaan/Kabel/index', [...])
 6 SYSTEMPATH\CodeIgniter.php(904): App\Controllers\C_Permintaan->permintaan_kabel()
 7 SYSTEMPATH\CodeIgniter.php(457): CodeIgniter\CodeIgniter->runController(Object(App\Controllers\C_Permintaan))
 8 SYSTEMPATH\CodeIgniter.php(340): CodeIgniter\CodeIgniter->handleRequest(null, Object(Config\Cache), false)
 9 FCPATH\index.php(67): CodeIgniter\CodeIgniter->run()
10 SYSTEMPATH\Commands\Server\rewrite.php(43): require_once('FCPATH\\index.php')
CRITICAL - 2022-11-15 05:53:38 --> A non well formed numeric value encountered
in APPPATH\Views\Menu\Permintaan\Kabel\index.php on line 126.
 1 APPPATH\Views\Menu\Permintaan\Kabel\index.php(126): CodeIgniter\Debug\Exceptions->errorHandler(8, 'A non well formed numeric value encountered', 'APPPATH\\Views\\Menu\\Permintaan\\Kabel\\index.php', 126, [...])
 2 SYSTEMPATH\View\View.php(213): include('APPPATH\\Views\\Menu\\Permintaan\\Kabel\\index.php')
 3 SYSTEMPATH\View\View.php(216): CodeIgniter\View\View->CodeIgniter\View\{closure}()
 4 SYSTEMPATH\Common.php(1137): CodeIgniter\View\View->render('Menu/Permintaan/Kabel/index', [], true)
 5 APPPATH\Controllers\C_Permintaan.php(165): view('Menu/Permintaan/Kabel/index', [...])
 6 SYSTEMPATH\CodeIgniter.php(904): App\Controllers\C_Permintaan->permintaan_kabel()
 7 SYSTEMPATH\CodeIgniter.php(457): CodeIgniter\CodeIgniter->runController(Object(App\Controllers\C_Permintaan))
 8 SYSTEMPATH\CodeIgniter.php(340): CodeIgniter\CodeIgniter->handleRequest(null, Object(Config\Cache), false)
 9 FCPATH\index.php(67): CodeIgniter\CodeIgniter->run()
10 SYSTEMPATH\Commands\Server\rewrite.php(43): require_once('FCPATH\\index.php')
CRITICAL - 2022-11-15 06:09:42 --> Undefined variable: tampilstatuskabel
in APPPATH\Views\Menu\Permintaan\Kabel\index.php on line 89.
 1 APPPATH\Views\Menu\Permintaan\Kabel\index.php(89): CodeIgniter\Debug\Exceptions->errorHandler(8, 'Undefined variable: tampilstatuskabel', 'APPPATH\\Views\\Menu\\Permintaan\\Kabel\\index.php', 89, [...])
 2 SYSTEMPATH\View\View.php(213): include('APPPATH\\Views\\Menu\\Permintaan\\Kabel\\index.php')
 3 SYSTEMPATH\View\View.php(216): CodeIgniter\View\View->CodeIgniter\View\{closure}()
 4 SYSTEMPATH\Common.php(1137): CodeIgniter\View\View->render('Menu/Permintaan/Kabel/index', [], true)
 5 APPPATH\Controllers\C_Permintaan.php(165): view('Menu/Permintaan/Kabel/index', [...])
 6 SYSTEMPATH\CodeIgniter.php(904): App\Controllers\C_Permintaan->permintaan_kabel()
 7 SYSTEMPATH\CodeIgniter.php(457): CodeIgniter\CodeIgniter->runController(Object(App\Controllers\C_Permintaan))
 8 SYSTEMPATH\CodeIgniter.php(340): CodeIgniter\CodeIgniter->handleRequest(null, Object(Config\Cache), false)
 9 FCPATH\index.php(67): CodeIgniter\CodeIgniter->run()
10 SYSTEMPATH\Commands\Server\rewrite.php(43): require_once('FCPATH\\index.php')
CRITICAL - 2022-11-15 06:09:49 --> Undefined variable: tampilstatuskabel
in APPPATH\Views\Menu\Permintaan\Kabel\index.php on line 89.
 1 APPPATH\Views\Menu\Permintaan\Kabel\index.php(89): CodeIgniter\Debug\Exceptions->errorHandler(8, 'Undefined variable: tampilstatuskabel', 'APPPATH\\Views\\Menu\\Permintaan\\Kabel\\index.php', 89, [...])
 2 SYSTEMPATH\View\View.php(213): include('APPPATH\\Views\\Menu\\Permintaan\\Kabel\\index.php')
 3 SYSTEMPATH\View\View.php(216): CodeIgniter\View\View->CodeIgniter\View\{closure}()
 4 SYSTEMPATH\Common.php(1137): CodeIgniter\View\View->render('Menu/Permintaan/Kabel/index', [], true)
 5 APPPATH\Controllers\C_Permintaan.php(165): view('Menu/Permintaan/Kabel/index', [...])
 6 SYSTEMPATH\CodeIgniter.php(904): App\Controllers\C_Permintaan->permintaan_kabel()
 7 SYSTEMPATH\CodeIgniter.php(457): CodeIgniter\CodeIgniter->runController(Object(App\Controllers\C_Permintaan))
 8 SYSTEMPATH\CodeIgniter.php(340): CodeIgniter\CodeIgniter->handleRequest(null, Object(Config\Cache), false)
 9 FCPATH\index.php(67): CodeIgniter\CodeIgniter->run()
10 SYSTEMPATH\Commands\Server\rewrite.php(43): require_once('FCPATH\\index.php')
CRITICAL - 2022-11-15 06:10:06 --> Undefined variable: tampilstatuskabel
in APPPATH\Views\Menu\Permintaan\Kabel\index.php on line 89.
 1 APPPATH\Views\Menu\Permintaan\Kabel\index.php(89): CodeIgniter\Debug\Exceptions->errorHandler(8, 'Undefined variable: tampilstatuskabel', 'APPPATH\\Views\\Menu\\Permintaan\\Kabel\\index.php', 89, [...])
 2 SYSTEMPATH\View\View.php(213): include('APPPATH\\Views\\Menu\\Permintaan\\Kabel\\index.php')
 3 SYSTEMPATH\View\View.php(216): CodeIgniter\View\View->CodeIgniter\View\{closure}()
 4 SYSTEMPATH\Common.php(1137): CodeIgniter\View\View->render('Menu/Permintaan/Kabel/index', [], true)
 5 APPPATH\Controllers\C_Permintaan.php(165): view('Menu/Permintaan/Kabel/index', [...])
 6 SYSTEMPATH\CodeIgniter.php(904): App\Controllers\C_Permintaan->permintaan_kabel()
 7 SYSTEMPATH\CodeIgniter.php(457): CodeIgniter\CodeIgniter->runController(Object(App\Controllers\C_Permintaan))
 8 SYSTEMPATH\CodeIgniter.php(340): CodeIgniter\CodeIgniter->handleRequest(null, Object(Config\Cache), false)
 9 FCPATH\index.php(67): CodeIgniter\CodeIgniter->run()
10 SYSTEMPATH\Commands\Server\rewrite.php(43): require_once('FCPATH\\index.php')
ERROR - 2022-11-15 06:11:59 --> mysqli_sql_exception: Unknown column 'no_permintaan' in 'where clause' in E:\Kuliah\Kumpulan Tugas Kuliah\UNS-D3 TI\SEMESTER 5\Magang\CV. Anugrah\Project Magang\silogajs\system\Database\MySQLi\Connection.php:292
Stack trace:
#0 E:\Kuliah\Kumpulan Tugas Kuliah\UNS-D3 TI\SEMESTER 5\Magang\CV. Anugrah\Project Magang\silogajs\system\Database\MySQLi\Connection.php(292): mysqli->query('UPDATE `detail_...', 0)
#1 E:\Kuliah\Kumpulan Tugas Kuliah\UNS-D3 TI\SEMESTER 5\Magang\CV. Anugrah\Project Magang\silogajs\system\Database\BaseConnection.php(693): CodeIgniter\Database\MySQLi\Connection->execute('UPDATE `detail_...')
#2 E:\Kuliah\Kumpulan Tugas Kuliah\UNS-D3 TI\SEMESTER 5\Magang\CV. Anugrah\Project Magang\silogajs\system\Database\BaseConnection.php(620): CodeIgniter\Database\BaseConnection->simpleQuery('UPDATE `detail_...')
#3 E:\Kuliah\Kumpulan Tugas Kuliah\UNS-D3 TI\SEMESTER 5\Magang\CV. Anugrah\Project Magang\silogajs\system\Database\BaseBuilder.php(2078): CodeIgniter\Database\BaseConnection->query('UPDATE `detail_...', Array, false)
#4 E:\Kuliah\Kumpulan Tugas Kuliah\UNS-D3 TI\SEMESTER 5\Magang\CV. Anugrah\Project Magang\silogajs\app\Models\M_Detail_Permintaan_Kabel.php(39): CodeIgniter\Database\BaseBuilder->update(Array)
#5 E:\Kuliah\Kumpulan Tugas Kuliah\UNS-D3 TI\SEMESTER 5\Magang\CV. Anugrah\Project Magang\silogajs\app\Controllers\C_Kabel_Keluar.php(118): App\Models\M_Detail_Permintaan_Kabel->updateStatus(Array, '01/LOG/Medan/15...')
#6 E:\Kuliah\Kumpulan Tugas Kuliah\UNS-D3 TI\SEMESTER 5\Magang\CV. Anugrah\Project Magang\silogajs\system\CodeIgniter.php(904): App\Controllers\C_kabel_Keluar->proses_tambah()
#7 E:\Kuliah\Kumpulan Tugas Kuliah\UNS-D3 TI\SEMESTER 5\Magang\CV. Anugrah\Project Magang\silogajs\system\CodeIgniter.php(457): CodeIgniter\CodeIgniter->runController(Object(App\Controllers\C_kabel_Keluar))
#8 E:\Kuliah\Kumpulan Tugas Kuliah\UNS-D3 TI\SEMESTER 5\Magang\CV. Anugrah\Project Magang\silogajs\system\CodeIgniter.php(340): CodeIgniter\CodeIgniter->handleRequest(NULL, Object(Config\Cache), false)
#9 E:\Kuliah\Kumpulan Tugas Kuliah\UNS-D3 TI\SEMESTER 5\Magang\CV. Anugrah\Project Magang\silogajs\public\index.php(67): CodeIgniter\CodeIgniter->run()
#10 E:\Kuliah\Kumpulan Tugas Kuliah\UNS-D3 TI\SEMESTER 5\Magang\CV. Anugrah\Project Magang\silogajs\system\Commands\Server\rewrite.php(43): require_once('E:\\Kuliah\\Kumpu...')
#11 {main}
ERROR - 2022-11-15 06:11:59 --> mysqli_sql_exception: Unknown column 'no_permintaan' in 'where clause' in E:\Kuliah\Kumpulan Tugas Kuliah\UNS-D3 TI\SEMESTER 5\Magang\CV. Anugrah\Project Magang\silogajs\system\Database\MySQLi\Connection.php:292
Stack trace:
#0 E:\Kuliah\Kumpulan Tugas Kuliah\UNS-D3 TI\SEMESTER 5\Magang\CV. Anugrah\Project Magang\silogajs\system\Database\MySQLi\Connection.php(292): mysqli->query('DELETE FROM `de...', 0)
#1 E:\Kuliah\Kumpulan Tugas Kuliah\UNS-D3 TI\SEMESTER 5\Magang\CV. Anugrah\Project Magang\silogajs\system\Database\BaseConnection.php(693): CodeIgniter\Database\MySQLi\Connection->execute('DELETE FROM `de...')
#2 E:\Kuliah\Kumpulan Tugas Kuliah\UNS-D3 TI\SEMESTER 5\Magang\CV. Anugrah\Project Magang\silogajs\system\Database\BaseConnection.php(620): CodeIgniter\Database\BaseConnection->simpleQuery('DELETE FROM `de...')
#3 E:\Kuliah\Kumpulan Tugas Kuliah\UNS-D3 TI\SEMESTER 5\Magang\CV. Anugrah\Project Magang\silogajs\system\Database\BaseBuilder.php(2390): CodeIgniter\Database\BaseConnection->query('DELETE FROM `de...', Array, false)
#4 E:\Kuliah\Kumpulan Tugas Kuliah\UNS-D3 TI\SEMESTER 5\Magang\CV. Anugrah\Project Magang\silogajs\app\Models\M_Detail_Permintaan_Kabel.php(48): CodeIgniter\Database\BaseBuilder->delete(Array)
#5 E:\Kuliah\Kumpulan Tugas Kuliah\UNS-D3 TI\SEMESTER 5\Magang\CV. Anugrah\Project Magang\silogajs\app\Controllers\C_Kabel_Keluar.php(122): App\Models\M_Detail_Permintaan_Kabel->deleteData(Array, '01/LOG/Medan/15...')
#6 E:\Kuliah\Kumpulan Tugas Kuliah\UNS-D3 TI\SEMESTER 5\Magang\CV. Anugrah\Project Magang\silogajs\system\CodeIgniter.php(904): App\Controllers\C_kabel_Keluar->proses_tambah()
#7 E:\Kuliah\Kumpulan Tugas Kuliah\UNS-D3 TI\SEMESTER 5\Magang\CV. Anugrah\Project Magang\silogajs\system\CodeIgniter.php(457): CodeIgniter\CodeIgniter->runController(Object(App\Controllers\C_kabel_Keluar))
#8 E:\Kuliah\Kumpulan Tugas Kuliah\UNS-D3 TI\SEMESTER 5\Magang\CV. Anugrah\Project Magang\silogajs\system\CodeIgniter.php(340): CodeIgniter\CodeIgniter->handleRequest(NULL, Object(Config\Cache), false)
#9 E:\Kuliah\Kumpulan Tugas Kuliah\UNS-D3 TI\SEMESTER 5\Magang\CV. Anugrah\Project Magang\silogajs\public\index.php(67): CodeIgniter\CodeIgniter->run()
#10 E:\Kuliah\Kumpulan Tugas Kuliah\UNS-D3 TI\SEMESTER 5\Magang\CV. Anugrah\Project Magang\silogajs\system\Commands\Server\rewrite.php(43): require_once('E:\\Kuliah\\Kumpu...')
#11 {main}
