ERROR - 2022-12-22 01:20:59 --> mysqli_sql_exception: Unknown column 'material' in 'where clause' in E:\Kuliah\Kumpulan Tugas Kuliah\UNS-D3 TI\SEMESTER 5\Magang\CV. Anugrah\Project Magang\silogajs\system\Database\MySQLi\Connection.php:292
Stack trace:
#0 E:\Kuliah\Kumpulan Tugas Kuliah\UNS-D3 TI\SEMESTER 5\Magang\CV. Anugrah\Project Magang\silogajs\system\Database\MySQLi\Connection.php(292): mysqli->query('SELECT COUNT(*)...', 0)
#1 E:\Kuliah\Kumpulan Tugas Kuliah\UNS-D3 TI\SEMESTER 5\Magang\CV. Anugrah\Project Magang\silogajs\system\Database\BaseConnection.php(693): CodeIgniter\Database\MySQLi\Connection->execute('SELECT COUNT(*)...')
#2 E:\Kuliah\Kumpulan Tugas Kuliah\UNS-D3 TI\SEMESTER 5\Magang\CV. Anugrah\Project Magang\silogajs\system\Database\BaseConnection.php(620): CodeIgniter\Database\BaseConnection->simpleQuery('SELECT COUNT(*)...')
#3 E:\Kuliah\Kumpulan Tugas Kuliah\UNS-D3 TI\SEMESTER 5\Magang\CV. Anugrah\Project Magang\silogajs\system\Database\BaseBuilder.php(1669): CodeIgniter\Database\BaseConnection->query('SELECT COUNT(*)...', Array, false)
#4 E:\Kuliah\Kumpulan Tugas Kuliah\UNS-D3 TI\SEMESTER 5\Magang\CV. Anugrah\Project Magang\silogajs\app\Models\M_Satuan.php(22): CodeIgniter\Database\BaseBuilder->countAllResults()
#5 E:\Kuliah\Kumpulan Tugas Kuliah\UNS-D3 TI\SEMESTER 5\Magang\CV. Anugrah\Project Magang\silogajs\app\Controllers\C_Satuan.php(88): App\Models\M_Satuan->cek_data_direlasi('material', 'kabel', Array)
#6 E:\Kuliah\Kumpulan Tugas Kuliah\UNS-D3 TI\SEMESTER 5\Magang\CV. Anugrah\Project Magang\silogajs\system\CodeIgniter.php(904): App\Controllers\C_Satuan->hapus('5')
#7 E:\Kuliah\Kumpulan Tugas Kuliah\UNS-D3 TI\SEMESTER 5\Magang\CV. Anugrah\Project Magang\silogajs\system\CodeIgniter.php(457): CodeIgniter\CodeIgniter->runController(Object(App\Controllers\C_Satuan))
#8 E:\Kuliah\Kumpulan Tugas Kuliah\UNS-D3 TI\SEMESTER 5\Magang\CV. Anugrah\Project Magang\silogajs\system\CodeIgniter.php(340): CodeIgniter\CodeIgniter->handleRequest(NULL, Object(Config\Cache), false)
#9 E:\Kuliah\Kumpulan Tugas Kuliah\UNS-D3 TI\SEMESTER 5\Magang\CV. Anugrah\Project Magang\silogajs\public\index.php(67): CodeIgniter\CodeIgniter->run()
#10 E:\Kuliah\Kumpulan Tugas Kuliah\UNS-D3 TI\SEMESTER 5\Magang\CV. Anugrah\Project Magang\silogajs\system\Commands\Server\rewrite.php(43): require_once('E:\\Kuliah\\Kumpu...')
#11 {main}
CRITICAL - 2022-12-22 01:20:59 --> Unknown column 'material' in 'where clause'
in SYSTEMPATH\Database\MySQLi\Connection.php on line 292.
 1 SYSTEMPATH\Database\MySQLi\Connection.php(292): mysqli->query('SELECT COUNT(*) AS `numrows`
FROM `kabel`
WHERE `material` = (\'5\')
AND `kabel` = (\'5\')', 0)
 2 SYSTEMPATH\Database\BaseConnection.php(693): CodeIgniter\Database\MySQLi\Connection->execute('SELECT COUNT(*) AS `numrows`
FROM `kabel`
WHERE `material` = (\'5\')
AND `kabel` = (\'5\')')
 3 SYSTEMPATH\Database\BaseConnection.php(620): CodeIgniter\Database\BaseConnection->simpleQuery('SELECT COUNT(*) AS `numrows`
FROM `kabel`
WHERE `material` = (\'5\')
AND `kabel` = (\'5\')')
 4 SYSTEMPATH\Database\BaseBuilder.php(1669): CodeIgniter\Database\BaseConnection->query('SELECT COUNT(*) AS `numrows`
FROM `kabel`
WHERE `material` = :material:
AND `kabel` = :kabel:', [...], false)
 5 APPPATH\Models\M_Satuan.php(22): CodeIgniter\Database\BaseBuilder->countAllResults()
 6 APPPATH\Controllers\C_Satuan.php(88): App\Models\M_Satuan->cek_data_direlasi('material', 'kabel', [...])
 7 SYSTEMPATH\CodeIgniter.php(904): App\Controllers\C_Satuan->hapus('5')
 8 SYSTEMPATH\CodeIgniter.php(457): CodeIgniter\CodeIgniter->runController(Object(App\Controllers\C_Satuan))
 9 SYSTEMPATH\CodeIgniter.php(340): CodeIgniter\CodeIgniter->handleRequest(null, Object(Config\Cache), false)
10 FCPATH\index.php(67): CodeIgniter\CodeIgniter->run()
11 SYSTEMPATH\Commands\Server\rewrite.php(43): require_once('FCPATH\\index.php')
ERROR - 2022-12-22 01:21:01 --> mysqli_sql_exception: Unknown column 'material' in 'where clause' in E:\Kuliah\Kumpulan Tugas Kuliah\UNS-D3 TI\SEMESTER 5\Magang\CV. Anugrah\Project Magang\silogajs\system\Database\MySQLi\Connection.php:292
Stack trace:
#0 E:\Kuliah\Kumpulan Tugas Kuliah\UNS-D3 TI\SEMESTER 5\Magang\CV. Anugrah\Project Magang\silogajs\system\Database\MySQLi\Connection.php(292): mysqli->query('SELECT COUNT(*)...', 0)
#1 E:\Kuliah\Kumpulan Tugas Kuliah\UNS-D3 TI\SEMESTER 5\Magang\CV. Anugrah\Project Magang\silogajs\system\Database\BaseConnection.php(693): CodeIgniter\Database\MySQLi\Connection->execute('SELECT COUNT(*)...')
#2 E:\Kuliah\Kumpulan Tugas Kuliah\UNS-D3 TI\SEMESTER 5\Magang\CV. Anugrah\Project Magang\silogajs\system\Database\BaseConnection.php(620): CodeIgniter\Database\BaseConnection->simpleQuery('SELECT COUNT(*)...')
#3 E:\Kuliah\Kumpulan Tugas Kuliah\UNS-D3 TI\SEMESTER 5\Magang\CV. Anugrah\Project Magang\silogajs\system\Database\BaseBuilder.php(1669): CodeIgniter\Database\BaseConnection->query('SELECT COUNT(*)...', Array, false)
#4 E:\Kuliah\Kumpulan Tugas Kuliah\UNS-D3 TI\SEMESTER 5\Magang\CV. Anugrah\Project Magang\silogajs\app\Models\M_Satuan.php(22): CodeIgniter\Database\BaseBuilder->countAllResults()
#5 E:\Kuliah\Kumpulan Tugas Kuliah\UNS-D3 TI\SEMESTER 5\Magang\CV. Anugrah\Project Magang\silogajs\app\Controllers\C_Satuan.php(88): App\Models\M_Satuan->cek_data_direlasi('material', 'kabel', Array)
#6 E:\Kuliah\Kumpulan Tugas Kuliah\UNS-D3 TI\SEMESTER 5\Magang\CV. Anugrah\Project Magang\silogajs\system\CodeIgniter.php(904): App\Controllers\C_Satuan->hapus('5')
#7 E:\Kuliah\Kumpulan Tugas Kuliah\UNS-D3 TI\SEMESTER 5\Magang\CV. Anugrah\Project Magang\silogajs\system\CodeIgniter.php(457): CodeIgniter\CodeIgniter->runController(Object(App\Controllers\C_Satuan))
#8 E:\Kuliah\Kumpulan Tugas Kuliah\UNS-D3 TI\SEMESTER 5\Magang\CV. Anugrah\Project Magang\silogajs\system\CodeIgniter.php(340): CodeIgniter\CodeIgniter->handleRequest(NULL, Object(Config\Cache), false)
#9 E:\Kuliah\Kumpulan Tugas Kuliah\UNS-D3 TI\SEMESTER 5\Magang\CV. Anugrah\Project Magang\silogajs\public\index.php(67): CodeIgniter\CodeIgniter->run()
#10 E:\Kuliah\Kumpulan Tugas Kuliah\UNS-D3 TI\SEMESTER 5\Magang\CV. Anugrah\Project Magang\silogajs\system\Commands\Server\rewrite.php(43): require_once('E:\\Kuliah\\Kumpu...')
#11 {main}
CRITICAL - 2022-12-22 01:21:01 --> Unknown column 'material' in 'where clause'
in SYSTEMPATH\Database\MySQLi\Connection.php on line 292.
 1 SYSTEMPATH\Database\MySQLi\Connection.php(292): mysqli->query('SELECT COUNT(*) AS `numrows`
FROM `kabel`
WHERE `material` = (\'5\')
AND `kabel` = (\'5\')', 0)
 2 SYSTEMPATH\Database\BaseConnection.php(693): CodeIgniter\Database\MySQLi\Connection->execute('SELECT COUNT(*) AS `numrows`
FROM `kabel`
WHERE `material` = (\'5\')
AND `kabel` = (\'5\')')
 3 SYSTEMPATH\Database\BaseConnection.php(620): CodeIgniter\Database\BaseConnection->simpleQuery('SELECT COUNT(*) AS `numrows`
FROM `kabel`
WHERE `material` = (\'5\')
AND `kabel` = (\'5\')')
 4 SYSTEMPATH\Database\BaseBuilder.php(1669): CodeIgniter\Database\BaseConnection->query('SELECT COUNT(*) AS `numrows`
FROM `kabel`
WHERE `material` = :material:
AND `kabel` = :kabel:', [...], false)
 5 APPPATH\Models\M_Satuan.php(22): CodeIgniter\Database\BaseBuilder->countAllResults()
 6 APPPATH\Controllers\C_Satuan.php(88): App\Models\M_Satuan->cek_data_direlasi('material', 'kabel', [...])
 7 SYSTEMPATH\CodeIgniter.php(904): App\Controllers\C_Satuan->hapus('5')
 8 SYSTEMPATH\CodeIgniter.php(457): CodeIgniter\CodeIgniter->runController(Object(App\Controllers\C_Satuan))
 9 SYSTEMPATH\CodeIgniter.php(340): CodeIgniter\CodeIgniter->handleRequest(null, Object(Config\Cache), false)
10 FCPATH\index.php(67): CodeIgniter\CodeIgniter->run()
11 SYSTEMPATH\Commands\Server\rewrite.php(43): require_once('FCPATH\\index.php')
ERROR - 2022-12-22 01:21:08 --> mysqli_sql_exception: Unknown column 'material' in 'where clause' in E:\Kuliah\Kumpulan Tugas Kuliah\UNS-D3 TI\SEMESTER 5\Magang\CV. Anugrah\Project Magang\silogajs\system\Database\MySQLi\Connection.php:292
Stack trace:
#0 E:\Kuliah\Kumpulan Tugas Kuliah\UNS-D3 TI\SEMESTER 5\Magang\CV. Anugrah\Project Magang\silogajs\system\Database\MySQLi\Connection.php(292): mysqli->query('SELECT COUNT(*)...', 0)
#1 E:\Kuliah\Kumpulan Tugas Kuliah\UNS-D3 TI\SEMESTER 5\Magang\CV. Anugrah\Project Magang\silogajs\system\Database\BaseConnection.php(693): CodeIgniter\Database\MySQLi\Connection->execute('SELECT COUNT(*)...')
#2 E:\Kuliah\Kumpulan Tugas Kuliah\UNS-D3 TI\SEMESTER 5\Magang\CV. Anugrah\Project Magang\silogajs\system\Database\BaseConnection.php(620): CodeIgniter\Database\BaseConnection->simpleQuery('SELECT COUNT(*)...')
#3 E:\Kuliah\Kumpulan Tugas Kuliah\UNS-D3 TI\SEMESTER 5\Magang\CV. Anugrah\Project Magang\silogajs\system\Database\BaseBuilder.php(1669): CodeIgniter\Database\BaseConnection->query('SELECT COUNT(*)...', Array, false)
#4 E:\Kuliah\Kumpulan Tugas Kuliah\UNS-D3 TI\SEMESTER 5\Magang\CV. Anugrah\Project Magang\silogajs\app\Models\M_Satuan.php(22): CodeIgniter\Database\BaseBuilder->countAllResults()
#5 E:\Kuliah\Kumpulan Tugas Kuliah\UNS-D3 TI\SEMESTER 5\Magang\CV. Anugrah\Project Magang\silogajs\app\Controllers\C_Satuan.php(88): App\Models\M_Satuan->cek_data_direlasi('material', 'kabel', Array)
#6 E:\Kuliah\Kumpulan Tugas Kuliah\UNS-D3 TI\SEMESTER 5\Magang\CV. Anugrah\Project Magang\silogajs\system\CodeIgniter.php(904): App\Controllers\C_Satuan->hapus('5')
#7 E:\Kuliah\Kumpulan Tugas Kuliah\UNS-D3 TI\SEMESTER 5\Magang\CV. Anugrah\Project Magang\silogajs\system\CodeIgniter.php(457): CodeIgniter\CodeIgniter->runController(Object(App\Controllers\C_Satuan))
#8 E:\Kuliah\Kumpulan Tugas Kuliah\UNS-D3 TI\SEMESTER 5\Magang\CV. Anugrah\Project Magang\silogajs\system\CodeIgniter.php(340): CodeIgniter\CodeIgniter->handleRequest(NULL, Object(Config\Cache), false)
#9 E:\Kuliah\Kumpulan Tugas Kuliah\UNS-D3 TI\SEMESTER 5\Magang\CV. Anugrah\Project Magang\silogajs\public\index.php(67): CodeIgniter\CodeIgniter->run()
#10 E:\Kuliah\Kumpulan Tugas Kuliah\UNS-D3 TI\SEMESTER 5\Magang\CV. Anugrah\Project Magang\silogajs\system\Commands\Server\rewrite.php(43): require_once('E:\\Kuliah\\Kumpu...')
#11 {main}
CRITICAL - 2022-12-22 01:21:08 --> Unknown column 'material' in 'where clause'
in SYSTEMPATH\Database\MySQLi\Connection.php on line 292.
 1 SYSTEMPATH\Database\MySQLi\Connection.php(292): mysqli->query('SELECT COUNT(*) AS `numrows`
FROM `kabel`
WHERE `material` = (\'5\')
AND `kabel` = (\'5\')', 0)
 2 SYSTEMPATH\Database\BaseConnection.php(693): CodeIgniter\Database\MySQLi\Connection->execute('SELECT COUNT(*) AS `numrows`
FROM `kabel`
WHERE `material` = (\'5\')
AND `kabel` = (\'5\')')
 3 SYSTEMPATH\Database\BaseConnection.php(620): CodeIgniter\Database\BaseConnection->simpleQuery('SELECT COUNT(*) AS `numrows`
FROM `kabel`
WHERE `material` = (\'5\')
AND `kabel` = (\'5\')')
 4 SYSTEMPATH\Database\BaseBuilder.php(1669): CodeIgniter\Database\BaseConnection->query('SELECT COUNT(*) AS `numrows`
FROM `kabel`
WHERE `material` = :material:
AND `kabel` = :kabel:', [...], false)
 5 APPPATH\Models\M_Satuan.php(22): CodeIgniter\Database\BaseBuilder->countAllResults()
 6 APPPATH\Controllers\C_Satuan.php(88): App\Models\M_Satuan->cek_data_direlasi('material', 'kabel', [...])
 7 SYSTEMPATH\CodeIgniter.php(904): App\Controllers\C_Satuan->hapus('5')
 8 SYSTEMPATH\CodeIgniter.php(457): CodeIgniter\CodeIgniter->runController(Object(App\Controllers\C_Satuan))
 9 SYSTEMPATH\CodeIgniter.php(340): CodeIgniter\CodeIgniter->handleRequest(null, Object(Config\Cache), false)
10 FCPATH\index.php(67): CodeIgniter\CodeIgniter->run()
11 SYSTEMPATH\Commands\Server\rewrite.php(43): require_once('FCPATH\\index.php')
ERROR - 2022-12-22 01:21:14 --> mysqli_sql_exception: Unknown column 'material' in 'where clause' in E:\Kuliah\Kumpulan Tugas Kuliah\UNS-D3 TI\SEMESTER 5\Magang\CV. Anugrah\Project Magang\silogajs\system\Database\MySQLi\Connection.php:292
Stack trace:
#0 E:\Kuliah\Kumpulan Tugas Kuliah\UNS-D3 TI\SEMESTER 5\Magang\CV. Anugrah\Project Magang\silogajs\system\Database\MySQLi\Connection.php(292): mysqli->query('SELECT COUNT(*)...', 0)
#1 E:\Kuliah\Kumpulan Tugas Kuliah\UNS-D3 TI\SEMESTER 5\Magang\CV. Anugrah\Project Magang\silogajs\system\Database\BaseConnection.php(693): CodeIgniter\Database\MySQLi\Connection->execute('SELECT COUNT(*)...')
#2 E:\Kuliah\Kumpulan Tugas Kuliah\UNS-D3 TI\SEMESTER 5\Magang\CV. Anugrah\Project Magang\silogajs\system\Database\BaseConnection.php(620): CodeIgniter\Database\BaseConnection->simpleQuery('SELECT COUNT(*)...')
#3 E:\Kuliah\Kumpulan Tugas Kuliah\UNS-D3 TI\SEMESTER 5\Magang\CV. Anugrah\Project Magang\silogajs\system\Database\BaseBuilder.php(1669): CodeIgniter\Database\BaseConnection->query('SELECT COUNT(*)...', Array, false)
#4 E:\Kuliah\Kumpulan Tugas Kuliah\UNS-D3 TI\SEMESTER 5\Magang\CV. Anugrah\Project Magang\silogajs\app\Models\M_Satuan.php(22): CodeIgniter\Database\BaseBuilder->countAllResults()
#5 E:\Kuliah\Kumpulan Tugas Kuliah\UNS-D3 TI\SEMESTER 5\Magang\CV. Anugrah\Project Magang\silogajs\app\Controllers\C_Satuan.php(88): App\Models\M_Satuan->cek_data_direlasi('material', 'kabel', Array)
#6 E:\Kuliah\Kumpulan Tugas Kuliah\UNS-D3 TI\SEMESTER 5\Magang\CV. Anugrah\Project Magang\silogajs\system\CodeIgniter.php(904): App\Controllers\C_Satuan->hapus('5')
#7 E:\Kuliah\Kumpulan Tugas Kuliah\UNS-D3 TI\SEMESTER 5\Magang\CV. Anugrah\Project Magang\silogajs\system\CodeIgniter.php(457): CodeIgniter\CodeIgniter->runController(Object(App\Controllers\C_Satuan))
#8 E:\Kuliah\Kumpulan Tugas Kuliah\UNS-D3 TI\SEMESTER 5\Magang\CV. Anugrah\Project Magang\silogajs\system\CodeIgniter.php(340): CodeIgniter\CodeIgniter->handleRequest(NULL, Object(Config\Cache), false)
#9 E:\Kuliah\Kumpulan Tugas Kuliah\UNS-D3 TI\SEMESTER 5\Magang\CV. Anugrah\Project Magang\silogajs\public\index.php(67): CodeIgniter\CodeIgniter->run()
#10 E:\Kuliah\Kumpulan Tugas Kuliah\UNS-D3 TI\SEMESTER 5\Magang\CV. Anugrah\Project Magang\silogajs\system\Commands\Server\rewrite.php(43): require_once('E:\\Kuliah\\Kumpu...')
#11 {main}
CRITICAL - 2022-12-22 01:21:14 --> Unknown column 'material' in 'where clause'
in SYSTEMPATH\Database\MySQLi\Connection.php on line 292.
 1 SYSTEMPATH\Database\MySQLi\Connection.php(292): mysqli->query('SELECT COUNT(*) AS `numrows`
FROM `kabel`
WHERE `material` = (\'5\')
AND `kabel` = (\'5\')', 0)
 2 SYSTEMPATH\Database\BaseConnection.php(693): CodeIgniter\Database\MySQLi\Connection->execute('SELECT COUNT(*) AS `numrows`
FROM `kabel`
WHERE `material` = (\'5\')
AND `kabel` = (\'5\')')
 3 SYSTEMPATH\Database\BaseConnection.php(620): CodeIgniter\Database\BaseConnection->simpleQuery('SELECT COUNT(*) AS `numrows`
FROM `kabel`
WHERE `material` = (\'5\')
AND `kabel` = (\'5\')')
 4 SYSTEMPATH\Database\BaseBuilder.php(1669): CodeIgniter\Database\BaseConnection->query('SELECT COUNT(*) AS `numrows`
FROM `kabel`
WHERE `material` = :material:
AND `kabel` = :kabel:', [...], false)
 5 APPPATH\Models\M_Satuan.php(22): CodeIgniter\Database\BaseBuilder->countAllResults()
 6 APPPATH\Controllers\C_Satuan.php(88): App\Models\M_Satuan->cek_data_direlasi('material', 'kabel', [...])
 7 SYSTEMPATH\CodeIgniter.php(904): App\Controllers\C_Satuan->hapus('5')
 8 SYSTEMPATH\CodeIgniter.php(457): CodeIgniter\CodeIgniter->runController(Object(App\Controllers\C_Satuan))
 9 SYSTEMPATH\CodeIgniter.php(340): CodeIgniter\CodeIgniter->handleRequest(null, Object(Config\Cache), false)
10 FCPATH\index.php(67): CodeIgniter\CodeIgniter->run()
11 SYSTEMPATH\Commands\Server\rewrite.php(43): require_once('FCPATH\\index.php')
ERROR - 2022-12-22 01:21:19 --> mysqli_sql_exception: Unknown column 'material' in 'where clause' in E:\Kuliah\Kumpulan Tugas Kuliah\UNS-D3 TI\SEMESTER 5\Magang\CV. Anugrah\Project Magang\silogajs\system\Database\MySQLi\Connection.php:292
Stack trace:
#0 E:\Kuliah\Kumpulan Tugas Kuliah\UNS-D3 TI\SEMESTER 5\Magang\CV. Anugrah\Project Magang\silogajs\system\Database\MySQLi\Connection.php(292): mysqli->query('SELECT COUNT(*)...', 0)
#1 E:\Kuliah\Kumpulan Tugas Kuliah\UNS-D3 TI\SEMESTER 5\Magang\CV. Anugrah\Project Magang\silogajs\system\Database\BaseConnection.php(693): CodeIgniter\Database\MySQLi\Connection->execute('SELECT COUNT(*)...')
#2 E:\Kuliah\Kumpulan Tugas Kuliah\UNS-D3 TI\SEMESTER 5\Magang\CV. Anugrah\Project Magang\silogajs\system\Database\BaseConnection.php(620): CodeIgniter\Database\BaseConnection->simpleQuery('SELECT COUNT(*)...')
#3 E:\Kuliah\Kumpulan Tugas Kuliah\UNS-D3 TI\SEMESTER 5\Magang\CV. Anugrah\Project Magang\silogajs\system\Database\BaseBuilder.php(1669): CodeIgniter\Database\BaseConnection->query('SELECT COUNT(*)...', Array, false)
#4 E:\Kuliah\Kumpulan Tugas Kuliah\UNS-D3 TI\SEMESTER 5\Magang\CV. Anugrah\Project Magang\silogajs\app\Models\M_Satuan.php(22): CodeIgniter\Database\BaseBuilder->countAllResults()
#5 E:\Kuliah\Kumpulan Tugas Kuliah\UNS-D3 TI\SEMESTER 5\Magang\CV. Anugrah\Project Magang\silogajs\app\Controllers\C_Satuan.php(88): App\Models\M_Satuan->cek_data_direlasi('material', 'kabel', Array)
#6 E:\Kuliah\Kumpulan Tugas Kuliah\UNS-D3 TI\SEMESTER 5\Magang\CV. Anugrah\Project Magang\silogajs\system\CodeIgniter.php(904): App\Controllers\C_Satuan->hapus('5')
#7 E:\Kuliah\Kumpulan Tugas Kuliah\UNS-D3 TI\SEMESTER 5\Magang\CV. Anugrah\Project Magang\silogajs\system\CodeIgniter.php(457): CodeIgniter\CodeIgniter->runController(Object(App\Controllers\C_Satuan))
#8 E:\Kuliah\Kumpulan Tugas Kuliah\UNS-D3 TI\SEMESTER 5\Magang\CV. Anugrah\Project Magang\silogajs\system\CodeIgniter.php(340): CodeIgniter\CodeIgniter->handleRequest(NULL, Object(Config\Cache), false)
#9 E:\Kuliah\Kumpulan Tugas Kuliah\UNS-D3 TI\SEMESTER 5\Magang\CV. Anugrah\Project Magang\silogajs\public\index.php(67): CodeIgniter\CodeIgniter->run()
#10 E:\Kuliah\Kumpulan Tugas Kuliah\UNS-D3 TI\SEMESTER 5\Magang\CV. Anugrah\Project Magang\silogajs\system\Commands\Server\rewrite.php(43): require_once('E:\\Kuliah\\Kumpu...')
#11 {main}
CRITICAL - 2022-12-22 01:21:19 --> Unknown column 'material' in 'where clause'
in SYSTEMPATH\Database\MySQLi\Connection.php on line 292.
 1 SYSTEMPATH\Database\MySQLi\Connection.php(292): mysqli->query('SELECT COUNT(*) AS `numrows`
FROM `kabel`
WHERE `material` = (\'5\')
AND `kabel` = (\'5\')', 0)
 2 SYSTEMPATH\Database\BaseConnection.php(693): CodeIgniter\Database\MySQLi\Connection->execute('SELECT COUNT(*) AS `numrows`
FROM `kabel`
WHERE `material` = (\'5\')
AND `kabel` = (\'5\')')
 3 SYSTEMPATH\Database\BaseConnection.php(620): CodeIgniter\Database\BaseConnection->simpleQuery('SELECT COUNT(*) AS `numrows`
FROM `kabel`
WHERE `material` = (\'5\')
AND `kabel` = (\'5\')')
 4 SYSTEMPATH\Database\BaseBuilder.php(1669): CodeIgniter\Database\BaseConnection->query('SELECT COUNT(*) AS `numrows`
FROM `kabel`
WHERE `material` = :material:
AND `kabel` = :kabel:', [...], false)
 5 APPPATH\Models\M_Satuan.php(22): CodeIgniter\Database\BaseBuilder->countAllResults()
 6 APPPATH\Controllers\C_Satuan.php(88): App\Models\M_Satuan->cek_data_direlasi('material', 'kabel', [...])
 7 SYSTEMPATH\CodeIgniter.php(904): App\Controllers\C_Satuan->hapus('5')
 8 SYSTEMPATH\CodeIgniter.php(457): CodeIgniter\CodeIgniter->runController(Object(App\Controllers\C_Satuan))
 9 SYSTEMPATH\CodeIgniter.php(340): CodeIgniter\CodeIgniter->handleRequest(null, Object(Config\Cache), false)
10 FCPATH\index.php(67): CodeIgniter\CodeIgniter->run()
11 SYSTEMPATH\Commands\Server\rewrite.php(43): require_once('FCPATH\\index.php')
ERROR - 2022-12-22 03:02:22 --> mysqli_sql_exception: Unknown column 'material' in 'where clause' in E:\Kuliah\Kumpulan Tugas Kuliah\UNS-D3 TI\SEMESTER 5\Magang\CV. Anugrah\Project Magang\silogajs\system\Database\MySQLi\Connection.php:292
Stack trace:
#0 E:\Kuliah\Kumpulan Tugas Kuliah\UNS-D3 TI\SEMESTER 5\Magang\CV. Anugrah\Project Magang\silogajs\system\Database\MySQLi\Connection.php(292): mysqli->query('SELECT COUNT(*)...', 0)
#1 E:\Kuliah\Kumpulan Tugas Kuliah\UNS-D3 TI\SEMESTER 5\Magang\CV. Anugrah\Project Magang\silogajs\system\Database\BaseConnection.php(693): CodeIgniter\Database\MySQLi\Connection->execute('SELECT COUNT(*)...')
#2 E:\Kuliah\Kumpulan Tugas Kuliah\UNS-D3 TI\SEMESTER 5\Magang\CV. Anugrah\Project Magang\silogajs\system\Database\BaseConnection.php(620): CodeIgniter\Database\BaseConnection->simpleQuery('SELECT COUNT(*)...')
#3 E:\Kuliah\Kumpulan Tugas Kuliah\UNS-D3 TI\SEMESTER 5\Magang\CV. Anugrah\Project Magang\silogajs\system\Database\BaseBuilder.php(1669): CodeIgniter\Database\BaseConnection->query('SELECT COUNT(*)...', Array, false)
#4 E:\Kuliah\Kumpulan Tugas Kuliah\UNS-D3 TI\SEMESTER 5\Magang\CV. Anugrah\Project Magang\silogajs\app\Models\M_Satuan.php(22): CodeIgniter\Database\BaseBuilder->countAllResults()
#5 E:\Kuliah\Kumpulan Tugas Kuliah\UNS-D3 TI\SEMESTER 5\Magang\CV. Anugrah\Project Magang\silogajs\app\Controllers\C_Satuan.php(89): App\Models\M_Satuan->cek_data_direlasi('material', 'kabel', Array)
#6 E:\Kuliah\Kumpulan Tugas Kuliah\UNS-D3 TI\SEMESTER 5\Magang\CV. Anugrah\Project Magang\silogajs\system\CodeIgniter.php(904): App\Controllers\C_Satuan->hapus('8')
#7 E:\Kuliah\Kumpulan Tugas Kuliah\UNS-D3 TI\SEMESTER 5\Magang\CV. Anugrah\Project Magang\silogajs\system\CodeIgniter.php(457): CodeIgniter\CodeIgniter->runController(Object(App\Controllers\C_Satuan))
#8 E:\Kuliah\Kumpulan Tugas Kuliah\UNS-D3 TI\SEMESTER 5\Magang\CV. Anugrah\Project Magang\silogajs\system\CodeIgniter.php(340): CodeIgniter\CodeIgniter->handleRequest(NULL, Object(Config\Cache), false)
#9 E:\Kuliah\Kumpulan Tugas Kuliah\UNS-D3 TI\SEMESTER 5\Magang\CV. Anugrah\Project Magang\silogajs\public\index.php(67): CodeIgniter\CodeIgniter->run()
#10 E:\Kuliah\Kumpulan Tugas Kuliah\UNS-D3 TI\SEMESTER 5\Magang\CV. Anugrah\Project Magang\silogajs\system\Commands\Server\rewrite.php(43): require_once('E:\\Kuliah\\Kumpu...')
#11 {main}
CRITICAL - 2022-12-22 03:02:22 --> Unknown column 'material' in 'where clause'
in SYSTEMPATH\Database\MySQLi\Connection.php on line 292.
 1 SYSTEMPATH\Database\MySQLi\Connection.php(292): mysqli->query('SELECT COUNT(*) AS `numrows`
FROM `kabel`
WHERE `material` = (\'8\')
AND `kabel` = (\'8\')', 0)
 2 SYSTEMPATH\Database\BaseConnection.php(693): CodeIgniter\Database\MySQLi\Connection->execute('SELECT COUNT(*) AS `numrows`
FROM `kabel`
WHERE `material` = (\'8\')
AND `kabel` = (\'8\')')
 3 SYSTEMPATH\Database\BaseConnection.php(620): CodeIgniter\Database\BaseConnection->simpleQuery('SELECT COUNT(*) AS `numrows`
FROM `kabel`
WHERE `material` = (\'8\')
AND `kabel` = (\'8\')')
 4 SYSTEMPATH\Database\BaseBuilder.php(1669): CodeIgniter\Database\BaseConnection->query('SELECT COUNT(*) AS `numrows`
FROM `kabel`
WHERE `material` = :material:
AND `kabel` = :kabel:', [...], false)
 5 APPPATH\Models\M_Satuan.php(22): CodeIgniter\Database\BaseBuilder->countAllResults()
 6 APPPATH\Controllers\C_Satuan.php(89): App\Models\M_Satuan->cek_data_direlasi('material', 'kabel', [...])
 7 SYSTEMPATH\CodeIgniter.php(904): App\Controllers\C_Satuan->hapus('8')
 8 SYSTEMPATH\CodeIgniter.php(457): CodeIgniter\CodeIgniter->runController(Object(App\Controllers\C_Satuan))
 9 SYSTEMPATH\CodeIgniter.php(340): CodeIgniter\CodeIgniter->handleRequest(null, Object(Config\Cache), false)
10 FCPATH\index.php(67): CodeIgniter\CodeIgniter->run()
11 SYSTEMPATH\Commands\Server\rewrite.php(43): require_once('FCPATH\\index.php')
ERROR - 2022-12-22 03:02:24 --> mysqli_sql_exception: Unknown column 'material' in 'where clause' in E:\Kuliah\Kumpulan Tugas Kuliah\UNS-D3 TI\SEMESTER 5\Magang\CV. Anugrah\Project Magang\silogajs\system\Database\MySQLi\Connection.php:292
Stack trace:
#0 E:\Kuliah\Kumpulan Tugas Kuliah\UNS-D3 TI\SEMESTER 5\Magang\CV. Anugrah\Project Magang\silogajs\system\Database\MySQLi\Connection.php(292): mysqli->query('SELECT COUNT(*)...', 0)
#1 E:\Kuliah\Kumpulan Tugas Kuliah\UNS-D3 TI\SEMESTER 5\Magang\CV. Anugrah\Project Magang\silogajs\system\Database\BaseConnection.php(693): CodeIgniter\Database\MySQLi\Connection->execute('SELECT COUNT(*)...')
#2 E:\Kuliah\Kumpulan Tugas Kuliah\UNS-D3 TI\SEMESTER 5\Magang\CV. Anugrah\Project Magang\silogajs\system\Database\BaseConnection.php(620): CodeIgniter\Database\BaseConnection->simpleQuery('SELECT COUNT(*)...')
#3 E:\Kuliah\Kumpulan Tugas Kuliah\UNS-D3 TI\SEMESTER 5\Magang\CV. Anugrah\Project Magang\silogajs\system\Database\BaseBuilder.php(1669): CodeIgniter\Database\BaseConnection->query('SELECT COUNT(*)...', Array, false)
#4 E:\Kuliah\Kumpulan Tugas Kuliah\UNS-D3 TI\SEMESTER 5\Magang\CV. Anugrah\Project Magang\silogajs\app\Models\M_Satuan.php(22): CodeIgniter\Database\BaseBuilder->countAllResults()
#5 E:\Kuliah\Kumpulan Tugas Kuliah\UNS-D3 TI\SEMESTER 5\Magang\CV. Anugrah\Project Magang\silogajs\app\Controllers\C_Satuan.php(89): App\Models\M_Satuan->cek_data_direlasi('material', 'kabel', Array)
#6 E:\Kuliah\Kumpulan Tugas Kuliah\UNS-D3 TI\SEMESTER 5\Magang\CV. Anugrah\Project Magang\silogajs\system\CodeIgniter.php(904): App\Controllers\C_Satuan->hapus('8')
#7 E:\Kuliah\Kumpulan Tugas Kuliah\UNS-D3 TI\SEMESTER 5\Magang\CV. Anugrah\Project Magang\silogajs\system\CodeIgniter.php(457): CodeIgniter\CodeIgniter->runController(Object(App\Controllers\C_Satuan))
#8 E:\Kuliah\Kumpulan Tugas Kuliah\UNS-D3 TI\SEMESTER 5\Magang\CV. Anugrah\Project Magang\silogajs\system\CodeIgniter.php(340): CodeIgniter\CodeIgniter->handleRequest(NULL, Object(Config\Cache), false)
#9 E:\Kuliah\Kumpulan Tugas Kuliah\UNS-D3 TI\SEMESTER 5\Magang\CV. Anugrah\Project Magang\silogajs\public\index.php(67): CodeIgniter\CodeIgniter->run()
#10 E:\Kuliah\Kumpulan Tugas Kuliah\UNS-D3 TI\SEMESTER 5\Magang\CV. Anugrah\Project Magang\silogajs\system\Commands\Server\rewrite.php(43): require_once('E:\\Kuliah\\Kumpu...')
#11 {main}
CRITICAL - 2022-12-22 03:02:24 --> Unknown column 'material' in 'where clause'
in SYSTEMPATH\Database\MySQLi\Connection.php on line 292.
 1 SYSTEMPATH\Database\MySQLi\Connection.php(292): mysqli->query('SELECT COUNT(*) AS `numrows`
FROM `kabel`
WHERE `material` = (\'8\')
AND `kabel` = (\'8\')', 0)
 2 SYSTEMPATH\Database\BaseConnection.php(693): CodeIgniter\Database\MySQLi\Connection->execute('SELECT COUNT(*) AS `numrows`
FROM `kabel`
WHERE `material` = (\'8\')
AND `kabel` = (\'8\')')
 3 SYSTEMPATH\Database\BaseConnection.php(620): CodeIgniter\Database\BaseConnection->simpleQuery('SELECT COUNT(*) AS `numrows`
FROM `kabel`
WHERE `material` = (\'8\')
AND `kabel` = (\'8\')')
 4 SYSTEMPATH\Database\BaseBuilder.php(1669): CodeIgniter\Database\BaseConnection->query('SELECT COUNT(*) AS `numrows`
FROM `kabel`
WHERE `material` = :material:
AND `kabel` = :kabel:', [...], false)
 5 APPPATH\Models\M_Satuan.php(22): CodeIgniter\Database\BaseBuilder->countAllResults()
 6 APPPATH\Controllers\C_Satuan.php(89): App\Models\M_Satuan->cek_data_direlasi('material', 'kabel', [...])
 7 SYSTEMPATH\CodeIgniter.php(904): App\Controllers\C_Satuan->hapus('8')
 8 SYSTEMPATH\CodeIgniter.php(457): CodeIgniter\CodeIgniter->runController(Object(App\Controllers\C_Satuan))
 9 SYSTEMPATH\CodeIgniter.php(340): CodeIgniter\CodeIgniter->handleRequest(null, Object(Config\Cache), false)
10 FCPATH\index.php(67): CodeIgniter\CodeIgniter->run()
11 SYSTEMPATH\Commands\Server\rewrite.php(43): require_once('FCPATH\\index.php')
ERROR - 2022-12-22 03:02:28 --> mysqli_sql_exception: Unknown column 'material' in 'where clause' in E:\Kuliah\Kumpulan Tugas Kuliah\UNS-D3 TI\SEMESTER 5\Magang\CV. Anugrah\Project Magang\silogajs\system\Database\MySQLi\Connection.php:292
Stack trace:
#0 E:\Kuliah\Kumpulan Tugas Kuliah\UNS-D3 TI\SEMESTER 5\Magang\CV. Anugrah\Project Magang\silogajs\system\Database\MySQLi\Connection.php(292): mysqli->query('SELECT COUNT(*)...', 0)
#1 E:\Kuliah\Kumpulan Tugas Kuliah\UNS-D3 TI\SEMESTER 5\Magang\CV. Anugrah\Project Magang\silogajs\system\Database\BaseConnection.php(693): CodeIgniter\Database\MySQLi\Connection->execute('SELECT COUNT(*)...')
#2 E:\Kuliah\Kumpulan Tugas Kuliah\UNS-D3 TI\SEMESTER 5\Magang\CV. Anugrah\Project Magang\silogajs\system\Database\BaseConnection.php(620): CodeIgniter\Database\BaseConnection->simpleQuery('SELECT COUNT(*)...')
#3 E:\Kuliah\Kumpulan Tugas Kuliah\UNS-D3 TI\SEMESTER 5\Magang\CV. Anugrah\Project Magang\silogajs\system\Database\BaseBuilder.php(1669): CodeIgniter\Database\BaseConnection->query('SELECT COUNT(*)...', Array, false)
#4 E:\Kuliah\Kumpulan Tugas Kuliah\UNS-D3 TI\SEMESTER 5\Magang\CV. Anugrah\Project Magang\silogajs\app\Models\M_Satuan.php(22): CodeIgniter\Database\BaseBuilder->countAllResults()
#5 E:\Kuliah\Kumpulan Tugas Kuliah\UNS-D3 TI\SEMESTER 5\Magang\CV. Anugrah\Project Magang\silogajs\app\Controllers\C_Satuan.php(89): App\Models\M_Satuan->cek_data_direlasi('material', 'kabel', Array)
#6 E:\Kuliah\Kumpulan Tugas Kuliah\UNS-D3 TI\SEMESTER 5\Magang\CV. Anugrah\Project Magang\silogajs\system\CodeIgniter.php(904): App\Controllers\C_Satuan->hapus('7')
#7 E:\Kuliah\Kumpulan Tugas Kuliah\UNS-D3 TI\SEMESTER 5\Magang\CV. Anugrah\Project Magang\silogajs\system\CodeIgniter.php(457): CodeIgniter\CodeIgniter->runController(Object(App\Controllers\C_Satuan))
#8 E:\Kuliah\Kumpulan Tugas Kuliah\UNS-D3 TI\SEMESTER 5\Magang\CV. Anugrah\Project Magang\silogajs\system\CodeIgniter.php(340): CodeIgniter\CodeIgniter->handleRequest(NULL, Object(Config\Cache), false)
#9 E:\Kuliah\Kumpulan Tugas Kuliah\UNS-D3 TI\SEMESTER 5\Magang\CV. Anugrah\Project Magang\silogajs\public\index.php(67): CodeIgniter\CodeIgniter->run()
#10 E:\Kuliah\Kumpulan Tugas Kuliah\UNS-D3 TI\SEMESTER 5\Magang\CV. Anugrah\Project Magang\silogajs\system\Commands\Server\rewrite.php(43): require_once('E:\\Kuliah\\Kumpu...')
#11 {main}
CRITICAL - 2022-12-22 03:02:28 --> Unknown column 'material' in 'where clause'
in SYSTEMPATH\Database\MySQLi\Connection.php on line 292.
 1 SYSTEMPATH\Database\MySQLi\Connection.php(292): mysqli->query('SELECT COUNT(*) AS `numrows`
FROM `kabel`
WHERE `material` = (\'7\')
AND `kabel` = (\'7\')', 0)
 2 SYSTEMPATH\Database\BaseConnection.php(693): CodeIgniter\Database\MySQLi\Connection->execute('SELECT COUNT(*) AS `numrows`
FROM `kabel`
WHERE `material` = (\'7\')
AND `kabel` = (\'7\')')
 3 SYSTEMPATH\Database\BaseConnection.php(620): CodeIgniter\Database\BaseConnection->simpleQuery('SELECT COUNT(*) AS `numrows`
FROM `kabel`
WHERE `material` = (\'7\')
AND `kabel` = (\'7\')')
 4 SYSTEMPATH\Database\BaseBuilder.php(1669): CodeIgniter\Database\BaseConnection->query('SELECT COUNT(*) AS `numrows`
FROM `kabel`
WHERE `material` = :material:
AND `kabel` = :kabel:', [...], false)
 5 APPPATH\Models\M_Satuan.php(22): CodeIgniter\Database\BaseBuilder->countAllResults()
 6 APPPATH\Controllers\C_Satuan.php(89): App\Models\M_Satuan->cek_data_direlasi('material', 'kabel', [...])
 7 SYSTEMPATH\CodeIgniter.php(904): App\Controllers\C_Satuan->hapus('7')
 8 SYSTEMPATH\CodeIgniter.php(457): CodeIgniter\CodeIgniter->runController(Object(App\Controllers\C_Satuan))
 9 SYSTEMPATH\CodeIgniter.php(340): CodeIgniter\CodeIgniter->handleRequest(null, Object(Config\Cache), false)
10 FCPATH\index.php(67): CodeIgniter\CodeIgniter->run()
11 SYSTEMPATH\Commands\Server\rewrite.php(43): require_once('FCPATH\\index.php')
ERROR - 2022-12-22 03:03:01 --> mysqli_sql_exception: Unknown column 'material' in 'where clause' in E:\Kuliah\Kumpulan Tugas Kuliah\UNS-D3 TI\SEMESTER 5\Magang\CV. Anugrah\Project Magang\silogajs\system\Database\MySQLi\Connection.php:292
Stack trace:
#0 E:\Kuliah\Kumpulan Tugas Kuliah\UNS-D3 TI\SEMESTER 5\Magang\CV. Anugrah\Project Magang\silogajs\system\Database\MySQLi\Connection.php(292): mysqli->query('SELECT COUNT(*)...', 0)
#1 E:\Kuliah\Kumpulan Tugas Kuliah\UNS-D3 TI\SEMESTER 5\Magang\CV. Anugrah\Project Magang\silogajs\system\Database\BaseConnection.php(693): CodeIgniter\Database\MySQLi\Connection->execute('SELECT COUNT(*)...')
#2 E:\Kuliah\Kumpulan Tugas Kuliah\UNS-D3 TI\SEMESTER 5\Magang\CV. Anugrah\Project Magang\silogajs\system\Database\BaseConnection.php(620): CodeIgniter\Database\BaseConnection->simpleQuery('SELECT COUNT(*)...')
#3 E:\Kuliah\Kumpulan Tugas Kuliah\UNS-D3 TI\SEMESTER 5\Magang\CV. Anugrah\Project Magang\silogajs\system\Database\BaseBuilder.php(1669): CodeIgniter\Database\BaseConnection->query('SELECT COUNT(*)...', Array, false)
#4 E:\Kuliah\Kumpulan Tugas Kuliah\UNS-D3 TI\SEMESTER 5\Magang\CV. Anugrah\Project Magang\silogajs\app\Models\M_Satuan.php(22): CodeIgniter\Database\BaseBuilder->countAllResults()
#5 E:\Kuliah\Kumpulan Tugas Kuliah\UNS-D3 TI\SEMESTER 5\Magang\CV. Anugrah\Project Magang\silogajs\app\Controllers\C_Satuan.php(89): App\Models\M_Satuan->cek_data_direlasi('material', 'kabel', Array)
#6 E:\Kuliah\Kumpulan Tugas Kuliah\UNS-D3 TI\SEMESTER 5\Magang\CV. Anugrah\Project Magang\silogajs\system\CodeIgniter.php(904): App\Controllers\C_Satuan->hapus('8')
#7 E:\Kuliah\Kumpulan Tugas Kuliah\UNS-D3 TI\SEMESTER 5\Magang\CV. Anugrah\Project Magang\silogajs\system\CodeIgniter.php(457): CodeIgniter\CodeIgniter->runController(Object(App\Controllers\C_Satuan))
#8 E:\Kuliah\Kumpulan Tugas Kuliah\UNS-D3 TI\SEMESTER 5\Magang\CV. Anugrah\Project Magang\silogajs\system\CodeIgniter.php(340): CodeIgniter\CodeIgniter->handleRequest(NULL, Object(Config\Cache), false)
#9 E:\Kuliah\Kumpulan Tugas Kuliah\UNS-D3 TI\SEMESTER 5\Magang\CV. Anugrah\Project Magang\silogajs\public\index.php(67): CodeIgniter\CodeIgniter->run()
#10 E:\Kuliah\Kumpulan Tugas Kuliah\UNS-D3 TI\SEMESTER 5\Magang\CV. Anugrah\Project Magang\silogajs\system\Commands\Server\rewrite.php(43): require_once('E:\\Kuliah\\Kumpu...')
#11 {main}
CRITICAL - 2022-12-22 03:03:01 --> Unknown column 'material' in 'where clause'
in SYSTEMPATH\Database\MySQLi\Connection.php on line 292.
 1 SYSTEMPATH\Database\MySQLi\Connection.php(292): mysqli->query('SELECT COUNT(*) AS `numrows`
FROM `kabel`
WHERE `material` = (\'8\')
AND `kabel` = (\'8\')', 0)
 2 SYSTEMPATH\Database\BaseConnection.php(693): CodeIgniter\Database\MySQLi\Connection->execute('SELECT COUNT(*) AS `numrows`
FROM `kabel`
WHERE `material` = (\'8\')
AND `kabel` = (\'8\')')
 3 SYSTEMPATH\Database\BaseConnection.php(620): CodeIgniter\Database\BaseConnection->simpleQuery('SELECT COUNT(*) AS `numrows`
FROM `kabel`
WHERE `material` = (\'8\')
AND `kabel` = (\'8\')')
 4 SYSTEMPATH\Database\BaseBuilder.php(1669): CodeIgniter\Database\BaseConnection->query('SELECT COUNT(*) AS `numrows`
FROM `kabel`
WHERE `material` = :material:
AND `kabel` = :kabel:', [...], false)
 5 APPPATH\Models\M_Satuan.php(22): CodeIgniter\Database\BaseBuilder->countAllResults()
 6 APPPATH\Controllers\C_Satuan.php(89): App\Models\M_Satuan->cek_data_direlasi('material', 'kabel', [...])
 7 SYSTEMPATH\CodeIgniter.php(904): App\Controllers\C_Satuan->hapus('8')
 8 SYSTEMPATH\CodeIgniter.php(457): CodeIgniter\CodeIgniter->runController(Object(App\Controllers\C_Satuan))
 9 SYSTEMPATH\CodeIgniter.php(340): CodeIgniter\CodeIgniter->handleRequest(null, Object(Config\Cache), false)
10 FCPATH\index.php(67): CodeIgniter\CodeIgniter->run()
11 SYSTEMPATH\Commands\Server\rewrite.php(43): require_once('FCPATH\\index.php')
CRITICAL - 2022-12-22 20:42:38 --> Attempt to read property "foto_serial_number" on null
in APPPATH\Controllers\C_Material.php on line 158.
 1 APPPATH\Controllers\C_Material.php(158): CodeIgniter\Debug\Exceptions->errorHandler(2, 'Attempt to read property "foto_serial_number" on null', 'APPPATH\\Controllers\\C_Material.php', 158)
 2 SYSTEMPATH\CodeIgniter.php(904): App\Controllers\C_material->hapus('5')
 3 SYSTEMPATH\CodeIgniter.php(457): CodeIgniter\CodeIgniter->runController(Object(App\Controllers\C_material))
 4 SYSTEMPATH\CodeIgniter.php(340): CodeIgniter\CodeIgniter->handleRequest(null, Object(Config\Cache), false)
 5 FCPATH\index.php(67): CodeIgniter\CodeIgniter->run()
 6 SYSTEMPATH\Commands\Server\rewrite.php(43): require_once('FCPATH\\index.php')
CRITICAL - 2022-12-22 21:01:49 --> Attempt to read property "foto_serial_number" on null
in APPPATH\Controllers\C_Material.php on line 158.
 1 APPPATH\Controllers\C_Material.php(158): CodeIgniter\Debug\Exceptions->errorHandler(2, 'Attempt to read property "foto_serial_number" on null', 'APPPATH\\Controllers\\C_Material.php', 158)
 2 SYSTEMPATH\CodeIgniter.php(904): App\Controllers\C_material->hapus('3')
 3 SYSTEMPATH\CodeIgniter.php(457): CodeIgniter\CodeIgniter->runController(Object(App\Controllers\C_material))
 4 SYSTEMPATH\CodeIgniter.php(340): CodeIgniter\CodeIgniter->handleRequest(null, Object(Config\Cache), false)
 5 FCPATH\index.php(67): CodeIgniter\CodeIgniter->run()
 6 SYSTEMPATH\Commands\Server\rewrite.php(43): require_once('FCPATH\\index.php')
