ERROR - 2022-09-29 22:40:01 --> mysqli_sql_exception: Cannot add foreign key constraint in E:\Kuliah\Kumpulan Tugas Kuliah\UNS-D3 TI\SEMESTER 5\Magang\CV. Anugrah\Project Magang\logistikptajs\system\Database\MySQLi\Connection.php:292
Stack trace:
#0 E:\Kuliah\Kumpulan Tugas Kuliah\UNS-D3 TI\SEMESTER 5\Magang\CV. Anugrah\Project Magang\logistikptajs\system\Database\MySQLi\Connection.php(292): mysqli->query('CREATE TABLE `p...', 0)
#1 E:\Kuliah\Kumpulan Tugas Kuliah\UNS-D3 TI\SEMESTER 5\Magang\CV. Anugrah\Project Magang\logistikptajs\system\Database\BaseConnection.php(693): CodeIgniter\Database\MySQLi\Connection->execute('CREATE TABLE `p...')
#2 E:\Kuliah\Kumpulan Tugas Kuliah\UNS-D3 TI\SEMESTER 5\Magang\CV. Anugrah\Project Magang\logistikptajs\system\Database\BaseConnection.php(620): CodeIgniter\Database\BaseConnection->simpleQuery('CREATE TABLE `p...')
#3 E:\Kuliah\Kumpulan Tugas Kuliah\UNS-D3 TI\SEMESTER 5\Magang\CV. Anugrah\Project Magang\logistikptajs\system\Database\Forge.php(509): CodeIgniter\Database\BaseConnection->query('CREATE TABLE `p...')
#4 E:\Kuliah\Kumpulan Tugas Kuliah\UNS-D3 TI\SEMESTER 5\Magang\CV. Anugrah\Project Magang\logistikptajs\app\Database\Migrations\2022-09-07-030430_Permintaan.php(43): CodeIgniter\Database\Forge->createTable('permintaan')
#5 E:\Kuliah\Kumpulan Tugas Kuliah\UNS-D3 TI\SEMESTER 5\Magang\CV. Anugrah\Project Magang\logistikptajs\system\Database\MigrationRunner.php(868): App\Database\Migrations\Permintaan->up()
#6 E:\Kuliah\Kumpulan Tugas Kuliah\UNS-D3 TI\SEMESTER 5\Magang\CV. Anugrah\Project Magang\logistikptajs\system\Database\MigrationRunner.php(187): CodeIgniter\Database\MigrationRunner->migrate('up', Object(stdClass))
#7 E:\Kuliah\Kumpulan Tugas Kuliah\UNS-D3 TI\SEMESTER 5\Magang\CV. Anugrah\Project Magang\logistikptajs\system\Commands\Database\Migrate.php(84): CodeIgniter\Database\MigrationRunner->latest(NULL)
#8 E:\Kuliah\Kumpulan Tugas Kuliah\UNS-D3 TI\SEMESTER 5\Magang\CV. Anugrah\Project Magang\logistikptajs\system\CLI\Commands.php(63): CodeIgniter\Commands\Database\Migrate->run(Array)
#9 E:\Kuliah\Kumpulan Tugas Kuliah\UNS-D3 TI\SEMESTER 5\Magang\CV. Anugrah\Project Magang\logistikptajs\system\CLI\BaseCommand.php(112): CodeIgniter\CLI\Commands->run('migrate', Array)
#10 E:\Kuliah\Kumpulan Tugas Kuliah\UNS-D3 TI\SEMESTER 5\Magang\CV. Anugrah\Project Magang\logistikptajs\system\Commands\Database\MigrateRefresh.php(85): CodeIgniter\CLI\BaseCommand->call('migrate', Array)
#11 E:\Kuliah\Kumpulan Tugas Kuliah\UNS-D3 TI\SEMESTER 5\Magang\CV. Anugrah\Project Magang\logistikptajs\system\CLI\Commands.php(63): CodeIgniter\Commands\Database\MigrateRefresh->run(Array)
#12 E:\Kuliah\Kumpulan Tugas Kuliah\UNS-D3 TI\SEMESTER 5\Magang\CV. Anugrah\Project Magang\logistikptajs\system\CLI\CommandRunner.php(65): CodeIgniter\CLI\Commands->run('migrate:refresh', Array)
#13 E:\Kuliah\Kumpulan Tugas Kuliah\UNS-D3 TI\SEMESTER 5\Magang\CV. Anugrah\Project Magang\logistikptajs\system\CLI\CommandRunner.php(51): CodeIgniter\CLI\CommandRunner->index(Array)
#14 E:\Kuliah\Kumpulan Tugas Kuliah\UNS-D3 TI\SEMESTER 5\Magang\CV. Anugrah\Project Magang\logistikptajs\system\CodeIgniter.php(897): CodeIgniter\CLI\CommandRunner->_remap('index', Array)
#15 E:\Kuliah\Kumpulan Tugas Kuliah\UNS-D3 TI\SEMESTER 5\Magang\CV. Anugrah\Project Magang\logistikptajs\system\CodeIgniter.php(457): CodeIgniter\CodeIgniter->runController(Object(CodeIgniter\CLI\CommandRunner))
#16 E:\Kuliah\Kumpulan Tugas Kuliah\UNS-D3 TI\SEMESTER 5\Magang\CV. Anugrah\Project Magang\logistikptajs\system\CodeIgniter.php(336): CodeIgniter\CodeIgniter->handleRequest(NULL, Object(Config\Cache), false)
#17 E:\Kuliah\Kumpulan Tugas Kuliah\UNS-D3 TI\SEMESTER 5\Magang\CV. Anugrah\Project Magang\logistikptajs\system\CLI\Console.php(48): CodeIgniter\CodeIgniter->run()
#18 E:\Kuliah\Kumpulan Tugas Kuliah\UNS-D3 TI\SEMESTER 5\Magang\CV. Anugrah\Project Magang\logistikptajs\spark(98): CodeIgniter\CLI\Console->run()
#19 {main}
ERROR - 2022-09-29 22:40:01 --> mysqli_sql_exception: Cannot add foreign key constraint in E:\Kuliah\Kumpulan Tugas Kuliah\UNS-D3 TI\SEMESTER 5\Magang\CV. Anugrah\Project Magang\logistikptajs\system\Database\MySQLi\Connection.php:292
Stack trace:
#0 E:\Kuliah\Kumpulan Tugas Kuliah\UNS-D3 TI\SEMESTER 5\Magang\CV. Anugrah\Project Magang\logistikptajs\system\Database\MySQLi\Connection.php(292): mysqli->query('CREATE TABLE `m...', 0)
#1 E:\Kuliah\Kumpulan Tugas Kuliah\UNS-D3 TI\SEMESTER 5\Magang\CV. Anugrah\Project Magang\logistikptajs\system\Database\BaseConnection.php(693): CodeIgniter\Database\MySQLi\Connection->execute('CREATE TABLE `m...')
#2 E:\Kuliah\Kumpulan Tugas Kuliah\UNS-D3 TI\SEMESTER 5\Magang\CV. Anugrah\Project Magang\logistikptajs\system\Database\BaseConnection.php(620): CodeIgniter\Database\BaseConnection->simpleQuery('CREATE TABLE `m...')
#3 E:\Kuliah\Kumpulan Tugas Kuliah\UNS-D3 TI\SEMESTER 5\Magang\CV. Anugrah\Project Magang\logistikptajs\system\Database\Forge.php(509): CodeIgniter\Database\BaseConnection->query('CREATE TABLE `m...')
#4 E:\Kuliah\Kumpulan Tugas Kuliah\UNS-D3 TI\SEMESTER 5\Magang\CV. Anugrah\Project Magang\logistikptajs\app\Database\Migrations\2022-09-30-023825_MaterialMasuk.php(52): CodeIgniter\Database\Forge->createTable('material_masuk')
#5 E:\Kuliah\Kumpulan Tugas Kuliah\UNS-D3 TI\SEMESTER 5\Magang\CV. Anugrah\Project Magang\logistikptajs\system\Database\MigrationRunner.php(868): App\Database\Migrations\MaterialMasuk->up()
#6 E:\Kuliah\Kumpulan Tugas Kuliah\UNS-D3 TI\SEMESTER 5\Magang\CV. Anugrah\Project Magang\logistikptajs\system\Database\MigrationRunner.php(187): CodeIgniter\Database\MigrationRunner->migrate('up', Object(stdClass))
#7 E:\Kuliah\Kumpulan Tugas Kuliah\UNS-D3 TI\SEMESTER 5\Magang\CV. Anugrah\Project Magang\logistikptajs\system\Commands\Database\Migrate.php(84): CodeIgniter\Database\MigrationRunner->latest(NULL)
#8 E:\Kuliah\Kumpulan Tugas Kuliah\UNS-D3 TI\SEMESTER 5\Magang\CV. Anugrah\Project Magang\logistikptajs\system\CLI\Commands.php(63): CodeIgniter\Commands\Database\Migrate->run(Array)
#9 E:\Kuliah\Kumpulan Tugas Kuliah\UNS-D3 TI\SEMESTER 5\Magang\CV. Anugrah\Project Magang\logistikptajs\system\CLI\BaseCommand.php(112): CodeIgniter\CLI\Commands->run('migrate', Array)
#10 E:\Kuliah\Kumpulan Tugas Kuliah\UNS-D3 TI\SEMESTER 5\Magang\CV. Anugrah\Project Magang\logistikptajs\system\Commands\Database\MigrateRefresh.php(85): CodeIgniter\CLI\BaseCommand->call('migrate', Array)
#11 E:\Kuliah\Kumpulan Tugas Kuliah\UNS-D3 TI\SEMESTER 5\Magang\CV. Anugrah\Project Magang\logistikptajs\system\CLI\Commands.php(63): CodeIgniter\Commands\Database\MigrateRefresh->run(Array)
#12 E:\Kuliah\Kumpulan Tugas Kuliah\UNS-D3 TI\SEMESTER 5\Magang\CV. Anugrah\Project Magang\logistikptajs\system\CLI\CommandRunner.php(65): CodeIgniter\CLI\Commands->run('migrate:refresh', Array)
#13 E:\Kuliah\Kumpulan Tugas Kuliah\UNS-D3 TI\SEMESTER 5\Magang\CV. Anugrah\Project Magang\logistikptajs\system\CLI\CommandRunner.php(51): CodeIgniter\CLI\CommandRunner->index(Array)
#14 E:\Kuliah\Kumpulan Tugas Kuliah\UNS-D3 TI\SEMESTER 5\Magang\CV. Anugrah\Project Magang\logistikptajs\system\CodeIgniter.php(897): CodeIgniter\CLI\CommandRunner->_remap('index', Array)
#15 E:\Kuliah\Kumpulan Tugas Kuliah\UNS-D3 TI\SEMESTER 5\Magang\CV. Anugrah\Project Magang\logistikptajs\system\CodeIgniter.php(457): CodeIgniter\CodeIgniter->runController(Object(CodeIgniter\CLI\CommandRunner))
#16 E:\Kuliah\Kumpulan Tugas Kuliah\UNS-D3 TI\SEMESTER 5\Magang\CV. Anugrah\Project Magang\logistikptajs\system\CodeIgniter.php(336): CodeIgniter\CodeIgniter->handleRequest(NULL, Object(Config\Cache), false)
#17 E:\Kuliah\Kumpulan Tugas Kuliah\UNS-D3 TI\SEMESTER 5\Magang\CV. Anugrah\Project Magang\logistikptajs\system\CLI\Console.php(48): CodeIgniter\CodeIgniter->run()
#18 E:\Kuliah\Kumpulan Tugas Kuliah\UNS-D3 TI\SEMESTER 5\Magang\CV. Anugrah\Project Magang\logistikptajs\spark(98): CodeIgniter\CLI\Console->run()
#19 {main}
ERROR - 2022-09-29 22:40:01 --> mysqli_sql_exception: Cannot add foreign key constraint in E:\Kuliah\Kumpulan Tugas Kuliah\UNS-D3 TI\SEMESTER 5\Magang\CV. Anugrah\Project Magang\logistikptajs\system\Database\MySQLi\Connection.php:292
Stack trace:
#0 E:\Kuliah\Kumpulan Tugas Kuliah\UNS-D3 TI\SEMESTER 5\Magang\CV. Anugrah\Project Magang\logistikptajs\system\Database\MySQLi\Connection.php(292): mysqli->query('CREATE TABLE `m...', 0)
#1 E:\Kuliah\Kumpulan Tugas Kuliah\UNS-D3 TI\SEMESTER 5\Magang\CV. Anugrah\Project Magang\logistikptajs\system\Database\BaseConnection.php(693): CodeIgniter\Database\MySQLi\Connection->execute('CREATE TABLE `m...')
#2 E:\Kuliah\Kumpulan Tugas Kuliah\UNS-D3 TI\SEMESTER 5\Magang\CV. Anugrah\Project Magang\logistikptajs\system\Database\BaseConnection.php(620): CodeIgniter\Database\BaseConnection->simpleQuery('CREATE TABLE `m...')
#3 E:\Kuliah\Kumpulan Tugas Kuliah\UNS-D3 TI\SEMESTER 5\Magang\CV. Anugrah\Project Magang\logistikptajs\system\Database\Forge.php(509): CodeIgniter\Database\BaseConnection->query('CREATE TABLE `m...')
#4 E:\Kuliah\Kumpulan Tugas Kuliah\UNS-D3 TI\SEMESTER 5\Magang\CV. Anugrah\Project Magang\logistikptajs\app\Database\Migrations\2022-09-30-024202_MaterialKeluar.php(49): CodeIgniter\Database\Forge->createTable('material_keluar')
#5 E:\Kuliah\Kumpulan Tugas Kuliah\UNS-D3 TI\SEMESTER 5\Magang\CV. Anugrah\Project Magang\logistikptajs\system\Database\MigrationRunner.php(868): App\Database\Migrations\MaterialKeluar->up()
#6 E:\Kuliah\Kumpulan Tugas Kuliah\UNS-D3 TI\SEMESTER 5\Magang\CV. Anugrah\Project Magang\logistikptajs\system\Database\MigrationRunner.php(187): CodeIgniter\Database\MigrationRunner->migrate('up', Object(stdClass))
#7 E:\Kuliah\Kumpulan Tugas Kuliah\UNS-D3 TI\SEMESTER 5\Magang\CV. Anugrah\Project Magang\logistikptajs\system\Commands\Database\Migrate.php(84): CodeIgniter\Database\MigrationRunner->latest(NULL)
#8 E:\Kuliah\Kumpulan Tugas Kuliah\UNS-D3 TI\SEMESTER 5\Magang\CV. Anugrah\Project Magang\logistikptajs\system\CLI\Commands.php(63): CodeIgniter\Commands\Database\Migrate->run(Array)
#9 E:\Kuliah\Kumpulan Tugas Kuliah\UNS-D3 TI\SEMESTER 5\Magang\CV. Anugrah\Project Magang\logistikptajs\system\CLI\BaseCommand.php(112): CodeIgniter\CLI\Commands->run('migrate', Array)
#10 E:\Kuliah\Kumpulan Tugas Kuliah\UNS-D3 TI\SEMESTER 5\Magang\CV. Anugrah\Project Magang\logistikptajs\system\Commands\Database\MigrateRefresh.php(85): CodeIgniter\CLI\BaseCommand->call('migrate', Array)
#11 E:\Kuliah\Kumpulan Tugas Kuliah\UNS-D3 TI\SEMESTER 5\Magang\CV. Anugrah\Project Magang\logistikptajs\system\CLI\Commands.php(63): CodeIgniter\Commands\Database\MigrateRefresh->run(Array)
#12 E:\Kuliah\Kumpulan Tugas Kuliah\UNS-D3 TI\SEMESTER 5\Magang\CV. Anugrah\Project Magang\logistikptajs\system\CLI\CommandRunner.php(65): CodeIgniter\CLI\Commands->run('migrate:refresh', Array)
#13 E:\Kuliah\Kumpulan Tugas Kuliah\UNS-D3 TI\SEMESTER 5\Magang\CV. Anugrah\Project Magang\logistikptajs\system\CLI\CommandRunner.php(51): CodeIgniter\CLI\CommandRunner->index(Array)
#14 E:\Kuliah\Kumpulan Tugas Kuliah\UNS-D3 TI\SEMESTER 5\Magang\CV. Anugrah\Project Magang\logistikptajs\system\CodeIgniter.php(897): CodeIgniter\CLI\CommandRunner->_remap('index', Array)
#15 E:\Kuliah\Kumpulan Tugas Kuliah\UNS-D3 TI\SEMESTER 5\Magang\CV. Anugrah\Project Magang\logistikptajs\system\CodeIgniter.php(457): CodeIgniter\CodeIgniter->runController(Object(CodeIgniter\CLI\CommandRunner))
#16 E:\Kuliah\Kumpulan Tugas Kuliah\UNS-D3 TI\SEMESTER 5\Magang\CV. Anugrah\Project Magang\logistikptajs\system\CodeIgniter.php(336): CodeIgniter\CodeIgniter->handleRequest(NULL, Object(Config\Cache), false)
#17 E:\Kuliah\Kumpulan Tugas Kuliah\UNS-D3 TI\SEMESTER 5\Magang\CV. Anugrah\Project Magang\logistikptajs\system\CLI\Console.php(48): CodeIgniter\CodeIgniter->run()
#18 E:\Kuliah\Kumpulan Tugas Kuliah\UNS-D3 TI\SEMESTER 5\Magang\CV. Anugrah\Project Magang\logistikptajs\spark(98): CodeIgniter\CLI\Console->run()
#19 {main}
ERROR - 2022-09-29 22:40:01 --> mysqli_sql_exception: Incorrect table definition; there can be only one auto column and it must be defined as a key in E:\Kuliah\Kumpulan Tugas Kuliah\UNS-D3 TI\SEMESTER 5\Magang\CV. Anugrah\Project Magang\logistikptajs\system\Database\MySQLi\Connection.php:292
Stack trace:
#0 E:\Kuliah\Kumpulan Tugas Kuliah\UNS-D3 TI\SEMESTER 5\Magang\CV. Anugrah\Project Magang\logistikptajs\system\Database\MySQLi\Connection.php(292): mysqli->query('CREATE TABLE `m...', 0)
#1 E:\Kuliah\Kumpulan Tugas Kuliah\UNS-D3 TI\SEMESTER 5\Magang\CV. Anugrah\Project Magang\logistikptajs\system\Database\BaseConnection.php(693): CodeIgniter\Database\MySQLi\Connection->execute('CREATE TABLE `m...')
#2 E:\Kuliah\Kumpulan Tugas Kuliah\UNS-D3 TI\SEMESTER 5\Magang\CV. Anugrah\Project Magang\logistikptajs\system\Database\BaseConnection.php(620): CodeIgniter\Database\BaseConnection->simpleQuery('CREATE TABLE `m...')
#3 E:\Kuliah\Kumpulan Tugas Kuliah\UNS-D3 TI\SEMESTER 5\Magang\CV. Anugrah\Project Magang\logistikptajs\system\Database\Forge.php(509): CodeIgniter\Database\BaseConnection->query('CREATE TABLE `m...')
#4 E:\Kuliah\Kumpulan Tugas Kuliah\UNS-D3 TI\SEMESTER 5\Magang\CV. Anugrah\Project Magang\logistikptajs\app\Database\Migrations\2022-09-30-025259_Kabel.php(51): CodeIgniter\Database\Forge->createTable('material')
#5 E:\Kuliah\Kumpulan Tugas Kuliah\UNS-D3 TI\SEMESTER 5\Magang\CV. Anugrah\Project Magang\logistikptajs\system\Database\MigrationRunner.php(868): App\Database\Migrations\Kabel->up()
#6 E:\Kuliah\Kumpulan Tugas Kuliah\UNS-D3 TI\SEMESTER 5\Magang\CV. Anugrah\Project Magang\logistikptajs\system\Database\MigrationRunner.php(187): CodeIgniter\Database\MigrationRunner->migrate('up', Object(stdClass))
#7 E:\Kuliah\Kumpulan Tugas Kuliah\UNS-D3 TI\SEMESTER 5\Magang\CV. Anugrah\Project Magang\logistikptajs\system\Commands\Database\Migrate.php(84): CodeIgniter\Database\MigrationRunner->latest(NULL)
#8 E:\Kuliah\Kumpulan Tugas Kuliah\UNS-D3 TI\SEMESTER 5\Magang\CV. Anugrah\Project Magang\logistikptajs\system\CLI\Commands.php(63): CodeIgniter\Commands\Database\Migrate->run(Array)
#9 E:\Kuliah\Kumpulan Tugas Kuliah\UNS-D3 TI\SEMESTER 5\Magang\CV. Anugrah\Project Magang\logistikptajs\system\CLI\BaseCommand.php(112): CodeIgniter\CLI\Commands->run('migrate', Array)
#10 E:\Kuliah\Kumpulan Tugas Kuliah\UNS-D3 TI\SEMESTER 5\Magang\CV. Anugrah\Project Magang\logistikptajs\system\Commands\Database\MigrateRefresh.php(85): CodeIgniter\CLI\BaseCommand->call('migrate', Array)
#11 E:\Kuliah\Kumpulan Tugas Kuliah\UNS-D3 TI\SEMESTER 5\Magang\CV. Anugrah\Project Magang\logistikptajs\system\CLI\Commands.php(63): CodeIgniter\Commands\Database\MigrateRefresh->run(Array)
#12 E:\Kuliah\Kumpulan Tugas Kuliah\UNS-D3 TI\SEMESTER 5\Magang\CV. Anugrah\Project Magang\logistikptajs\system\CLI\CommandRunner.php(65): CodeIgniter\CLI\Commands->run('migrate:refresh', Array)
#13 E:\Kuliah\Kumpulan Tugas Kuliah\UNS-D3 TI\SEMESTER 5\Magang\CV. Anugrah\Project Magang\logistikptajs\system\CLI\CommandRunner.php(51): CodeIgniter\CLI\CommandRunner->index(Array)
#14 E:\Kuliah\Kumpulan Tugas Kuliah\UNS-D3 TI\SEMESTER 5\Magang\CV. Anugrah\Project Magang\logistikptajs\system\CodeIgniter.php(897): CodeIgniter\CLI\CommandRunner->_remap('index', Array)
#15 E:\Kuliah\Kumpulan Tugas Kuliah\UNS-D3 TI\SEMESTER 5\Magang\CV. Anugrah\Project Magang\logistikptajs\system\CodeIgniter.php(457): CodeIgniter\CodeIgniter->runController(Object(CodeIgniter\CLI\CommandRunner))
#16 E:\Kuliah\Kumpulan Tugas Kuliah\UNS-D3 TI\SEMESTER 5\Magang\CV. Anugrah\Project Magang\logistikptajs\system\CodeIgniter.php(336): CodeIgniter\CodeIgniter->handleRequest(NULL, Object(Config\Cache), false)
#17 E:\Kuliah\Kumpulan Tugas Kuliah\UNS-D3 TI\SEMESTER 5\Magang\CV. Anugrah\Project Magang\logistikptajs\system\CLI\Console.php(48): CodeIgniter\CodeIgniter->run()
#18 E:\Kuliah\Kumpulan Tugas Kuliah\UNS-D3 TI\SEMESTER 5\Magang\CV. Anugrah\Project Magang\logistikptajs\spark(98): CodeIgniter\CLI\Console->run()
#19 {main}
ERROR - 2022-09-29 22:40:01 --> mysqli_sql_exception: Cannot add foreign key constraint in E:\Kuliah\Kumpulan Tugas Kuliah\UNS-D3 TI\SEMESTER 5\Magang\CV. Anugrah\Project Magang\logistikptajs\system\Database\MySQLi\Connection.php:292
Stack trace:
#0 E:\Kuliah\Kumpulan Tugas Kuliah\UNS-D3 TI\SEMESTER 5\Magang\CV. Anugrah\Project Magang\logistikptajs\system\Database\MySQLi\Connection.php(292): mysqli->query('CREATE TABLE `k...', 0)
#1 E:\Kuliah\Kumpulan Tugas Kuliah\UNS-D3 TI\SEMESTER 5\Magang\CV. Anugrah\Project Magang\logistikptajs\system\Database\BaseConnection.php(693): CodeIgniter\Database\MySQLi\Connection->execute('CREATE TABLE `k...')
#2 E:\Kuliah\Kumpulan Tugas Kuliah\UNS-D3 TI\SEMESTER 5\Magang\CV. Anugrah\Project Magang\logistikptajs\system\Database\BaseConnection.php(620): CodeIgniter\Database\BaseConnection->simpleQuery('CREATE TABLE `k...')
#3 E:\Kuliah\Kumpulan Tugas Kuliah\UNS-D3 TI\SEMESTER 5\Magang\CV. Anugrah\Project Magang\logistikptajs\system\Database\Forge.php(509): CodeIgniter\Database\BaseConnection->query('CREATE TABLE `k...')
#4 E:\Kuliah\Kumpulan Tugas Kuliah\UNS-D3 TI\SEMESTER 5\Magang\CV. Anugrah\Project Magang\logistikptajs\app\Database\Migrations\2022-09-30-030853_KabelMasuk.php(50): CodeIgniter\Database\Forge->createTable('kabel_masuk')
#5 E:\Kuliah\Kumpulan Tugas Kuliah\UNS-D3 TI\SEMESTER 5\Magang\CV. Anugrah\Project Magang\logistikptajs\system\Database\MigrationRunner.php(868): App\Database\Migrations\KabelMasuk->up()
#6 E:\Kuliah\Kumpulan Tugas Kuliah\UNS-D3 TI\SEMESTER 5\Magang\CV. Anugrah\Project Magang\logistikptajs\system\Database\MigrationRunner.php(187): CodeIgniter\Database\MigrationRunner->migrate('up', Object(stdClass))
#7 E:\Kuliah\Kumpulan Tugas Kuliah\UNS-D3 TI\SEMESTER 5\Magang\CV. Anugrah\Project Magang\logistikptajs\system\Commands\Database\Migrate.php(84): CodeIgniter\Database\MigrationRunner->latest(NULL)
#8 E:\Kuliah\Kumpulan Tugas Kuliah\UNS-D3 TI\SEMESTER 5\Magang\CV. Anugrah\Project Magang\logistikptajs\system\CLI\Commands.php(63): CodeIgniter\Commands\Database\Migrate->run(Array)
#9 E:\Kuliah\Kumpulan Tugas Kuliah\UNS-D3 TI\SEMESTER 5\Magang\CV. Anugrah\Project Magang\logistikptajs\system\CLI\BaseCommand.php(112): CodeIgniter\CLI\Commands->run('migrate', Array)
#10 E:\Kuliah\Kumpulan Tugas Kuliah\UNS-D3 TI\SEMESTER 5\Magang\CV. Anugrah\Project Magang\logistikptajs\system\Commands\Database\MigrateRefresh.php(85): CodeIgniter\CLI\BaseCommand->call('migrate', Array)
#11 E:\Kuliah\Kumpulan Tugas Kuliah\UNS-D3 TI\SEMESTER 5\Magang\CV. Anugrah\Project Magang\logistikptajs\system\CLI\Commands.php(63): CodeIgniter\Commands\Database\MigrateRefresh->run(Array)
#12 E:\Kuliah\Kumpulan Tugas Kuliah\UNS-D3 TI\SEMESTER 5\Magang\CV. Anugrah\Project Magang\logistikptajs\system\CLI\CommandRunner.php(65): CodeIgniter\CLI\Commands->run('migrate:refresh', Array)
#13 E:\Kuliah\Kumpulan Tugas Kuliah\UNS-D3 TI\SEMESTER 5\Magang\CV. Anugrah\Project Magang\logistikptajs\system\CLI\CommandRunner.php(51): CodeIgniter\CLI\CommandRunner->index(Array)
#14 E:\Kuliah\Kumpulan Tugas Kuliah\UNS-D3 TI\SEMESTER 5\Magang\CV. Anugrah\Project Magang\logistikptajs\system\CodeIgniter.php(897): CodeIgniter\CLI\CommandRunner->_remap('index', Array)
#15 E:\Kuliah\Kumpulan Tugas Kuliah\UNS-D3 TI\SEMESTER 5\Magang\CV. Anugrah\Project Magang\logistikptajs\system\CodeIgniter.php(457): CodeIgniter\CodeIgniter->runController(Object(CodeIgniter\CLI\CommandRunner))
#16 E:\Kuliah\Kumpulan Tugas Kuliah\UNS-D3 TI\SEMESTER 5\Magang\CV. Anugrah\Project Magang\logistikptajs\system\CodeIgniter.php(336): CodeIgniter\CodeIgniter->handleRequest(NULL, Object(Config\Cache), false)
#17 E:\Kuliah\Kumpulan Tugas Kuliah\UNS-D3 TI\SEMESTER 5\Magang\CV. Anugrah\Project Magang\logistikptajs\system\CLI\Console.php(48): CodeIgniter\CodeIgniter->run()
#18 E:\Kuliah\Kumpulan Tugas Kuliah\UNS-D3 TI\SEMESTER 5\Magang\CV. Anugrah\Project Magang\logistikptajs\spark(98): CodeIgniter\CLI\Console->run()
#19 {main}
ERROR - 2022-09-29 22:40:01 --> mysqli_sql_exception: Cannot add foreign key constraint in E:\Kuliah\Kumpulan Tugas Kuliah\UNS-D3 TI\SEMESTER 5\Magang\CV. Anugrah\Project Magang\logistikptajs\system\Database\MySQLi\Connection.php:292
Stack trace:
#0 E:\Kuliah\Kumpulan Tugas Kuliah\UNS-D3 TI\SEMESTER 5\Magang\CV. Anugrah\Project Magang\logistikptajs\system\Database\MySQLi\Connection.php(292): mysqli->query('CREATE TABLE `k...', 0)
#1 E:\Kuliah\Kumpulan Tugas Kuliah\UNS-D3 TI\SEMESTER 5\Magang\CV. Anugrah\Project Magang\logistikptajs\system\Database\BaseConnection.php(693): CodeIgniter\Database\MySQLi\Connection->execute('CREATE TABLE `k...')
#2 E:\Kuliah\Kumpulan Tugas Kuliah\UNS-D3 TI\SEMESTER 5\Magang\CV. Anugrah\Project Magang\logistikptajs\system\Database\BaseConnection.php(620): CodeIgniter\Database\BaseConnection->simpleQuery('CREATE TABLE `k...')
#3 E:\Kuliah\Kumpulan Tugas Kuliah\UNS-D3 TI\SEMESTER 5\Magang\CV. Anugrah\Project Magang\logistikptajs\system\Database\Forge.php(509): CodeIgniter\Database\BaseConnection->query('CREATE TABLE `k...')
#4 E:\Kuliah\Kumpulan Tugas Kuliah\UNS-D3 TI\SEMESTER 5\Magang\CV. Anugrah\Project Magang\logistikptajs\app\Database\Migrations\2022-09-30-031451_KabelKeluar.php(48): CodeIgniter\Database\Forge->createTable('kabel_keluar')
#5 E:\Kuliah\Kumpulan Tugas Kuliah\UNS-D3 TI\SEMESTER 5\Magang\CV. Anugrah\Project Magang\logistikptajs\system\Database\MigrationRunner.php(868): App\Database\Migrations\KabelKeluar->up()
#6 E:\Kuliah\Kumpulan Tugas Kuliah\UNS-D3 TI\SEMESTER 5\Magang\CV. Anugrah\Project Magang\logistikptajs\system\Database\MigrationRunner.php(187): CodeIgniter\Database\MigrationRunner->migrate('up', Object(stdClass))
#7 E:\Kuliah\Kumpulan Tugas Kuliah\UNS-D3 TI\SEMESTER 5\Magang\CV. Anugrah\Project Magang\logistikptajs\system\Commands\Database\Migrate.php(84): CodeIgniter\Database\MigrationRunner->latest(NULL)
#8 E:\Kuliah\Kumpulan Tugas Kuliah\UNS-D3 TI\SEMESTER 5\Magang\CV. Anugrah\Project Magang\logistikptajs\system\CLI\Commands.php(63): CodeIgniter\Commands\Database\Migrate->run(Array)
#9 E:\Kuliah\Kumpulan Tugas Kuliah\UNS-D3 TI\SEMESTER 5\Magang\CV. Anugrah\Project Magang\logistikptajs\system\CLI\BaseCommand.php(112): CodeIgniter\CLI\Commands->run('migrate', Array)
#10 E:\Kuliah\Kumpulan Tugas Kuliah\UNS-D3 TI\SEMESTER 5\Magang\CV. Anugrah\Project Magang\logistikptajs\system\Commands\Database\MigrateRefresh.php(85): CodeIgniter\CLI\BaseCommand->call('migrate', Array)
#11 E:\Kuliah\Kumpulan Tugas Kuliah\UNS-D3 TI\SEMESTER 5\Magang\CV. Anugrah\Project Magang\logistikptajs\system\CLI\Commands.php(63): CodeIgniter\Commands\Database\MigrateRefresh->run(Array)
#12 E:\Kuliah\Kumpulan Tugas Kuliah\UNS-D3 TI\SEMESTER 5\Magang\CV. Anugrah\Project Magang\logistikptajs\system\CLI\CommandRunner.php(65): CodeIgniter\CLI\Commands->run('migrate:refresh', Array)
#13 E:\Kuliah\Kumpulan Tugas Kuliah\UNS-D3 TI\SEMESTER 5\Magang\CV. Anugrah\Project Magang\logistikptajs\system\CLI\CommandRunner.php(51): CodeIgniter\CLI\CommandRunner->index(Array)
#14 E:\Kuliah\Kumpulan Tugas Kuliah\UNS-D3 TI\SEMESTER 5\Magang\CV. Anugrah\Project Magang\logistikptajs\system\CodeIgniter.php(897): CodeIgniter\CLI\CommandRunner->_remap('index', Array)
#15 E:\Kuliah\Kumpulan Tugas Kuliah\UNS-D3 TI\SEMESTER 5\Magang\CV. Anugrah\Project Magang\logistikptajs\system\CodeIgniter.php(457): CodeIgniter\CodeIgniter->runController(Object(CodeIgniter\CLI\CommandRunner))
#16 E:\Kuliah\Kumpulan Tugas Kuliah\UNS-D3 TI\SEMESTER 5\Magang\CV. Anugrah\Project Magang\logistikptajs\system\CodeIgniter.php(336): CodeIgniter\CodeIgniter->handleRequest(NULL, Object(Config\Cache), false)
#17 E:\Kuliah\Kumpulan Tugas Kuliah\UNS-D3 TI\SEMESTER 5\Magang\CV. Anugrah\Project Magang\logistikptajs\system\CLI\Console.php(48): CodeIgniter\CodeIgniter->run()
#18 E:\Kuliah\Kumpulan Tugas Kuliah\UNS-D3 TI\SEMESTER 5\Magang\CV. Anugrah\Project Magang\logistikptajs\spark(98): CodeIgniter\CLI\Console->run()
#19 {main}
ERROR - 2022-09-29 23:41:37 --> mysqli_sql_exception: Unknown table 'logistikptajs.kabel_keluar' in E:\Kuliah\Kumpulan Tugas Kuliah\UNS-D3 TI\SEMESTER 5\Magang\CV. Anugrah\Project Magang\logistikptajs\system\Database\MySQLi\Connection.php:292
Stack trace:
#0 E:\Kuliah\Kumpulan Tugas Kuliah\UNS-D3 TI\SEMESTER 5\Magang\CV. Anugrah\Project Magang\logistikptajs\system\Database\MySQLi\Connection.php(292): mysqli->query('DROP TABLE `kab...', 0)
#1 E:\Kuliah\Kumpulan Tugas Kuliah\UNS-D3 TI\SEMESTER 5\Magang\CV. Anugrah\Project Magang\logistikptajs\system\Database\BaseConnection.php(693): CodeIgniter\Database\MySQLi\Connection->execute('DROP TABLE `kab...')
#2 E:\Kuliah\Kumpulan Tugas Kuliah\UNS-D3 TI\SEMESTER 5\Magang\CV. Anugrah\Project Magang\logistikptajs\system\Database\BaseConnection.php(620): CodeIgniter\Database\BaseConnection->simpleQuery('DROP TABLE `kab...')
#3 E:\Kuliah\Kumpulan Tugas Kuliah\UNS-D3 TI\SEMESTER 5\Magang\CV. Anugrah\Project Magang\logistikptajs\system\Database\Forge.php(600): CodeIgniter\Database\BaseConnection->query('DROP TABLE `kab...')
#4 E:\Kuliah\Kumpulan Tugas Kuliah\UNS-D3 TI\SEMESTER 5\Magang\CV. Anugrah\Project Magang\logistikptajs\app\Database\Migrations\2022-09-30-031451_KabelKeluar.php(53): CodeIgniter\Database\Forge->dropTable('kabel_keluar')
#5 E:\Kuliah\Kumpulan Tugas Kuliah\UNS-D3 TI\SEMESTER 5\Magang\CV. Anugrah\Project Magang\logistikptajs\system\Database\MigrationRunner.php(868): App\Database\Migrations\KabelKeluar->down()
#6 E:\Kuliah\Kumpulan Tugas Kuliah\UNS-D3 TI\SEMESTER 5\Magang\CV. Anugrah\Project Magang\logistikptajs\system\Database\MigrationRunner.php(298): CodeIgniter\Database\MigrationRunner->migrate('down', Object(stdClass))
#7 E:\Kuliah\Kumpulan Tugas Kuliah\UNS-D3 TI\SEMESTER 5\Magang\CV. Anugrah\Project Magang\logistikptajs\system\Commands\Database\MigrateRollback.php(92): CodeIgniter\Database\MigrationRunner->regress(0)
#8 E:\Kuliah\Kumpulan Tugas Kuliah\UNS-D3 TI\SEMESTER 5\Magang\CV. Anugrah\Project Magang\logistikptajs\system\CLI\Commands.php(63): CodeIgniter\Commands\Database\MigrateRollback->run(Array)
#9 E:\Kuliah\Kumpulan Tugas Kuliah\UNS-D3 TI\SEMESTER 5\Magang\CV. Anugrah\Project Magang\logistikptajs\system\CLI\CommandRunner.php(65): CodeIgniter\CLI\Commands->run('migrate:rollbac...', Array)
#10 E:\Kuliah\Kumpulan Tugas Kuliah\UNS-D3 TI\SEMESTER 5\Magang\CV. Anugrah\Project Magang\logistikptajs\system\CLI\CommandRunner.php(51): CodeIgniter\CLI\CommandRunner->index(Array)
#11 E:\Kuliah\Kumpulan Tugas Kuliah\UNS-D3 TI\SEMESTER 5\Magang\CV. Anugrah\Project Magang\logistikptajs\system\CodeIgniter.php(897): CodeIgniter\CLI\CommandRunner->_remap('index', Array)
#12 E:\Kuliah\Kumpulan Tugas Kuliah\UNS-D3 TI\SEMESTER 5\Magang\CV. Anugrah\Project Magang\logistikptajs\system\CodeIgniter.php(457): CodeIgniter\CodeIgniter->runController(Object(CodeIgniter\CLI\CommandRunner))
#13 E:\Kuliah\Kumpulan Tugas Kuliah\UNS-D3 TI\SEMESTER 5\Magang\CV. Anugrah\Project Magang\logistikptajs\system\CodeIgniter.php(336): CodeIgniter\CodeIgniter->handleRequest(NULL, Object(Config\Cache), false)
#14 E:\Kuliah\Kumpulan Tugas Kuliah\UNS-D3 TI\SEMESTER 5\Magang\CV. Anugrah\Project Magang\logistikptajs\system\CLI\Console.php(48): CodeIgniter\CodeIgniter->run()
#15 E:\Kuliah\Kumpulan Tugas Kuliah\UNS-D3 TI\SEMESTER 5\Magang\CV. Anugrah\Project Magang\logistikptajs\spark(98): CodeIgniter\CLI\Console->run()
#16 {main}
ERROR - 2022-09-29 23:41:37 --> mysqli_sql_exception: Unknown table 'logistikptajs.material_masuk' in E:\Kuliah\Kumpulan Tugas Kuliah\UNS-D3 TI\SEMESTER 5\Magang\CV. Anugrah\Project Magang\logistikptajs\system\Database\MySQLi\Connection.php:292
Stack trace:
#0 E:\Kuliah\Kumpulan Tugas Kuliah\UNS-D3 TI\SEMESTER 5\Magang\CV. Anugrah\Project Magang\logistikptajs\system\Database\MySQLi\Connection.php(292): mysqli->query('DROP TABLE `mat...', 0)
#1 E:\Kuliah\Kumpulan Tugas Kuliah\UNS-D3 TI\SEMESTER 5\Magang\CV. Anugrah\Project Magang\logistikptajs\system\Database\BaseConnection.php(693): CodeIgniter\Database\MySQLi\Connection->execute('DROP TABLE `mat...')
#2 E:\Kuliah\Kumpulan Tugas Kuliah\UNS-D3 TI\SEMESTER 5\Magang\CV. Anugrah\Project Magang\logistikptajs\system\Database\BaseConnection.php(620): CodeIgniter\Database\BaseConnection->simpleQuery('DROP TABLE `mat...')
#3 E:\Kuliah\Kumpulan Tugas Kuliah\UNS-D3 TI\SEMESTER 5\Magang\CV. Anugrah\Project Magang\logistikptajs\system\Database\Forge.php(600): CodeIgniter\Database\BaseConnection->query('DROP TABLE `mat...')
#4 E:\Kuliah\Kumpulan Tugas Kuliah\UNS-D3 TI\SEMESTER 5\Magang\CV. Anugrah\Project Magang\logistikptajs\app\Database\Migrations\2022-09-30-030853_KabelMasuk.php(55): CodeIgniter\Database\Forge->dropTable('material_masuk')
#5 E:\Kuliah\Kumpulan Tugas Kuliah\UNS-D3 TI\SEMESTER 5\Magang\CV. Anugrah\Project Magang\logistikptajs\system\Database\MigrationRunner.php(868): App\Database\Migrations\KabelMasuk->down()
#6 E:\Kuliah\Kumpulan Tugas Kuliah\UNS-D3 TI\SEMESTER 5\Magang\CV. Anugrah\Project Magang\logistikptajs\system\Database\MigrationRunner.php(298): CodeIgniter\Database\MigrationRunner->migrate('down', Object(stdClass))
#7 E:\Kuliah\Kumpulan Tugas Kuliah\UNS-D3 TI\SEMESTER 5\Magang\CV. Anugrah\Project Magang\logistikptajs\system\Commands\Database\MigrateRollback.php(92): CodeIgniter\Database\MigrationRunner->regress(0)
#8 E:\Kuliah\Kumpulan Tugas Kuliah\UNS-D3 TI\SEMESTER 5\Magang\CV. Anugrah\Project Magang\logistikptajs\system\CLI\Commands.php(63): CodeIgniter\Commands\Database\MigrateRollback->run(Array)
#9 E:\Kuliah\Kumpulan Tugas Kuliah\UNS-D3 TI\SEMESTER 5\Magang\CV. Anugrah\Project Magang\logistikptajs\system\CLI\CommandRunner.php(65): CodeIgniter\CLI\Commands->run('migrate:rollbac...', Array)
#10 E:\Kuliah\Kumpulan Tugas Kuliah\UNS-D3 TI\SEMESTER 5\Magang\CV. Anugrah\Project Magang\logistikptajs\system\CLI\CommandRunner.php(51): CodeIgniter\CLI\CommandRunner->index(Array)
#11 E:\Kuliah\Kumpulan Tugas Kuliah\UNS-D3 TI\SEMESTER 5\Magang\CV. Anugrah\Project Magang\logistikptajs\system\CodeIgniter.php(897): CodeIgniter\CLI\CommandRunner->_remap('index', Array)
#12 E:\Kuliah\Kumpulan Tugas Kuliah\UNS-D3 TI\SEMESTER 5\Magang\CV. Anugrah\Project Magang\logistikptajs\system\CodeIgniter.php(457): CodeIgniter\CodeIgniter->runController(Object(CodeIgniter\CLI\CommandRunner))
#13 E:\Kuliah\Kumpulan Tugas Kuliah\UNS-D3 TI\SEMESTER 5\Magang\CV. Anugrah\Project Magang\logistikptajs\system\CodeIgniter.php(336): CodeIgniter\CodeIgniter->handleRequest(NULL, Object(Config\Cache), false)
#14 E:\Kuliah\Kumpulan Tugas Kuliah\UNS-D3 TI\SEMESTER 5\Magang\CV. Anugrah\Project Magang\logistikptajs\system\CLI\Console.php(48): CodeIgniter\CodeIgniter->run()
#15 E:\Kuliah\Kumpulan Tugas Kuliah\UNS-D3 TI\SEMESTER 5\Magang\CV. Anugrah\Project Magang\logistikptajs\spark(98): CodeIgniter\CLI\Console->run()
#16 {main}
ERROR - 2022-09-29 23:41:38 --> mysqli_sql_exception: Unknown table 'logistikptajs.material' in E:\Kuliah\Kumpulan Tugas Kuliah\UNS-D3 TI\SEMESTER 5\Magang\CV. Anugrah\Project Magang\logistikptajs\system\Database\MySQLi\Connection.php:292
Stack trace:
#0 E:\Kuliah\Kumpulan Tugas Kuliah\UNS-D3 TI\SEMESTER 5\Magang\CV. Anugrah\Project Magang\logistikptajs\system\Database\MySQLi\Connection.php(292): mysqli->query('DROP TABLE `mat...', 0)
#1 E:\Kuliah\Kumpulan Tugas Kuliah\UNS-D3 TI\SEMESTER 5\Magang\CV. Anugrah\Project Magang\logistikptajs\system\Database\BaseConnection.php(693): CodeIgniter\Database\MySQLi\Connection->execute('DROP TABLE `mat...')
#2 E:\Kuliah\Kumpulan Tugas Kuliah\UNS-D3 TI\SEMESTER 5\Magang\CV. Anugrah\Project Magang\logistikptajs\system\Database\BaseConnection.php(620): CodeIgniter\Database\BaseConnection->simpleQuery('DROP TABLE `mat...')
#3 E:\Kuliah\Kumpulan Tugas Kuliah\UNS-D3 TI\SEMESTER 5\Magang\CV. Anugrah\Project Magang\logistikptajs\system\Database\Forge.php(600): CodeIgniter\Database\BaseConnection->query('DROP TABLE `mat...')
#4 E:\Kuliah\Kumpulan Tugas Kuliah\UNS-D3 TI\SEMESTER 5\Magang\CV. Anugrah\Project Magang\logistikptajs\app\Database\Migrations\2022-09-30-024748_Material.php(53): CodeIgniter\Database\Forge->dropTable('material')
#5 E:\Kuliah\Kumpulan Tugas Kuliah\UNS-D3 TI\SEMESTER 5\Magang\CV. Anugrah\Project Magang\logistikptajs\system\Database\MigrationRunner.php(868): App\Database\Migrations\Material->down()
#6 E:\Kuliah\Kumpulan Tugas Kuliah\UNS-D3 TI\SEMESTER 5\Magang\CV. Anugrah\Project Magang\logistikptajs\system\Database\MigrationRunner.php(298): CodeIgniter\Database\MigrationRunner->migrate('down', Object(stdClass))
#7 E:\Kuliah\Kumpulan Tugas Kuliah\UNS-D3 TI\SEMESTER 5\Magang\CV. Anugrah\Project Magang\logistikptajs\system\Commands\Database\MigrateRollback.php(92): CodeIgniter\Database\MigrationRunner->regress(0)
#8 E:\Kuliah\Kumpulan Tugas Kuliah\UNS-D3 TI\SEMESTER 5\Magang\CV. Anugrah\Project Magang\logistikptajs\system\CLI\Commands.php(63): CodeIgniter\Commands\Database\MigrateRollback->run(Array)
#9 E:\Kuliah\Kumpulan Tugas Kuliah\UNS-D3 TI\SEMESTER 5\Magang\CV. Anugrah\Project Magang\logistikptajs\system\CLI\CommandRunner.php(65): CodeIgniter\CLI\Commands->run('migrate:rollbac...', Array)
#10 E:\Kuliah\Kumpulan Tugas Kuliah\UNS-D3 TI\SEMESTER 5\Magang\CV. Anugrah\Project Magang\logistikptajs\system\CLI\CommandRunner.php(51): CodeIgniter\CLI\CommandRunner->index(Array)
#11 E:\Kuliah\Kumpulan Tugas Kuliah\UNS-D3 TI\SEMESTER 5\Magang\CV. Anugrah\Project Magang\logistikptajs\system\CodeIgniter.php(897): CodeIgniter\CLI\CommandRunner->_remap('index', Array)
#12 E:\Kuliah\Kumpulan Tugas Kuliah\UNS-D3 TI\SEMESTER 5\Magang\CV. Anugrah\Project Magang\logistikptajs\system\CodeIgniter.php(457): CodeIgniter\CodeIgniter->runController(Object(CodeIgniter\CLI\CommandRunner))
#13 E:\Kuliah\Kumpulan Tugas Kuliah\UNS-D3 TI\SEMESTER 5\Magang\CV. Anugrah\Project Magang\logistikptajs\system\CodeIgniter.php(336): CodeIgniter\CodeIgniter->handleRequest(NULL, Object(Config\Cache), false)
#14 E:\Kuliah\Kumpulan Tugas Kuliah\UNS-D3 TI\SEMESTER 5\Magang\CV. Anugrah\Project Magang\logistikptajs\system\CLI\Console.php(48): CodeIgniter\CodeIgniter->run()
#15 E:\Kuliah\Kumpulan Tugas Kuliah\UNS-D3 TI\SEMESTER 5\Magang\CV. Anugrah\Project Magang\logistikptajs\spark(98): CodeIgniter\CLI\Console->run()
#16 {main}
ERROR - 2022-09-29 23:41:38 --> mysqli_sql_exception: Unknown table 'logistikptajs.material_keluar' in E:\Kuliah\Kumpulan Tugas Kuliah\UNS-D3 TI\SEMESTER 5\Magang\CV. Anugrah\Project Magang\logistikptajs\system\Database\MySQLi\Connection.php:292
Stack trace:
#0 E:\Kuliah\Kumpulan Tugas Kuliah\UNS-D3 TI\SEMESTER 5\Magang\CV. Anugrah\Project Magang\logistikptajs\system\Database\MySQLi\Connection.php(292): mysqli->query('DROP TABLE `mat...', 0)
#1 E:\Kuliah\Kumpulan Tugas Kuliah\UNS-D3 TI\SEMESTER 5\Magang\CV. Anugrah\Project Magang\logistikptajs\system\Database\BaseConnection.php(693): CodeIgniter\Database\MySQLi\Connection->execute('DROP TABLE `mat...')
#2 E:\Kuliah\Kumpulan Tugas Kuliah\UNS-D3 TI\SEMESTER 5\Magang\CV. Anugrah\Project Magang\logistikptajs\system\Database\BaseConnection.php(620): CodeIgniter\Database\BaseConnection->simpleQuery('DROP TABLE `mat...')
#3 E:\Kuliah\Kumpulan Tugas Kuliah\UNS-D3 TI\SEMESTER 5\Magang\CV. Anugrah\Project Magang\logistikptajs\system\Database\Forge.php(600): CodeIgniter\Database\BaseConnection->query('DROP TABLE `mat...')
#4 E:\Kuliah\Kumpulan Tugas Kuliah\UNS-D3 TI\SEMESTER 5\Magang\CV. Anugrah\Project Magang\logistikptajs\app\Database\Migrations\2022-09-30-024202_MaterialKeluar.php(54): CodeIgniter\Database\Forge->dropTable('material_keluar')
#5 E:\Kuliah\Kumpulan Tugas Kuliah\UNS-D3 TI\SEMESTER 5\Magang\CV. Anugrah\Project Magang\logistikptajs\system\Database\MigrationRunner.php(868): App\Database\Migrations\MaterialKeluar->down()
#6 E:\Kuliah\Kumpulan Tugas Kuliah\UNS-D3 TI\SEMESTER 5\Magang\CV. Anugrah\Project Magang\logistikptajs\system\Database\MigrationRunner.php(298): CodeIgniter\Database\MigrationRunner->migrate('down', Object(stdClass))
#7 E:\Kuliah\Kumpulan Tugas Kuliah\UNS-D3 TI\SEMESTER 5\Magang\CV. Anugrah\Project Magang\logistikptajs\system\Commands\Database\MigrateRollback.php(92): CodeIgniter\Database\MigrationRunner->regress(0)
#8 E:\Kuliah\Kumpulan Tugas Kuliah\UNS-D3 TI\SEMESTER 5\Magang\CV. Anugrah\Project Magang\logistikptajs\system\CLI\Commands.php(63): CodeIgniter\Commands\Database\MigrateRollback->run(Array)
#9 E:\Kuliah\Kumpulan Tugas Kuliah\UNS-D3 TI\SEMESTER 5\Magang\CV. Anugrah\Project Magang\logistikptajs\system\CLI\CommandRunner.php(65): CodeIgniter\CLI\Commands->run('migrate:rollbac...', Array)
#10 E:\Kuliah\Kumpulan Tugas Kuliah\UNS-D3 TI\SEMESTER 5\Magang\CV. Anugrah\Project Magang\logistikptajs\system\CLI\CommandRunner.php(51): CodeIgniter\CLI\CommandRunner->index(Array)
#11 E:\Kuliah\Kumpulan Tugas Kuliah\UNS-D3 TI\SEMESTER 5\Magang\CV. Anugrah\Project Magang\logistikptajs\system\CodeIgniter.php(897): CodeIgniter\CLI\CommandRunner->_remap('index', Array)
#12 E:\Kuliah\Kumpulan Tugas Kuliah\UNS-D3 TI\SEMESTER 5\Magang\CV. Anugrah\Project Magang\logistikptajs\system\CodeIgniter.php(457): CodeIgniter\CodeIgniter->runController(Object(CodeIgniter\CLI\CommandRunner))
#13 E:\Kuliah\Kumpulan Tugas Kuliah\UNS-D3 TI\SEMESTER 5\Magang\CV. Anugrah\Project Magang\logistikptajs\system\CodeIgniter.php(336): CodeIgniter\CodeIgniter->handleRequest(NULL, Object(Config\Cache), false)
#14 E:\Kuliah\Kumpulan Tugas Kuliah\UNS-D3 TI\SEMESTER 5\Magang\CV. Anugrah\Project Magang\logistikptajs\system\CLI\Console.php(48): CodeIgniter\CodeIgniter->run()
#15 E:\Kuliah\Kumpulan Tugas Kuliah\UNS-D3 TI\SEMESTER 5\Magang\CV. Anugrah\Project Magang\logistikptajs\spark(98): CodeIgniter\CLI\Console->run()
#16 {main}
ERROR - 2022-09-29 23:41:38 --> mysqli_sql_exception: Unknown table 'logistikptajs.material_masuk' in E:\Kuliah\Kumpulan Tugas Kuliah\UNS-D3 TI\SEMESTER 5\Magang\CV. Anugrah\Project Magang\logistikptajs\system\Database\MySQLi\Connection.php:292
Stack trace:
#0 E:\Kuliah\Kumpulan Tugas Kuliah\UNS-D3 TI\SEMESTER 5\Magang\CV. Anugrah\Project Magang\logistikptajs\system\Database\MySQLi\Connection.php(292): mysqli->query('DROP TABLE `mat...', 0)
#1 E:\Kuliah\Kumpulan Tugas Kuliah\UNS-D3 TI\SEMESTER 5\Magang\CV. Anugrah\Project Magang\logistikptajs\system\Database\BaseConnection.php(693): CodeIgniter\Database\MySQLi\Connection->execute('DROP TABLE `mat...')
#2 E:\Kuliah\Kumpulan Tugas Kuliah\UNS-D3 TI\SEMESTER 5\Magang\CV. Anugrah\Project Magang\logistikptajs\system\Database\BaseConnection.php(620): CodeIgniter\Database\BaseConnection->simpleQuery('DROP TABLE `mat...')
#3 E:\Kuliah\Kumpulan Tugas Kuliah\UNS-D3 TI\SEMESTER 5\Magang\CV. Anugrah\Project Magang\logistikptajs\system\Database\Forge.php(600): CodeIgniter\Database\BaseConnection->query('DROP TABLE `mat...')
#4 E:\Kuliah\Kumpulan Tugas Kuliah\UNS-D3 TI\SEMESTER 5\Magang\CV. Anugrah\Project Magang\logistikptajs\app\Database\Migrations\2022-09-30-023825_MaterialMasuk.php(57): CodeIgniter\Database\Forge->dropTable('material_masuk')
#5 E:\Kuliah\Kumpulan Tugas Kuliah\UNS-D3 TI\SEMESTER 5\Magang\CV. Anugrah\Project Magang\logistikptajs\system\Database\MigrationRunner.php(868): App\Database\Migrations\MaterialMasuk->down()
#6 E:\Kuliah\Kumpulan Tugas Kuliah\UNS-D3 TI\SEMESTER 5\Magang\CV. Anugrah\Project Magang\logistikptajs\system\Database\MigrationRunner.php(298): CodeIgniter\Database\MigrationRunner->migrate('down', Object(stdClass))
#7 E:\Kuliah\Kumpulan Tugas Kuliah\UNS-D3 TI\SEMESTER 5\Magang\CV. Anugrah\Project Magang\logistikptajs\system\Commands\Database\MigrateRollback.php(92): CodeIgniter\Database\MigrationRunner->regress(0)
#8 E:\Kuliah\Kumpulan Tugas Kuliah\UNS-D3 TI\SEMESTER 5\Magang\CV. Anugrah\Project Magang\logistikptajs\system\CLI\Commands.php(63): CodeIgniter\Commands\Database\MigrateRollback->run(Array)
#9 E:\Kuliah\Kumpulan Tugas Kuliah\UNS-D3 TI\SEMESTER 5\Magang\CV. Anugrah\Project Magang\logistikptajs\system\CLI\CommandRunner.php(65): CodeIgniter\CLI\Commands->run('migrate:rollbac...', Array)
#10 E:\Kuliah\Kumpulan Tugas Kuliah\UNS-D3 TI\SEMESTER 5\Magang\CV. Anugrah\Project Magang\logistikptajs\system\CLI\CommandRunner.php(51): CodeIgniter\CLI\CommandRunner->index(Array)
#11 E:\Kuliah\Kumpulan Tugas Kuliah\UNS-D3 TI\SEMESTER 5\Magang\CV. Anugrah\Project Magang\logistikptajs\system\CodeIgniter.php(897): CodeIgniter\CLI\CommandRunner->_remap('index', Array)
#12 E:\Kuliah\Kumpulan Tugas Kuliah\UNS-D3 TI\SEMESTER 5\Magang\CV. Anugrah\Project Magang\logistikptajs\system\CodeIgniter.php(457): CodeIgniter\CodeIgniter->runController(Object(CodeIgniter\CLI\CommandRunner))
#13 E:\Kuliah\Kumpulan Tugas Kuliah\UNS-D3 TI\SEMESTER 5\Magang\CV. Anugrah\Project Magang\logistikptajs\system\CodeIgniter.php(336): CodeIgniter\CodeIgniter->handleRequest(NULL, Object(Config\Cache), false)
#14 E:\Kuliah\Kumpulan Tugas Kuliah\UNS-D3 TI\SEMESTER 5\Magang\CV. Anugrah\Project Magang\logistikptajs\system\CLI\Console.php(48): CodeIgniter\CodeIgniter->run()
#15 E:\Kuliah\Kumpulan Tugas Kuliah\UNS-D3 TI\SEMESTER 5\Magang\CV. Anugrah\Project Magang\logistikptajs\spark(98): CodeIgniter\CLI\Console->run()
#16 {main}
ERROR - 2022-09-29 23:41:38 --> mysqli_sql_exception: Unknown table 'logistikptajs.permintaan' in E:\Kuliah\Kumpulan Tugas Kuliah\UNS-D3 TI\SEMESTER 5\Magang\CV. Anugrah\Project Magang\logistikptajs\system\Database\MySQLi\Connection.php:292
Stack trace:
#0 E:\Kuliah\Kumpulan Tugas Kuliah\UNS-D3 TI\SEMESTER 5\Magang\CV. Anugrah\Project Magang\logistikptajs\system\Database\MySQLi\Connection.php(292): mysqli->query('DROP TABLE `per...', 0)
#1 E:\Kuliah\Kumpulan Tugas Kuliah\UNS-D3 TI\SEMESTER 5\Magang\CV. Anugrah\Project Magang\logistikptajs\system\Database\BaseConnection.php(693): CodeIgniter\Database\MySQLi\Connection->execute('DROP TABLE `per...')
#2 E:\Kuliah\Kumpulan Tugas Kuliah\UNS-D3 TI\SEMESTER 5\Magang\CV. Anugrah\Project Magang\logistikptajs\system\Database\BaseConnection.php(620): CodeIgniter\Database\BaseConnection->simpleQuery('DROP TABLE `per...')
#3 E:\Kuliah\Kumpulan Tugas Kuliah\UNS-D3 TI\SEMESTER 5\Magang\CV. Anugrah\Project Magang\logistikptajs\system\Database\Forge.php(600): CodeIgniter\Database\BaseConnection->query('DROP TABLE `per...')
#4 E:\Kuliah\Kumpulan Tugas Kuliah\UNS-D3 TI\SEMESTER 5\Magang\CV. Anugrah\Project Magang\logistikptajs\app\Database\Migrations\2022-09-07-030430_Permintaan.php(54): CodeIgniter\Database\Forge->dropTable('permintaan')
#5 E:\Kuliah\Kumpulan Tugas Kuliah\UNS-D3 TI\SEMESTER 5\Magang\CV. Anugrah\Project Magang\logistikptajs\system\Database\MigrationRunner.php(868): App\Database\Migrations\Permintaan->down()
#6 E:\Kuliah\Kumpulan Tugas Kuliah\UNS-D3 TI\SEMESTER 5\Magang\CV. Anugrah\Project Magang\logistikptajs\system\Database\MigrationRunner.php(298): CodeIgniter\Database\MigrationRunner->migrate('down', Object(stdClass))
#7 E:\Kuliah\Kumpulan Tugas Kuliah\UNS-D3 TI\SEMESTER 5\Magang\CV. Anugrah\Project Magang\logistikptajs\system\Commands\Database\MigrateRollback.php(92): CodeIgniter\Database\MigrationRunner->regress(0)
#8 E:\Kuliah\Kumpulan Tugas Kuliah\UNS-D3 TI\SEMESTER 5\Magang\CV. Anugrah\Project Magang\logistikptajs\system\CLI\Commands.php(63): CodeIgniter\Commands\Database\MigrateRollback->run(Array)
#9 E:\Kuliah\Kumpulan Tugas Kuliah\UNS-D3 TI\SEMESTER 5\Magang\CV. Anugrah\Project Magang\logistikptajs\system\CLI\CommandRunner.php(65): CodeIgniter\CLI\Commands->run('migrate:rollbac...', Array)
#10 E:\Kuliah\Kumpulan Tugas Kuliah\UNS-D3 TI\SEMESTER 5\Magang\CV. Anugrah\Project Magang\logistikptajs\system\CLI\CommandRunner.php(51): CodeIgniter\CLI\CommandRunner->index(Array)
#11 E:\Kuliah\Kumpulan Tugas Kuliah\UNS-D3 TI\SEMESTER 5\Magang\CV. Anugrah\Project Magang\logistikptajs\system\CodeIgniter.php(897): CodeIgniter\CLI\CommandRunner->_remap('index', Array)
#12 E:\Kuliah\Kumpulan Tugas Kuliah\UNS-D3 TI\SEMESTER 5\Magang\CV. Anugrah\Project Magang\logistikptajs\system\CodeIgniter.php(457): CodeIgniter\CodeIgniter->runController(Object(CodeIgniter\CLI\CommandRunner))
#13 E:\Kuliah\Kumpulan Tugas Kuliah\UNS-D3 TI\SEMESTER 5\Magang\CV. Anugrah\Project Magang\logistikptajs\system\CodeIgniter.php(336): CodeIgniter\CodeIgniter->handleRequest(NULL, Object(Config\Cache), false)
#14 E:\Kuliah\Kumpulan Tugas Kuliah\UNS-D3 TI\SEMESTER 5\Magang\CV. Anugrah\Project Magang\logistikptajs\system\CLI\Console.php(48): CodeIgniter\CodeIgniter->run()
#15 E:\Kuliah\Kumpulan Tugas Kuliah\UNS-D3 TI\SEMESTER 5\Magang\CV. Anugrah\Project Magang\logistikptajs\spark(98): CodeIgniter\CLI\Console->run()
#16 {main}
