CRITICAL - 2022-11-11 00:06:02 --> Undefined variable: tampildatamaterial
in APPPATH\Views\Template\Layout.php on line 1701.
 1 APPPATH\Views\Template\Layout.php(1701): CodeIgniter\Debug\Exceptions->errorHandler(8, 'Undefined variable: tampildatamaterial', 'APPPATH\\Views\\Template\\Layout.php', 1701, [...])
 2 SYSTEMPATH\View\View.php(213): include('APPPATH\\Views\\Template\\Layout.php')
 3 SYSTEMPATH\View\View.php(216): CodeIgniter\View\View->CodeIgniter\View\{closure}()
 4 SYSTEMPATH\View\View.php(229): CodeIgniter\View\View->render('Template/layout', [], true)
 5 SYSTEMPATH\Common.php(1137): CodeIgniter\View\View->render('Dashboard/index', [], true)
 6 APPPATH\Controllers\C_Dashboard.php(41): view('Dashboard/index', [...])
 7 SYSTEMPATH\CodeIgniter.php(904): App\Controllers\C_Dashboard->index()
 8 SYSTEMPATH\CodeIgniter.php(457): CodeIgniter\CodeIgniter->runController(Object(App\Controllers\C_Dashboard))
 9 SYSTEMPATH\CodeIgniter.php(340): CodeIgniter\CodeIgniter->handleRequest(null, Object(Config\Cache), false)
10 FCPATH\index.php(67): CodeIgniter\CodeIgniter->run()
11 SYSTEMPATH\Commands\Server\rewrite.php(43): require_once('FCPATH\\index.php')
CRITICAL - 2022-11-11 00:11:38 --> Undefined variable: tampildatamaterial
in APPPATH\Views\Template\Layout.php on line 1701.
 1 APPPATH\Views\Template\Layout.php(1701): CodeIgniter\Debug\Exceptions->errorHandler(8, 'Undefined variable: tampildatamaterial', 'APPPATH\\Views\\Template\\Layout.php', 1701, [...])
 2 SYSTEMPATH\View\View.php(213): include('APPPATH\\Views\\Template\\Layout.php')
 3 SYSTEMPATH\View\View.php(216): CodeIgniter\View\View->CodeIgniter\View\{closure}()
 4 SYSTEMPATH\View\View.php(229): CodeIgniter\View\View->render('Template/layout', [], true)
 5 SYSTEMPATH\Common.php(1137): CodeIgniter\View\View->render('Dashboard/index', [], true)
 6 APPPATH\Controllers\C_Dashboard.php(41): view('Dashboard/index', [...])
 7 SYSTEMPATH\CodeIgniter.php(904): App\Controllers\C_Dashboard->index()
 8 SYSTEMPATH\CodeIgniter.php(457): CodeIgniter\CodeIgniter->runController(Object(App\Controllers\C_Dashboard))
 9 SYSTEMPATH\CodeIgniter.php(340): CodeIgniter\CodeIgniter->handleRequest(null, Object(Config\Cache), false)
10 FCPATH\index.php(67): CodeIgniter\CodeIgniter->run()
11 SYSTEMPATH\Commands\Server\rewrite.php(43): require_once('FCPATH\\index.php')
CRITICAL - 2022-11-11 00:11:46 --> Undefined variable: tampildatamaterial
in APPPATH\Views\Template\Layout.php on line 1701.
 1 APPPATH\Views\Template\Layout.php(1701): CodeIgniter\Debug\Exceptions->errorHandler(8, 'Undefined variable: tampildatamaterial', 'APPPATH\\Views\\Template\\Layout.php', 1701, [...])
 2 SYSTEMPATH\View\View.php(213): include('APPPATH\\Views\\Template\\Layout.php')
 3 SYSTEMPATH\View\View.php(216): CodeIgniter\View\View->CodeIgniter\View\{closure}()
 4 SYSTEMPATH\View\View.php(229): CodeIgniter\View\View->render('Template/layout', [], true)
 5 SYSTEMPATH\Common.php(1137): CodeIgniter\View\View->render('Dashboard/index', [], true)
 6 APPPATH\Controllers\C_Dashboard.php(41): view('Dashboard/index', [...])
 7 SYSTEMPATH\CodeIgniter.php(904): App\Controllers\C_Dashboard->index()
 8 SYSTEMPATH\CodeIgniter.php(457): CodeIgniter\CodeIgniter->runController(Object(App\Controllers\C_Dashboard))
 9 SYSTEMPATH\CodeIgniter.php(340): CodeIgniter\CodeIgniter->handleRequest(null, Object(Config\Cache), false)
10 FCPATH\index.php(67): CodeIgniter\CodeIgniter->run()
11 SYSTEMPATH\Commands\Server\rewrite.php(43): require_once('FCPATH\\index.php')
CRITICAL - 2022-11-11 00:11:48 --> Undefined variable: tampildatamaterial
in APPPATH\Views\Template\Layout.php on line 1701.
 1 APPPATH\Views\Template\Layout.php(1701): CodeIgniter\Debug\Exceptions->errorHandler(8, 'Undefined variable: tampildatamaterial', 'APPPATH\\Views\\Template\\Layout.php', 1701, [...])
 2 SYSTEMPATH\View\View.php(213): include('APPPATH\\Views\\Template\\Layout.php')
 3 SYSTEMPATH\View\View.php(216): CodeIgniter\View\View->CodeIgniter\View\{closure}()
 4 SYSTEMPATH\View\View.php(229): CodeIgniter\View\View->render('Template/layout', [], true)
 5 SYSTEMPATH\Common.php(1137): CodeIgniter\View\View->render('Dashboard/index', [], true)
 6 APPPATH\Controllers\C_Dashboard.php(41): view('Dashboard/index', [...])
 7 SYSTEMPATH\CodeIgniter.php(904): App\Controllers\C_Dashboard->index()
 8 SYSTEMPATH\CodeIgniter.php(457): CodeIgniter\CodeIgniter->runController(Object(App\Controllers\C_Dashboard))
 9 SYSTEMPATH\CodeIgniter.php(340): CodeIgniter\CodeIgniter->handleRequest(null, Object(Config\Cache), false)
10 FCPATH\index.php(67): CodeIgniter\CodeIgniter->run()
11 SYSTEMPATH\Commands\Server\rewrite.php(43): require_once('FCPATH\\index.php')
CRITICAL - 2022-11-11 00:11:50 --> Undefined variable: tampildatamaterial
in APPPATH\Views\Template\Layout.php on line 1701.
 1 APPPATH\Views\Template\Layout.php(1701): CodeIgniter\Debug\Exceptions->errorHandler(8, 'Undefined variable: tampildatamaterial', 'APPPATH\\Views\\Template\\Layout.php', 1701, [...])
 2 SYSTEMPATH\View\View.php(213): include('APPPATH\\Views\\Template\\Layout.php')
 3 SYSTEMPATH\View\View.php(216): CodeIgniter\View\View->CodeIgniter\View\{closure}()
 4 SYSTEMPATH\View\View.php(229): CodeIgniter\View\View->render('Template/layout', [], true)
 5 SYSTEMPATH\Common.php(1137): CodeIgniter\View\View->render('Dashboard/index', [], true)
 6 APPPATH\Controllers\C_Dashboard.php(41): view('Dashboard/index', [...])
 7 SYSTEMPATH\CodeIgniter.php(904): App\Controllers\C_Dashboard->index()
 8 SYSTEMPATH\CodeIgniter.php(457): CodeIgniter\CodeIgniter->runController(Object(App\Controllers\C_Dashboard))
 9 SYSTEMPATH\CodeIgniter.php(340): CodeIgniter\CodeIgniter->handleRequest(null, Object(Config\Cache), false)
10 FCPATH\index.php(67): CodeIgniter\CodeIgniter->run()
11 SYSTEMPATH\Commands\Server\rewrite.php(43): require_once('FCPATH\\index.php')
CRITICAL - 2022-11-11 00:11:53 --> Undefined variable: tampildatamaterial
in APPPATH\Views\Template\Layout.php on line 1701.
 1 APPPATH\Views\Template\Layout.php(1701): CodeIgniter\Debug\Exceptions->errorHandler(8, 'Undefined variable: tampildatamaterial', 'APPPATH\\Views\\Template\\Layout.php', 1701, [...])
 2 SYSTEMPATH\View\View.php(213): include('APPPATH\\Views\\Template\\Layout.php')
 3 SYSTEMPATH\View\View.php(216): CodeIgniter\View\View->CodeIgniter\View\{closure}()
 4 SYSTEMPATH\View\View.php(229): CodeIgniter\View\View->render('Template/layout', [], true)
 5 SYSTEMPATH\Common.php(1137): CodeIgniter\View\View->render('Dashboard/index', [], true)
 6 APPPATH\Controllers\C_Dashboard.php(41): view('Dashboard/index', [...])
 7 SYSTEMPATH\CodeIgniter.php(904): App\Controllers\C_Dashboard->index()
 8 SYSTEMPATH\CodeIgniter.php(457): CodeIgniter\CodeIgniter->runController(Object(App\Controllers\C_Dashboard))
 9 SYSTEMPATH\CodeIgniter.php(340): CodeIgniter\CodeIgniter->handleRequest(null, Object(Config\Cache), false)
10 FCPATH\index.php(67): CodeIgniter\CodeIgniter->run()
11 SYSTEMPATH\Commands\Server\rewrite.php(43): require_once('FCPATH\\index.php')
CRITICAL - 2022-11-11 00:11:56 --> Undefined variable: tampildatamaterial
in APPPATH\Views\Template\Layout.php on line 1701.
 1 APPPATH\Views\Template\Layout.php(1701): CodeIgniter\Debug\Exceptions->errorHandler(8, 'Undefined variable: tampildatamaterial', 'APPPATH\\Views\\Template\\Layout.php', 1701, [...])
 2 SYSTEMPATH\View\View.php(213): include('APPPATH\\Views\\Template\\Layout.php')
 3 SYSTEMPATH\View\View.php(216): CodeIgniter\View\View->CodeIgniter\View\{closure}()
 4 SYSTEMPATH\View\View.php(229): CodeIgniter\View\View->render('Template/layout', [], true)
 5 SYSTEMPATH\Common.php(1137): CodeIgniter\View\View->render('Dashboard/index', [], true)
 6 APPPATH\Controllers\C_Dashboard.php(41): view('Dashboard/index', [...])
 7 SYSTEMPATH\CodeIgniter.php(904): App\Controllers\C_Dashboard->index()
 8 SYSTEMPATH\CodeIgniter.php(457): CodeIgniter\CodeIgniter->runController(Object(App\Controllers\C_Dashboard))
 9 SYSTEMPATH\CodeIgniter.php(340): CodeIgniter\CodeIgniter->handleRequest(null, Object(Config\Cache), false)
10 FCPATH\index.php(67): CodeIgniter\CodeIgniter->run()
11 SYSTEMPATH\Commands\Server\rewrite.php(43): require_once('FCPATH\\index.php')
CRITICAL - 2022-11-11 00:11:59 --> Undefined variable: tampildatamaterial
in APPPATH\Views\Template\Layout.php on line 1701.
 1 APPPATH\Views\Template\Layout.php(1701): CodeIgniter\Debug\Exceptions->errorHandler(8, 'Undefined variable: tampildatamaterial', 'APPPATH\\Views\\Template\\Layout.php', 1701, [...])
 2 SYSTEMPATH\View\View.php(213): include('APPPATH\\Views\\Template\\Layout.php')
 3 SYSTEMPATH\View\View.php(216): CodeIgniter\View\View->CodeIgniter\View\{closure}()
 4 SYSTEMPATH\View\View.php(229): CodeIgniter\View\View->render('Template/layout', [], true)
 5 SYSTEMPATH\Common.php(1137): CodeIgniter\View\View->render('Dashboard/index', [], true)
 6 APPPATH\Controllers\C_Dashboard.php(41): view('Dashboard/index', [...])
 7 SYSTEMPATH\CodeIgniter.php(904): App\Controllers\C_Dashboard->index()
 8 SYSTEMPATH\CodeIgniter.php(457): CodeIgniter\CodeIgniter->runController(Object(App\Controllers\C_Dashboard))
 9 SYSTEMPATH\CodeIgniter.php(340): CodeIgniter\CodeIgniter->handleRequest(null, Object(Config\Cache), false)
10 FCPATH\index.php(67): CodeIgniter\CodeIgniter->run()
11 SYSTEMPATH\Commands\Server\rewrite.php(43): require_once('FCPATH\\index.php')
CRITICAL - 2022-11-11 00:12:14 --> Undefined variable: tampildatamaterial
in APPPATH\Views\Template\Layout.php on line 1701.
 1 APPPATH\Views\Template\Layout.php(1701): CodeIgniter\Debug\Exceptions->errorHandler(8, 'Undefined variable: tampildatamaterial', 'APPPATH\\Views\\Template\\Layout.php', 1701, [...])
 2 SYSTEMPATH\View\View.php(213): include('APPPATH\\Views\\Template\\Layout.php')
 3 SYSTEMPATH\View\View.php(216): CodeIgniter\View\View->CodeIgniter\View\{closure}()
 4 SYSTEMPATH\View\View.php(229): CodeIgniter\View\View->render('Template/layout', [], true)
 5 SYSTEMPATH\Common.php(1137): CodeIgniter\View\View->render('Dashboard/index', [], true)
 6 APPPATH\Controllers\C_Dashboard.php(41): view('Dashboard/index', [...])
 7 SYSTEMPATH\CodeIgniter.php(904): App\Controllers\C_Dashboard->index()
 8 SYSTEMPATH\CodeIgniter.php(457): CodeIgniter\CodeIgniter->runController(Object(App\Controllers\C_Dashboard))
 9 SYSTEMPATH\CodeIgniter.php(340): CodeIgniter\CodeIgniter->handleRequest(null, Object(Config\Cache), false)
10 FCPATH\index.php(67): CodeIgniter\CodeIgniter->run()
11 SYSTEMPATH\Commands\Server\rewrite.php(43): require_once('FCPATH\\index.php')
CRITICAL - 2022-11-11 00:50:45 --> Undefined variable: tampildatamaterial
in APPPATH\Views\Template\Layout.php on line 1701.
 1 APPPATH\Views\Template\Layout.php(1701): CodeIgniter\Debug\Exceptions->errorHandler(8, 'Undefined variable: tampildatamaterial', 'APPPATH\\Views\\Template\\Layout.php', 1701, [...])
 2 SYSTEMPATH\View\View.php(213): include('APPPATH\\Views\\Template\\Layout.php')
 3 SYSTEMPATH\View\View.php(216): CodeIgniter\View\View->CodeIgniter\View\{closure}()
 4 SYSTEMPATH\View\View.php(229): CodeIgniter\View\View->render('Template/layout', [], true)
 5 SYSTEMPATH\Common.php(1137): CodeIgniter\View\View->render('Dashboard/index', [], true)
 6 APPPATH\Controllers\C_Dashboard.php(41): view('Dashboard/index', [...])
 7 SYSTEMPATH\CodeIgniter.php(904): App\Controllers\C_Dashboard->index()
 8 SYSTEMPATH\CodeIgniter.php(457): CodeIgniter\CodeIgniter->runController(Object(App\Controllers\C_Dashboard))
 9 SYSTEMPATH\CodeIgniter.php(340): CodeIgniter\CodeIgniter->handleRequest(null, Object(Config\Cache), false)
10 FCPATH\index.php(67): CodeIgniter\CodeIgniter->run()
11 SYSTEMPATH\Commands\Server\rewrite.php(43): require_once('FCPATH\\index.php')
CRITICAL - 2022-11-11 00:51:31 --> Undefined variable: tampildatamaterial
in APPPATH\Views\Template\Layout.php on line 1701.
 1 APPPATH\Views\Template\Layout.php(1701): CodeIgniter\Debug\Exceptions->errorHandler(8, 'Undefined variable: tampildatamaterial', 'APPPATH\\Views\\Template\\Layout.php', 1701, [...])
 2 SYSTEMPATH\View\View.php(213): include('APPPATH\\Views\\Template\\Layout.php')
 3 SYSTEMPATH\View\View.php(216): CodeIgniter\View\View->CodeIgniter\View\{closure}()
 4 SYSTEMPATH\View\View.php(229): CodeIgniter\View\View->render('Template/layout', [], true)
 5 SYSTEMPATH\Common.php(1137): CodeIgniter\View\View->render('Dashboard/index', [], true)
 6 APPPATH\Controllers\C_Dashboard.php(41): view('Dashboard/index', [...])
 7 SYSTEMPATH\CodeIgniter.php(904): App\Controllers\C_Dashboard->index()
 8 SYSTEMPATH\CodeIgniter.php(457): CodeIgniter\CodeIgniter->runController(Object(App\Controllers\C_Dashboard))
 9 SYSTEMPATH\CodeIgniter.php(340): CodeIgniter\CodeIgniter->handleRequest(null, Object(Config\Cache), false)
10 FCPATH\index.php(67): CodeIgniter\CodeIgniter->run()
11 SYSTEMPATH\Commands\Server\rewrite.php(43): require_once('FCPATH\\index.php')
CRITICAL - 2022-11-11 00:51:32 --> Undefined variable: tampildatamaterial
in APPPATH\Views\Template\Layout.php on line 1701.
 1 APPPATH\Views\Template\Layout.php(1701): CodeIgniter\Debug\Exceptions->errorHandler(8, 'Undefined variable: tampildatamaterial', 'APPPATH\\Views\\Template\\Layout.php', 1701, [...])
 2 SYSTEMPATH\View\View.php(213): include('APPPATH\\Views\\Template\\Layout.php')
 3 SYSTEMPATH\View\View.php(216): CodeIgniter\View\View->CodeIgniter\View\{closure}()
 4 SYSTEMPATH\View\View.php(229): CodeIgniter\View\View->render('Template/layout', [], true)
 5 SYSTEMPATH\Common.php(1137): CodeIgniter\View\View->render('Dashboard/index', [], true)
 6 APPPATH\Controllers\C_Dashboard.php(41): view('Dashboard/index', [...])
 7 SYSTEMPATH\CodeIgniter.php(904): App\Controllers\C_Dashboard->index()
 8 SYSTEMPATH\CodeIgniter.php(457): CodeIgniter\CodeIgniter->runController(Object(App\Controllers\C_Dashboard))
 9 SYSTEMPATH\CodeIgniter.php(340): CodeIgniter\CodeIgniter->handleRequest(null, Object(Config\Cache), false)
10 FCPATH\index.php(67): CodeIgniter\CodeIgniter->run()
11 SYSTEMPATH\Commands\Server\rewrite.php(43): require_once('FCPATH\\index.php')
CRITICAL - 2022-11-11 00:54:21 --> Undefined variable: tampildatamaterial
in APPPATH\Views\Template\Layout.php on line 1701.
 1 APPPATH\Views\Template\Layout.php(1701): CodeIgniter\Debug\Exceptions->errorHandler(8, 'Undefined variable: tampildatamaterial', 'APPPATH\\Views\\Template\\Layout.php', 1701, [...])
 2 SYSTEMPATH\View\View.php(213): include('APPPATH\\Views\\Template\\Layout.php')
 3 SYSTEMPATH\View\View.php(216): CodeIgniter\View\View->CodeIgniter\View\{closure}()
 4 SYSTEMPATH\View\View.php(229): CodeIgniter\View\View->render('Template/layout', [], true)
 5 SYSTEMPATH\Common.php(1137): CodeIgniter\View\View->render('Dashboard/index', [], true)
 6 APPPATH\Controllers\C_Dashboard.php(41): view('Dashboard/index', [...])
 7 SYSTEMPATH\CodeIgniter.php(904): App\Controllers\C_Dashboard->index()
 8 SYSTEMPATH\CodeIgniter.php(457): CodeIgniter\CodeIgniter->runController(Object(App\Controllers\C_Dashboard))
 9 SYSTEMPATH\CodeIgniter.php(340): CodeIgniter\CodeIgniter->handleRequest(null, Object(Config\Cache), false)
10 FCPATH\index.php(67): CodeIgniter\CodeIgniter->run()
11 SYSTEMPATH\Commands\Server\rewrite.php(43): require_once('FCPATH\\index.php')
CRITICAL - 2022-11-11 00:54:40 --> Undefined variable: tampildatamaterial
in APPPATH\Views\Template\Layout.php on line 1701.
 1 APPPATH\Views\Template\Layout.php(1701): CodeIgniter\Debug\Exceptions->errorHandler(8, 'Undefined variable: tampildatamaterial', 'APPPATH\\Views\\Template\\Layout.php', 1701, [...])
 2 SYSTEMPATH\View\View.php(213): include('APPPATH\\Views\\Template\\Layout.php')
 3 SYSTEMPATH\View\View.php(216): CodeIgniter\View\View->CodeIgniter\View\{closure}()
 4 SYSTEMPATH\View\View.php(229): CodeIgniter\View\View->render('Template/layout', [], true)
 5 SYSTEMPATH\Common.php(1137): CodeIgniter\View\View->render('Dashboard/index', [], true)
 6 APPPATH\Controllers\C_Dashboard.php(41): view('Dashboard/index', [...])
 7 SYSTEMPATH\CodeIgniter.php(904): App\Controllers\C_Dashboard->index()
 8 SYSTEMPATH\CodeIgniter.php(457): CodeIgniter\CodeIgniter->runController(Object(App\Controllers\C_Dashboard))
 9 SYSTEMPATH\CodeIgniter.php(340): CodeIgniter\CodeIgniter->handleRequest(null, Object(Config\Cache), false)
10 FCPATH\index.php(67): CodeIgniter\CodeIgniter->run()
11 SYSTEMPATH\Commands\Server\rewrite.php(43): require_once('FCPATH\\index.php')
CRITICAL - 2022-11-11 00:55:07 --> Undefined variable: tampildatamaterial
in APPPATH\Views\Template\Layout.php on line 1701.
 1 APPPATH\Views\Template\Layout.php(1701): CodeIgniter\Debug\Exceptions->errorHandler(8, 'Undefined variable: tampildatamaterial', 'APPPATH\\Views\\Template\\Layout.php', 1701, [...])
 2 SYSTEMPATH\View\View.php(213): include('APPPATH\\Views\\Template\\Layout.php')
 3 SYSTEMPATH\View\View.php(216): CodeIgniter\View\View->CodeIgniter\View\{closure}()
 4 SYSTEMPATH\View\View.php(229): CodeIgniter\View\View->render('Template/layout', [], true)
 5 SYSTEMPATH\Common.php(1137): CodeIgniter\View\View->render('Dashboard/index', [], true)
 6 APPPATH\Controllers\C_Dashboard.php(41): view('Dashboard/index', [...])
 7 SYSTEMPATH\CodeIgniter.php(904): App\Controllers\C_Dashboard->index()
 8 SYSTEMPATH\CodeIgniter.php(457): CodeIgniter\CodeIgniter->runController(Object(App\Controllers\C_Dashboard))
 9 SYSTEMPATH\CodeIgniter.php(340): CodeIgniter\CodeIgniter->handleRequest(null, Object(Config\Cache), false)
10 FCPATH\index.php(67): CodeIgniter\CodeIgniter->run()
11 SYSTEMPATH\Commands\Server\rewrite.php(43): require_once('FCPATH\\index.php')
CRITICAL - 2022-11-11 00:55:09 --> Undefined variable: tampildatamaterial
in APPPATH\Views\Template\Layout.php on line 1701.
 1 APPPATH\Views\Template\Layout.php(1701): CodeIgniter\Debug\Exceptions->errorHandler(8, 'Undefined variable: tampildatamaterial', 'APPPATH\\Views\\Template\\Layout.php', 1701, [...])
 2 SYSTEMPATH\View\View.php(213): include('APPPATH\\Views\\Template\\Layout.php')
 3 SYSTEMPATH\View\View.php(216): CodeIgniter\View\View->CodeIgniter\View\{closure}()
 4 SYSTEMPATH\View\View.php(229): CodeIgniter\View\View->render('Template/layout', [], true)
 5 SYSTEMPATH\Common.php(1137): CodeIgniter\View\View->render('Dashboard/index', [], true)
 6 APPPATH\Controllers\C_Dashboard.php(41): view('Dashboard/index', [...])
 7 SYSTEMPATH\CodeIgniter.php(904): App\Controllers\C_Dashboard->index()
 8 SYSTEMPATH\CodeIgniter.php(457): CodeIgniter\CodeIgniter->runController(Object(App\Controllers\C_Dashboard))
 9 SYSTEMPATH\CodeIgniter.php(340): CodeIgniter\CodeIgniter->handleRequest(null, Object(Config\Cache), false)
10 FCPATH\index.php(67): CodeIgniter\CodeIgniter->run()
11 SYSTEMPATH\Commands\Server\rewrite.php(43): require_once('FCPATH\\index.php')
CRITICAL - 2022-11-11 00:55:10 --> Undefined variable: tampildatamaterial
in APPPATH\Views\Template\Layout.php on line 1701.
 1 APPPATH\Views\Template\Layout.php(1701): CodeIgniter\Debug\Exceptions->errorHandler(8, 'Undefined variable: tampildatamaterial', 'APPPATH\\Views\\Template\\Layout.php', 1701, [...])
 2 SYSTEMPATH\View\View.php(213): include('APPPATH\\Views\\Template\\Layout.php')
 3 SYSTEMPATH\View\View.php(216): CodeIgniter\View\View->CodeIgniter\View\{closure}()
 4 SYSTEMPATH\View\View.php(229): CodeIgniter\View\View->render('Template/layout', [], true)
 5 SYSTEMPATH\Common.php(1137): CodeIgniter\View\View->render('Dashboard/index', [], true)
 6 APPPATH\Controllers\C_Dashboard.php(41): view('Dashboard/index', [...])
 7 SYSTEMPATH\CodeIgniter.php(904): App\Controllers\C_Dashboard->index()
 8 SYSTEMPATH\CodeIgniter.php(457): CodeIgniter\CodeIgniter->runController(Object(App\Controllers\C_Dashboard))
 9 SYSTEMPATH\CodeIgniter.php(340): CodeIgniter\CodeIgniter->handleRequest(null, Object(Config\Cache), false)
10 FCPATH\index.php(67): CodeIgniter\CodeIgniter->run()
11 SYSTEMPATH\Commands\Server\rewrite.php(43): require_once('FCPATH\\index.php')
