CRITICAL - 2022-10-14 02:06:31 --> Call to undefined method App\Models\M_Auth::getRow
in SYSTEMPATH\Model.php on line 773.
 1 APPPATH\Controllers\C_Auth.php(25): CodeIgniter\Model->__call('getRow', [])
 2 SYSTEMPATH\CodeIgniter.php(904): App\Controllers\C_Auth->proses_login()
 3 SYSTEMPATH\CodeIgniter.php(457): CodeIgniter\CodeIgniter->runController(Object(App\Controllers\C_Auth))
 4 SYSTEMPATH\CodeIgniter.php(340): CodeIgniter\CodeIgniter->handleRequest(null, Object(Config\Cache), false)
 5 FCPATH\index.php(67): CodeIgniter\CodeIgniter->run()
 6 SYSTEMPATH\Commands\Server\rewrite.php(43): require_once('FCPATH\\index.php')
CRITICAL - 2022-10-14 02:11:58 --> Call to undefined method App\Models\M_Auth::getRow
in SYSTEMPATH\Model.php on line 773.
 1 APPPATH\Controllers\C_Auth.php(25): CodeIgniter\Model->__call('getRow', [])
 2 SYSTEMPATH\CodeIgniter.php(904): App\Controllers\C_Auth->proses_login()
 3 SYSTEMPATH\CodeIgniter.php(457): CodeIgniter\CodeIgniter->runController(Object(App\Controllers\C_Auth))
 4 SYSTEMPATH\CodeIgniter.php(340): CodeIgniter\CodeIgniter->handleRequest(null, Object(Config\Cache), false)
 5 FCPATH\index.php(67): CodeIgniter\CodeIgniter->run()
 6 SYSTEMPATH\Commands\Server\rewrite.php(43): require_once('FCPATH\\index.php')
CRITICAL - 2022-10-14 02:26:46 --> Cannot use object of type stdClass as array
in APPPATH\Controllers\C_Auth.php on line 26.
 1 SYSTEMPATH\CodeIgniter.php(904): App\Controllers\C_Auth->proses_login()
 2 SYSTEMPATH\CodeIgniter.php(457): CodeIgniter\CodeIgniter->runController(Object(App\Controllers\C_Auth))
 3 SYSTEMPATH\CodeIgniter.php(340): CodeIgniter\CodeIgniter->handleRequest(null, Object(Config\Cache), false)
 4 FCPATH\index.php(67): CodeIgniter\CodeIgniter->run()
 5 SYSTEMPATH\Commands\Server\rewrite.php(43): require_once('FCPATH\\index.php')
CRITICAL - 2022-10-14 02:35:07 --> Cannot use object of type stdClass as array
in APPPATH\Controllers\C_Auth.php on line 26.
 1 SYSTEMPATH\CodeIgniter.php(904): App\Controllers\C_Auth->proses_login()
 2 SYSTEMPATH\CodeIgniter.php(457): CodeIgniter\CodeIgniter->runController(Object(App\Controllers\C_Auth))
 3 SYSTEMPATH\CodeIgniter.php(340): CodeIgniter\CodeIgniter->handleRequest(null, Object(Config\Cache), false)
 4 FCPATH\index.php(67): CodeIgniter\CodeIgniter->run()
 5 SYSTEMPATH\Commands\Server\rewrite.php(43): require_once('FCPATH\\index.php')
CRITICAL - 2022-10-14 02:38:28 --> Cannot use object of type CodeIgniter\Database\MySQLi\Result as array
in APPPATH\Controllers\C_Auth.php on line 28.
 1 SYSTEMPATH\CodeIgniter.php(904): App\Controllers\C_Auth->proses_login()
 2 SYSTEMPATH\CodeIgniter.php(457): CodeIgniter\CodeIgniter->runController(Object(App\Controllers\C_Auth))
 3 SYSTEMPATH\CodeIgniter.php(340): CodeIgniter\CodeIgniter->handleRequest(null, Object(Config\Cache), false)
 4 FCPATH\index.php(67): CodeIgniter\CodeIgniter->run()
 5 SYSTEMPATH\Commands\Server\rewrite.php(43): require_once('FCPATH\\index.php')
CRITICAL - 2022-10-14 02:39:38 --> Call to undefined method CodeIgniter\Database\MySQLi\Result::first()
in APPPATH\Controllers\C_Auth.php on line 27.
 1 SYSTEMPATH\CodeIgniter.php(904): App\Controllers\C_Auth->proses_login()
 2 SYSTEMPATH\CodeIgniter.php(457): CodeIgniter\CodeIgniter->runController(Object(App\Controllers\C_Auth))
 3 SYSTEMPATH\CodeIgniter.php(340): CodeIgniter\CodeIgniter->handleRequest(null, Object(Config\Cache), false)
 4 FCPATH\index.php(67): CodeIgniter\CodeIgniter->run()
 5 SYSTEMPATH\Commands\Server\rewrite.php(43): require_once('FCPATH\\index.php')
CRITICAL - 2022-10-14 02:39:43 --> Cannot use object of type CodeIgniter\Database\MySQLi\Result as array
in APPPATH\Controllers\C_Auth.php on line 28.
 1 SYSTEMPATH\CodeIgniter.php(904): App\Controllers\C_Auth->proses_login()
 2 SYSTEMPATH\CodeIgniter.php(457): CodeIgniter\CodeIgniter->runController(Object(App\Controllers\C_Auth))
 3 SYSTEMPATH\CodeIgniter.php(340): CodeIgniter\CodeIgniter->handleRequest(null, Object(Config\Cache), false)
 4 FCPATH\index.php(67): CodeIgniter\CodeIgniter->run()
 5 SYSTEMPATH\Commands\Server\rewrite.php(43): require_once('FCPATH\\index.php')
CRITICAL - 2022-10-14 02:39:54 --> Undefined property: CodeIgniter\Database\MySQLi\Result::$password
in APPPATH\Controllers\C_Auth.php on line 28.
 1 APPPATH\Controllers\C_Auth.php(28): CodeIgniter\Debug\Exceptions->errorHandler(8, 'Undefined property: CodeIgniter\\Database\\MySQLi\\Result::$password', 'APPPATH\\Controllers\\C_Auth.php', 28, [...])
 2 SYSTEMPATH\CodeIgniter.php(904): App\Controllers\C_Auth->proses_login()
 3 SYSTEMPATH\CodeIgniter.php(457): CodeIgniter\CodeIgniter->runController(Object(App\Controllers\C_Auth))
 4 SYSTEMPATH\CodeIgniter.php(340): CodeIgniter\CodeIgniter->handleRequest(null, Object(Config\Cache), false)
 5 FCPATH\index.php(67): CodeIgniter\CodeIgniter->run()
 6 SYSTEMPATH\Commands\Server\rewrite.php(43): require_once('FCPATH\\index.php')
CRITICAL - 2022-10-14 02:40:17 --> Undefined property: CodeIgniter\Database\MySQLi\Result::$password
in APPPATH\Controllers\C_Auth.php on line 28.
 1 APPPATH\Controllers\C_Auth.php(28): CodeIgniter\Debug\Exceptions->errorHandler(8, 'Undefined property: CodeIgniter\\Database\\MySQLi\\Result::$password', 'APPPATH\\Controllers\\C_Auth.php', 28, [...])
 2 SYSTEMPATH\CodeIgniter.php(904): App\Controllers\C_Auth->proses_login()
 3 SYSTEMPATH\CodeIgniter.php(457): CodeIgniter\CodeIgniter->runController(Object(App\Controllers\C_Auth))
 4 SYSTEMPATH\CodeIgniter.php(340): CodeIgniter\CodeIgniter->handleRequest(null, Object(Config\Cache), false)
 5 FCPATH\index.php(67): CodeIgniter\CodeIgniter->run()
 6 SYSTEMPATH\Commands\Server\rewrite.php(43): require_once('FCPATH\\index.php')
CRITICAL - 2022-10-14 02:40:29 --> Cannot use object of type CodeIgniter\Database\MySQLi\Result as array
in APPPATH\Controllers\C_Auth.php on line 28.
 1 SYSTEMPATH\CodeIgniter.php(904): App\Controllers\C_Auth->proses_login()
 2 SYSTEMPATH\CodeIgniter.php(457): CodeIgniter\CodeIgniter->runController(Object(App\Controllers\C_Auth))
 3 SYSTEMPATH\CodeIgniter.php(340): CodeIgniter\CodeIgniter->handleRequest(null, Object(Config\Cache), false)
 4 FCPATH\index.php(67): CodeIgniter\CodeIgniter->run()
 5 SYSTEMPATH\Commands\Server\rewrite.php(43): require_once('FCPATH\\index.php')
CRITICAL - 2022-10-14 02:41:45 --> Cannot use object of type CodeIgniter\Database\MySQLi\Result as array
in APPPATH\Controllers\C_Auth.php on line 28.
 1 SYSTEMPATH\CodeIgniter.php(904): App\Controllers\C_Auth->proses_login()
 2 SYSTEMPATH\CodeIgniter.php(457): CodeIgniter\CodeIgniter->runController(Object(App\Controllers\C_Auth))
 3 SYSTEMPATH\CodeIgniter.php(340): CodeIgniter\CodeIgniter->handleRequest(null, Object(Config\Cache), false)
 4 FCPATH\index.php(67): CodeIgniter\CodeIgniter->run()
 5 SYSTEMPATH\Commands\Server\rewrite.php(43): require_once('FCPATH\\index.php')
CRITICAL - 2022-10-14 02:42:20 --> Cannot use object of type CodeIgniter\Database\MySQLi\Result as array
in APPPATH\Controllers\C_Auth.php on line 27.
 1 SYSTEMPATH\CodeIgniter.php(904): App\Controllers\C_Auth->proses_login()
 2 SYSTEMPATH\CodeIgniter.php(457): CodeIgniter\CodeIgniter->runController(Object(App\Controllers\C_Auth))
 3 SYSTEMPATH\CodeIgniter.php(340): CodeIgniter\CodeIgniter->handleRequest(null, Object(Config\Cache), false)
 4 FCPATH\index.php(67): CodeIgniter\CodeIgniter->run()
 5 SYSTEMPATH\Commands\Server\rewrite.php(43): require_once('FCPATH\\index.php')
CRITICAL - 2022-10-14 02:42:25 --> Cannot use object of type CodeIgniter\Database\MySQLi\Result as array
in APPPATH\Controllers\C_Auth.php on line 27.
 1 SYSTEMPATH\CodeIgniter.php(904): App\Controllers\C_Auth->proses_login()
 2 SYSTEMPATH\CodeIgniter.php(457): CodeIgniter\CodeIgniter->runController(Object(App\Controllers\C_Auth))
 3 SYSTEMPATH\CodeIgniter.php(340): CodeIgniter\CodeIgniter->handleRequest(null, Object(Config\Cache), false)
 4 FCPATH\index.php(67): CodeIgniter\CodeIgniter->run()
 5 SYSTEMPATH\Commands\Server\rewrite.php(43): require_once('FCPATH\\index.php')
CRITICAL - 2022-10-14 02:43:34 --> Cannot use object of type CodeIgniter\Database\MySQLi\Result as array
in APPPATH\Controllers\C_Auth.php on line 27.
 1 SYSTEMPATH\CodeIgniter.php(904): App\Controllers\C_Auth->proses_login()
 2 SYSTEMPATH\CodeIgniter.php(457): CodeIgniter\CodeIgniter->runController(Object(App\Controllers\C_Auth))
 3 SYSTEMPATH\CodeIgniter.php(340): CodeIgniter\CodeIgniter->handleRequest(null, Object(Config\Cache), false)
 4 FCPATH\index.php(67): CodeIgniter\CodeIgniter->run()
 5 SYSTEMPATH\Commands\Server\rewrite.php(43): require_once('FCPATH\\index.php')
CRITICAL - 2022-10-14 02:43:45 --> Undefined property: CodeIgniter\Database\MySQLi\Result::$password
in APPPATH\Controllers\C_Auth.php on line 27.
 1 APPPATH\Controllers\C_Auth.php(27): CodeIgniter\Debug\Exceptions->errorHandler(8, 'Undefined property: CodeIgniter\\Database\\MySQLi\\Result::$password', 'APPPATH\\Controllers\\C_Auth.php', 27, [...])
 2 SYSTEMPATH\CodeIgniter.php(904): App\Controllers\C_Auth->proses_login()
 3 SYSTEMPATH\CodeIgniter.php(457): CodeIgniter\CodeIgniter->runController(Object(App\Controllers\C_Auth))
 4 SYSTEMPATH\CodeIgniter.php(340): CodeIgniter\CodeIgniter->handleRequest(null, Object(Config\Cache), false)
 5 FCPATH\index.php(67): CodeIgniter\CodeIgniter->run()
 6 SYSTEMPATH\Commands\Server\rewrite.php(43): require_once('FCPATH\\index.php')
CRITICAL - 2022-10-14 02:43:54 --> Undefined property: CodeIgniter\Database\MySQLi\Result::$password
in APPPATH\Controllers\C_Auth.php on line 27.
 1 APPPATH\Controllers\C_Auth.php(27): CodeIgniter\Debug\Exceptions->errorHandler(8, 'Undefined property: CodeIgniter\\Database\\MySQLi\\Result::$password', 'APPPATH\\Controllers\\C_Auth.php', 27, [...])
 2 SYSTEMPATH\CodeIgniter.php(904): App\Controllers\C_Auth->proses_login()
 3 SYSTEMPATH\CodeIgniter.php(457): CodeIgniter\CodeIgniter->runController(Object(App\Controllers\C_Auth))
 4 SYSTEMPATH\CodeIgniter.php(340): CodeIgniter\CodeIgniter->handleRequest(null, Object(Config\Cache), false)
 5 FCPATH\index.php(67): CodeIgniter\CodeIgniter->run()
 6 SYSTEMPATH\Commands\Server\rewrite.php(43): require_once('FCPATH\\index.php')
CRITICAL - 2022-10-14 02:43:56 --> Undefined property: CodeIgniter\Database\MySQLi\Result::$password
in APPPATH\Controllers\C_Auth.php on line 27.
 1 APPPATH\Controllers\C_Auth.php(27): CodeIgniter\Debug\Exceptions->errorHandler(8, 'Undefined property: CodeIgniter\\Database\\MySQLi\\Result::$password', 'APPPATH\\Controllers\\C_Auth.php', 27, [...])
 2 SYSTEMPATH\CodeIgniter.php(904): App\Controllers\C_Auth->proses_login()
 3 SYSTEMPATH\CodeIgniter.php(457): CodeIgniter\CodeIgniter->runController(Object(App\Controllers\C_Auth))
 4 SYSTEMPATH\CodeIgniter.php(340): CodeIgniter\CodeIgniter->handleRequest(null, Object(Config\Cache), false)
 5 FCPATH\index.php(67): CodeIgniter\CodeIgniter->run()
 6 SYSTEMPATH\Commands\Server\rewrite.php(43): require_once('FCPATH\\index.php')
CRITICAL - 2022-10-14 02:45:32 --> Cannot use object of type CodeIgniter\Database\MySQLi\Result as array
in APPPATH\Controllers\C_Auth.php on line 28.
 1 SYSTEMPATH\CodeIgniter.php(904): App\Controllers\C_Auth->proses_login()
 2 SYSTEMPATH\CodeIgniter.php(457): CodeIgniter\CodeIgniter->runController(Object(App\Controllers\C_Auth))
 3 SYSTEMPATH\CodeIgniter.php(340): CodeIgniter\CodeIgniter->handleRequest(null, Object(Config\Cache), false)
 4 FCPATH\index.php(67): CodeIgniter\CodeIgniter->run()
 5 SYSTEMPATH\Commands\Server\rewrite.php(43): require_once('FCPATH\\index.php')
CRITICAL - 2022-10-14 02:57:43 --> Cannot use object of type stdClass as array
in APPPATH\Controllers\C_Auth.php on line 28.
 1 SYSTEMPATH\CodeIgniter.php(904): App\Controllers\C_Auth->proses_login()
 2 SYSTEMPATH\CodeIgniter.php(457): CodeIgniter\CodeIgniter->runController(Object(App\Controllers\C_Auth))
 3 SYSTEMPATH\CodeIgniter.php(340): CodeIgniter\CodeIgniter->handleRequest(null, Object(Config\Cache), false)
 4 FCPATH\index.php(67): CodeIgniter\CodeIgniter->run()
 5 SYSTEMPATH\Commands\Server\rewrite.php(43): require_once('FCPATH\\index.php')
CRITICAL - 2022-10-14 02:57:55 --> Call to undefined method stdClass::getRowArray()
in APPPATH\Controllers\C_Auth.php on line 29.
 1 SYSTEMPATH\CodeIgniter.php(904): App\Controllers\C_Auth->proses_login()
 2 SYSTEMPATH\CodeIgniter.php(457): CodeIgniter\CodeIgniter->runController(Object(App\Controllers\C_Auth))
 3 SYSTEMPATH\CodeIgniter.php(340): CodeIgniter\CodeIgniter->handleRequest(null, Object(Config\Cache), false)
 4 FCPATH\index.php(67): CodeIgniter\CodeIgniter->run()
 5 SYSTEMPATH\Commands\Server\rewrite.php(43): require_once('FCPATH\\index.php')
CRITICAL - 2022-10-14 03:08:34 --> There is no data to update.
in SYSTEMPATH\BaseModel.php on line 846.
 1 SYSTEMPATH\BaseModel.php(846): CodeIgniter\Database\Exceptions\DataException::forEmptyDataset('update')
 2 SYSTEMPATH\Model.php(692): CodeIgniter\BaseModel->update([...], [])
 3 APPPATH\Controllers\C_User.php(152): CodeIgniter\Model->update('23', [...])
 4 SYSTEMPATH\CodeIgniter.php(904): App\Controllers\C_User->proses_ganti_password_profil()
 5 SYSTEMPATH\CodeIgniter.php(457): CodeIgniter\CodeIgniter->runController(Object(App\Controllers\C_User))
 6 SYSTEMPATH\CodeIgniter.php(340): CodeIgniter\CodeIgniter->handleRequest(null, Object(Config\Cache), false)
 7 FCPATH\index.php(67): CodeIgniter\CodeIgniter->run()
 8 SYSTEMPATH\Commands\Server\rewrite.php(43): require_once('FCPATH\\index.php')
CRITICAL - 2022-10-14 03:09:27 --> Return value of CodeIgniter\BaseModel::transformDataToArray() must be of the type array, string returned
in SYSTEMPATH\BaseModel.php on line 1599.
 1 SYSTEMPATH\BaseModel.php(832): CodeIgniter\BaseModel->transformDataToArray('$2y$10$I3EsB.M0GJ35FN7aHcC9CuaSkCJQZRNlUg5oa9yQo87zHg40/Iy5.', 'update')
 2 SYSTEMPATH\Model.php(692): CodeIgniter\BaseModel->update([...], '$2y$10$I3EsB.M0GJ35FN7aHcC9CuaSkCJQZRNlUg5oa9yQo87zHg40/Iy5.')
 3 APPPATH\Controllers\C_User.php(150): CodeIgniter\Model->update('23', '$2y$10$I3EsB.M0GJ35FN7aHcC9CuaSkCJQZRNlUg5oa9yQo87zHg40/Iy5.')
 4 SYSTEMPATH\CodeIgniter.php(904): App\Controllers\C_User->proses_ganti_password_profil()
 5 SYSTEMPATH\CodeIgniter.php(457): CodeIgniter\CodeIgniter->runController(Object(App\Controllers\C_User))
 6 SYSTEMPATH\CodeIgniter.php(340): CodeIgniter\CodeIgniter->handleRequest(null, Object(Config\Cache), false)
 7 FCPATH\index.php(67): CodeIgniter\CodeIgniter->run()
 8 SYSTEMPATH\Commands\Server\rewrite.php(43): require_once('FCPATH\\index.php')
CRITICAL - 2022-10-14 03:09:53 --> Return value of CodeIgniter\BaseModel::transformDataToArray() must be of the type array, string returned
in SYSTEMPATH\BaseModel.php on line 1599.
 1 SYSTEMPATH\BaseModel.php(832): CodeIgniter\BaseModel->transformDataToArray('$2y$10$9EJmBhUk9VfLYUR3ZGKUc.qGoP5Cq.CDVQMWVMZNN/rIY05xi.c7q', 'update')
 2 SYSTEMPATH\Model.php(692): CodeIgniter\BaseModel->update([...], '$2y$10$9EJmBhUk9VfLYUR3ZGKUc.qGoP5Cq.CDVQMWVMZNN/rIY05xi.c7q')
 3 APPPATH\Controllers\C_User.php(150): CodeIgniter\Model->update('23', '$2y$10$9EJmBhUk9VfLYUR3ZGKUc.qGoP5Cq.CDVQMWVMZNN/rIY05xi.c7q')
 4 SYSTEMPATH\CodeIgniter.php(904): App\Controllers\C_User->proses_ganti_password_profil()
 5 SYSTEMPATH\CodeIgniter.php(457): CodeIgniter\CodeIgniter->runController(Object(App\Controllers\C_User))
 6 SYSTEMPATH\CodeIgniter.php(340): CodeIgniter\CodeIgniter->handleRequest(null, Object(Config\Cache), false)
 7 FCPATH\index.php(67): CodeIgniter\CodeIgniter->run()
 8 SYSTEMPATH\Commands\Server\rewrite.php(43): require_once('FCPATH\\index.php')
CRITICAL - 2022-10-14 03:09:59 --> Return value of CodeIgniter\BaseModel::transformDataToArray() must be of the type array, string returned
in SYSTEMPATH\BaseModel.php on line 1599.
 1 SYSTEMPATH\BaseModel.php(832): CodeIgniter\BaseModel->transformDataToArray('$2y$10$MXXNXdDQmlLaU5rzb4p1c.CssE1oyuGMTJ546IlhGNGYNZ/GU1A3m', 'update')
 2 SYSTEMPATH\Model.php(692): CodeIgniter\BaseModel->update([...], '$2y$10$MXXNXdDQmlLaU5rzb4p1c.CssE1oyuGMTJ546IlhGNGYNZ/GU1A3m')
 3 APPPATH\Controllers\C_User.php(150): CodeIgniter\Model->update('23', '$2y$10$MXXNXdDQmlLaU5rzb4p1c.CssE1oyuGMTJ546IlhGNGYNZ/GU1A3m')
 4 SYSTEMPATH\CodeIgniter.php(904): App\Controllers\C_User->proses_ganti_password_profil()
 5 SYSTEMPATH\CodeIgniter.php(457): CodeIgniter\CodeIgniter->runController(Object(App\Controllers\C_User))
 6 SYSTEMPATH\CodeIgniter.php(340): CodeIgniter\CodeIgniter->handleRequest(null, Object(Config\Cache), false)
 7 FCPATH\index.php(67): CodeIgniter\CodeIgniter->run()
 8 SYSTEMPATH\Commands\Server\rewrite.php(43): require_once('FCPATH\\index.php')
CRITICAL - 2022-10-14 03:10:39 --> Return value of CodeIgniter\BaseModel::transformDataToArray() must be of the type array, string returned
in SYSTEMPATH\BaseModel.php on line 1599.
 1 SYSTEMPATH\BaseModel.php(832): CodeIgniter\BaseModel->transformDataToArray('$2y$10$AzXpefGaeb6b4WJCLbVPQuHpdBun1lLkv9GszQMyvW56VM1g3z.ze', 'update')
 2 SYSTEMPATH\Model.php(692): CodeIgniter\BaseModel->update([...], '$2y$10$AzXpefGaeb6b4WJCLbVPQuHpdBun1lLkv9GszQMyvW56VM1g3z.ze')
 3 APPPATH\Controllers\C_User.php(150): CodeIgniter\Model->update('23', '$2y$10$AzXpefGaeb6b4WJCLbVPQuHpdBun1lLkv9GszQMyvW56VM1g3z.ze')
 4 SYSTEMPATH\CodeIgniter.php(904): App\Controllers\C_User->proses_ganti_password_profil()
 5 SYSTEMPATH\CodeIgniter.php(457): CodeIgniter\CodeIgniter->runController(Object(App\Controllers\C_User))
 6 SYSTEMPATH\CodeIgniter.php(340): CodeIgniter\CodeIgniter->handleRequest(null, Object(Config\Cache), false)
 7 FCPATH\index.php(67): CodeIgniter\CodeIgniter->run()
 8 SYSTEMPATH\Commands\Server\rewrite.php(43): require_once('FCPATH\\index.php')
CRITICAL - 2022-10-14 03:10:40 --> Return value of CodeIgniter\BaseModel::transformDataToArray() must be of the type array, string returned
in SYSTEMPATH\BaseModel.php on line 1599.
 1 SYSTEMPATH\BaseModel.php(832): CodeIgniter\BaseModel->transformDataToArray('$2y$10$/n80Y3HJfRqDTsBstUjfYOcU2NAKPQG8AaijmAUbjUcwHAXPYC6NG', 'update')
 2 SYSTEMPATH\Model.php(692): CodeIgniter\BaseModel->update([...], '$2y$10$/n80Y3HJfRqDTsBstUjfYOcU2NAKPQG8AaijmAUbjUcwHAXPYC6NG')
 3 APPPATH\Controllers\C_User.php(150): CodeIgniter\Model->update('23', '$2y$10$/n80Y3HJfRqDTsBstUjfYOcU2NAKPQG8AaijmAUbjUcwHAXPYC6NG')
 4 SYSTEMPATH\CodeIgniter.php(904): App\Controllers\C_User->proses_ganti_password_profil()
 5 SYSTEMPATH\CodeIgniter.php(457): CodeIgniter\CodeIgniter->runController(Object(App\Controllers\C_User))
 6 SYSTEMPATH\CodeIgniter.php(340): CodeIgniter\CodeIgniter->handleRequest(null, Object(Config\Cache), false)
 7 FCPATH\index.php(67): CodeIgniter\CodeIgniter->run()
 8 SYSTEMPATH\Commands\Server\rewrite.php(43): require_once('FCPATH\\index.php')
CRITICAL - 2022-10-14 03:10:40 --> Return value of CodeIgniter\BaseModel::transformDataToArray() must be of the type array, string returned
in SYSTEMPATH\BaseModel.php on line 1599.
 1 SYSTEMPATH\BaseModel.php(832): CodeIgniter\BaseModel->transformDataToArray('$2y$10$gjt4rd/x.RSx1ti94cAjFuFW7xeWoX9PdfHnmZSh6wqb1JONGEfq6', 'update')
 2 SYSTEMPATH\Model.php(692): CodeIgniter\BaseModel->update([...], '$2y$10$gjt4rd/x.RSx1ti94cAjFuFW7xeWoX9PdfHnmZSh6wqb1JONGEfq6')
 3 APPPATH\Controllers\C_User.php(150): CodeIgniter\Model->update('23', '$2y$10$gjt4rd/x.RSx1ti94cAjFuFW7xeWoX9PdfHnmZSh6wqb1JONGEfq6')
 4 SYSTEMPATH\CodeIgniter.php(904): App\Controllers\C_User->proses_ganti_password_profil()
 5 SYSTEMPATH\CodeIgniter.php(457): CodeIgniter\CodeIgniter->runController(Object(App\Controllers\C_User))
 6 SYSTEMPATH\CodeIgniter.php(340): CodeIgniter\CodeIgniter->handleRequest(null, Object(Config\Cache), false)
 7 FCPATH\index.php(67): CodeIgniter\CodeIgniter->run()
 8 SYSTEMPATH\Commands\Server\rewrite.php(43): require_once('FCPATH\\index.php')
CRITICAL - 2022-10-14 03:10:41 --> Return value of CodeIgniter\BaseModel::transformDataToArray() must be of the type array, string returned
in SYSTEMPATH\BaseModel.php on line 1599.
 1 SYSTEMPATH\BaseModel.php(832): CodeIgniter\BaseModel->transformDataToArray('$2y$10$2oHP/ejNamS1c14YtyFhl.PuUt3gyg70r/82VopJXytxZ942HXUVa', 'update')
 2 SYSTEMPATH\Model.php(692): CodeIgniter\BaseModel->update([...], '$2y$10$2oHP/ejNamS1c14YtyFhl.PuUt3gyg70r/82VopJXytxZ942HXUVa')
 3 APPPATH\Controllers\C_User.php(150): CodeIgniter\Model->update('23', '$2y$10$2oHP/ejNamS1c14YtyFhl.PuUt3gyg70r/82VopJXytxZ942HXUVa')
 4 SYSTEMPATH\CodeIgniter.php(904): App\Controllers\C_User->proses_ganti_password_profil()
 5 SYSTEMPATH\CodeIgniter.php(457): CodeIgniter\CodeIgniter->runController(Object(App\Controllers\C_User))
 6 SYSTEMPATH\CodeIgniter.php(340): CodeIgniter\CodeIgniter->handleRequest(null, Object(Config\Cache), false)
 7 FCPATH\index.php(67): CodeIgniter\CodeIgniter->run()
 8 SYSTEMPATH\Commands\Server\rewrite.php(43): require_once('FCPATH\\index.php')
CRITICAL - 2022-10-14 03:10:41 --> Return value of CodeIgniter\BaseModel::transformDataToArray() must be of the type array, string returned
in SYSTEMPATH\BaseModel.php on line 1599.
 1 SYSTEMPATH\BaseModel.php(832): CodeIgniter\BaseModel->transformDataToArray('$2y$10$2.iS6u3hj2RhkdXfTg6HTeki8rVI2ipNIbzCcROKPvt7XzI4wLD2K', 'update')
 2 SYSTEMPATH\Model.php(692): CodeIgniter\BaseModel->update([...], '$2y$10$2.iS6u3hj2RhkdXfTg6HTeki8rVI2ipNIbzCcROKPvt7XzI4wLD2K')
 3 APPPATH\Controllers\C_User.php(150): CodeIgniter\Model->update('23', '$2y$10$2.iS6u3hj2RhkdXfTg6HTeki8rVI2ipNIbzCcROKPvt7XzI4wLD2K')
 4 SYSTEMPATH\CodeIgniter.php(904): App\Controllers\C_User->proses_ganti_password_profil()
 5 SYSTEMPATH\CodeIgniter.php(457): CodeIgniter\CodeIgniter->runController(Object(App\Controllers\C_User))
 6 SYSTEMPATH\CodeIgniter.php(340): CodeIgniter\CodeIgniter->handleRequest(null, Object(Config\Cache), false)
 7 FCPATH\index.php(67): CodeIgniter\CodeIgniter->run()
 8 SYSTEMPATH\Commands\Server\rewrite.php(43): require_once('FCPATH\\index.php')
ERROR - 2022-10-14 07:05:13 --> mysqli_sql_exception: Table 'logistikptajs.permintaan' doesn't exist in E:\Kuliah\Kumpulan Tugas Kuliah\UNS-D3 TI\SEMESTER 5\Magang\CV. Anugrah\Project Magang\logistikptajs\system\Database\MySQLi\Connection.php:292
Stack trace:
#0 E:\Kuliah\Kumpulan Tugas Kuliah\UNS-D3 TI\SEMESTER 5\Magang\CV. Anugrah\Project Magang\logistikptajs\system\Database\MySQLi\Connection.php(292): mysqli->query('SELECT *\nFROM `...', 0)
#1 E:\Kuliah\Kumpulan Tugas Kuliah\UNS-D3 TI\SEMESTER 5\Magang\CV. Anugrah\Project Magang\logistikptajs\system\Database\BaseConnection.php(693): CodeIgniter\Database\MySQLi\Connection->execute('SELECT *\nFROM `...')
#2 E:\Kuliah\Kumpulan Tugas Kuliah\UNS-D3 TI\SEMESTER 5\Magang\CV. Anugrah\Project Magang\logistikptajs\system\Database\BaseConnection.php(620): CodeIgniter\Database\BaseConnection->simpleQuery('SELECT *\nFROM `...')
#3 E:\Kuliah\Kumpulan Tugas Kuliah\UNS-D3 TI\SEMESTER 5\Magang\CV. Anugrah\Project Magang\logistikptajs\system\Database\BaseBuilder.php(1585): CodeIgniter\Database\BaseConnection->query('SELECT *\nFROM `...', Array, false)
#4 E:\Kuliah\Kumpulan Tugas Kuliah\UNS-D3 TI\SEMESTER 5\Magang\CV. Anugrah\Project Magang\logistikptajs\system\Model.php(222): CodeIgniter\Database\BaseBuilder->get()
#5 E:\Kuliah\Kumpulan Tugas Kuliah\UNS-D3 TI\SEMESTER 5\Magang\CV. Anugrah\Project Magang\logistikptajs\system\BaseModel.php(584): CodeIgniter\Model->doFindAll(0, 0)
#6 E:\Kuliah\Kumpulan Tugas Kuliah\UNS-D3 TI\SEMESTER 5\Magang\CV. Anugrah\Project Magang\logistikptajs\app\Controllers\C_Material_Keluar.php(34): CodeIgniter\BaseModel->findAll()
#7 E:\Kuliah\Kumpulan Tugas Kuliah\UNS-D3 TI\SEMESTER 5\Magang\CV. Anugrah\Project Magang\logistikptajs\system\CodeIgniter.php(904): App\Controllers\C_material_Keluar->tambah()
#8 E:\Kuliah\Kumpulan Tugas Kuliah\UNS-D3 TI\SEMESTER 5\Magang\CV. Anugrah\Project Magang\logistikptajs\system\CodeIgniter.php(457): CodeIgniter\CodeIgniter->runController(Object(App\Controllers\C_material_Keluar))
#9 E:\Kuliah\Kumpulan Tugas Kuliah\UNS-D3 TI\SEMESTER 5\Magang\CV. Anugrah\Project Magang\logistikptajs\system\CodeIgniter.php(340): CodeIgniter\CodeIgniter->handleRequest(NULL, Object(Config\Cache), false)
#10 E:\Kuliah\Kumpulan Tugas Kuliah\UNS-D3 TI\SEMESTER 5\Magang\CV. Anugrah\Project Magang\logistikptajs\public\index.php(67): CodeIgniter\CodeIgniter->run()
#11 E:\Kuliah\Kumpulan Tugas Kuliah\UNS-D3 TI\SEMESTER 5\Magang\CV. Anugrah\Project Magang\logistikptajs\system\Commands\Server\rewrite.php(43): require_once('E:\\Kuliah\\Kumpu...')
#12 {main}
CRITICAL - 2022-10-14 07:05:13 --> Call to a member function getResult() on bool
in SYSTEMPATH\Model.php on line 223.
 1 SYSTEMPATH\BaseModel.php(584): CodeIgniter\Model->doFindAll(0, 0)
 2 APPPATH\Controllers\C_Material_Keluar.php(34): CodeIgniter\BaseModel->findAll()
 3 SYSTEMPATH\CodeIgniter.php(904): App\Controllers\C_material_Keluar->tambah()
 4 SYSTEMPATH\CodeIgniter.php(457): CodeIgniter\CodeIgniter->runController(Object(App\Controllers\C_material_Keluar))
 5 SYSTEMPATH\CodeIgniter.php(340): CodeIgniter\CodeIgniter->handleRequest(null, Object(Config\Cache), false)
 6 FCPATH\index.php(67): CodeIgniter\CodeIgniter->run()
 7 SYSTEMPATH\Commands\Server\rewrite.php(43): require_once('FCPATH\\index.php')
