CRITICAL - 2022-09-08 00:54:58 --> Undefined variable: td
in APPPATH\Views\Template\Layout.php on line 403.
 1 APPPATH\Views\Template\Layout.php(403): CodeIgniter\Debug\Exceptions->errorHandler(8, 'Undefined variable: td', 'APPPATH\\Views\\Template\\Layout.php', 403, [...])
 2 SYSTEMPATH\View\View.php(213): include('APPPATH\\Views\\Template\\Layout.php')
 3 SYSTEMPATH\View\View.php(216): CodeIgniter\View\View->CodeIgniter\View\{closure}()
 4 SYSTEMPATH\View\View.php(229): CodeIgniter\View\View->render('Template/layout', [], true)
 5 SYSTEMPATH\Common.php(1137): CodeIgniter\View\View->render('Menu/Barang/index', [], true)
 6 APPPATH\Controllers\C_Barang.php(25): view('Menu/Barang/index', [...])
 7 SYSTEMPATH\CodeIgniter.php(904): App\Controllers\C_Barang->index()
 8 SYSTEMPATH\CodeIgniter.php(457): CodeIgniter\CodeIgniter->runController(Object(App\Controllers\C_Barang))
 9 SYSTEMPATH\CodeIgniter.php(340): CodeIgniter\CodeIgniter->handleRequest(null, Object(Config\Cache), false)
10 FCPATH\index.php(67): CodeIgniter\CodeIgniter->run()
11 SYSTEMPATH\Commands\Server\rewrite.php(43): require_once('FCPATH\\index.php')
CRITICAL - 2022-09-08 01:02:37 --> Cannot use object of type stdClass as array
in APPPATH\Views\Menu\Satuan\index.php on line 31.
 1 SYSTEMPATH\View\View.php(213): include()
 2 SYSTEMPATH\View\View.php(216): CodeIgniter\View\View->CodeIgniter\View\{closure}()
 3 SYSTEMPATH\Common.php(1137): CodeIgniter\View\View->render('Menu/Satuan/index', [], true)
 4 APPPATH\Controllers\C_Satuan.php(21): view('Menu/Satuan/index', [...])
 5 SYSTEMPATH\CodeIgniter.php(904): App\Controllers\C_Satuan->index()
 6 SYSTEMPATH\CodeIgniter.php(457): CodeIgniter\CodeIgniter->runController(Object(App\Controllers\C_Satuan))
 7 SYSTEMPATH\CodeIgniter.php(340): CodeIgniter\CodeIgniter->handleRequest(null, Object(Config\Cache), false)
 8 FCPATH\index.php(67): CodeIgniter\CodeIgniter->run()
 9 SYSTEMPATH\Commands\Server\rewrite.php(43): require_once('FCPATH\\index.php')
CRITICAL - 2022-09-08 01:36:22 --> Cannot use object of type stdClass as array
in APPPATH\Views\Menu\Satuan\index.php on line 31.
 1 SYSTEMPATH\View\View.php(213): include()
 2 SYSTEMPATH\View\View.php(216): CodeIgniter\View\View->CodeIgniter\View\{closure}()
 3 SYSTEMPATH\Common.php(1137): CodeIgniter\View\View->render('Menu/Satuan/index', [], true)
 4 APPPATH\Controllers\C_Satuan.php(21): view('Menu/Satuan/index', [...])
 5 SYSTEMPATH\CodeIgniter.php(904): App\Controllers\C_Satuan->index()
 6 SYSTEMPATH\CodeIgniter.php(457): CodeIgniter\CodeIgniter->runController(Object(App\Controllers\C_Satuan))
 7 SYSTEMPATH\CodeIgniter.php(340): CodeIgniter\CodeIgniter->handleRequest(null, Object(Config\Cache), false)
 8 FCPATH\index.php(67): CodeIgniter\CodeIgniter->run()
 9 SYSTEMPATH\Commands\Server\rewrite.php(43): require_once('FCPATH\\index.php')
CRITICAL - 2022-09-08 01:57:35 --> Cannot use object of type stdClass as array
in APPPATH\Views\Menu\Satuan\index.php on line 31.
 1 SYSTEMPATH\View\View.php(213): include()
 2 SYSTEMPATH\View\View.php(216): CodeIgniter\View\View->CodeIgniter\View\{closure}()
 3 SYSTEMPATH\Common.php(1137): CodeIgniter\View\View->render('Menu/Satuan/index', [], true)
 4 APPPATH\Controllers\C_Satuan.php(21): view('Menu/Satuan/index', [...])
 5 SYSTEMPATH\CodeIgniter.php(904): App\Controllers\C_Satuan->index()
 6 SYSTEMPATH\CodeIgniter.php(457): CodeIgniter\CodeIgniter->runController(Object(App\Controllers\C_Satuan))
 7 SYSTEMPATH\CodeIgniter.php(340): CodeIgniter\CodeIgniter->handleRequest(null, Object(Config\Cache), false)
 8 FCPATH\index.php(67): CodeIgniter\CodeIgniter->run()
 9 SYSTEMPATH\Commands\Server\rewrite.php(43): require_once('FCPATH\\index.php')
CRITICAL - 2022-09-08 03:53:20 --> Cannot use object of type stdClass as array
in APPPATH\Views\Menu\Satuan\index.php on line 31.
 1 SYSTEMPATH\View\View.php(213): include()
 2 SYSTEMPATH\View\View.php(216): CodeIgniter\View\View->CodeIgniter\View\{closure}()
 3 SYSTEMPATH\Common.php(1137): CodeIgniter\View\View->render('Menu/Satuan/index', [], true)
 4 APPPATH\Controllers\C_Satuan.php(21): view('Menu/Satuan/index', [...])
 5 SYSTEMPATH\CodeIgniter.php(904): App\Controllers\C_Satuan->index()
 6 SYSTEMPATH\CodeIgniter.php(457): CodeIgniter\CodeIgniter->runController(Object(App\Controllers\C_Satuan))
 7 SYSTEMPATH\CodeIgniter.php(340): CodeIgniter\CodeIgniter->handleRequest(null, Object(Config\Cache), false)
 8 FCPATH\index.php(67): CodeIgniter\CodeIgniter->run()
 9 SYSTEMPATH\Commands\Server\rewrite.php(43): require_once('FCPATH\\index.php')
ERROR - 2022-09-08 04:18:55 --> mysqli_sql_exception: Not unique table/alias: 'barang_keluar' in E:\Kuliah\Kumpulan Tugas Kuliah\UNS-D3 TI\SEMESTER 5\Magang\CV. Anugrah\Project Magang\logistikptajs\system\Database\MySQLi\Connection.php:292
Stack trace:
#0 E:\Kuliah\Kumpulan Tugas Kuliah\UNS-D3 TI\SEMESTER 5\Magang\CV. Anugrah\Project Magang\logistikptajs\system\Database\MySQLi\Connection.php(292): mysqli->query('SELECT *\nFROM `...', 0)
#1 E:\Kuliah\Kumpulan Tugas Kuliah\UNS-D3 TI\SEMESTER 5\Magang\CV. Anugrah\Project Magang\logistikptajs\system\Database\BaseConnection.php(693): CodeIgniter\Database\MySQLi\Connection->execute('SELECT *\nFROM `...')
#2 E:\Kuliah\Kumpulan Tugas Kuliah\UNS-D3 TI\SEMESTER 5\Magang\CV. Anugrah\Project Magang\logistikptajs\system\Database\BaseConnection.php(620): CodeIgniter\Database\BaseConnection->simpleQuery('SELECT *\nFROM `...')
#3 E:\Kuliah\Kumpulan Tugas Kuliah\UNS-D3 TI\SEMESTER 5\Magang\CV. Anugrah\Project Magang\logistikptajs\system\Database\BaseBuilder.php(1585): CodeIgniter\Database\BaseConnection->query('SELECT *\nFROM `...', Array, false)
#4 E:\Kuliah\Kumpulan Tugas Kuliah\UNS-D3 TI\SEMESTER 5\Magang\CV. Anugrah\Project Magang\logistikptajs\app\Models\M_Barang_Keluar.php(21): CodeIgniter\Database\BaseBuilder->get()
#5 E:\Kuliah\Kumpulan Tugas Kuliah\UNS-D3 TI\SEMESTER 5\Magang\CV. Anugrah\Project Magang\logistikptajs\app\Controllers\C_Transaksi.php(19): App\Models\M_Barang_Keluar->getAll()
#6 E:\Kuliah\Kumpulan Tugas Kuliah\UNS-D3 TI\SEMESTER 5\Magang\CV. Anugrah\Project Magang\logistikptajs\system\CodeIgniter.php(904): App\Controllers\C_Transaksi->index()
#7 E:\Kuliah\Kumpulan Tugas Kuliah\UNS-D3 TI\SEMESTER 5\Magang\CV. Anugrah\Project Magang\logistikptajs\system\CodeIgniter.php(457): CodeIgniter\CodeIgniter->runController(Object(App\Controllers\C_Transaksi))
#8 E:\Kuliah\Kumpulan Tugas Kuliah\UNS-D3 TI\SEMESTER 5\Magang\CV. Anugrah\Project Magang\logistikptajs\system\CodeIgniter.php(340): CodeIgniter\CodeIgniter->handleRequest(NULL, Object(Config\Cache), false)
#9 E:\Kuliah\Kumpulan Tugas Kuliah\UNS-D3 TI\SEMESTER 5\Magang\CV. Anugrah\Project Magang\logistikptajs\public\index.php(67): CodeIgniter\CodeIgniter->run()
#10 E:\Kuliah\Kumpulan Tugas Kuliah\UNS-D3 TI\SEMESTER 5\Magang\CV. Anugrah\Project Magang\logistikptajs\system\Commands\Server\rewrite.php(43): require_once('E:\\Kuliah\\Kumpu...')
#11 {main}
CRITICAL - 2022-09-08 04:18:55 --> Call to a member function getResult() on bool
in APPPATH\Models\M_Barang_Keluar.php on line 22.
 1 APPPATH\Controllers\C_Transaksi.php(19): App\Models\M_Barang_Keluar->getAll()
 2 SYSTEMPATH\CodeIgniter.php(904): App\Controllers\C_Transaksi->index()
 3 SYSTEMPATH\CodeIgniter.php(457): CodeIgniter\CodeIgniter->runController(Object(App\Controllers\C_Transaksi))
 4 SYSTEMPATH\CodeIgniter.php(340): CodeIgniter\CodeIgniter->handleRequest(null, Object(Config\Cache), false)
 5 FCPATH\index.php(67): CodeIgniter\CodeIgniter->run()
 6 SYSTEMPATH\Commands\Server\rewrite.php(43): require_once('FCPATH\\index.php')
ERROR - 2022-09-08 04:19:29 --> mysqli_sql_exception: Not unique table/alias: 'barang_keluar' in E:\Kuliah\Kumpulan Tugas Kuliah\UNS-D3 TI\SEMESTER 5\Magang\CV. Anugrah\Project Magang\logistikptajs\system\Database\MySQLi\Connection.php:292
Stack trace:
#0 E:\Kuliah\Kumpulan Tugas Kuliah\UNS-D3 TI\SEMESTER 5\Magang\CV. Anugrah\Project Magang\logistikptajs\system\Database\MySQLi\Connection.php(292): mysqli->query('SELECT *\nFROM `...', 0)
#1 E:\Kuliah\Kumpulan Tugas Kuliah\UNS-D3 TI\SEMESTER 5\Magang\CV. Anugrah\Project Magang\logistikptajs\system\Database\BaseConnection.php(693): CodeIgniter\Database\MySQLi\Connection->execute('SELECT *\nFROM `...')
#2 E:\Kuliah\Kumpulan Tugas Kuliah\UNS-D3 TI\SEMESTER 5\Magang\CV. Anugrah\Project Magang\logistikptajs\system\Database\BaseConnection.php(620): CodeIgniter\Database\BaseConnection->simpleQuery('SELECT *\nFROM `...')
#3 E:\Kuliah\Kumpulan Tugas Kuliah\UNS-D3 TI\SEMESTER 5\Magang\CV. Anugrah\Project Magang\logistikptajs\system\Database\BaseBuilder.php(1585): CodeIgniter\Database\BaseConnection->query('SELECT *\nFROM `...', Array, false)
#4 E:\Kuliah\Kumpulan Tugas Kuliah\UNS-D3 TI\SEMESTER 5\Magang\CV. Anugrah\Project Magang\logistikptajs\app\Models\M_Barang_Keluar.php(21): CodeIgniter\Database\BaseBuilder->get()
#5 E:\Kuliah\Kumpulan Tugas Kuliah\UNS-D3 TI\SEMESTER 5\Magang\CV. Anugrah\Project Magang\logistikptajs\app\Controllers\C_Transaksi.php(19): App\Models\M_Barang_Keluar->getAll()
#6 E:\Kuliah\Kumpulan Tugas Kuliah\UNS-D3 TI\SEMESTER 5\Magang\CV. Anugrah\Project Magang\logistikptajs\system\CodeIgniter.php(904): App\Controllers\C_Transaksi->index()
#7 E:\Kuliah\Kumpulan Tugas Kuliah\UNS-D3 TI\SEMESTER 5\Magang\CV. Anugrah\Project Magang\logistikptajs\system\CodeIgniter.php(457): CodeIgniter\CodeIgniter->runController(Object(App\Controllers\C_Transaksi))
#8 E:\Kuliah\Kumpulan Tugas Kuliah\UNS-D3 TI\SEMESTER 5\Magang\CV. Anugrah\Project Magang\logistikptajs\system\CodeIgniter.php(340): CodeIgniter\CodeIgniter->handleRequest(NULL, Object(Config\Cache), false)
#9 E:\Kuliah\Kumpulan Tugas Kuliah\UNS-D3 TI\SEMESTER 5\Magang\CV. Anugrah\Project Magang\logistikptajs\public\index.php(67): CodeIgniter\CodeIgniter->run()
#10 E:\Kuliah\Kumpulan Tugas Kuliah\UNS-D3 TI\SEMESTER 5\Magang\CV. Anugrah\Project Magang\logistikptajs\system\Commands\Server\rewrite.php(43): require_once('E:\\Kuliah\\Kumpu...')
#11 {main}
CRITICAL - 2022-09-08 04:19:29 --> Call to a member function getResult() on bool
in APPPATH\Models\M_Barang_Keluar.php on line 22.
 1 APPPATH\Controllers\C_Transaksi.php(19): App\Models\M_Barang_Keluar->getAll()
 2 SYSTEMPATH\CodeIgniter.php(904): App\Controllers\C_Transaksi->index()
 3 SYSTEMPATH\CodeIgniter.php(457): CodeIgniter\CodeIgniter->runController(Object(App\Controllers\C_Transaksi))
 4 SYSTEMPATH\CodeIgniter.php(340): CodeIgniter\CodeIgniter->handleRequest(null, Object(Config\Cache), false)
 5 FCPATH\index.php(67): CodeIgniter\CodeIgniter->run()
 6 SYSTEMPATH\Commands\Server\rewrite.php(43): require_once('FCPATH\\index.php')
CRITICAL - 2022-09-08 07:20:51 --> Undefined property: stdClass::$nama_barang
in APPPATH\Views\Menu\Barang_Keluar\index.php on line 46.
 1 APPPATH\Views\Menu\Barang_Keluar\index.php(46): CodeIgniter\Debug\Exceptions->errorHandler(8, 'Undefined property: stdClass::$nama_barang', 'APPPATH\\Views\\Menu\\Barang_Keluar\\index.php', 46, [...])
 2 SYSTEMPATH\View\View.php(213): include('APPPATH\\Views\\Menu\\Barang_Keluar\\index.php')
 3 SYSTEMPATH\View\View.php(216): CodeIgniter\View\View->CodeIgniter\View\{closure}()
 4 SYSTEMPATH\Common.php(1137): CodeIgniter\View\View->render('Menu/Barang_Keluar/index', [], true)
 5 APPPATH\Controllers\C_Transaksi.php(21): view('Menu/Barang_Keluar/index', [...])
 6 SYSTEMPATH\CodeIgniter.php(904): App\Controllers\C_Transaksi->index()
 7 SYSTEMPATH\CodeIgniter.php(457): CodeIgniter\CodeIgniter->runController(Object(App\Controllers\C_Transaksi))
 8 SYSTEMPATH\CodeIgniter.php(340): CodeIgniter\CodeIgniter->handleRequest(null, Object(Config\Cache), false)
 9 FCPATH\index.php(67): CodeIgniter\CodeIgniter->run()
10 SYSTEMPATH\Commands\Server\rewrite.php(43): require_once('FCPATH\\index.php')
CRITICAL - 2022-09-08 07:20:52 --> Undefined property: stdClass::$nama_barang
in APPPATH\Views\Menu\Barang_Keluar\index.php on line 46.
 1 APPPATH\Views\Menu\Barang_Keluar\index.php(46): CodeIgniter\Debug\Exceptions->errorHandler(8, 'Undefined property: stdClass::$nama_barang', 'APPPATH\\Views\\Menu\\Barang_Keluar\\index.php', 46, [...])
 2 SYSTEMPATH\View\View.php(213): include('APPPATH\\Views\\Menu\\Barang_Keluar\\index.php')
 3 SYSTEMPATH\View\View.php(216): CodeIgniter\View\View->CodeIgniter\View\{closure}()
 4 SYSTEMPATH\Common.php(1137): CodeIgniter\View\View->render('Menu/Barang_Keluar/index', [], true)
 5 APPPATH\Controllers\C_Transaksi.php(21): view('Menu/Barang_Keluar/index', [...])
 6 SYSTEMPATH\CodeIgniter.php(904): App\Controllers\C_Transaksi->index()
 7 SYSTEMPATH\CodeIgniter.php(457): CodeIgniter\CodeIgniter->runController(Object(App\Controllers\C_Transaksi))
 8 SYSTEMPATH\CodeIgniter.php(340): CodeIgniter\CodeIgniter->handleRequest(null, Object(Config\Cache), false)
 9 FCPATH\index.php(67): CodeIgniter\CodeIgniter->run()
10 SYSTEMPATH\Commands\Server\rewrite.php(43): require_once('FCPATH\\index.php')
CRITICAL - 2022-09-08 07:20:52 --> Undefined property: stdClass::$nama_barang
in APPPATH\Views\Menu\Barang_Keluar\index.php on line 46.
 1 APPPATH\Views\Menu\Barang_Keluar\index.php(46): CodeIgniter\Debug\Exceptions->errorHandler(8, 'Undefined property: stdClass::$nama_barang', 'APPPATH\\Views\\Menu\\Barang_Keluar\\index.php', 46, [...])
 2 SYSTEMPATH\View\View.php(213): include('APPPATH\\Views\\Menu\\Barang_Keluar\\index.php')
 3 SYSTEMPATH\View\View.php(216): CodeIgniter\View\View->CodeIgniter\View\{closure}()
 4 SYSTEMPATH\Common.php(1137): CodeIgniter\View\View->render('Menu/Barang_Keluar/index', [], true)
 5 APPPATH\Controllers\C_Transaksi.php(21): view('Menu/Barang_Keluar/index', [...])
 6 SYSTEMPATH\CodeIgniter.php(904): App\Controllers\C_Transaksi->index()
 7 SYSTEMPATH\CodeIgniter.php(457): CodeIgniter\CodeIgniter->runController(Object(App\Controllers\C_Transaksi))
 8 SYSTEMPATH\CodeIgniter.php(340): CodeIgniter\CodeIgniter->handleRequest(null, Object(Config\Cache), false)
 9 FCPATH\index.php(67): CodeIgniter\CodeIgniter->run()
10 SYSTEMPATH\Commands\Server\rewrite.php(43): require_once('FCPATH\\index.php')
ERROR - 2022-09-08 07:21:21 --> mysqli_sql_exception: Not unique table/alias: 'barang_keluar' in E:\Kuliah\Kumpulan Tugas Kuliah\UNS-D3 TI\SEMESTER 5\Magang\CV. Anugrah\Project Magang\logistikptajs\system\Database\MySQLi\Connection.php:292
Stack trace:
#0 E:\Kuliah\Kumpulan Tugas Kuliah\UNS-D3 TI\SEMESTER 5\Magang\CV. Anugrah\Project Magang\logistikptajs\system\Database\MySQLi\Connection.php(292): mysqli->query('SELECT *\nFROM `...', 0)
#1 E:\Kuliah\Kumpulan Tugas Kuliah\UNS-D3 TI\SEMESTER 5\Magang\CV. Anugrah\Project Magang\logistikptajs\system\Database\BaseConnection.php(693): CodeIgniter\Database\MySQLi\Connection->execute('SELECT *\nFROM `...')
#2 E:\Kuliah\Kumpulan Tugas Kuliah\UNS-D3 TI\SEMESTER 5\Magang\CV. Anugrah\Project Magang\logistikptajs\system\Database\BaseConnection.php(620): CodeIgniter\Database\BaseConnection->simpleQuery('SELECT *\nFROM `...')
#3 E:\Kuliah\Kumpulan Tugas Kuliah\UNS-D3 TI\SEMESTER 5\Magang\CV. Anugrah\Project Magang\logistikptajs\system\Database\BaseBuilder.php(1585): CodeIgniter\Database\BaseConnection->query('SELECT *\nFROM `...', Array, false)
#4 E:\Kuliah\Kumpulan Tugas Kuliah\UNS-D3 TI\SEMESTER 5\Magang\CV. Anugrah\Project Magang\logistikptajs\app\Models\M_Barang_Keluar.php(21): CodeIgniter\Database\BaseBuilder->get()
#5 E:\Kuliah\Kumpulan Tugas Kuliah\UNS-D3 TI\SEMESTER 5\Magang\CV. Anugrah\Project Magang\logistikptajs\app\Controllers\C_Transaksi.php(19): App\Models\M_Barang_Keluar->getAll()
#6 E:\Kuliah\Kumpulan Tugas Kuliah\UNS-D3 TI\SEMESTER 5\Magang\CV. Anugrah\Project Magang\logistikptajs\system\CodeIgniter.php(904): App\Controllers\C_Transaksi->index()
#7 E:\Kuliah\Kumpulan Tugas Kuliah\UNS-D3 TI\SEMESTER 5\Magang\CV. Anugrah\Project Magang\logistikptajs\system\CodeIgniter.php(457): CodeIgniter\CodeIgniter->runController(Object(App\Controllers\C_Transaksi))
#8 E:\Kuliah\Kumpulan Tugas Kuliah\UNS-D3 TI\SEMESTER 5\Magang\CV. Anugrah\Project Magang\logistikptajs\system\CodeIgniter.php(340): CodeIgniter\CodeIgniter->handleRequest(NULL, Object(Config\Cache), false)
#9 E:\Kuliah\Kumpulan Tugas Kuliah\UNS-D3 TI\SEMESTER 5\Magang\CV. Anugrah\Project Magang\logistikptajs\public\index.php(67): CodeIgniter\CodeIgniter->run()
#10 E:\Kuliah\Kumpulan Tugas Kuliah\UNS-D3 TI\SEMESTER 5\Magang\CV. Anugrah\Project Magang\logistikptajs\system\Commands\Server\rewrite.php(43): require_once('E:\\Kuliah\\Kumpu...')
#11 {main}
CRITICAL - 2022-09-08 07:21:21 --> Call to a member function getResult() on bool
in APPPATH\Models\M_Barang_Keluar.php on line 22.
 1 APPPATH\Controllers\C_Transaksi.php(19): App\Models\M_Barang_Keluar->getAll()
 2 SYSTEMPATH\CodeIgniter.php(904): App\Controllers\C_Transaksi->index()
 3 SYSTEMPATH\CodeIgniter.php(457): CodeIgniter\CodeIgniter->runController(Object(App\Controllers\C_Transaksi))
 4 SYSTEMPATH\CodeIgniter.php(340): CodeIgniter\CodeIgniter->handleRequest(null, Object(Config\Cache), false)
 5 FCPATH\index.php(67): CodeIgniter\CodeIgniter->run()
 6 SYSTEMPATH\Commands\Server\rewrite.php(43): require_once('FCPATH\\index.php')
CRITICAL - 2022-09-08 09:24:25 --> Invalid file: Menu/Barang/detail.php
in SYSTEMPATH\Exceptions\FrameworkException.php on line 33.
 1 SYSTEMPATH\View\View.php(201): CodeIgniter\Exceptions\FrameworkException::forInvalidFile('Menu/Barang/detail.php')
 2 SYSTEMPATH\Common.php(1137): CodeIgniter\View\View->render('Menu/Barang/detail', [], true)
 3 APPPATH\Controllers\C_Transaksi.php(33): view('Menu/Barang/detail', [...])
 4 SYSTEMPATH\CodeIgniter.php(904): App\Controllers\C_Transaksi->detail('1')
 5 SYSTEMPATH\CodeIgniter.php(457): CodeIgniter\CodeIgniter->runController(Object(App\Controllers\C_Transaksi))
 6 SYSTEMPATH\CodeIgniter.php(340): CodeIgniter\CodeIgniter->handleRequest(null, Object(Config\Cache), false)
 7 FCPATH\index.php(67): CodeIgniter\CodeIgniter->run()
 8 SYSTEMPATH\Commands\Server\rewrite.php(43): require_once('FCPATH\\index.php')
CRITICAL - 2022-09-08 09:24:35 --> Undefined property: stdClass::$id_barang_keluar
in APPPATH\Views\Menu\Barang_Keluar\detail.php on line 16.
 1 APPPATH\Views\Menu\Barang_Keluar\detail.php(16): CodeIgniter\Debug\Exceptions->errorHandler(8, 'Undefined property: stdClass::$id_barang_keluar', 'APPPATH\\Views\\Menu\\Barang_Keluar\\detail.php', 16, [...])
 2 SYSTEMPATH\View\View.php(213): include('APPPATH\\Views\\Menu\\Barang_Keluar\\detail.php')
 3 SYSTEMPATH\View\View.php(216): CodeIgniter\View\View->CodeIgniter\View\{closure}()
 4 SYSTEMPATH\Common.php(1137): CodeIgniter\View\View->render('Menu/Barang_Keluar/detail', [], true)
 5 APPPATH\Controllers\C_Transaksi.php(33): view('Menu/Barang_Keluar/detail', [...])
 6 SYSTEMPATH\CodeIgniter.php(904): App\Controllers\C_Transaksi->detail('1')
 7 SYSTEMPATH\CodeIgniter.php(457): CodeIgniter\CodeIgniter->runController(Object(App\Controllers\C_Transaksi))
 8 SYSTEMPATH\CodeIgniter.php(340): CodeIgniter\CodeIgniter->handleRequest(null, Object(Config\Cache), false)
 9 FCPATH\index.php(67): CodeIgniter\CodeIgniter->run()
10 SYSTEMPATH\Commands\Server\rewrite.php(43): require_once('FCPATH\\index.php')
CRITICAL - 2022-09-08 09:24:36 --> Undefined property: stdClass::$id_barang_keluar
in APPPATH\Views\Menu\Barang_Keluar\detail.php on line 16.
 1 APPPATH\Views\Menu\Barang_Keluar\detail.php(16): CodeIgniter\Debug\Exceptions->errorHandler(8, 'Undefined property: stdClass::$id_barang_keluar', 'APPPATH\\Views\\Menu\\Barang_Keluar\\detail.php', 16, [...])
 2 SYSTEMPATH\View\View.php(213): include('APPPATH\\Views\\Menu\\Barang_Keluar\\detail.php')
 3 SYSTEMPATH\View\View.php(216): CodeIgniter\View\View->CodeIgniter\View\{closure}()
 4 SYSTEMPATH\Common.php(1137): CodeIgniter\View\View->render('Menu/Barang_Keluar/detail', [], true)
 5 APPPATH\Controllers\C_Transaksi.php(33): view('Menu/Barang_Keluar/detail', [...])
 6 SYSTEMPATH\CodeIgniter.php(904): App\Controllers\C_Transaksi->detail('1')
 7 SYSTEMPATH\CodeIgniter.php(457): CodeIgniter\CodeIgniter->runController(Object(App\Controllers\C_Transaksi))
 8 SYSTEMPATH\CodeIgniter.php(340): CodeIgniter\CodeIgniter->handleRequest(null, Object(Config\Cache), false)
 9 FCPATH\index.php(67): CodeIgniter\CodeIgniter->run()
10 SYSTEMPATH\Commands\Server\rewrite.php(43): require_once('FCPATH\\index.php')
CRITICAL - 2022-09-08 09:24:48 --> Undefined property: stdClass::$id_barang_keluar
in APPPATH\Views\Menu\Barang_Keluar\detail.php on line 16.
 1 APPPATH\Views\Menu\Barang_Keluar\detail.php(16): CodeIgniter\Debug\Exceptions->errorHandler(8, 'Undefined property: stdClass::$id_barang_keluar', 'APPPATH\\Views\\Menu\\Barang_Keluar\\detail.php', 16, [...])
 2 SYSTEMPATH\View\View.php(213): include('APPPATH\\Views\\Menu\\Barang_Keluar\\detail.php')
 3 SYSTEMPATH\View\View.php(216): CodeIgniter\View\View->CodeIgniter\View\{closure}()
 4 SYSTEMPATH\Common.php(1137): CodeIgniter\View\View->render('Menu/Barang_Keluar/detail', [], true)
 5 APPPATH\Controllers\C_Transaksi.php(33): view('Menu/Barang_Keluar/detail', [...])
 6 SYSTEMPATH\CodeIgniter.php(904): App\Controllers\C_Transaksi->detail('1')
 7 SYSTEMPATH\CodeIgniter.php(457): CodeIgniter\CodeIgniter->runController(Object(App\Controllers\C_Transaksi))
 8 SYSTEMPATH\CodeIgniter.php(340): CodeIgniter\CodeIgniter->handleRequest(null, Object(Config\Cache), false)
 9 FCPATH\index.php(67): CodeIgniter\CodeIgniter->run()
10 SYSTEMPATH\Commands\Server\rewrite.php(43): require_once('FCPATH\\index.php')
CRITICAL - 2022-09-08 09:25:06 --> Undefined property: stdClass::$id_barang_keluar
in APPPATH\Views\Menu\Barang_Keluar\detail.php on line 16.
 1 APPPATH\Views\Menu\Barang_Keluar\detail.php(16): CodeIgniter\Debug\Exceptions->errorHandler(8, 'Undefined property: stdClass::$id_barang_keluar', 'APPPATH\\Views\\Menu\\Barang_Keluar\\detail.php', 16, [...])
 2 SYSTEMPATH\View\View.php(213): include('APPPATH\\Views\\Menu\\Barang_Keluar\\detail.php')
 3 SYSTEMPATH\View\View.php(216): CodeIgniter\View\View->CodeIgniter\View\{closure}()
 4 SYSTEMPATH\Common.php(1137): CodeIgniter\View\View->render('Menu/Barang_Keluar/detail', [], true)
 5 APPPATH\Controllers\C_Transaksi.php(33): view('Menu/Barang_Keluar/detail', [...])
 6 SYSTEMPATH\CodeIgniter.php(904): App\Controllers\C_Transaksi->detail('1')
 7 SYSTEMPATH\CodeIgniter.php(457): CodeIgniter\CodeIgniter->runController(Object(App\Controllers\C_Transaksi))
 8 SYSTEMPATH\CodeIgniter.php(340): CodeIgniter\CodeIgniter->handleRequest(null, Object(Config\Cache), false)
 9 FCPATH\index.php(67): CodeIgniter\CodeIgniter->run()
10 SYSTEMPATH\Commands\Server\rewrite.php(43): require_once('FCPATH\\index.php')
ERROR - 2022-09-08 09:26:04 --> mysqli_sql_exception: Unknown column 'id_barang_keluar' in 'where clause' in E:\Kuliah\Kumpulan Tugas Kuliah\UNS-D3 TI\SEMESTER 5\Magang\CV. Anugrah\Project Magang\logistikptajs\system\Database\MySQLi\Connection.php:292
Stack trace:
#0 E:\Kuliah\Kumpulan Tugas Kuliah\UNS-D3 TI\SEMESTER 5\Magang\CV. Anugrah\Project Magang\logistikptajs\system\Database\MySQLi\Connection.php(292): mysqli->query('SELECT *\nFROM `...', 0)
#1 E:\Kuliah\Kumpulan Tugas Kuliah\UNS-D3 TI\SEMESTER 5\Magang\CV. Anugrah\Project Magang\logistikptajs\system\Database\BaseConnection.php(693): CodeIgniter\Database\MySQLi\Connection->execute('SELECT *\nFROM `...')
#2 E:\Kuliah\Kumpulan Tugas Kuliah\UNS-D3 TI\SEMESTER 5\Magang\CV. Anugrah\Project Magang\logistikptajs\system\Database\BaseConnection.php(620): CodeIgniter\Database\BaseConnection->simpleQuery('SELECT *\nFROM `...')
#3 E:\Kuliah\Kumpulan Tugas Kuliah\UNS-D3 TI\SEMESTER 5\Magang\CV. Anugrah\Project Magang\logistikptajs\system\Database\BaseBuilder.php(1585): CodeIgniter\Database\BaseConnection->query('SELECT *\nFROM `...', Array, false)
#4 E:\Kuliah\Kumpulan Tugas Kuliah\UNS-D3 TI\SEMESTER 5\Magang\CV. Anugrah\Project Magang\logistikptajs\system\Model.php(249): CodeIgniter\Database\BaseBuilder->get()
#5 E:\Kuliah\Kumpulan Tugas Kuliah\UNS-D3 TI\SEMESTER 5\Magang\CV. Anugrah\Project Magang\logistikptajs\system\BaseModel.php(622): CodeIgniter\Model->doFirst()
#6 E:\Kuliah\Kumpulan Tugas Kuliah\UNS-D3 TI\SEMESTER 5\Magang\CV. Anugrah\Project Magang\logistikptajs\app\Controllers\C_Transaksi.php(29): CodeIgniter\BaseModel->first()
#7 E:\Kuliah\Kumpulan Tugas Kuliah\UNS-D3 TI\SEMESTER 5\Magang\CV. Anugrah\Project Magang\logistikptajs\system\CodeIgniter.php(904): App\Controllers\C_Transaksi->detail('1')
#8 E:\Kuliah\Kumpulan Tugas Kuliah\UNS-D3 TI\SEMESTER 5\Magang\CV. Anugrah\Project Magang\logistikptajs\system\CodeIgniter.php(457): CodeIgniter\CodeIgniter->runController(Object(App\Controllers\C_Transaksi))
#9 E:\Kuliah\Kumpulan Tugas Kuliah\UNS-D3 TI\SEMESTER 5\Magang\CV. Anugrah\Project Magang\logistikptajs\system\CodeIgniter.php(340): CodeIgniter\CodeIgniter->handleRequest(NULL, Object(Config\Cache), false)
#10 E:\Kuliah\Kumpulan Tugas Kuliah\UNS-D3 TI\SEMESTER 5\Magang\CV. Anugrah\Project Magang\logistikptajs\public\index.php(67): CodeIgniter\CodeIgniter->run()
#11 E:\Kuliah\Kumpulan Tugas Kuliah\UNS-D3 TI\SEMESTER 5\Magang\CV. Anugrah\Project Magang\logistikptajs\system\Commands\Server\rewrite.php(43): require_once('E:\\Kuliah\\Kumpu...')
#12 {main}
CRITICAL - 2022-09-08 09:26:04 --> Call to a member function getFirstRow() on bool
in SYSTEMPATH\Model.php on line 249.
 1 SYSTEMPATH\BaseModel.php(622): CodeIgniter\Model->doFirst()
 2 APPPATH\Controllers\C_Transaksi.php(29): CodeIgniter\BaseModel->first()
 3 SYSTEMPATH\CodeIgniter.php(904): App\Controllers\C_Transaksi->detail('1')
 4 SYSTEMPATH\CodeIgniter.php(457): CodeIgniter\CodeIgniter->runController(Object(App\Controllers\C_Transaksi))
 5 SYSTEMPATH\CodeIgniter.php(340): CodeIgniter\CodeIgniter->handleRequest(null, Object(Config\Cache), false)
 6 FCPATH\index.php(67): CodeIgniter\CodeIgniter->run()
 7 SYSTEMPATH\Commands\Server\rewrite.php(43): require_once('FCPATH\\index.php')
ERROR - 2022-09-08 09:26:29 --> mysqli_sql_exception: Unknown column 'id_barang_keluar' in 'where clause' in E:\Kuliah\Kumpulan Tugas Kuliah\UNS-D3 TI\SEMESTER 5\Magang\CV. Anugrah\Project Magang\logistikptajs\system\Database\MySQLi\Connection.php:292
Stack trace:
#0 E:\Kuliah\Kumpulan Tugas Kuliah\UNS-D3 TI\SEMESTER 5\Magang\CV. Anugrah\Project Magang\logistikptajs\system\Database\MySQLi\Connection.php(292): mysqli->query('SELECT *\nFROM `...', 0)
#1 E:\Kuliah\Kumpulan Tugas Kuliah\UNS-D3 TI\SEMESTER 5\Magang\CV. Anugrah\Project Magang\logistikptajs\system\Database\BaseConnection.php(693): CodeIgniter\Database\MySQLi\Connection->execute('SELECT *\nFROM `...')
#2 E:\Kuliah\Kumpulan Tugas Kuliah\UNS-D3 TI\SEMESTER 5\Magang\CV. Anugrah\Project Magang\logistikptajs\system\Database\BaseConnection.php(620): CodeIgniter\Database\BaseConnection->simpleQuery('SELECT *\nFROM `...')
#3 E:\Kuliah\Kumpulan Tugas Kuliah\UNS-D3 TI\SEMESTER 5\Magang\CV. Anugrah\Project Magang\logistikptajs\system\Database\BaseBuilder.php(1585): CodeIgniter\Database\BaseConnection->query('SELECT *\nFROM `...', Array, false)
#4 E:\Kuliah\Kumpulan Tugas Kuliah\UNS-D3 TI\SEMESTER 5\Magang\CV. Anugrah\Project Magang\logistikptajs\system\Model.php(249): CodeIgniter\Database\BaseBuilder->get()
#5 E:\Kuliah\Kumpulan Tugas Kuliah\UNS-D3 TI\SEMESTER 5\Magang\CV. Anugrah\Project Magang\logistikptajs\system\BaseModel.php(622): CodeIgniter\Model->doFirst()
#6 E:\Kuliah\Kumpulan Tugas Kuliah\UNS-D3 TI\SEMESTER 5\Magang\CV. Anugrah\Project Magang\logistikptajs\app\Controllers\C_Transaksi.php(29): CodeIgniter\BaseModel->first()
#7 E:\Kuliah\Kumpulan Tugas Kuliah\UNS-D3 TI\SEMESTER 5\Magang\CV. Anugrah\Project Magang\logistikptajs\system\CodeIgniter.php(904): App\Controllers\C_Transaksi->detail('1')
#8 E:\Kuliah\Kumpulan Tugas Kuliah\UNS-D3 TI\SEMESTER 5\Magang\CV. Anugrah\Project Magang\logistikptajs\system\CodeIgniter.php(457): CodeIgniter\CodeIgniter->runController(Object(App\Controllers\C_Transaksi))
#9 E:\Kuliah\Kumpulan Tugas Kuliah\UNS-D3 TI\SEMESTER 5\Magang\CV. Anugrah\Project Magang\logistikptajs\system\CodeIgniter.php(340): CodeIgniter\CodeIgniter->handleRequest(NULL, Object(Config\Cache), false)
#10 E:\Kuliah\Kumpulan Tugas Kuliah\UNS-D3 TI\SEMESTER 5\Magang\CV. Anugrah\Project Magang\logistikptajs\public\index.php(67): CodeIgniter\CodeIgniter->run()
#11 E:\Kuliah\Kumpulan Tugas Kuliah\UNS-D3 TI\SEMESTER 5\Magang\CV. Anugrah\Project Magang\logistikptajs\system\Commands\Server\rewrite.php(43): require_once('E:\\Kuliah\\Kumpu...')
#12 {main}
CRITICAL - 2022-09-08 09:26:29 --> Call to a member function getFirstRow() on bool
in SYSTEMPATH\Model.php on line 249.
 1 SYSTEMPATH\BaseModel.php(622): CodeIgniter\Model->doFirst()
 2 APPPATH\Controllers\C_Transaksi.php(29): CodeIgniter\BaseModel->first()
 3 SYSTEMPATH\CodeIgniter.php(904): App\Controllers\C_Transaksi->detail('1')
 4 SYSTEMPATH\CodeIgniter.php(457): CodeIgniter\CodeIgniter->runController(Object(App\Controllers\C_Transaksi))
 5 SYSTEMPATH\CodeIgniter.php(340): CodeIgniter\CodeIgniter->handleRequest(null, Object(Config\Cache), false)
 6 FCPATH\index.php(67): CodeIgniter\CodeIgniter->run()
 7 SYSTEMPATH\Commands\Server\rewrite.php(43): require_once('FCPATH\\index.php')
CRITICAL - 2022-09-08 09:26:52 --> Trying to get property 'id_barang_keluar' of non-object
in APPPATH\Views\Menu\Barang_Keluar\detail.php on line 16.
 1 APPPATH\Views\Menu\Barang_Keluar\detail.php(16): CodeIgniter\Debug\Exceptions->errorHandler(8, 'Trying to get property \'id_barang_keluar\' of non-object', 'APPPATH\\Views\\Menu\\Barang_Keluar\\detail.php', 16, [...])
 2 SYSTEMPATH\View\View.php(213): include('APPPATH\\Views\\Menu\\Barang_Keluar\\detail.php')
 3 SYSTEMPATH\View\View.php(216): CodeIgniter\View\View->CodeIgniter\View\{closure}()
 4 SYSTEMPATH\Common.php(1137): CodeIgniter\View\View->render('Menu/Barang_Keluar/detail', [], true)
 5 APPPATH\Controllers\C_Transaksi.php(33): view('Menu/Barang_Keluar/detail', [...])
 6 SYSTEMPATH\CodeIgniter.php(904): App\Controllers\C_Transaksi->detail('1')
 7 SYSTEMPATH\CodeIgniter.php(457): CodeIgniter\CodeIgniter->runController(Object(App\Controllers\C_Transaksi))
 8 SYSTEMPATH\CodeIgniter.php(340): CodeIgniter\CodeIgniter->handleRequest(null, Object(Config\Cache), false)
 9 FCPATH\index.php(67): CodeIgniter\CodeIgniter->run()
10 SYSTEMPATH\Commands\Server\rewrite.php(43): require_once('FCPATH\\index.php')
CRITICAL - 2022-09-08 09:27:29 --> Trying to get property 'id_barang_keluar' of non-object
in APPPATH\Views\Menu\Barang_Keluar\detail.php on line 16.
 1 APPPATH\Views\Menu\Barang_Keluar\detail.php(16): CodeIgniter\Debug\Exceptions->errorHandler(8, 'Trying to get property \'id_barang_keluar\' of non-object', 'APPPATH\\Views\\Menu\\Barang_Keluar\\detail.php', 16, [...])
 2 SYSTEMPATH\View\View.php(213): include('APPPATH\\Views\\Menu\\Barang_Keluar\\detail.php')
 3 SYSTEMPATH\View\View.php(216): CodeIgniter\View\View->CodeIgniter\View\{closure}()
 4 SYSTEMPATH\Common.php(1137): CodeIgniter\View\View->render('Menu/Barang_Keluar/detail', [], true)
 5 APPPATH\Controllers\C_Transaksi.php(33): view('Menu/Barang_Keluar/detail', [...])
 6 SYSTEMPATH\CodeIgniter.php(904): App\Controllers\C_Transaksi->detail('1')
 7 SYSTEMPATH\CodeIgniter.php(457): CodeIgniter\CodeIgniter->runController(Object(App\Controllers\C_Transaksi))
 8 SYSTEMPATH\CodeIgniter.php(340): CodeIgniter\CodeIgniter->handleRequest(null, Object(Config\Cache), false)
 9 FCPATH\index.php(67): CodeIgniter\CodeIgniter->run()
10 SYSTEMPATH\Commands\Server\rewrite.php(43): require_once('FCPATH\\index.php')
CRITICAL - 2022-09-08 09:27:30 --> Trying to get property 'id_barang_keluar' of non-object
in APPPATH\Views\Menu\Barang_Keluar\detail.php on line 16.
 1 APPPATH\Views\Menu\Barang_Keluar\detail.php(16): CodeIgniter\Debug\Exceptions->errorHandler(8, 'Trying to get property \'id_barang_keluar\' of non-object', 'APPPATH\\Views\\Menu\\Barang_Keluar\\detail.php', 16, [...])
 2 SYSTEMPATH\View\View.php(213): include('APPPATH\\Views\\Menu\\Barang_Keluar\\detail.php')
 3 SYSTEMPATH\View\View.php(216): CodeIgniter\View\View->CodeIgniter\View\{closure}()
 4 SYSTEMPATH\Common.php(1137): CodeIgniter\View\View->render('Menu/Barang_Keluar/detail', [], true)
 5 APPPATH\Controllers\C_Transaksi.php(33): view('Menu/Barang_Keluar/detail', [...])
 6 SYSTEMPATH\CodeIgniter.php(904): App\Controllers\C_Transaksi->detail('1')
 7 SYSTEMPATH\CodeIgniter.php(457): CodeIgniter\CodeIgniter->runController(Object(App\Controllers\C_Transaksi))
 8 SYSTEMPATH\CodeIgniter.php(340): CodeIgniter\CodeIgniter->handleRequest(null, Object(Config\Cache), false)
 9 FCPATH\index.php(67): CodeIgniter\CodeIgniter->run()
10 SYSTEMPATH\Commands\Server\rewrite.php(43): require_once('FCPATH\\index.php')
CRITICAL - 2022-09-08 09:27:41 --> Trying to get property 'id_barang' of non-object
in APPPATH\Views\Menu\Barang_Keluar\detail.php on line 24.
 1 APPPATH\Views\Menu\Barang_Keluar\detail.php(24): CodeIgniter\Debug\Exceptions->errorHandler(8, 'Trying to get property \'id_barang\' of non-object', 'APPPATH\\Views\\Menu\\Barang_Keluar\\detail.php', 24, [...])
 2 SYSTEMPATH\View\View.php(213): include('APPPATH\\Views\\Menu\\Barang_Keluar\\detail.php')
 3 SYSTEMPATH\View\View.php(216): CodeIgniter\View\View->CodeIgniter\View\{closure}()
 4 SYSTEMPATH\Common.php(1137): CodeIgniter\View\View->render('Menu/Barang_Keluar/detail', [], true)
 5 APPPATH\Controllers\C_Transaksi.php(33): view('Menu/Barang_Keluar/detail', [...])
 6 SYSTEMPATH\CodeIgniter.php(904): App\Controllers\C_Transaksi->detail('1')
 7 SYSTEMPATH\CodeIgniter.php(457): CodeIgniter\CodeIgniter->runController(Object(App\Controllers\C_Transaksi))
 8 SYSTEMPATH\CodeIgniter.php(340): CodeIgniter\CodeIgniter->handleRequest(null, Object(Config\Cache), false)
 9 FCPATH\index.php(67): CodeIgniter\CodeIgniter->run()
10 SYSTEMPATH\Commands\Server\rewrite.php(43): require_once('FCPATH\\index.php')
CRITICAL - 2022-09-08 09:28:44 --> Trying to get property 'id_barang_keluar' of non-object
in APPPATH\Views\Menu\Barang_Keluar\detail.php on line 16.
 1 APPPATH\Views\Menu\Barang_Keluar\detail.php(16): CodeIgniter\Debug\Exceptions->errorHandler(8, 'Trying to get property \'id_barang_keluar\' of non-object', 'APPPATH\\Views\\Menu\\Barang_Keluar\\detail.php', 16, [...])
 2 SYSTEMPATH\View\View.php(213): include('APPPATH\\Views\\Menu\\Barang_Keluar\\detail.php')
 3 SYSTEMPATH\View\View.php(216): CodeIgniter\View\View->CodeIgniter\View\{closure}()
 4 SYSTEMPATH\Common.php(1137): CodeIgniter\View\View->render('Menu/Barang_Keluar/detail', [], true)
 5 APPPATH\Controllers\C_Transaksi.php(33): view('Menu/Barang_Keluar/detail', [...])
 6 SYSTEMPATH\CodeIgniter.php(904): App\Controllers\C_Transaksi->detail('1')
 7 SYSTEMPATH\CodeIgniter.php(457): CodeIgniter\CodeIgniter->runController(Object(App\Controllers\C_Transaksi))
 8 SYSTEMPATH\CodeIgniter.php(340): CodeIgniter\CodeIgniter->handleRequest(null, Object(Config\Cache), false)
 9 FCPATH\index.php(67): CodeIgniter\CodeIgniter->run()
10 SYSTEMPATH\Commands\Server\rewrite.php(43): require_once('FCPATH\\index.php')
CRITICAL - 2022-09-08 09:33:09 --> Trying to get property 'id_barang_keluar' of non-object
in APPPATH\Views\Menu\Barang_Keluar\detail.php on line 16.
 1 APPPATH\Views\Menu\Barang_Keluar\detail.php(16): CodeIgniter\Debug\Exceptions->errorHandler(8, 'Trying to get property \'id_barang_keluar\' of non-object', 'APPPATH\\Views\\Menu\\Barang_Keluar\\detail.php', 16, [...])
 2 SYSTEMPATH\View\View.php(213): include('APPPATH\\Views\\Menu\\Barang_Keluar\\detail.php')
 3 SYSTEMPATH\View\View.php(216): CodeIgniter\View\View->CodeIgniter\View\{closure}()
 4 SYSTEMPATH\Common.php(1137): CodeIgniter\View\View->render('Menu/Barang_Keluar/detail', [], true)
 5 APPPATH\Controllers\C_Transaksi.php(33): view('Menu/Barang_Keluar/detail', [...])
 6 SYSTEMPATH\CodeIgniter.php(904): App\Controllers\C_Transaksi->detail('1')
 7 SYSTEMPATH\CodeIgniter.php(457): CodeIgniter\CodeIgniter->runController(Object(App\Controllers\C_Transaksi))
 8 SYSTEMPATH\CodeIgniter.php(340): CodeIgniter\CodeIgniter->handleRequest(null, Object(Config\Cache), false)
 9 FCPATH\index.php(67): CodeIgniter\CodeIgniter->run()
10 SYSTEMPATH\Commands\Server\rewrite.php(43): require_once('FCPATH\\index.php')
CRITICAL - 2022-09-08 09:33:10 --> Trying to get property 'id_barang_keluar' of non-object
in APPPATH\Views\Menu\Barang_Keluar\detail.php on line 16.
 1 APPPATH\Views\Menu\Barang_Keluar\detail.php(16): CodeIgniter\Debug\Exceptions->errorHandler(8, 'Trying to get property \'id_barang_keluar\' of non-object', 'APPPATH\\Views\\Menu\\Barang_Keluar\\detail.php', 16, [...])
 2 SYSTEMPATH\View\View.php(213): include('APPPATH\\Views\\Menu\\Barang_Keluar\\detail.php')
 3 SYSTEMPATH\View\View.php(216): CodeIgniter\View\View->CodeIgniter\View\{closure}()
 4 SYSTEMPATH\Common.php(1137): CodeIgniter\View\View->render('Menu/Barang_Keluar/detail', [], true)
 5 APPPATH\Controllers\C_Transaksi.php(33): view('Menu/Barang_Keluar/detail', [...])
 6 SYSTEMPATH\CodeIgniter.php(904): App\Controllers\C_Transaksi->detail('1')
 7 SYSTEMPATH\CodeIgniter.php(457): CodeIgniter\CodeIgniter->runController(Object(App\Controllers\C_Transaksi))
 8 SYSTEMPATH\CodeIgniter.php(340): CodeIgniter\CodeIgniter->handleRequest(null, Object(Config\Cache), false)
 9 FCPATH\index.php(67): CodeIgniter\CodeIgniter->run()
10 SYSTEMPATH\Commands\Server\rewrite.php(43): require_once('FCPATH\\index.php')
CRITICAL - 2022-09-08 09:34:45 --> Undefined variable: tampildatabarangkeluar
in APPPATH\Views\Menu\Barang_Keluar\detail.php on line 23.
 1 APPPATH\Views\Menu\Barang_Keluar\detail.php(23): CodeIgniter\Debug\Exceptions->errorHandler(8, 'Undefined variable: tampildatabarangkeluar', 'APPPATH\\Views\\Menu\\Barang_Keluar\\detail.php', 23, [...])
 2 SYSTEMPATH\View\View.php(213): include('APPPATH\\Views\\Menu\\Barang_Keluar\\detail.php')
 3 SYSTEMPATH\View\View.php(216): CodeIgniter\View\View->CodeIgniter\View\{closure}()
 4 SYSTEMPATH\Common.php(1137): CodeIgniter\View\View->render('Menu/Barang_Keluar/detail', [], true)
 5 APPPATH\Controllers\C_Transaksi.php(33): view('Menu/Barang_Keluar/detail', [...])
 6 SYSTEMPATH\CodeIgniter.php(904): App\Controllers\C_Transaksi->detail('1')
 7 SYSTEMPATH\CodeIgniter.php(457): CodeIgniter\CodeIgniter->runController(Object(App\Controllers\C_Transaksi))
 8 SYSTEMPATH\CodeIgniter.php(340): CodeIgniter\CodeIgniter->handleRequest(null, Object(Config\Cache), false)
 9 FCPATH\index.php(67): CodeIgniter\CodeIgniter->run()
10 SYSTEMPATH\Commands\Server\rewrite.php(43): require_once('FCPATH\\index.php')
CRITICAL - 2022-09-08 09:34:46 --> Undefined variable: tampildatabarangkeluar
in APPPATH\Views\Menu\Barang_Keluar\detail.php on line 23.
 1 APPPATH\Views\Menu\Barang_Keluar\detail.php(23): CodeIgniter\Debug\Exceptions->errorHandler(8, 'Undefined variable: tampildatabarangkeluar', 'APPPATH\\Views\\Menu\\Barang_Keluar\\detail.php', 23, [...])
 2 SYSTEMPATH\View\View.php(213): include('APPPATH\\Views\\Menu\\Barang_Keluar\\detail.php')
 3 SYSTEMPATH\View\View.php(216): CodeIgniter\View\View->CodeIgniter\View\{closure}()
 4 SYSTEMPATH\Common.php(1137): CodeIgniter\View\View->render('Menu/Barang_Keluar/detail', [], true)
 5 APPPATH\Controllers\C_Transaksi.php(33): view('Menu/Barang_Keluar/detail', [...])
 6 SYSTEMPATH\CodeIgniter.php(904): App\Controllers\C_Transaksi->detail('1')
 7 SYSTEMPATH\CodeIgniter.php(457): CodeIgniter\CodeIgniter->runController(Object(App\Controllers\C_Transaksi))
 8 SYSTEMPATH\CodeIgniter.php(340): CodeIgniter\CodeIgniter->handleRequest(null, Object(Config\Cache), false)
 9 FCPATH\index.php(67): CodeIgniter\CodeIgniter->run()
10 SYSTEMPATH\Commands\Server\rewrite.php(43): require_once('FCPATH\\index.php')
ERROR - 2022-09-08 09:40:22 --> mysqli_sql_exception: Cannot add or update a child row: a foreign key constraint fails (`logistikptajs`.`barang`, CONSTRAINT `barang_id_kategori_foreign` FOREIGN KEY (`id_kategori`) REFERENCES `kategori` (`id_kategori`)) in E:\Kuliah\Kumpulan Tugas Kuliah\UNS-D3 TI\SEMESTER 5\Magang\CV. Anugrah\Project Magang\logistikptajs\system\Database\MySQLi\Connection.php:292
Stack trace:
#0 E:\Kuliah\Kumpulan Tugas Kuliah\UNS-D3 TI\SEMESTER 5\Magang\CV. Anugrah\Project Magang\logistikptajs\system\Database\MySQLi\Connection.php(292): mysqli->query('UPDATE `barang`...', 0)
#1 E:\Kuliah\Kumpulan Tugas Kuliah\UNS-D3 TI\SEMESTER 5\Magang\CV. Anugrah\Project Magang\logistikptajs\system\Database\BaseConnection.php(693): CodeIgniter\Database\MySQLi\Connection->execute('UPDATE `barang`...')
#2 E:\Kuliah\Kumpulan Tugas Kuliah\UNS-D3 TI\SEMESTER 5\Magang\CV. Anugrah\Project Magang\logistikptajs\system\Database\BaseConnection.php(620): CodeIgniter\Database\BaseConnection->simpleQuery('UPDATE `barang`...')
#3 E:\Kuliah\Kumpulan Tugas Kuliah\UNS-D3 TI\SEMESTER 5\Magang\CV. Anugrah\Project Magang\logistikptajs\system\Database\BaseBuilder.php(2078): CodeIgniter\Database\BaseConnection->query('UPDATE `barang`...', Array, false)
#4 E:\Kuliah\Kumpulan Tugas Kuliah\UNS-D3 TI\SEMESTER 5\Magang\CV. Anugrah\Project Magang\logistikptajs\system\Model.php(337): CodeIgniter\Database\BaseBuilder->update()
#5 E:\Kuliah\Kumpulan Tugas Kuliah\UNS-D3 TI\SEMESTER 5\Magang\CV. Anugrah\Project Magang\logistikptajs\system\BaseModel.php(865): CodeIgniter\Model->doUpdate(NULL, Array)
#6 E:\Kuliah\Kumpulan Tugas Kuliah\UNS-D3 TI\SEMESTER 5\Magang\CV. Anugrah\Project Magang\logistikptajs\system\Model.php(692): CodeIgniter\BaseModel->update(NULL, Array)
#7 E:\Kuliah\Kumpulan Tugas Kuliah\UNS-D3 TI\SEMESTER 5\Magang\CV. Anugrah\Project Magang\logistikptajs\app\Controllers\C_Barang.php(70): CodeIgniter\Model->update(NULL, Array)
#8 E:\Kuliah\Kumpulan Tugas Kuliah\UNS-D3 TI\SEMESTER 5\Magang\CV. Anugrah\Project Magang\logistikptajs\system\CodeIgniter.php(904): App\Controllers\C_Barang->edit()
#9 E:\Kuliah\Kumpulan Tugas Kuliah\UNS-D3 TI\SEMESTER 5\Magang\CV. Anugrah\Project Magang\logistikptajs\system\CodeIgniter.php(457): CodeIgniter\CodeIgniter->runController(Object(App\Controllers\C_Barang))
#10 E:\Kuliah\Kumpulan Tugas Kuliah\UNS-D3 TI\SEMESTER 5\Magang\CV. Anugrah\Project Magang\logistikptajs\system\CodeIgniter.php(340): CodeIgniter\CodeIgniter->handleRequest(NULL, Object(Config\Cache), false)
#11 E:\Kuliah\Kumpulan Tugas Kuliah\UNS-D3 TI\SEMESTER 5\Magang\CV. Anugrah\Project Magang\logistikptajs\public\index.php(67): CodeIgniter\CodeIgniter->run()
#12 E:\Kuliah\Kumpulan Tugas Kuliah\UNS-D3 TI\SEMESTER 5\Magang\CV. Anugrah\Project Magang\logistikptajs\system\Commands\Server\rewrite.php(43): require_once('E:\\Kuliah\\Kumpu...')
#13 {main}
