CRITICAL - 2022-08-30 00:03:38 --> The route for "/C_Kategori/index" cannot be found.
in SYSTEMPATH\HTTP\RedirectResponse.php on line 60.
 1 SYSTEMPATH\HTTP\RedirectResponse.php(60): CodeIgniter\HTTP\Exceptions\HTTPException::forInvalidRedirectRoute('/C_Kategori/index')
 2 SYSTEMPATH\Common.php(864): CodeIgniter\HTTP\RedirectResponse->route(false)
 3 APPPATH\Controllers\C_Kategori.php(37): redirect('/C_Kategori/index')
 4 SYSTEMPATH\CodeIgniter.php(904): App\Controllers\C_Kategori->proses_tambah()
 5 SYSTEMPATH\CodeIgniter.php(457): CodeIgniter\CodeIgniter->runController(Object(App\Controllers\C_Kategori))
 6 SYSTEMPATH\CodeIgniter.php(340): CodeIgniter\CodeIgniter->handleRequest(null, Object(Config\Cache), false)
 7 FCPATH\index.php(67): CodeIgniter\CodeIgniter->run()
 8 SYSTEMPATH\Commands\Server\rewrite.php(43): require_once('FCPATH\\index.php')
CRITICAL - 2022-08-30 01:29:59 --> Invalid file: Menu/Kategori/edit.php
in SYSTEMPATH\Exceptions\FrameworkException.php on line 33.
 1 SYSTEMPATH\View\View.php(201): CodeIgniter\Exceptions\FrameworkException::forInvalidFile('Menu/Kategori/edit.php')
 2 SYSTEMPATH\Common.php(1137): CodeIgniter\View\View->render('Menu/Kategori/edit', [], true)
 3 APPPATH\Controllers\C_Kategori.php(42): view('Menu/Kategori/edit', [...])
 4 SYSTEMPATH\CodeIgniter.php(904): App\Controllers\C_Kategori->tampil_edit_data('1')
 5 SYSTEMPATH\CodeIgniter.php(457): CodeIgniter\CodeIgniter->runController(Object(App\Controllers\C_Kategori))
 6 SYSTEMPATH\CodeIgniter.php(340): CodeIgniter\CodeIgniter->handleRequest(null, Object(Config\Cache), false)
 7 FCPATH\index.php(67): CodeIgniter\CodeIgniter->run()
 8 SYSTEMPATH\Commands\Server\rewrite.php(43): require_once('FCPATH\\index.php')
CRITICAL - 2022-08-30 01:34:02 --> Undefined variable: title
in APPPATH\Views\Template\Layout.php on line 30.
 1 APPPATH\Views\Template\Layout.php(30): CodeIgniter\Debug\Exceptions->errorHandler(8, 'Undefined variable: title', 'APPPATH\\Views\\Template\\Layout.php', 30, [...])
 2 SYSTEMPATH\View\View.php(213): include('APPPATH\\Views\\Template\\Layout.php')
 3 SYSTEMPATH\View\View.php(216): CodeIgniter\View\View->CodeIgniter\View\{closure}()
 4 SYSTEMPATH\View\View.php(229): CodeIgniter\View\View->render('Template/layout', [], true)
 5 SYSTEMPATH\Common.php(1137): CodeIgniter\View\View->render('Menu/Kategori/edit', [], true)
 6 APPPATH\Controllers\C_Kategori.php(42): view('Menu/Kategori/edit', [...])
 7 SYSTEMPATH\CodeIgniter.php(904): App\Controllers\C_Kategori->tampil_edit_data('1')
 8 SYSTEMPATH\CodeIgniter.php(457): CodeIgniter\CodeIgniter->runController(Object(App\Controllers\C_Kategori))
 9 SYSTEMPATH\CodeIgniter.php(340): CodeIgniter\CodeIgniter->handleRequest(null, Object(Config\Cache), false)
10 FCPATH\index.php(67): CodeIgniter\CodeIgniter->run()
11 SYSTEMPATH\Commands\Server\rewrite.php(43): require_once('FCPATH\\index.php')
CRITICAL - 2022-08-30 01:34:04 --> Undefined variable: title
in APPPATH\Views\Template\Layout.php on line 30.
 1 APPPATH\Views\Template\Layout.php(30): CodeIgniter\Debug\Exceptions->errorHandler(8, 'Undefined variable: title', 'APPPATH\\Views\\Template\\Layout.php', 30, [...])
 2 SYSTEMPATH\View\View.php(213): include('APPPATH\\Views\\Template\\Layout.php')
 3 SYSTEMPATH\View\View.php(216): CodeIgniter\View\View->CodeIgniter\View\{closure}()
 4 SYSTEMPATH\View\View.php(229): CodeIgniter\View\View->render('Template/layout', [], true)
 5 SYSTEMPATH\Common.php(1137): CodeIgniter\View\View->render('Menu/Kategori/edit', [], true)
 6 APPPATH\Controllers\C_Kategori.php(42): view('Menu/Kategori/edit', [...])
 7 SYSTEMPATH\CodeIgniter.php(904): App\Controllers\C_Kategori->tampil_edit_data('1')
 8 SYSTEMPATH\CodeIgniter.php(457): CodeIgniter\CodeIgniter->runController(Object(App\Controllers\C_Kategori))
 9 SYSTEMPATH\CodeIgniter.php(340): CodeIgniter\CodeIgniter->handleRequest(null, Object(Config\Cache), false)
10 FCPATH\index.php(67): CodeIgniter\CodeIgniter->run()
11 SYSTEMPATH\Commands\Server\rewrite.php(43): require_once('FCPATH\\index.php')
CRITICAL - 2022-08-30 01:36:51 --> Cannot use object of type App\Models\M_Kategori as array
in APPPATH\Views\Menu\Kategori\edit.php on line 17.
 1 SYSTEMPATH\View\View.php(213): include()
 2 SYSTEMPATH\View\View.php(216): CodeIgniter\View\View->CodeIgniter\View\{closure}()
 3 SYSTEMPATH\Common.php(1137): CodeIgniter\View\View->render('Menu/Kategori/edit', [], true)
 4 APPPATH\Controllers\C_Kategori.php(45): view('Menu/Kategori/edit', [...])
 5 SYSTEMPATH\CodeIgniter.php(904): App\Controllers\C_Kategori->tampil_edit_data('1')
 6 SYSTEMPATH\CodeIgniter.php(457): CodeIgniter\CodeIgniter->runController(Object(App\Controllers\C_Kategori))
 7 SYSTEMPATH\CodeIgniter.php(340): CodeIgniter\CodeIgniter->handleRequest(null, Object(Config\Cache), false)
 8 FCPATH\index.php(67): CodeIgniter\CodeIgniter->run()
 9 SYSTEMPATH\Commands\Server\rewrite.php(43): require_once('FCPATH\\index.php')
CRITICAL - 2022-08-30 01:36:55 --> Cannot use object of type App\Models\M_Kategori as array
in APPPATH\Views\Menu\Kategori\edit.php on line 17.
 1 SYSTEMPATH\View\View.php(213): include()
 2 SYSTEMPATH\View\View.php(216): CodeIgniter\View\View->CodeIgniter\View\{closure}()
 3 SYSTEMPATH\Common.php(1137): CodeIgniter\View\View->render('Menu/Kategori/edit', [], true)
 4 APPPATH\Controllers\C_Kategori.php(45): view('Menu/Kategori/edit', [...])
 5 SYSTEMPATH\CodeIgniter.php(904): App\Controllers\C_Kategori->tampil_edit_data('1')
 6 SYSTEMPATH\CodeIgniter.php(457): CodeIgniter\CodeIgniter->runController(Object(App\Controllers\C_Kategori))
 7 SYSTEMPATH\CodeIgniter.php(340): CodeIgniter\CodeIgniter->handleRequest(null, Object(Config\Cache), false)
 8 FCPATH\index.php(67): CodeIgniter\CodeIgniter->run()
 9 SYSTEMPATH\Commands\Server\rewrite.php(43): require_once('FCPATH\\index.php')
CRITICAL - 2022-08-30 01:43:38 --> Trying to get property 'katnama' of non-object
in APPPATH\Views\Menu\Kategori\edit.php on line 17.
 1 APPPATH\Views\Menu\Kategori\edit.php(17): CodeIgniter\Debug\Exceptions->errorHandler(8, 'Trying to get property \'katnama\' of non-object', 'APPPATH\\Views\\Menu\\Kategori\\edit.php', 17, [...])
 2 SYSTEMPATH\View\View.php(213): include('APPPATH\\Views\\Menu\\Kategori\\edit.php')
 3 SYSTEMPATH\View\View.php(216): CodeIgniter\View\View->CodeIgniter\View\{closure}()
 4 SYSTEMPATH\Common.php(1137): CodeIgniter\View\View->render('Menu/Kategori/edit', [], true)
 5 APPPATH\Controllers\C_Kategori.php(45): view('Menu/Kategori/edit', [...])
 6 SYSTEMPATH\CodeIgniter.php(904): App\Controllers\C_Kategori->tampil_edit_data('1')
 7 SYSTEMPATH\CodeIgniter.php(457): CodeIgniter\CodeIgniter->runController(Object(App\Controllers\C_Kategori))
 8 SYSTEMPATH\CodeIgniter.php(340): CodeIgniter\CodeIgniter->handleRequest(null, Object(Config\Cache), false)
 9 FCPATH\index.php(67): CodeIgniter\CodeIgniter->run()
10 SYSTEMPATH\Commands\Server\rewrite.php(43): require_once('FCPATH\\index.php')
CRITICAL - 2022-08-30 01:43:49 --> Trying to get property 'katnama' of non-object
in APPPATH\Views\Menu\Kategori\edit.php on line 17.
 1 APPPATH\Views\Menu\Kategori\edit.php(17): CodeIgniter\Debug\Exceptions->errorHandler(8, 'Trying to get property \'katnama\' of non-object', 'APPPATH\\Views\\Menu\\Kategori\\edit.php', 17, [...])
 2 SYSTEMPATH\View\View.php(213): include('APPPATH\\Views\\Menu\\Kategori\\edit.php')
 3 SYSTEMPATH\View\View.php(216): CodeIgniter\View\View->CodeIgniter\View\{closure}()
 4 SYSTEMPATH\Common.php(1137): CodeIgniter\View\View->render('Menu/Kategori/edit', [], true)
 5 APPPATH\Controllers\C_Kategori.php(45): view('Menu/Kategori/edit', [...])
 6 SYSTEMPATH\CodeIgniter.php(904): App\Controllers\C_Kategori->tampil_edit_data('1')
 7 SYSTEMPATH\CodeIgniter.php(457): CodeIgniter\CodeIgniter->runController(Object(App\Controllers\C_Kategori))
 8 SYSTEMPATH\CodeIgniter.php(340): CodeIgniter\CodeIgniter->handleRequest(null, Object(Config\Cache), false)
 9 FCPATH\index.php(67): CodeIgniter\CodeIgniter->run()
10 SYSTEMPATH\Commands\Server\rewrite.php(43): require_once('FCPATH\\index.php')
CRITICAL - 2022-08-30 01:43:50 --> Trying to get property 'katnama' of non-object
in APPPATH\Views\Menu\Kategori\edit.php on line 17.
 1 APPPATH\Views\Menu\Kategori\edit.php(17): CodeIgniter\Debug\Exceptions->errorHandler(8, 'Trying to get property \'katnama\' of non-object', 'APPPATH\\Views\\Menu\\Kategori\\edit.php', 17, [...])
 2 SYSTEMPATH\View\View.php(213): include('APPPATH\\Views\\Menu\\Kategori\\edit.php')
 3 SYSTEMPATH\View\View.php(216): CodeIgniter\View\View->CodeIgniter\View\{closure}()
 4 SYSTEMPATH\Common.php(1137): CodeIgniter\View\View->render('Menu/Kategori/edit', [], true)
 5 APPPATH\Controllers\C_Kategori.php(45): view('Menu/Kategori/edit', [...])
 6 SYSTEMPATH\CodeIgniter.php(904): App\Controllers\C_Kategori->tampil_edit_data('1')
 7 SYSTEMPATH\CodeIgniter.php(457): CodeIgniter\CodeIgniter->runController(Object(App\Controllers\C_Kategori))
 8 SYSTEMPATH\CodeIgniter.php(340): CodeIgniter\CodeIgniter->handleRequest(null, Object(Config\Cache), false)
 9 FCPATH\index.php(67): CodeIgniter\CodeIgniter->run()
10 SYSTEMPATH\Commands\Server\rewrite.php(43): require_once('FCPATH\\index.php')
CRITICAL - 2022-08-30 01:43:50 --> Trying to get property 'katnama' of non-object
in APPPATH\Views\Menu\Kategori\edit.php on line 17.
 1 APPPATH\Views\Menu\Kategori\edit.php(17): CodeIgniter\Debug\Exceptions->errorHandler(8, 'Trying to get property \'katnama\' of non-object', 'APPPATH\\Views\\Menu\\Kategori\\edit.php', 17, [...])
 2 SYSTEMPATH\View\View.php(213): include('APPPATH\\Views\\Menu\\Kategori\\edit.php')
 3 SYSTEMPATH\View\View.php(216): CodeIgniter\View\View->CodeIgniter\View\{closure}()
 4 SYSTEMPATH\Common.php(1137): CodeIgniter\View\View->render('Menu/Kategori/edit', [], true)
 5 APPPATH\Controllers\C_Kategori.php(45): view('Menu/Kategori/edit', [...])
 6 SYSTEMPATH\CodeIgniter.php(904): App\Controllers\C_Kategori->tampil_edit_data('1')
 7 SYSTEMPATH\CodeIgniter.php(457): CodeIgniter\CodeIgniter->runController(Object(App\Controllers\C_Kategori))
 8 SYSTEMPATH\CodeIgniter.php(340): CodeIgniter\CodeIgniter->handleRequest(null, Object(Config\Cache), false)
 9 FCPATH\index.php(67): CodeIgniter\CodeIgniter->run()
10 SYSTEMPATH\Commands\Server\rewrite.php(43): require_once('FCPATH\\index.php')
CRITICAL - 2022-08-30 01:43:51 --> Trying to get property 'katnama' of non-object
in APPPATH\Views\Menu\Kategori\edit.php on line 17.
 1 APPPATH\Views\Menu\Kategori\edit.php(17): CodeIgniter\Debug\Exceptions->errorHandler(8, 'Trying to get property \'katnama\' of non-object', 'APPPATH\\Views\\Menu\\Kategori\\edit.php', 17, [...])
 2 SYSTEMPATH\View\View.php(213): include('APPPATH\\Views\\Menu\\Kategori\\edit.php')
 3 SYSTEMPATH\View\View.php(216): CodeIgniter\View\View->CodeIgniter\View\{closure}()
 4 SYSTEMPATH\Common.php(1137): CodeIgniter\View\View->render('Menu/Kategori/edit', [], true)
 5 APPPATH\Controllers\C_Kategori.php(45): view('Menu/Kategori/edit', [...])
 6 SYSTEMPATH\CodeIgniter.php(904): App\Controllers\C_Kategori->tampil_edit_data('1')
 7 SYSTEMPATH\CodeIgniter.php(457): CodeIgniter\CodeIgniter->runController(Object(App\Controllers\C_Kategori))
 8 SYSTEMPATH\CodeIgniter.php(340): CodeIgniter\CodeIgniter->handleRequest(null, Object(Config\Cache), false)
 9 FCPATH\index.php(67): CodeIgniter\CodeIgniter->run()
10 SYSTEMPATH\Commands\Server\rewrite.php(43): require_once('FCPATH\\index.php')
CRITICAL - 2022-08-30 01:45:26 --> Trying to get property 'katnama' of non-object
in APPPATH\Views\Menu\Kategori\edit.php on line 17.
 1 APPPATH\Views\Menu\Kategori\edit.php(17): CodeIgniter\Debug\Exceptions->errorHandler(8, 'Trying to get property \'katnama\' of non-object', 'APPPATH\\Views\\Menu\\Kategori\\edit.php', 17, [...])
 2 SYSTEMPATH\View\View.php(213): include('APPPATH\\Views\\Menu\\Kategori\\edit.php')
 3 SYSTEMPATH\View\View.php(216): CodeIgniter\View\View->CodeIgniter\View\{closure}()
 4 SYSTEMPATH\Common.php(1137): CodeIgniter\View\View->render('Menu/Kategori/edit', [], true)
 5 APPPATH\Controllers\C_Kategori.php(45): view('Menu/Kategori/edit', [...])
 6 SYSTEMPATH\CodeIgniter.php(904): App\Controllers\C_Kategori->tampil_edit_data('1')
 7 SYSTEMPATH\CodeIgniter.php(457): CodeIgniter\CodeIgniter->runController(Object(App\Controllers\C_Kategori))
 8 SYSTEMPATH\CodeIgniter.php(340): CodeIgniter\CodeIgniter->handleRequest(null, Object(Config\Cache), false)
 9 FCPATH\index.php(67): CodeIgniter\CodeIgniter->run()
10 SYSTEMPATH\Commands\Server\rewrite.php(43): require_once('FCPATH\\index.php')
CRITICAL - 2022-08-30 01:45:27 --> Trying to get property 'katnama' of non-object
in APPPATH\Views\Menu\Kategori\edit.php on line 17.
 1 APPPATH\Views\Menu\Kategori\edit.php(17): CodeIgniter\Debug\Exceptions->errorHandler(8, 'Trying to get property \'katnama\' of non-object', 'APPPATH\\Views\\Menu\\Kategori\\edit.php', 17, [...])
 2 SYSTEMPATH\View\View.php(213): include('APPPATH\\Views\\Menu\\Kategori\\edit.php')
 3 SYSTEMPATH\View\View.php(216): CodeIgniter\View\View->CodeIgniter\View\{closure}()
 4 SYSTEMPATH\Common.php(1137): CodeIgniter\View\View->render('Menu/Kategori/edit', [], true)
 5 APPPATH\Controllers\C_Kategori.php(45): view('Menu/Kategori/edit', [...])
 6 SYSTEMPATH\CodeIgniter.php(904): App\Controllers\C_Kategori->tampil_edit_data('1')
 7 SYSTEMPATH\CodeIgniter.php(457): CodeIgniter\CodeIgniter->runController(Object(App\Controllers\C_Kategori))
 8 SYSTEMPATH\CodeIgniter.php(340): CodeIgniter\CodeIgniter->handleRequest(null, Object(Config\Cache), false)
 9 FCPATH\index.php(67): CodeIgniter\CodeIgniter->run()
10 SYSTEMPATH\Commands\Server\rewrite.php(43): require_once('FCPATH\\index.php')
CRITICAL - 2022-08-30 01:45:28 --> Trying to get property 'katnama' of non-object
in APPPATH\Views\Menu\Kategori\edit.php on line 17.
 1 APPPATH\Views\Menu\Kategori\edit.php(17): CodeIgniter\Debug\Exceptions->errorHandler(8, 'Trying to get property \'katnama\' of non-object', 'APPPATH\\Views\\Menu\\Kategori\\edit.php', 17, [...])
 2 SYSTEMPATH\View\View.php(213): include('APPPATH\\Views\\Menu\\Kategori\\edit.php')
 3 SYSTEMPATH\View\View.php(216): CodeIgniter\View\View->CodeIgniter\View\{closure}()
 4 SYSTEMPATH\Common.php(1137): CodeIgniter\View\View->render('Menu/Kategori/edit', [], true)
 5 APPPATH\Controllers\C_Kategori.php(45): view('Menu/Kategori/edit', [...])
 6 SYSTEMPATH\CodeIgniter.php(904): App\Controllers\C_Kategori->tampil_edit_data('1')
 7 SYSTEMPATH\CodeIgniter.php(457): CodeIgniter\CodeIgniter->runController(Object(App\Controllers\C_Kategori))
 8 SYSTEMPATH\CodeIgniter.php(340): CodeIgniter\CodeIgniter->handleRequest(null, Object(Config\Cache), false)
 9 FCPATH\index.php(67): CodeIgniter\CodeIgniter->run()
10 SYSTEMPATH\Commands\Server\rewrite.php(43): require_once('FCPATH\\index.php')
CRITICAL - 2022-08-30 01:47:31 --> Trying to get property 'katnama' of non-object
in APPPATH\Views\Menu\Kategori\edit.php on line 17.
 1 APPPATH\Views\Menu\Kategori\edit.php(17): CodeIgniter\Debug\Exceptions->errorHandler(8, 'Trying to get property \'katnama\' of non-object', 'APPPATH\\Views\\Menu\\Kategori\\edit.php', 17, [...])
 2 SYSTEMPATH\View\View.php(213): include('APPPATH\\Views\\Menu\\Kategori\\edit.php')
 3 SYSTEMPATH\View\View.php(216): CodeIgniter\View\View->CodeIgniter\View\{closure}()
 4 SYSTEMPATH\Common.php(1137): CodeIgniter\View\View->render('Menu/Kategori/edit', [], true)
 5 APPPATH\Controllers\C_Kategori.php(45): view('Menu/Kategori/edit', [...])
 6 SYSTEMPATH\CodeIgniter.php(904): App\Controllers\C_Kategori->tampil_edit_data('1')
 7 SYSTEMPATH\CodeIgniter.php(457): CodeIgniter\CodeIgniter->runController(Object(App\Controllers\C_Kategori))
 8 SYSTEMPATH\CodeIgniter.php(340): CodeIgniter\CodeIgniter->handleRequest(null, Object(Config\Cache), false)
 9 FCPATH\index.php(67): CodeIgniter\CodeIgniter->run()
10 SYSTEMPATH\Commands\Server\rewrite.php(43): require_once('FCPATH\\index.php')
CRITICAL - 2022-08-30 01:47:33 --> Trying to get property 'katnama' of non-object
in APPPATH\Views\Menu\Kategori\edit.php on line 17.
 1 APPPATH\Views\Menu\Kategori\edit.php(17): CodeIgniter\Debug\Exceptions->errorHandler(8, 'Trying to get property \'katnama\' of non-object', 'APPPATH\\Views\\Menu\\Kategori\\edit.php', 17, [...])
 2 SYSTEMPATH\View\View.php(213): include('APPPATH\\Views\\Menu\\Kategori\\edit.php')
 3 SYSTEMPATH\View\View.php(216): CodeIgniter\View\View->CodeIgniter\View\{closure}()
 4 SYSTEMPATH\Common.php(1137): CodeIgniter\View\View->render('Menu/Kategori/edit', [], true)
 5 APPPATH\Controllers\C_Kategori.php(45): view('Menu/Kategori/edit', [...])
 6 SYSTEMPATH\CodeIgniter.php(904): App\Controllers\C_Kategori->tampil_edit_data('1')
 7 SYSTEMPATH\CodeIgniter.php(457): CodeIgniter\CodeIgniter->runController(Object(App\Controllers\C_Kategori))
 8 SYSTEMPATH\CodeIgniter.php(340): CodeIgniter\CodeIgniter->handleRequest(null, Object(Config\Cache), false)
 9 FCPATH\index.php(67): CodeIgniter\CodeIgniter->run()
10 SYSTEMPATH\Commands\Server\rewrite.php(43): require_once('FCPATH\\index.php')
CRITICAL - 2022-08-30 01:52:14 --> Trying to get property 'katid' of non-object
in APPPATH\Views\Menu\Kategori\index.php on line 30.
 1 APPPATH\Views\Menu\Kategori\index.php(30): CodeIgniter\Debug\Exceptions->errorHandler(8, 'Trying to get property \'katid\' of non-object', 'APPPATH\\Views\\Menu\\Kategori\\index.php', 30, [...])
 2 SYSTEMPATH\View\View.php(213): include('APPPATH\\Views\\Menu\\Kategori\\index.php')
 3 SYSTEMPATH\View\View.php(216): CodeIgniter\View\View->CodeIgniter\View\{closure}()
 4 SYSTEMPATH\Common.php(1137): CodeIgniter\View\View->render('Menu/Kategori/index', [], true)
 5 APPPATH\Controllers\C_Kategori.php(20): view('Menu/Kategori/index', [...])
 6 SYSTEMPATH\CodeIgniter.php(904): App\Controllers\C_Kategori->index()
 7 SYSTEMPATH\CodeIgniter.php(457): CodeIgniter\CodeIgniter->runController(Object(App\Controllers\C_Kategori))
 8 SYSTEMPATH\CodeIgniter.php(340): CodeIgniter\CodeIgniter->handleRequest(null, Object(Config\Cache), false)
 9 FCPATH\index.php(67): CodeIgniter\CodeIgniter->run()
10 SYSTEMPATH\Commands\Server\rewrite.php(43): require_once('FCPATH\\index.php')
CRITICAL - 2022-08-30 01:52:18 --> Trying to get property 'katid' of non-object
in APPPATH\Views\Menu\Kategori\index.php on line 30.
 1 APPPATH\Views\Menu\Kategori\index.php(30): CodeIgniter\Debug\Exceptions->errorHandler(8, 'Trying to get property \'katid\' of non-object', 'APPPATH\\Views\\Menu\\Kategori\\index.php', 30, [...])
 2 SYSTEMPATH\View\View.php(213): include('APPPATH\\Views\\Menu\\Kategori\\index.php')
 3 SYSTEMPATH\View\View.php(216): CodeIgniter\View\View->CodeIgniter\View\{closure}()
 4 SYSTEMPATH\Common.php(1137): CodeIgniter\View\View->render('Menu/Kategori/index', [], true)
 5 APPPATH\Controllers\C_Kategori.php(20): view('Menu/Kategori/index', [...])
 6 SYSTEMPATH\CodeIgniter.php(904): App\Controllers\C_Kategori->index()
 7 SYSTEMPATH\CodeIgniter.php(457): CodeIgniter\CodeIgniter->runController(Object(App\Controllers\C_Kategori))
 8 SYSTEMPATH\CodeIgniter.php(340): CodeIgniter\CodeIgniter->handleRequest(null, Object(Config\Cache), false)
 9 FCPATH\index.php(67): CodeIgniter\CodeIgniter->run()
10 SYSTEMPATH\Commands\Server\rewrite.php(43): require_once('FCPATH\\index.php')
CRITICAL - 2022-08-30 01:59:18 --> Trying to access array offset on value of type null
in APPPATH\Views\Menu\Kategori\edit.php on line 17.
 1 APPPATH\Views\Menu\Kategori\edit.php(17): CodeIgniter\Debug\Exceptions->errorHandler(8, 'Trying to access array offset on value of type null', 'APPPATH\\Views\\Menu\\Kategori\\edit.php', 17, [...])
 2 SYSTEMPATH\View\View.php(213): include('APPPATH\\Views\\Menu\\Kategori\\edit.php')
 3 SYSTEMPATH\View\View.php(216): CodeIgniter\View\View->CodeIgniter\View\{closure}()
 4 SYSTEMPATH\Common.php(1137): CodeIgniter\View\View->render('Menu/Kategori/edit', [], true)
 5 APPPATH\Controllers\C_Kategori.php(45): view('Menu/Kategori/edit', [...])
 6 SYSTEMPATH\CodeIgniter.php(904): App\Controllers\C_Kategori->tampil_edit_data('ROOTPATH\\public')
 7 SYSTEMPATH\CodeIgniter.php(457): CodeIgniter\CodeIgniter->runController(Object(App\Controllers\C_Kategori))
 8 SYSTEMPATH\CodeIgniter.php(340): CodeIgniter\CodeIgniter->handleRequest(null, Object(Config\Cache), false)
 9 FCPATH\index.php(67): CodeIgniter\CodeIgniter->run()
10 SYSTEMPATH\Commands\Server\rewrite.php(43): require_once('FCPATH\\index.php')
CRITICAL - 2022-08-30 01:59:23 --> Trying to access array offset on value of type null
in APPPATH\Views\Menu\Kategori\edit.php on line 17.
 1 APPPATH\Views\Menu\Kategori\edit.php(17): CodeIgniter\Debug\Exceptions->errorHandler(8, 'Trying to access array offset on value of type null', 'APPPATH\\Views\\Menu\\Kategori\\edit.php', 17, [...])
 2 SYSTEMPATH\View\View.php(213): include('APPPATH\\Views\\Menu\\Kategori\\edit.php')
 3 SYSTEMPATH\View\View.php(216): CodeIgniter\View\View->CodeIgniter\View\{closure}()
 4 SYSTEMPATH\Common.php(1137): CodeIgniter\View\View->render('Menu/Kategori/edit', [], true)
 5 APPPATH\Controllers\C_Kategori.php(45): view('Menu/Kategori/edit', [...])
 6 SYSTEMPATH\CodeIgniter.php(904): App\Controllers\C_Kategori->tampil_edit_data('ROOTPATH\\public')
 7 SYSTEMPATH\CodeIgniter.php(457): CodeIgniter\CodeIgniter->runController(Object(App\Controllers\C_Kategori))
 8 SYSTEMPATH\CodeIgniter.php(340): CodeIgniter\CodeIgniter->handleRequest(null, Object(Config\Cache), false)
 9 FCPATH\index.php(67): CodeIgniter\CodeIgniter->run()
10 SYSTEMPATH\Commands\Server\rewrite.php(43): require_once('FCPATH\\index.php')
CRITICAL - 2022-08-30 01:59:25 --> Trying to access array offset on value of type null
in APPPATH\Views\Menu\Kategori\edit.php on line 17.
 1 APPPATH\Views\Menu\Kategori\edit.php(17): CodeIgniter\Debug\Exceptions->errorHandler(8, 'Trying to access array offset on value of type null', 'APPPATH\\Views\\Menu\\Kategori\\edit.php', 17, [...])
 2 SYSTEMPATH\View\View.php(213): include('APPPATH\\Views\\Menu\\Kategori\\edit.php')
 3 SYSTEMPATH\View\View.php(216): CodeIgniter\View\View->CodeIgniter\View\{closure}()
 4 SYSTEMPATH\Common.php(1137): CodeIgniter\View\View->render('Menu/Kategori/edit', [], true)
 5 APPPATH\Controllers\C_Kategori.php(45): view('Menu/Kategori/edit', [...])
 6 SYSTEMPATH\CodeIgniter.php(904): App\Controllers\C_Kategori->tampil_edit_data('ROOTPATH\\public')
 7 SYSTEMPATH\CodeIgniter.php(457): CodeIgniter\CodeIgniter->runController(Object(App\Controllers\C_Kategori))
 8 SYSTEMPATH\CodeIgniter.php(340): CodeIgniter\CodeIgniter->handleRequest(null, Object(Config\Cache), false)
 9 FCPATH\index.php(67): CodeIgniter\CodeIgniter->run()
10 SYSTEMPATH\Commands\Server\rewrite.php(43): require_once('FCPATH\\index.php')
CRITICAL - 2022-08-30 01:59:26 --> Trying to access array offset on value of type null
in APPPATH\Views\Menu\Kategori\edit.php on line 17.
 1 APPPATH\Views\Menu\Kategori\edit.php(17): CodeIgniter\Debug\Exceptions->errorHandler(8, 'Trying to access array offset on value of type null', 'APPPATH\\Views\\Menu\\Kategori\\edit.php', 17, [...])
 2 SYSTEMPATH\View\View.php(213): include('APPPATH\\Views\\Menu\\Kategori\\edit.php')
 3 SYSTEMPATH\View\View.php(216): CodeIgniter\View\View->CodeIgniter\View\{closure}()
 4 SYSTEMPATH\Common.php(1137): CodeIgniter\View\View->render('Menu/Kategori/edit', [], true)
 5 APPPATH\Controllers\C_Kategori.php(45): view('Menu/Kategori/edit', [...])
 6 SYSTEMPATH\CodeIgniter.php(904): App\Controllers\C_Kategori->tampil_edit_data('ROOTPATH\\public')
 7 SYSTEMPATH\CodeIgniter.php(457): CodeIgniter\CodeIgniter->runController(Object(App\Controllers\C_Kategori))
 8 SYSTEMPATH\CodeIgniter.php(340): CodeIgniter\CodeIgniter->handleRequest(null, Object(Config\Cache), false)
 9 FCPATH\index.php(67): CodeIgniter\CodeIgniter->run()
10 SYSTEMPATH\Commands\Server\rewrite.php(43): require_once('FCPATH\\index.php')
CRITICAL - 2022-08-30 01:59:26 --> Trying to access array offset on value of type null
in APPPATH\Views\Menu\Kategori\edit.php on line 17.
 1 APPPATH\Views\Menu\Kategori\edit.php(17): CodeIgniter\Debug\Exceptions->errorHandler(8, 'Trying to access array offset on value of type null', 'APPPATH\\Views\\Menu\\Kategori\\edit.php', 17, [...])
 2 SYSTEMPATH\View\View.php(213): include('APPPATH\\Views\\Menu\\Kategori\\edit.php')
 3 SYSTEMPATH\View\View.php(216): CodeIgniter\View\View->CodeIgniter\View\{closure}()
 4 SYSTEMPATH\Common.php(1137): CodeIgniter\View\View->render('Menu/Kategori/edit', [], true)
 5 APPPATH\Controllers\C_Kategori.php(45): view('Menu/Kategori/edit', [...])
 6 SYSTEMPATH\CodeIgniter.php(904): App\Controllers\C_Kategori->tampil_edit_data('ROOTPATH\\public')
 7 SYSTEMPATH\CodeIgniter.php(457): CodeIgniter\CodeIgniter->runController(Object(App\Controllers\C_Kategori))
 8 SYSTEMPATH\CodeIgniter.php(340): CodeIgniter\CodeIgniter->handleRequest(null, Object(Config\Cache), false)
 9 FCPATH\index.php(67): CodeIgniter\CodeIgniter->run()
10 SYSTEMPATH\Commands\Server\rewrite.php(43): require_once('FCPATH\\index.php')
CRITICAL - 2022-08-30 01:59:28 --> Too few arguments to function App\Controllers\C_Kategori::tampil_edit_data(), 0 passed in E:\Kuliah\Kumpulan Tugas Kuliah\UNS-D3 TI\SEMESTER 5\Magang\CV. Anugrah\Project Magang\logistikptajs\system\CodeIgniter.php on line 904 and exactly 1 expected
in APPPATH\Controllers\C_Kategori.php on line 40.
 1 SYSTEMPATH\CodeIgniter.php(904): App\Controllers\C_Kategori->tampil_edit_data()
 2 SYSTEMPATH\CodeIgniter.php(457): CodeIgniter\CodeIgniter->runController(Object(App\Controllers\C_Kategori))
 3 SYSTEMPATH\CodeIgniter.php(340): CodeIgniter\CodeIgniter->handleRequest(null, Object(Config\Cache), false)
 4 FCPATH\index.php(67): CodeIgniter\CodeIgniter->run()
 5 SYSTEMPATH\Commands\Server\rewrite.php(43): require_once('FCPATH\\index.php')
CRITICAL - 2022-08-30 01:59:32 --> Too few arguments to function App\Controllers\C_Kategori::tampil_edit_data(), 0 passed in E:\Kuliah\Kumpulan Tugas Kuliah\UNS-D3 TI\SEMESTER 5\Magang\CV. Anugrah\Project Magang\logistikptajs\system\CodeIgniter.php on line 904 and exactly 1 expected
in APPPATH\Controllers\C_Kategori.php on line 40.
 1 SYSTEMPATH\CodeIgniter.php(904): App\Controllers\C_Kategori->tampil_edit_data()
 2 SYSTEMPATH\CodeIgniter.php(457): CodeIgniter\CodeIgniter->runController(Object(App\Controllers\C_Kategori))
 3 SYSTEMPATH\CodeIgniter.php(340): CodeIgniter\CodeIgniter->handleRequest(null, Object(Config\Cache), false)
 4 FCPATH\index.php(67): CodeIgniter\CodeIgniter->run()
 5 SYSTEMPATH\Commands\Server\rewrite.php(43): require_once('FCPATH\\index.php')
CRITICAL - 2022-08-30 01:59:37 --> Trying to access array offset on value of type null
in APPPATH\Views\Menu\Kategori\edit.php on line 17.
 1 APPPATH\Views\Menu\Kategori\edit.php(17): CodeIgniter\Debug\Exceptions->errorHandler(8, 'Trying to access array offset on value of type null', 'APPPATH\\Views\\Menu\\Kategori\\edit.php', 17, [...])
 2 SYSTEMPATH\View\View.php(213): include('APPPATH\\Views\\Menu\\Kategori\\edit.php')
 3 SYSTEMPATH\View\View.php(216): CodeIgniter\View\View->CodeIgniter\View\{closure}()
 4 SYSTEMPATH\Common.php(1137): CodeIgniter\View\View->render('Menu/Kategori/edit', [], true)
 5 APPPATH\Controllers\C_Kategori.php(45): view('Menu/Kategori/edit', [...])
 6 SYSTEMPATH\CodeIgniter.php(904): App\Controllers\C_Kategori->tampil_edit_data('ROOTPATH\\public')
 7 SYSTEMPATH\CodeIgniter.php(457): CodeIgniter\CodeIgniter->runController(Object(App\Controllers\C_Kategori))
 8 SYSTEMPATH\CodeIgniter.php(340): CodeIgniter\CodeIgniter->handleRequest(null, Object(Config\Cache), false)
 9 FCPATH\index.php(67): CodeIgniter\CodeIgniter->run()
10 SYSTEMPATH\Commands\Server\rewrite.php(43): require_once('FCPATH\\index.php')
CRITICAL - 2022-08-30 01:59:38 --> Trying to access array offset on value of type null
in APPPATH\Views\Menu\Kategori\edit.php on line 17.
 1 APPPATH\Views\Menu\Kategori\edit.php(17): CodeIgniter\Debug\Exceptions->errorHandler(8, 'Trying to access array offset on value of type null', 'APPPATH\\Views\\Menu\\Kategori\\edit.php', 17, [...])
 2 SYSTEMPATH\View\View.php(213): include('APPPATH\\Views\\Menu\\Kategori\\edit.php')
 3 SYSTEMPATH\View\View.php(216): CodeIgniter\View\View->CodeIgniter\View\{closure}()
 4 SYSTEMPATH\Common.php(1137): CodeIgniter\View\View->render('Menu/Kategori/edit', [], true)
 5 APPPATH\Controllers\C_Kategori.php(45): view('Menu/Kategori/edit', [...])
 6 SYSTEMPATH\CodeIgniter.php(904): App\Controllers\C_Kategori->tampil_edit_data('ROOTPATH\\public')
 7 SYSTEMPATH\CodeIgniter.php(457): CodeIgniter\CodeIgniter->runController(Object(App\Controllers\C_Kategori))
 8 SYSTEMPATH\CodeIgniter.php(340): CodeIgniter\CodeIgniter->handleRequest(null, Object(Config\Cache), false)
 9 FCPATH\index.php(67): CodeIgniter\CodeIgniter->run()
10 SYSTEMPATH\Commands\Server\rewrite.php(43): require_once('FCPATH\\index.php')
CRITICAL - 2022-08-30 02:07:36 --> Trying to get property 'katid' of non-object
in APPPATH\Views\Menu\Kategori\index.php on line 27.
 1 APPPATH\Views\Menu\Kategori\index.php(27): CodeIgniter\Debug\Exceptions->errorHandler(8, 'Trying to get property \'katid\' of non-object', 'APPPATH\\Views\\Menu\\Kategori\\index.php', 27, [...])
 2 SYSTEMPATH\View\View.php(213): include('APPPATH\\Views\\Menu\\Kategori\\index.php')
 3 SYSTEMPATH\View\View.php(216): CodeIgniter\View\View->CodeIgniter\View\{closure}()
 4 SYSTEMPATH\Common.php(1137): CodeIgniter\View\View->render('Menu/Kategori/index', [], true)
 5 APPPATH\Controllers\C_Kategori.php(20): view('Menu/Kategori/index', [...])
 6 SYSTEMPATH\CodeIgniter.php(904): App\Controllers\C_Kategori->index()
 7 SYSTEMPATH\CodeIgniter.php(457): CodeIgniter\CodeIgniter->runController(Object(App\Controllers\C_Kategori))
 8 SYSTEMPATH\CodeIgniter.php(340): CodeIgniter\CodeIgniter->handleRequest(null, Object(Config\Cache), false)
 9 FCPATH\index.php(67): CodeIgniter\CodeIgniter->run()
10 SYSTEMPATH\Commands\Server\rewrite.php(43): require_once('FCPATH\\index.php')
CRITICAL - 2022-08-30 02:07:37 --> Trying to get property 'katid' of non-object
in APPPATH\Views\Menu\Kategori\index.php on line 27.
 1 APPPATH\Views\Menu\Kategori\index.php(27): CodeIgniter\Debug\Exceptions->errorHandler(8, 'Trying to get property \'katid\' of non-object', 'APPPATH\\Views\\Menu\\Kategori\\index.php', 27, [...])
 2 SYSTEMPATH\View\View.php(213): include('APPPATH\\Views\\Menu\\Kategori\\index.php')
 3 SYSTEMPATH\View\View.php(216): CodeIgniter\View\View->CodeIgniter\View\{closure}()
 4 SYSTEMPATH\Common.php(1137): CodeIgniter\View\View->render('Menu/Kategori/index', [], true)
 5 APPPATH\Controllers\C_Kategori.php(20): view('Menu/Kategori/index', [...])
 6 SYSTEMPATH\CodeIgniter.php(904): App\Controllers\C_Kategori->index()
 7 SYSTEMPATH\CodeIgniter.php(457): CodeIgniter\CodeIgniter->runController(Object(App\Controllers\C_Kategori))
 8 SYSTEMPATH\CodeIgniter.php(340): CodeIgniter\CodeIgniter->handleRequest(null, Object(Config\Cache), false)
 9 FCPATH\index.php(67): CodeIgniter\CodeIgniter->run()
10 SYSTEMPATH\Commands\Server\rewrite.php(43): require_once('FCPATH\\index.php')
CRITICAL - 2022-08-30 02:10:02 --> Cannot use object of type stdClass as array
in APPPATH\Views\Menu\Kategori\edit.php on line 17.
 1 SYSTEMPATH\View\View.php(213): include()
 2 SYSTEMPATH\View\View.php(216): CodeIgniter\View\View->CodeIgniter\View\{closure}()
 3 SYSTEMPATH\Common.php(1137): CodeIgniter\View\View->render('Menu/Kategori/edit', [], true)
 4 APPPATH\Controllers\C_Kategori.php(46): view('Menu/Kategori/edit', [...])
 5 SYSTEMPATH\CodeIgniter.php(904): App\Controllers\C_Kategori->tampil_edit_data('1')
 6 SYSTEMPATH\CodeIgniter.php(457): CodeIgniter\CodeIgniter->runController(Object(App\Controllers\C_Kategori))
 7 SYSTEMPATH\CodeIgniter.php(340): CodeIgniter\CodeIgniter->handleRequest(null, Object(Config\Cache), false)
 8 FCPATH\index.php(67): CodeIgniter\CodeIgniter->run()
 9 SYSTEMPATH\Commands\Server\rewrite.php(43): require_once('FCPATH\\index.php')
CRITICAL - 2022-08-30 02:14:15 --> Undefined variable: tampildata
in APPPATH\Views\Menu\Kategori\edit.php on line 13.
 1 APPPATH\Views\Menu\Kategori\edit.php(13): CodeIgniter\Debug\Exceptions->errorHandler(8, 'Undefined variable: tampildata', 'APPPATH\\Views\\Menu\\Kategori\\edit.php', 13, [...])
 2 SYSTEMPATH\View\View.php(213): include('APPPATH\\Views\\Menu\\Kategori\\edit.php')
 3 SYSTEMPATH\View\View.php(216): CodeIgniter\View\View->CodeIgniter\View\{closure}()
 4 SYSTEMPATH\Common.php(1137): CodeIgniter\View\View->render('Menu/Kategori/edit', [], true)
 5 APPPATH\Controllers\C_Kategori.php(44): view('Menu/Kategori/edit', [...])
 6 SYSTEMPATH\CodeIgniter.php(904): App\Controllers\C_Kategori->tampil_edit_data()
 7 SYSTEMPATH\CodeIgniter.php(457): CodeIgniter\CodeIgniter->runController(Object(App\Controllers\C_Kategori))
 8 SYSTEMPATH\CodeIgniter.php(340): CodeIgniter\CodeIgniter->handleRequest(null, Object(Config\Cache), false)
 9 FCPATH\index.php(67): CodeIgniter\CodeIgniter->run()
10 SYSTEMPATH\Commands\Server\rewrite.php(43): require_once('FCPATH\\index.php')
CRITICAL - 2022-08-30 02:15:11 --> Undefined variable: tampildata
in APPPATH\Views\Menu\Kategori\edit.php on line 13.
 1 APPPATH\Views\Menu\Kategori\edit.php(13): CodeIgniter\Debug\Exceptions->errorHandler(8, 'Undefined variable: tampildata', 'APPPATH\\Views\\Menu\\Kategori\\edit.php', 13, [...])
 2 SYSTEMPATH\View\View.php(213): include('APPPATH\\Views\\Menu\\Kategori\\edit.php')
 3 SYSTEMPATH\View\View.php(216): CodeIgniter\View\View->CodeIgniter\View\{closure}()
 4 SYSTEMPATH\Common.php(1137): CodeIgniter\View\View->render('Menu/Kategori/edit', [], true)
 5 APPPATH\Controllers\C_Kategori.php(44): view('Menu/Kategori/edit', [...])
 6 SYSTEMPATH\CodeIgniter.php(904): App\Controllers\C_Kategori->tampil_edit_data('1')
 7 SYSTEMPATH\CodeIgniter.php(457): CodeIgniter\CodeIgniter->runController(Object(App\Controllers\C_Kategori))
 8 SYSTEMPATH\CodeIgniter.php(340): CodeIgniter\CodeIgniter->handleRequest(null, Object(Config\Cache), false)
 9 FCPATH\index.php(67): CodeIgniter\CodeIgniter->run()
10 SYSTEMPATH\Commands\Server\rewrite.php(43): require_once('FCPATH\\index.php')
CRITICAL - 2022-08-30 03:54:35 --> Too few arguments to function App\Controllers\C_Kategori::tampil_edit_data(), 0 passed in E:\Kuliah\Kumpulan Tugas Kuliah\UNS-D3 TI\SEMESTER 5\Magang\CV. Anugrah\Project Magang\logistikptajs\system\CodeIgniter.php on line 904 and exactly 1 expected
in APPPATH\Controllers\C_Kategori.php on line 40.
 1 SYSTEMPATH\CodeIgniter.php(904): App\Controllers\C_Kategori->tampil_edit_data()
 2 SYSTEMPATH\CodeIgniter.php(457): CodeIgniter\CodeIgniter->runController(Object(App\Controllers\C_Kategori))
 3 SYSTEMPATH\CodeIgniter.php(340): CodeIgniter\CodeIgniter->handleRequest(null, Object(Config\Cache), false)
 4 FCPATH\index.php(67): CodeIgniter\CodeIgniter->run()
 5 SYSTEMPATH\Commands\Server\rewrite.php(43): require_once('FCPATH\\index.php')
CRITICAL - 2022-08-30 03:54:36 --> Too few arguments to function App\Controllers\C_Kategori::tampil_edit_data(), 0 passed in E:\Kuliah\Kumpulan Tugas Kuliah\UNS-D3 TI\SEMESTER 5\Magang\CV. Anugrah\Project Magang\logistikptajs\system\CodeIgniter.php on line 904 and exactly 1 expected
in APPPATH\Controllers\C_Kategori.php on line 40.
 1 SYSTEMPATH\CodeIgniter.php(904): App\Controllers\C_Kategori->tampil_edit_data()
 2 SYSTEMPATH\CodeIgniter.php(457): CodeIgniter\CodeIgniter->runController(Object(App\Controllers\C_Kategori))
 3 SYSTEMPATH\CodeIgniter.php(340): CodeIgniter\CodeIgniter->handleRequest(null, Object(Config\Cache), false)
 4 FCPATH\index.php(67): CodeIgniter\CodeIgniter->run()
 5 SYSTEMPATH\Commands\Server\rewrite.php(43): require_once('FCPATH\\index.php')
CRITICAL - 2022-08-30 03:54:52 --> Too few arguments to function App\Controllers\C_Kategori::tampil_edit_data(), 0 passed in E:\Kuliah\Kumpulan Tugas Kuliah\UNS-D3 TI\SEMESTER 5\Magang\CV. Anugrah\Project Magang\logistikptajs\system\CodeIgniter.php on line 904 and exactly 1 expected
in APPPATH\Controllers\C_Kategori.php on line 40.
 1 SYSTEMPATH\CodeIgniter.php(904): App\Controllers\C_Kategori->tampil_edit_data()
 2 SYSTEMPATH\CodeIgniter.php(457): CodeIgniter\CodeIgniter->runController(Object(App\Controllers\C_Kategori))
 3 SYSTEMPATH\CodeIgniter.php(340): CodeIgniter\CodeIgniter->handleRequest(null, Object(Config\Cache), false)
 4 FCPATH\index.php(67): CodeIgniter\CodeIgniter->run()
 5 SYSTEMPATH\Commands\Server\rewrite.php(43): require_once('FCPATH\\index.php')
CRITICAL - 2022-08-30 03:54:53 --> Too few arguments to function App\Controllers\C_Kategori::tampil_edit_data(), 0 passed in E:\Kuliah\Kumpulan Tugas Kuliah\UNS-D3 TI\SEMESTER 5\Magang\CV. Anugrah\Project Magang\logistikptajs\system\CodeIgniter.php on line 904 and exactly 1 expected
in APPPATH\Controllers\C_Kategori.php on line 40.
 1 SYSTEMPATH\CodeIgniter.php(904): App\Controllers\C_Kategori->tampil_edit_data()
 2 SYSTEMPATH\CodeIgniter.php(457): CodeIgniter\CodeIgniter->runController(Object(App\Controllers\C_Kategori))
 3 SYSTEMPATH\CodeIgniter.php(340): CodeIgniter\CodeIgniter->handleRequest(null, Object(Config\Cache), false)
 4 FCPATH\index.php(67): CodeIgniter\CodeIgniter->run()
 5 SYSTEMPATH\Commands\Server\rewrite.php(43): require_once('FCPATH\\index.php')
CRITICAL - 2022-08-30 03:54:55 --> Too few arguments to function App\Controllers\C_Kategori::tampil_edit_data(), 0 passed in E:\Kuliah\Kumpulan Tugas Kuliah\UNS-D3 TI\SEMESTER 5\Magang\CV. Anugrah\Project Magang\logistikptajs\system\CodeIgniter.php on line 904 and exactly 1 expected
in APPPATH\Controllers\C_Kategori.php on line 40.
 1 SYSTEMPATH\CodeIgniter.php(904): App\Controllers\C_Kategori->tampil_edit_data()
 2 SYSTEMPATH\CodeIgniter.php(457): CodeIgniter\CodeIgniter->runController(Object(App\Controllers\C_Kategori))
 3 SYSTEMPATH\CodeIgniter.php(340): CodeIgniter\CodeIgniter->handleRequest(null, Object(Config\Cache), false)
 4 FCPATH\index.php(67): CodeIgniter\CodeIgniter->run()
 5 SYSTEMPATH\Commands\Server\rewrite.php(43): require_once('FCPATH\\index.php')
