CRITICAL - 2022-10-12 01:52:20 --> Undefined property: stdClass::$kode_kabel_keluar
in APPPATH\Views\Menu\Kabel_Keluar\detail.php on line 23.
 1 APPPATH\Views\Menu\Kabel_Keluar\detail.php(23): CodeIgniter\Debug\Exceptions->errorHandler(8, 'Undefined property: stdClass::$kode_kabel_keluar', 'APPPATH\\Views\\Menu\\Kabel_Keluar\\detail.php', 23, [...])
 2 SYSTEMPATH\View\View.php(213): include('APPPATH\\Views\\Menu\\Kabel_Keluar\\detail.php')
 3 SYSTEMPATH\View\View.php(216): CodeIgniter\View\View->CodeIgniter\View\{closure}()
 4 SYSTEMPATH\Common.php(1137): CodeIgniter\View\View->render('Menu/kabel_Keluar/detail', [], true)
 5 APPPATH\Controllers\C_Kabel_Keluar.php(152): view('Menu/kabel_Keluar/detail', [...])
 6 SYSTEMPATH\CodeIgniter.php(904): App\Controllers\C_kabel_Keluar->detail('1')
 7 SYSTEMPATH\CodeIgniter.php(457): CodeIgniter\CodeIgniter->runController(Object(App\Controllers\C_kabel_Keluar))
 8 SYSTEMPATH\CodeIgniter.php(340): CodeIgniter\CodeIgniter->handleRequest(null, Object(Config\Cache), false)
 9 FCPATH\index.php(67): CodeIgniter\CodeIgniter->run()
10 SYSTEMPATH\Commands\Server\rewrite.php(43): require_once('FCPATH\\index.php')
CRITICAL - 2022-10-12 01:59:04 --> Invalid file: Menu/Profil/Ganti_Password.php
in SYSTEMPATH\Exceptions\FrameworkException.php on line 33.
 1 SYSTEMPATH\View\View.php(201): CodeIgniter\Exceptions\FrameworkException::forInvalidFile('Menu/Profil/Ganti_Password.php')
 2 SYSTEMPATH\Common.php(1137): CodeIgniter\View\View->render('Menu/Profil/Ganti_Password', [], true)
 3 APPPATH\Controllers\C_User.php(114): view('Menu/Profil/Ganti_Password', [...])
 4 SYSTEMPATH\CodeIgniter.php(904): App\Controllers\C_User->ganti_password_profil()
 5 SYSTEMPATH\CodeIgniter.php(457): CodeIgniter\CodeIgniter->runController(Object(App\Controllers\C_User))
 6 SYSTEMPATH\CodeIgniter.php(340): CodeIgniter\CodeIgniter->handleRequest(null, Object(Config\Cache), false)
 7 FCPATH\index.php(67): CodeIgniter\CodeIgniter->run()
 8 SYSTEMPATH\Commands\Server\rewrite.php(43): require_once('FCPATH\\index.php')
CRITICAL - 2022-10-12 01:59:28 --> Invalid file: Menu/Profil/ganti_password.php
in SYSTEMPATH\Exceptions\FrameworkException.php on line 33.
 1 SYSTEMPATH\View\View.php(201): CodeIgniter\Exceptions\FrameworkException::forInvalidFile('Menu/Profil/ganti_password.php')
 2 SYSTEMPATH\Common.php(1137): CodeIgniter\View\View->render('Menu/Profil/ganti_password', [], true)
 3 APPPATH\Controllers\C_User.php(114): view('Menu/Profil/ganti_password', [...])
 4 SYSTEMPATH\CodeIgniter.php(904): App\Controllers\C_User->ganti_password_profil()
 5 SYSTEMPATH\CodeIgniter.php(457): CodeIgniter\CodeIgniter->runController(Object(App\Controllers\C_User))
 6 SYSTEMPATH\CodeIgniter.php(340): CodeIgniter\CodeIgniter->handleRequest(null, Object(Config\Cache), false)
 7 FCPATH\index.php(67): CodeIgniter\CodeIgniter->run()
 8 SYSTEMPATH\Commands\Server\rewrite.php(43): require_once('FCPATH\\index.php')
CRITICAL - 2022-10-12 01:59:33 --> Invalid file: Menu/Profil/ganti_password.php
in SYSTEMPATH\Exceptions\FrameworkException.php on line 33.
 1 SYSTEMPATH\View\View.php(201): CodeIgniter\Exceptions\FrameworkException::forInvalidFile('Menu/Profil/ganti_password.php')
 2 SYSTEMPATH\Common.php(1137): CodeIgniter\View\View->render('Menu/Profil/ganti_password', [], true)
 3 APPPATH\Controllers\C_User.php(114): view('Menu/Profil/ganti_password', [...])
 4 SYSTEMPATH\CodeIgniter.php(904): App\Controllers\C_User->ganti_password_profil()
 5 SYSTEMPATH\CodeIgniter.php(457): CodeIgniter\CodeIgniter->runController(Object(App\Controllers\C_User))
 6 SYSTEMPATH\CodeIgniter.php(340): CodeIgniter\CodeIgniter->handleRequest(null, Object(Config\Cache), false)
 7 FCPATH\index.php(67): CodeIgniter\CodeIgniter->run()
 8 SYSTEMPATH\Commands\Server\rewrite.php(43): require_once('FCPATH\\index.php')
CRITICAL - 2022-10-12 02:02:14 --> Undefined variable: tampildata
in APPPATH\Views\Profil\ganti_password.php on line 14.
 1 APPPATH\Views\Profil\ganti_password.php(14): CodeIgniter\Debug\Exceptions->errorHandler(8, 'Undefined variable: tampildata', 'APPPATH\\Views\\Profil\\ganti_password.php', 14, [...])
 2 SYSTEMPATH\View\View.php(213): include('APPPATH\\Views\\Profil\\ganti_password.php')
 3 SYSTEMPATH\View\View.php(216): CodeIgniter\View\View->CodeIgniter\View\{closure}()
 4 SYSTEMPATH\Common.php(1137): CodeIgniter\View\View->render('Profil/Ganti_Password', [], true)
 5 APPPATH\Controllers\C_User.php(114): view('Profil/Ganti_Password', [...])
 6 SYSTEMPATH\CodeIgniter.php(904): App\Controllers\C_User->ganti_password_profil()
 7 SYSTEMPATH\CodeIgniter.php(457): CodeIgniter\CodeIgniter->runController(Object(App\Controllers\C_User))
 8 SYSTEMPATH\CodeIgniter.php(340): CodeIgniter\CodeIgniter->handleRequest(null, Object(Config\Cache), false)
 9 FCPATH\index.php(67): CodeIgniter\CodeIgniter->run()
10 SYSTEMPATH\Commands\Server\rewrite.php(43): require_once('FCPATH\\index.php')
CRITICAL - 2022-10-12 02:02:35 --> Undefined variable: tampildata
in APPPATH\Views\Profil\ganti_password.php on line 14.
 1 APPPATH\Views\Profil\ganti_password.php(14): CodeIgniter\Debug\Exceptions->errorHandler(8, 'Undefined variable: tampildata', 'APPPATH\\Views\\Profil\\ganti_password.php', 14, [...])
 2 SYSTEMPATH\View\View.php(213): include('APPPATH\\Views\\Profil\\ganti_password.php')
 3 SYSTEMPATH\View\View.php(216): CodeIgniter\View\View->CodeIgniter\View\{closure}()
 4 SYSTEMPATH\Common.php(1137): CodeIgniter\View\View->render('Profil/Ganti_Password', [], true)
 5 APPPATH\Controllers\C_User.php(114): view('Profil/Ganti_Password', [...])
 6 SYSTEMPATH\CodeIgniter.php(904): App\Controllers\C_User->ganti_password_profil()
 7 SYSTEMPATH\CodeIgniter.php(457): CodeIgniter\CodeIgniter->runController(Object(App\Controllers\C_User))
 8 SYSTEMPATH\CodeIgniter.php(340): CodeIgniter\CodeIgniter->handleRequest(null, Object(Config\Cache), false)
 9 FCPATH\index.php(67): CodeIgniter\CodeIgniter->run()
10 SYSTEMPATH\Commands\Server\rewrite.php(43): require_once('FCPATH\\index.php')
CRITICAL - 2022-10-12 02:02:36 --> Undefined variable: tampildata
in APPPATH\Views\Profil\ganti_password.php on line 14.
 1 APPPATH\Views\Profil\ganti_password.php(14): CodeIgniter\Debug\Exceptions->errorHandler(8, 'Undefined variable: tampildata', 'APPPATH\\Views\\Profil\\ganti_password.php', 14, [...])
 2 SYSTEMPATH\View\View.php(213): include('APPPATH\\Views\\Profil\\ganti_password.php')
 3 SYSTEMPATH\View\View.php(216): CodeIgniter\View\View->CodeIgniter\View\{closure}()
 4 SYSTEMPATH\Common.php(1137): CodeIgniter\View\View->render('Profil/Ganti_Password', [], true)
 5 APPPATH\Controllers\C_User.php(114): view('Profil/Ganti_Password', [...])
 6 SYSTEMPATH\CodeIgniter.php(904): App\Controllers\C_User->ganti_password_profil()
 7 SYSTEMPATH\CodeIgniter.php(457): CodeIgniter\CodeIgniter->runController(Object(App\Controllers\C_User))
 8 SYSTEMPATH\CodeIgniter.php(340): CodeIgniter\CodeIgniter->handleRequest(null, Object(Config\Cache), false)
 9 FCPATH\index.php(67): CodeIgniter\CodeIgniter->run()
10 SYSTEMPATH\Commands\Server\rewrite.php(43): require_once('FCPATH\\index.php')
CRITICAL - 2022-10-12 02:02:42 --> Undefined variable: tampildata
in APPPATH\Views\Profil\ganti_password.php on line 14.
 1 APPPATH\Views\Profil\ganti_password.php(14): CodeIgniter\Debug\Exceptions->errorHandler(8, 'Undefined variable: tampildata', 'APPPATH\\Views\\Profil\\ganti_password.php', 14, [...])
 2 SYSTEMPATH\View\View.php(213): include('APPPATH\\Views\\Profil\\ganti_password.php')
 3 SYSTEMPATH\View\View.php(216): CodeIgniter\View\View->CodeIgniter\View\{closure}()
 4 SYSTEMPATH\Common.php(1137): CodeIgniter\View\View->render('Profil/Ganti_Password', [], true)
 5 APPPATH\Controllers\C_User.php(114): view('Profil/Ganti_Password', [...])
 6 SYSTEMPATH\CodeIgniter.php(904): App\Controllers\C_User->ganti_password_profil()
 7 SYSTEMPATH\CodeIgniter.php(457): CodeIgniter\CodeIgniter->runController(Object(App\Controllers\C_User))
 8 SYSTEMPATH\CodeIgniter.php(340): CodeIgniter\CodeIgniter->handleRequest(null, Object(Config\Cache), false)
 9 FCPATH\index.php(67): CodeIgniter\CodeIgniter->run()
10 SYSTEMPATH\Commands\Server\rewrite.php(43): require_once('FCPATH\\index.php')
CRITICAL - 2022-10-12 05:37:35 --> Undefined property: App\Controllers\C_User::$input
in APPPATH\Controllers\C_User.php on line 148.
 1 APPPATH\Controllers\C_User.php(148): CodeIgniter\Debug\Exceptions->errorHandler(8, 'Undefined property: App\\Controllers\\C_User::$input', 'APPPATH\\Controllers\\C_User.php', 148, [...])
 2 SYSTEMPATH\CodeIgniter.php(904): App\Controllers\C_User->proses_ganti_password_profil()
 3 SYSTEMPATH\CodeIgniter.php(457): CodeIgniter\CodeIgniter->runController(Object(App\Controllers\C_User))
 4 SYSTEMPATH\CodeIgniter.php(340): CodeIgniter\CodeIgniter->handleRequest(null, Object(Config\Cache), false)
 5 FCPATH\index.php(67): CodeIgniter\CodeIgniter->run()
 6 SYSTEMPATH\Commands\Server\rewrite.php(43): require_once('FCPATH\\index.php')
CRITICAL - 2022-10-12 05:37:37 --> Undefined property: App\Controllers\C_User::$input
in APPPATH\Controllers\C_User.php on line 148.
 1 APPPATH\Controllers\C_User.php(148): CodeIgniter\Debug\Exceptions->errorHandler(8, 'Undefined property: App\\Controllers\\C_User::$input', 'APPPATH\\Controllers\\C_User.php', 148, [...])
 2 SYSTEMPATH\CodeIgniter.php(904): App\Controllers\C_User->proses_ganti_password_profil()
 3 SYSTEMPATH\CodeIgniter.php(457): CodeIgniter\CodeIgniter->runController(Object(App\Controllers\C_User))
 4 SYSTEMPATH\CodeIgniter.php(340): CodeIgniter\CodeIgniter->handleRequest(null, Object(Config\Cache), false)
 5 FCPATH\index.php(67): CodeIgniter\CodeIgniter->run()
 6 SYSTEMPATH\Commands\Server\rewrite.php(43): require_once('FCPATH\\index.php')
CRITICAL - 2022-10-12 06:48:35 --> Undefined property: stdClass::$kode_kabel_keluar
in APPPATH\Views\Menu\Kabel_Keluar\detail.php on line 23.
 1 APPPATH\Views\Menu\Kabel_Keluar\detail.php(23): CodeIgniter\Debug\Exceptions->errorHandler(8, 'Undefined property: stdClass::$kode_kabel_keluar', 'APPPATH\\Views\\Menu\\Kabel_Keluar\\detail.php', 23, [...])
 2 SYSTEMPATH\View\View.php(213): include('APPPATH\\Views\\Menu\\Kabel_Keluar\\detail.php')
 3 SYSTEMPATH\View\View.php(216): CodeIgniter\View\View->CodeIgniter\View\{closure}()
 4 SYSTEMPATH\Common.php(1137): CodeIgniter\View\View->render('Menu/kabel_Keluar/detail', [], true)
 5 APPPATH\Controllers\C_Kabel_Keluar.php(152): view('Menu/kabel_Keluar/detail', [...])
 6 SYSTEMPATH\CodeIgniter.php(904): App\Controllers\C_kabel_Keluar->detail('1')
 7 SYSTEMPATH\CodeIgniter.php(457): CodeIgniter\CodeIgniter->runController(Object(App\Controllers\C_kabel_Keluar))
 8 SYSTEMPATH\CodeIgniter.php(340): CodeIgniter\CodeIgniter->handleRequest(null, Object(Config\Cache), false)
 9 FCPATH\index.php(67): CodeIgniter\CodeIgniter->run()
10 SYSTEMPATH\Commands\Server\rewrite.php(43): require_once('FCPATH\\index.php')
